#
# There is insufficient memory for the Java Runtime Environment to continue.
# Native memory allocation (malloc) failed to allocate 1060656 bytes for Chunk::new
# Possible reasons:
#   The system is out of physical RAM or swap space
#   The process is running with CompressedOops enabled, and the Java Heap may be blocking the growth of the native heap
# Possible solutions:
#   Reduce memory load on the system
#   Increase physical memory or swap space
#   Check if swap backing store is full
#   Decrease Java heap size (-Xmx/-Xms)
#   Decrease number of Java threads
#   Decrease Java thread stack sizes (-Xss)
#   Set larger code cache with -XX:ReservedCodeCacheSize=
#   JVM is running with Unscaled Compressed Oops mode in which the Java heap is
#     placed in the first 4GB address space. The Java Heap base address is the
#     maximum limit for the native heap growth. Please use -XX:HeapBaseMinAddress
#     to set the Java Heap base and to place the Java Heap above 4GB virtual address.
# This output file may be truncated or incomplete.
#
#  Out of Memory Error (./src/hotspot/share/memory/arena.cpp:197), pid=13220, tid=19032
#
# JRE version: OpenJDK Runtime Environment (11.0.12+7) (build 11.0.12+7-b1504.28-7817840)
# Java VM: OpenJDK 64-Bit Server VM (11.0.12+7-b1504.28-7817840, mixed mode, tiered, compressed oops, g1 gc, windows-amd64)
# No core dump will be written. Minidumps are not enabled by default on client versions of Windows
#

---------------  S U M M A R Y ------------

Command Line: --add-opens=java.base/java.util=ALL-UNNAMED --add-opens=java.base/java.lang=ALL-UNNAMED --add-opens=java.base/java.lang.invoke=ALL-UNNAMED --add-opens=java.base/java.util=ALL-UNNAMED --add-opens=java.prefs/java.util.prefs=ALL-UNNAMED --add-opens=java.prefs/java.util.prefs=ALL-UNNAMED --add-opens=java.base/java.nio.charset=ALL-UNNAMED --add-opens=java.base/java.net=ALL-UNNAMED --add-opens=java.base/java.util.concurrent.atomic=ALL-UNNAMED -Xmx2048m -Dfile.encoding=UTF-8 -Duser.country=FR -Duser.language=fr -Duser.variant org.gradle.launcher.daemon.bootstrap.GradleDaemon 7.3.3

Host: Intel(R) Core(TM) i3-7100U CPU @ 2.40GHz, 4 cores, 7G,  Windows 10 , 64 bit Build 19041 (10.0.19041.2251)
Time: Thu Nov 17 14:32:30 2022 Temps universel coordonné elapsed time: 1285.729685 seconds (0d 0h 21m 25s)

---------------  T H R E A D  ---------------

Current thread (0x0000021fcba71000):  JavaThread "C2 CompilerThread0" daemon [_thread_in_native, id=19032, stack(0x000000ad6d900000,0x000000ad6da00000)]


Current CompileTask:
C2:1285729 24425       4       org.gradle.api.internal.file.AbstractFileCollection$2::visitCollection (43 bytes)

Stack: [0x000000ad6d900000,0x000000ad6da00000]
Native frames: (J=compiled Java code, j=interpreted, Vv=VM code, C=native code)
V  [jvm.dll+0x5fbcea]
V  [jvm.dll+0x731905]
V  [jvm.dll+0x732f1d]
V  [jvm.dll+0x7335d3]
V  [jvm.dll+0x247bf8]
V  [jvm.dll+0xc018c]
V  [jvm.dll+0xc06cc]
V  [jvm.dll+0x35b2db]
V  [jvm.dll+0x328803]
V  [jvm.dll+0x327cfa]
V  [jvm.dll+0x200602]
V  [jvm.dll+0x1ff794]
V  [jvm.dll+0x18868c]
V  [jvm.dll+0x20e0d7]
V  [jvm.dll+0x20c901]
V  [jvm.dll+0x6f9b7f]
V  [jvm.dll+0x6f26a5]
V  [jvm.dll+0x5fabf6]
C  [ucrtbase.dll+0x21bb2]
C  [KERNEL32.DLL+0x174b4]
C  [ntdll.dll+0x526a1]


---------------  P R O C E S S  ---------------

Threads class SMR info:
_java_thread_list=0x0000021fd59fd0b0, length=90, elements={
0x0000021faff18000, 
[error occurred during error reporting (printing all threads), id 0xc0000005, EXCEPTION_ACCESS_VIOLATION (0xc0000005) at pc=0x00007ffb0ab3de13]

VM state:not at safepoint (normal execution)

VM Mutex/Monitor currently owned by a thread: None

Heap address: 0x0000000080000000, size: 2048 MB, Compressed Oops mode: 32-bit
Narrow klass base: 0x0000000000000000, Narrow klass shift: 3
Compressed class space size: 1073741824 Address: 0x0000000100000000

Heap:
 garbage-first heap   total 191488K, used 132177K [0x0000000080000000, 0x0000000100000000)
  region size 1024K, 15 young (15360K), 3 survivors (3072K)
 Metaspace       used 130466K, capacity 134556K, committed 134748K, reserved 1167360K
  class space    used 16052K, capacity 17547K, committed 17664K, reserved 1048576K
Heap Regions: E=young(eden), S=young(survivor), O=old, HS=humongous(starts), HC=humongous(continues), CS=collection set, F=free, A=archive, TAMS=top-at-mark-start (previous, next)
|   0|0x0000000080000000, 0x0000000080100000, 0x0000000080100000|100%|HS|  |TAMS 0x0000000080100000, 0x0000000080000000| Complete 
|   1|0x0000000080100000, 0x0000000080200000, 0x0000000080200000|100%|HC|  |TAMS 0x0000000080200000, 0x0000000080100000| Complete 
|   2|0x0000000080200000, 0x0000000080300000, 0x0000000080300000|100%|HC|  |TAMS 0x0000000080300000, 0x0000000080200000| Complete 
|   3|0x0000000080300000, 0x0000000080400000, 0x0000000080400000|100%| O|  |TAMS 0x0000000080400000, 0x0000000080300000| Complete 
|   4|0x0000000080400000, 0x0000000080500000, 0x0000000080500000|100%| O|  |TAMS 0x0000000080500000, 0x0000000080400000| Untracked 
|   5|0x0000000080500000, 0x0000000080600000, 0x0000000080600000|100%| O|  |TAMS 0x0000000080600000, 0x0000000080500000| Untracked 
|   6|0x0000000080600000, 0x0000000080700000, 0x0000000080700000|100%| O|  |TAMS 0x0000000080700000, 0x0000000080600000| Untracked 
|   7|0x0000000080700000, 0x0000000080800000, 0x0000000080800000|100%| O|  |TAMS 0x0000000080800000, 0x0000000080700000| Untracked 
|   8|0x0000000080800000, 0x0000000080900000, 0x0000000080900000|100%| O|  |TAMS 0x0000000080900000, 0x0000000080800000| Untracked 
|   9|0x0000000080900000, 0x0000000080a00000, 0x0000000080a00000|100%| O|  |TAMS 0x0000000080a00000, 0x0000000080900000| Untracked 
|  10|0x0000000080a00000, 0x0000000080b00000, 0x0000000080b00000|100%| O|  |TAMS 0x0000000080b00000, 0x0000000080a00000| Untracked 
|  11|0x0000000080b00000, 0x0000000080c00000, 0x0000000080c00000|100%| O|  |TAMS 0x0000000080c00000, 0x0000000080b00000| Untracked 
|  12|0x0000000080c00000, 0x0000000080d00000, 0x0000000080d00000|100%| O|  |TAMS 0x0000000080d00000, 0x0000000080c00000| Untracked 
|  13|0x0000000080d00000, 0x0000000080e00000, 0x0000000080e00000|100%| O|  |TAMS 0x0000000080e00000, 0x0000000080d00000| Untracked 
|  14|0x0000000080e00000, 0x0000000080f00000, 0x0000000080f00000|100%| O|  |TAMS 0x0000000080f00000, 0x0000000080e00000| Untracked 
|  15|0x0000000080f00000, 0x0000000081000000, 0x0000000081000000|100%| O|  |TAMS 0x0000000081000000, 0x0000000080f00000| Untracked 
|  16|0x0000000081000000, 0x0000000081100000, 0x0000000081100000|100%|HS|  |TAMS 0x0000000081100000, 0x0000000081000000| Complete 
|  17|0x0000000081100000, 0x0000000081200000, 0x0000000081200000|100%| O|  |TAMS 0x0000000081200000, 0x0000000081100000| Untracked 
|  18|0x0000000081200000, 0x0000000081300000, 0x0000000081300000|100%| O|  |TAMS 0x0000000081300000, 0x0000000081200000| Untracked 
|  19|0x0000000081300000, 0x0000000081400000, 0x0000000081400000|100%| O|  |TAMS 0x0000000081400000, 0x0000000081300000| Untracked 
|  20|0x0000000081400000, 0x0000000081500000, 0x0000000081500000|100%| O|  |TAMS 0x0000000081500000, 0x0000000081400000| Complete 
|  21|0x0000000081500000, 0x0000000081600000, 0x0000000081600000|100%| O|  |TAMS 0x0000000081600000, 0x0000000081500000| Complete 
|  22|0x0000000081600000, 0x0000000081700000, 0x0000000081700000|100%| O|  |TAMS 0x0000000081700000, 0x0000000081600000| Untracked 
|  23|0x0000000081700000, 0x0000000081800000, 0x0000000081800000|100%| O|  |TAMS 0x0000000081800000, 0x0000000081700000| Untracked 
|  24|0x0000000081800000, 0x0000000081900000, 0x0000000081900000|100%| O|  |TAMS 0x0000000081900000, 0x0000000081800000| Untracked 
|  25|0x0000000081900000, 0x0000000081a00000, 0x0000000081a00000|100%| O|  |TAMS 0x0000000081a00000, 0x0000000081900000| Untracked 
|  26|0x0000000081a00000, 0x0000000081b00000, 0x0000000081b00000|100%| O|  |TAMS 0x0000000081b00000, 0x0000000081a00000| Untracked 
|  27|0x0000000081b00000, 0x0000000081c00000, 0x0000000081c00000|100%| O|  |TAMS 0x0000000081c00000, 0x0000000081b00000| Complete 
|  28|0x0000000081c00000, 0x0000000081d00000, 0x0000000081d00000|100%|HS|  |TAMS 0x0000000081d00000, 0x0000000081c00000| Complete 
|  29|0x0000000081d00000, 0x0000000081e00000, 0x0000000081e00000|100%|HS|  |TAMS 0x0000000081e00000, 0x0000000081d00000| Complete 
|  30|0x0000000081e00000, 0x0000000081f00000, 0x0000000081f00000|100%|HC|  |TAMS 0x0000000081f00000, 0x0000000081e00000| Complete 
|  31|0x0000000081f00000, 0x0000000082000000, 0x0000000082000000|100%| O|  |TAMS 0x0000000082000000, 0x0000000081f00000| Untracked 
|  32|0x0000000082000000, 0x0000000082100000, 0x0000000082100000|100%| O|  |TAMS 0x0000000082100000, 0x0000000082000000| Untracked 
|  33|0x0000000082100000, 0x0000000082200000, 0x0000000082200000|100%| O|  |TAMS 0x0000000082200000, 0x0000000082100000| Untracked 
|  34|0x0000000082200000, 0x0000000082300000, 0x0000000082300000|100%| O|  |TAMS 0x0000000082300000, 0x0000000082200000| Untracked 
|  35|0x0000000082300000, 0x0000000082400000, 0x0000000082400000|100%| O|  |TAMS 0x0000000082400000, 0x0000000082300000| Complete 
|  36|0x0000000082400000, 0x0000000082500000, 0x0000000082500000|100%| O|  |TAMS 0x0000000082500000, 0x0000000082400000| Untracked 
|  37|0x0000000082500000, 0x0000000082600000, 0x0000000082600000|100%| O|  |TAMS 0x0000000082600000, 0x0000000082500000| Complete 
|  38|0x0000000082600000, 0x0000000082700000, 0x0000000082700000|100%| O|  |TAMS 0x0000000082700000, 0x0000000082600000| Complete 
|  39|0x0000000082700000, 0x0000000082800000, 0x0000000082800000|100%| O|  |TAMS 0x0000000082800000, 0x0000000082700000| Untracked 
|  40|0x0000000082800000, 0x0000000082900000, 0x0000000082900000|100%| O|  |TAMS 0x0000000082900000, 0x0000000082800000| Untracked 
|  41|0x0000000082900000, 0x0000000082a00000, 0x0000000082a00000|100%| O|  |TAMS 0x0000000082a00000, 0x0000000082900000| Untracked 
|  42|0x0000000082a00000, 0x0000000082b00000, 0x0000000082b00000|100%| O|  |TAMS 0x0000000082b00000, 0x0000000082a00000| Untracked 
|  43|0x0000000082b00000, 0x0000000082c00000, 0x0000000082c00000|100%| O|  |TAMS 0x0000000082c00000, 0x0000000082b00000| Complete 
|  44|0x0000000082c00000, 0x0000000082d00000, 0x0000000082d00000|100%| O|  |TAMS 0x0000000082d00000, 0x0000000082c00000| Untracked 
|  45|0x0000000082d00000, 0x0000000082e00000, 0x0000000082e00000|100%| O|  |TAMS 0x0000000082e00000, 0x0000000082d00000| Untracked 
|  46|0x0000000082e00000, 0x0000000082f00000, 0x0000000082f00000|100%| O|  |TAMS 0x0000000082f00000, 0x0000000082e00000| Untracked 
|  47|0x0000000082f00000, 0x0000000083000000, 0x0000000083000000|100%| O|  |TAMS 0x0000000083000000, 0x0000000082f00000| Untracked 
|  48|0x0000000083000000, 0x0000000083100000, 0x0000000083100000|100%| O|  |TAMS 0x0000000083100000, 0x0000000083000000| Untracked 
|  49|0x0000000083100000, 0x0000000083200000, 0x0000000083200000|100%| O|  |TAMS 0x0000000083200000, 0x0000000083100000| Untracked 
|  50|0x0000000083200000, 0x0000000083300000, 0x0000000083300000|100%| O|  |TAMS 0x0000000083300000, 0x0000000083200000| Untracked 
|  51|0x0000000083300000, 0x0000000083400000, 0x0000000083400000|100%| O|  |TAMS 0x0000000083400000, 0x0000000083300000| Untracked 
|  52|0x0000000083400000, 0x0000000083500000, 0x0000000083500000|100%| O|  |TAMS 0x0000000083500000, 0x0000000083400000| Untracked 
|  53|0x0000000083500000, 0x0000000083500000, 0x0000000083600000|  0%| F|  |TAMS 0x0000000083500000, 0x0000000083500000| Untracked 
|  54|0x0000000083600000, 0x0000000083700000, 0x0000000083700000|100%| O|  |TAMS 0x0000000083700000, 0x0000000083600000| Complete 
|  55|0x0000000083700000, 0x0000000083700000, 0x0000000083800000|  0%| F|  |TAMS 0x0000000083700000, 0x0000000083700000| Untracked 
|  56|0x0000000083800000, 0x0000000083900000, 0x0000000083900000|100%| O|  |TAMS 0x0000000083900000, 0x0000000083800000| Complete 
|  57|0x0000000083900000, 0x0000000083a00000, 0x0000000083a00000|100%| O|  |TAMS 0x0000000083a00000, 0x0000000083900000| Untracked 
|  58|0x0000000083a00000, 0x0000000083b00000, 0x0000000083b00000|100%| O|  |TAMS 0x0000000083b00000, 0x0000000083a00000| Complete 
|  59|0x0000000083b00000, 0x0000000083c00000, 0x0000000083c00000|100%| O|  |TAMS 0x0000000083c00000, 0x0000000083b00000| Complete 
|  60|0x0000000083c00000, 0x0000000083d00000, 0x0000000083d00000|100%| O|  |TAMS 0x0000000083d00000, 0x0000000083c00000| Untracked 
|  61|0x0000000083d00000, 0x0000000083e00000, 0x0000000083e00000|100%| O|  |TAMS 0x0000000083e00000, 0x0000000083d00000| Untracked 
|  62|0x0000000083e00000, 0x0000000083f00000, 0x0000000083f00000|100%| O|  |TAMS 0x0000000083f00000, 0x0000000083e00000| Complete 
|  63|0x0000000083f00000, 0x0000000084000000, 0x0000000084000000|100%| O|  |TAMS 0x0000000084000000, 0x0000000083f00000| Untracked 
|  64|0x0000000084000000, 0x0000000084100000, 0x0000000084100000|100%| O|  |TAMS 0x0000000084100000, 0x0000000084000000| Complete 
|  65|0x0000000084100000, 0x0000000084200000, 0x0000000084200000|100%| O|  |TAMS 0x0000000084200000, 0x0000000084100000| Complete 
|  66|0x0000000084200000, 0x0000000084300000, 0x0000000084300000|100%| O|  |TAMS 0x0000000084300000, 0x0000000084200000| Complete 
|  67|0x0000000084300000, 0x0000000084400000, 0x0000000084400000|100%| O|  |TAMS 0x0000000084400000, 0x0000000084300000| Untracked 
|  68|0x0000000084400000, 0x0000000084500000, 0x0000000084500000|100%| O|  |TAMS 0x0000000084500000, 0x0000000084400000| Complete 
|  69|0x0000000084500000, 0x0000000084600000, 0x0000000084600000|100%| O|  |TAMS 0x0000000084600000, 0x0000000084500000| Untracked 
|  70|0x0000000084600000, 0x0000000084700000, 0x0000000084700000|100%| O|  |TAMS 0x0000000084700000, 0x0000000084600000| Complete 
|  71|0x0000000084700000, 0x0000000084700000, 0x0000000084800000|  0%| F|  |TAMS 0x0000000084700000, 0x0000000084700000| Untracked 
|  72|0x0000000084800000, 0x0000000084900000, 0x0000000084900000|100%| O|  |TAMS 0x0000000084900000, 0x0000000084800000| Untracked 
|  73|0x0000000084900000, 0x0000000084a00000, 0x0000000084a00000|100%| O|  |TAMS 0x0000000084a00000, 0x0000000084900000| Untracked 
|  74|0x0000000084a00000, 0x0000000084b00000, 0x0000000084b00000|100%| O|  |TAMS 0x0000000084b00000, 0x0000000084a00000| Complete 
|  75|0x0000000084b00000, 0x0000000084b00000, 0x0000000084c00000|  0%| F|  |TAMS 0x0000000084b00000, 0x0000000084b00000| Untracked 
|  76|0x0000000084c00000, 0x0000000084d00000, 0x0000000084d00000|100%| O|  |TAMS 0x0000000084d00000, 0x0000000084c00000| Untracked 
|  77|0x0000000084d00000, 0x0000000084e00000, 0x0000000084e00000|100%| O|  |TAMS 0x0000000084e00000, 0x0000000084d00000| Complete 
|  78|0x0000000084e00000, 0x0000000084f00000, 0x0000000084f00000|100%| O|  |TAMS 0x0000000084f00000, 0x0000000084e00000| Complete 
|  79|0x0000000084f00000, 0x0000000085000000, 0x0000000085000000|100%| O|  |TAMS 0x0000000085000000, 0x0000000084f00000| Complete 
|  80|0x0000000085000000, 0x0000000085100000, 0x0000000085100000|100%| O|  |TAMS 0x0000000085100000, 0x0000000085000000| Untracked 
|  81|0x0000000085100000, 0x0000000085200000, 0x0000000085200000|100%| O|  |TAMS 0x0000000085200000, 0x0000000085100000| Untracked 
|  82|0x0000000085200000, 0x0000000085300000, 0x0000000085300000|100%| O|  |TAMS 0x0000000085300000, 0x0000000085200000| Untracked 
|  83|0x0000000085300000, 0x0000000085300000, 0x0000000085400000|  0%| F|  |TAMS 0x0000000085300000, 0x0000000085300000| Untracked 
|  84|0x0000000085400000, 0x0000000085400000, 0x0000000085500000|  0%| F|  |TAMS 0x0000000085400000, 0x0000000085400000| Untracked 
|  85|0x0000000085500000, 0x0000000085500000, 0x0000000085600000|  0%| F|  |TAMS 0x0000000085500000, 0x0000000085500000| Untracked 
|  86|0x0000000085600000, 0x0000000085700000, 0x0000000085700000|100%| O|  |TAMS 0x0000000085700000, 0x0000000085600000| Untracked 
|  87|0x0000000085700000, 0x0000000085800000, 0x0000000085800000|100%| O|  |TAMS 0x0000000085800000, 0x0000000085700000| Untracked 
|  88|0x0000000085800000, 0x0000000085900000, 0x0000000085900000|100%| O|  |TAMS 0x0000000085900000, 0x0000000085800000| Untracked 
|  89|0x0000000085900000, 0x0000000085a00000, 0x0000000085a00000|100%| O|  |TAMS 0x0000000085a00000, 0x0000000085900000| Complete 
|  90|0x0000000085a00000, 0x0000000085b00000, 0x0000000085b00000|100%| O|  |TAMS 0x0000000085b00000, 0x0000000085a00000| Complete 
|  91|0x0000000085b00000, 0x0000000085b00000, 0x0000000085c00000|  0%| F|  |TAMS 0x0000000085b00000, 0x0000000085b00000| Untracked 
|  92|0x0000000085c00000, 0x0000000085c00000, 0x0000000085d00000|  0%| F|  |TAMS 0x0000000085c00000, 0x0000000085c00000| Untracked 
|  93|0x0000000085d00000, 0x0000000085e00000, 0x0000000085e00000|100%| O|  |TAMS 0x0000000085e00000, 0x0000000085d00000| Untracked 
|  94|0x0000000085e00000, 0x0000000085f00000, 0x0000000085f00000|100%| O|  |TAMS 0x0000000085f00000, 0x0000000085e00000| Untracked 
|  95|0x0000000085f00000, 0x0000000086000000, 0x0000000086000000|100%| O|  |TAMS 0x0000000086000000, 0x0000000085f00000| Untracked 
|  96|0x0000000086000000, 0x0000000086100000, 0x0000000086100000|100%| O|  |TAMS 0x0000000086100000, 0x0000000086000000| Untracked 
|  97|0x0000000086100000, 0x0000000086200000, 0x0000000086200000|100%| O|  |TAMS 0x0000000086200000, 0x0000000086100000| Complete 
|  98|0x0000000086200000, 0x0000000086300000, 0x0000000086300000|100%| O|  |TAMS 0x0000000086300000, 0x0000000086200000| Complete 
|  99|0x0000000086300000, 0x0000000086400000, 0x0000000086400000|100%| O|  |TAMS 0x0000000086400000, 0x0000000086300000| Complete 
| 100|0x0000000086400000, 0x0000000086500000, 0x0000000086500000|100%| O|  |TAMS 0x0000000086500000, 0x0000000086400000| Untracked 
| 101|0x0000000086500000, 0x0000000086600000, 0x0000000086600000|100%| O|  |TAMS 0x0000000086600000, 0x0000000086500000| Untracked 
| 102|0x0000000086600000, 0x0000000086700000, 0x0000000086700000|100%| O|  |TAMS 0x0000000086700000, 0x0000000086600000| Untracked 
| 103|0x0000000086700000, 0x0000000086800000, 0x0000000086800000|100%| O|  |TAMS 0x0000000086800000, 0x0000000086700000| Complete 
| 104|0x0000000086800000, 0x0000000086900000, 0x0000000086900000|100%| O|  |TAMS 0x0000000086900000, 0x0000000086800000| Untracked 
| 105|0x0000000086900000, 0x0000000086a00000, 0x0000000086a00000|100%| O|  |TAMS 0x0000000086a00000, 0x0000000086900000| Untracked 
| 106|0x0000000086a00000, 0x0000000086a00000, 0x0000000086b00000|  0%| F|  |TAMS 0x0000000086a00000, 0x0000000086a00000| Untracked 
| 107|0x0000000086b00000, 0x0000000086c00000, 0x0000000086c00000|100%| O|  |TAMS 0x0000000086c00000, 0x0000000086b00000| Untracked 
| 108|0x0000000086c00000, 0x0000000086d00000, 0x0000000086d00000|100%| O|  |TAMS 0x0000000086d00000, 0x0000000086c00000| Untracked 
| 109|0x0000000086d00000, 0x0000000086e00000, 0x0000000086e00000|100%| O|  |TAMS 0x0000000086e00000, 0x0000000086d00000| Untracked 
| 110|0x0000000086e00000, 0x0000000086f00000, 0x0000000086f00000|100%| O|  |TAMS 0x0000000086f00000, 0x0000000086e00000| Complete 
| 111|0x0000000086f00000, 0x0000000087000000, 0x0000000087000000|100%| O|  |TAMS 0x0000000087000000, 0x0000000086f00000| Complete 
| 112|0x0000000087000000, 0x0000000087100000, 0x0000000087100000|100%| O|  |TAMS 0x0000000087100000, 0x0000000087000000| Complete 
| 113|0x0000000087100000, 0x0000000087200000, 0x0000000087200000|100%| O|  |TAMS 0x0000000087200000, 0x0000000087100000| Complete 
| 114|0x0000000087200000, 0x0000000087300000, 0x0000000087300000|100%| O|  |TAMS 0x0000000087300000, 0x0000000087200000| Complete 
| 115|0x0000000087300000, 0x0000000087400000, 0x0000000087400000|100%| O|  |TAMS 0x0000000087400000, 0x0000000087300000| Complete 
| 116|0x0000000087400000, 0x0000000087500000, 0x0000000087500000|100%| O|  |TAMS 0x0000000087500000, 0x0000000087400000| Complete 
| 117|0x0000000087500000, 0x0000000087600000, 0x0000000087600000|100%| O|  |TAMS 0x0000000087600000, 0x0000000087500000| Complete 
| 118|0x0000000087600000, 0x0000000087700000, 0x0000000087700000|100%| O|  |TAMS 0x0000000087700000, 0x0000000087600000| Complete 
| 119|0x0000000087700000, 0x0000000087800000, 0x0000000087800000|100%| O|  |TAMS 0x0000000087800000, 0x0000000087700000| Complete 
| 120|0x0000000087800000, 0x0000000087900000, 0x0000000087900000|100%| O|  |TAMS 0x0000000087900000, 0x0000000087800000| Untracked 
| 121|0x0000000087900000, 0x0000000087a00000, 0x0000000087a00000|100%| O|  |TAMS 0x0000000087a00000, 0x0000000087900000| Untracked 
| 122|0x0000000087a00000, 0x0000000087a00000, 0x0000000087b00000|  0%| F|  |TAMS 0x0000000087a00000, 0x0000000087a00000| Untracked 
| 123|0x0000000087b00000, 0x0000000087b00000, 0x0000000087c00000|  0%| F|  |TAMS 0x0000000087b00000, 0x0000000087b00000| Untracked 
| 124|0x0000000087c00000, 0x0000000087c00000, 0x0000000087d00000|  0%| F|  |TAMS 0x0000000087c00000, 0x0000000087c00000| Untracked 
| 125|0x0000000087d00000, 0x0000000087d00000, 0x0000000087e00000|  0%| F|  |TAMS 0x0000000087d00000, 0x0000000087d00000| Untracked 
| 126|0x0000000087e00000, 0x0000000087e00000, 0x0000000087f00000|  0%| F|  |TAMS 0x0000000087e00000, 0x0000000087e00000| Untracked 
| 127|0x0000000087f00000, 0x0000000087f00000, 0x0000000088000000|  0%| F|  |TAMS 0x0000000087f00000, 0x0000000087f00000| Untracked 
| 128|0x0000000088000000, 0x0000000088000000, 0x0000000088100000|  0%| F|  |TAMS 0x0000000088000000, 0x0000000088000000| Untracked 
| 129|0x0000000088100000, 0x0000000088100000, 0x0000000088200000|  0%| F|  |TAMS 0x0000000088100000, 0x0000000088100000| Untracked 
| 130|0x0000000088200000, 0x0000000088200000, 0x0000000088300000|  0%| F|  |TAMS 0x0000000088200000, 0x0000000088200000| Untracked 
| 131|0x0000000088300000, 0x0000000088300000, 0x0000000088400000|  0%| F|  |TAMS 0x0000000088300000, 0x0000000088300000| Untracked 
| 132|0x0000000088400000, 0x0000000088400000, 0x0000000088500000|  0%| F|  |TAMS 0x0000000088400000, 0x0000000088400000| Untracked 
| 133|0x0000000088500000, 0x0000000088500000, 0x0000000088600000|  0%| F|  |TAMS 0x0000000088500000, 0x0000000088500000| Untracked 
| 134|0x0000000088600000, 0x0000000088600000, 0x0000000088700000|  0%| F|  |TAMS 0x0000000088600000, 0x0000000088600000| Untracked 
| 135|0x0000000088700000, 0x0000000088700000, 0x0000000088800000|  0%| F|  |TAMS 0x0000000088700000, 0x0000000088700000| Untracked 
| 136|0x0000000088800000, 0x0000000088800000, 0x0000000088900000|  0%| F|  |TAMS 0x0000000088800000, 0x0000000088800000| Untracked 
| 137|0x0000000088900000, 0x0000000088900000, 0x0000000088a00000|  0%| F|  |TAMS 0x0000000088900000, 0x0000000088900000| Untracked 
| 138|0x0000000088a00000, 0x0000000088b00000, 0x0000000088b00000|100%| O|  |TAMS 0x0000000088b00000, 0x0000000088a00000| Untracked 
| 139|0x0000000088b00000, 0x0000000088c00000, 0x0000000088c00000|100%| O|  |TAMS 0x0000000088c00000, 0x0000000088b00000| Untracked 
| 140|0x0000000088c00000, 0x0000000088d00000, 0x0000000088d00000|100%| O|  |TAMS 0x0000000088d00000, 0x0000000088c00000| Untracked 
| 141|0x0000000088d00000, 0x0000000088e00000, 0x0000000088e00000|100%| O|  |TAMS 0x0000000088e00000, 0x0000000088d00000| Complete 
| 142|0x0000000088e00000, 0x0000000088f00000, 0x0000000088f00000|100%| O|  |TAMS 0x0000000088f00000, 0x0000000088e00000| Complete 
| 143|0x0000000088f00000, 0x0000000088f00000, 0x0000000089000000|  0%| F|  |TAMS 0x0000000088f00000, 0x0000000088f00000| Untracked 
| 144|0x0000000089000000, 0x0000000089000000, 0x0000000089100000|  0%| F|  |TAMS 0x0000000089000000, 0x0000000089000000| Untracked 
| 145|0x0000000089100000, 0x0000000089100000, 0x0000000089200000|  0%| F|  |TAMS 0x0000000089100000, 0x0000000089100000| Untracked 
| 146|0x0000000089200000, 0x0000000089200000, 0x0000000089300000|  0%| F|  |TAMS 0x0000000089200000, 0x0000000089200000| Untracked 
| 147|0x0000000089300000, 0x0000000089300000, 0x0000000089400000|  0%| F|  |TAMS 0x0000000089300000, 0x0000000089300000| Untracked 
| 148|0x0000000089400000, 0x0000000089400000, 0x0000000089500000|  0%| F|  |TAMS 0x0000000089400000, 0x0000000089400000| Untracked 
| 149|0x0000000089500000, 0x0000000089500000, 0x0000000089600000|  0%| F|  |TAMS 0x0000000089500000, 0x0000000089500000| Untracked 
| 150|0x0000000089600000, 0x0000000089600000, 0x0000000089700000|  0%| F|  |TAMS 0x0000000089600000, 0x0000000089600000| Untracked 
| 151|0x0000000089700000, 0x0000000089700000, 0x0000000089800000|  0%| F|  |TAMS 0x0000000089700000, 0x0000000089700000| Untracked 
| 152|0x0000000089800000, 0x0000000089800000, 0x0000000089900000|  0%| F|  |TAMS 0x0000000089800000, 0x0000000089800000| Untracked 
| 153|0x0000000089900000, 0x0000000089900000, 0x0000000089a00000|  0%| F|  |TAMS 0x0000000089900000, 0x0000000089900000| Untracked 
| 154|0x0000000089a00000, 0x0000000089a00000, 0x0000000089b00000|  0%| F|  |TAMS 0x0000000089a00000, 0x0000000089a00000| Untracked 
| 155|0x0000000089b00000, 0x0000000089b00000, 0x0000000089c00000|  0%| F|  |TAMS 0x0000000089b00000, 0x0000000089b00000| Untracked 
| 156|0x0000000089c00000, 0x0000000089c00000, 0x0000000089d00000|  0%| F|  |TAMS 0x0000000089c00000, 0x0000000089c00000| Untracked 
| 157|0x0000000089d00000, 0x0000000089d00000, 0x0000000089e00000|  0%| F|  |TAMS 0x0000000089d00000, 0x0000000089d00000| Untracked 
| 158|0x0000000089e00000, 0x0000000089e146d8, 0x0000000089f00000|  7%| S|CS|TAMS 0x0000000089e00000, 0x0000000089e00000| Complete 
| 159|0x0000000089f00000, 0x000000008a000000, 0x000000008a000000|100%| S|CS|TAMS 0x0000000089f00000, 0x0000000089f00000| Complete 
| 160|0x000000008a000000, 0x000000008a100000, 0x000000008a100000|100%| S|CS|TAMS 0x000000008a000000, 0x000000008a000000| Complete 
| 161|0x000000008a100000, 0x000000008a100000, 0x000000008a200000|  0%| F|  |TAMS 0x000000008a100000, 0x000000008a100000| Untracked 
| 162|0x000000008a200000, 0x000000008a200000, 0x000000008a300000|  0%| F|  |TAMS 0x000000008a200000, 0x000000008a200000| Untracked 
| 163|0x000000008a300000, 0x000000008a300000, 0x000000008a400000|  0%| F|  |TAMS 0x000000008a300000, 0x000000008a300000| Untracked 
| 164|0x000000008a400000, 0x000000008a400000, 0x000000008a500000|  0%| F|  |TAMS 0x000000008a400000, 0x000000008a400000| Untracked 
| 165|0x000000008a500000, 0x000000008a500000, 0x000000008a600000|  0%| F|  |TAMS 0x000000008a500000, 0x000000008a500000| Untracked 
| 166|0x000000008a600000, 0x000000008a600000, 0x000000008a700000|  0%| F|  |TAMS 0x000000008a600000, 0x000000008a600000| Untracked 
| 167|0x000000008a700000, 0x000000008a700000, 0x000000008a800000|  0%| F|  |TAMS 0x000000008a700000, 0x000000008a700000| Untracked 
| 168|0x000000008a800000, 0x000000008a800000, 0x000000008a900000|  0%| F|  |TAMS 0x000000008a800000, 0x000000008a800000| Untracked 
| 169|0x000000008a900000, 0x000000008a900000, 0x000000008aa00000|  0%| F|  |TAMS 0x000000008a900000, 0x000000008a900000| Untracked 
| 170|0x000000008aa00000, 0x000000008aa00000, 0x000000008ab00000|  0%| F|  |TAMS 0x000000008aa00000, 0x000000008aa00000| Untracked 
| 171|0x000000008ab00000, 0x000000008ab00000, 0x000000008ac00000|  0%| F|  |TAMS 0x000000008ab00000, 0x000000008ab00000| Untracked 
| 172|0x000000008ac00000, 0x000000008ac00000, 0x000000008ad00000|  0%| F|  |TAMS 0x000000008ac00000, 0x000000008ac00000| Untracked 
| 173|0x000000008ad00000, 0x000000008ad00000, 0x000000008ae00000|  0%| F|  |TAMS 0x000000008ad00000, 0x000000008ad00000| Untracked 
| 174|0x000000008ae00000, 0x000000008ae00000, 0x000000008af00000|  0%| F|  |TAMS 0x000000008ae00000, 0x000000008ae00000| Untracked 
| 175|0x000000008af00000, 0x000000008afa3950, 0x000000008b000000| 63%| E|  |TAMS 0x000000008af00000, 0x000000008af00000| Complete 
| 176|0x000000008b000000, 0x000000008b100000, 0x000000008b100000|100%| E|CS|TAMS 0x000000008b000000, 0x000000008b000000| Complete 
| 177|0x000000008b100000, 0x000000008b200000, 0x000000008b200000|100%| E|CS|TAMS 0x000000008b100000, 0x000000008b100000| Complete 
| 178|0x000000008b200000, 0x000000008b300000, 0x000000008b300000|100%| E|CS|TAMS 0x000000008b200000, 0x000000008b200000| Complete 
| 179|0x000000008b300000, 0x000000008b400000, 0x000000008b400000|100%| E|CS|TAMS 0x000000008b300000, 0x000000008b300000| Complete 
| 180|0x000000008b400000, 0x000000008b500000, 0x000000008b500000|100%| E|CS|TAMS 0x000000008b400000, 0x000000008b400000| Complete 
| 181|0x000000008b500000, 0x000000008b600000, 0x000000008b600000|100%| E|CS|TAMS 0x000000008b500000, 0x000000008b500000| Complete 
| 182|0x000000008b600000, 0x000000008b6ffff0, 0x000000008b700000| 99%| E|  |TAMS 0x000000008b600000, 0x000000008b600000| Complete 
| 183|0x000000008b700000, 0x000000008b800000, 0x000000008b800000|100%| E|CS|TAMS 0x000000008b700000, 0x000000008b700000| Complete 
| 184|0x000000008b800000, 0x000000008b900000, 0x000000008b900000|100%| E|CS|TAMS 0x000000008b800000, 0x000000008b800000| Complete 
| 185|0x000000008b900000, 0x000000008ba00000, 0x000000008ba00000|100%| E|CS|TAMS 0x000000008b900000, 0x000000008b900000| Complete 
| 186|0x000000008ba00000, 0x000000008bb00000, 0x000000008bb00000|100%| E|CS|TAMS 0x000000008ba00000, 0x000000008ba00000| Complete 

Card table byte_map: [0x0000021fc4c50000,0x0000021fc5050000] _byte_map_base: 0x0000021fc4850000

Marking Bits (Prev, Next): (CMBitMap*) 0x0000021faff58d88, (CMBitMap*) 0x0000021faff58dc0
 Prev Bits: [0x0000021fc5450000, 0x0000021fc7450000)
 Next Bits: [0x0000021fc7450000, 0x0000021fc9450000)

Polling page: 0x0000021fafd90000

Metaspace:

Usage:
  Non-class:    114.27 MB capacity,   111.73 MB ( 98%) used,     2.05 MB (  2%) free+waste,   492.56 KB ( <1%) overhead. 
      Class:     17.14 MB capacity,    15.68 MB ( 91%) used,     1.25 MB (  7%) free+waste,   214.94 KB (  1%) overhead. 
       Both:    131.40 MB capacity,   127.41 MB ( 97%) used,     3.30 MB (  3%) free+waste,   707.50 KB ( <1%) overhead. 

Virtual space:
  Non-class space:      116.00 MB reserved,     114.34 MB ( 99%) committed 
      Class space:        1.00 GB reserved,      17.25 MB (  2%) committed 
             Both:        1.11 GB reserved,     131.59 MB ( 12%) committed 

Chunk freelists:
   Non-Class:  3.00 KB
       Class:  0 bytes
        Both:  3.00 KB

MaxMetaspaceSize: 17179869184.00 GB
CompressedClassSpaceSize: 1.00 GB
Initial GC threshold: 20.80 MB
Current GC threshold: 218.69 MB
CDS: off

CodeHeap 'non-profiled nmethods': size=120064Kb used=16787Kb max_used=16787Kb free=103276Kb
 bounds [0x0000021fbccf0000, 0x0000021fbdd60000, 0x0000021fc4230000]
CodeHeap 'profiled nmethods': size=120000Kb used=50796Kb max_used=50796Kb free=69203Kb
 bounds [0x0000021fb57c0000, 0x0000021fb8960000, 0x0000021fbccf0000]
CodeHeap 'non-nmethods': size=5696Kb used=2458Kb max_used=2517Kb free=3237Kb
 bounds [0x0000021fb5230000, 0x0000021fb54b0000, 0x0000021fb57c0000]
 total_blobs=23577 nmethods=22593 adapters=895
 compilation: enabled
              stopped_count=0, restarted_count=0
 full_count=0

Compilation events (20 events):
Event: 1285.297 Thread 0x0000021fcba75000 nmethod 24418 0x0000021fbdd3e290 code [0x0000021fbdd3e440, 0x0000021fbdd3e4f8]
Event: 1285.297 Thread 0x0000021fcba75000 24419       1       com.android.build.gradle.internal.res.LinkApplicationAndroidResourcesTask$TaskWorkActionParameters_Decorated::getModelIdentityDisplayName (5 bytes)
Event: 1285.297 Thread 0x0000021fcba75000 nmethod 24419 0x0000021fbdd3e590 code [0x0000021fbdd3e740, 0x0000021fbdd3e7f8]
Event: 1285.298 Thread 0x0000021fcba75000 24420       3       org.gradle.internal.snapshot.impl.DefaultValueSnapshotter$IsolatableVisitor::booleanValue (20 bytes)
Event: 1285.298 Thread 0x0000021fcba75000 nmethod 24420 0x0000021fb890a810 code [0x0000021fb890a9e0, 0x0000021fb890ad78]
Event: 1285.304 Thread 0x0000021fcba71000 nmethod 24414 0x0000021fbdd3e890 code [0x0000021fbdd3ea40, 0x0000021fbdd3f058]
Event: 1285.304 Thread 0x0000021fcba71000 24415       4       org.gradle.api.internal.file.pattern.GreedyPathMatcher::matches (61 bytes)
Event: 1285.316 Thread 0x0000021fcba75000 24421       3       java.util.AbstractSet::hashCode (39 bytes)
Event: 1285.317 Thread 0x0000021fcba75000 nmethod 24421 0x0000021fb890ae90 code [0x0000021fb890b080, 0x0000021fb890b578]
Event: 1285.317 Thread 0x0000021fcba75000 24422       3       org.gradle.api.internal.file.DefaultFilePropertyFactory$AbstractFileVar::value (14 bytes)
Event: 1285.317 Thread 0x0000021fcba75000 nmethod 24422 0x0000021fb890b710 code [0x0000021fb890b8e0, 0x0000021fb890bb48]
Event: 1285.333 Thread 0x0000021fcba75000 24423       3       com.google.gson.internal.$Gson$Types::resolve (14 bytes)
Event: 1285.334 Thread 0x0000021fcba75000 nmethod 24423 0x0000021fb890bc90 code [0x0000021fb890be80, 0x0000021fb890c348]
Event: 1285.349 Thread 0x0000021fcba71000 nmethod 24415 0x0000021fbdd3f310 code [0x0000021fbdd3f500, 0x0000021fbdd3fdc8]
Event: 1285.349 Thread 0x0000021fcba71000 24425       4       org.gradle.api.internal.file.AbstractFileCollection$2::visitCollection (43 bytes)
Event: 1285.372 Thread 0x0000021fd247b000 nmethod 24407 0x0000021fbdd40310 code [0x0000021fbdd40680, 0x0000021fbdd42d70]
Event: 1285.372 Thread 0x0000021fd247b000 24426       4       org.gradle.internal.typeconversion.NotationConverterToNotationParserAdapter$ResultImpl::<init> (5 bytes)
Event: 1285.372 Thread 0x0000021fd247b000 nmethod 24426 0x0000021fbdd44a90 code [0x0000021fbdd44c20, 0x0000021fbdd44c78]
Event: 1285.372 Thread 0x0000021fd247b000 24424       4       kotlin.jvm.internal.Intrinsics::checkNotNull (8 bytes)
Event: 1285.373 Thread 0x0000021fd247b000 nmethod 24424 0x0000021fbdd44d90 code [0x0000021fbdd44f20, 0x0000021fbdd44f78]

GC Heap History (20 events):
Event: 1183.699 GC heap before
{Heap before GC invocations=92 (full 0):
 garbage-first heap   total 191488K, used 150512K [0x0000000080000000, 0x0000000100000000)
  region size 1024K, 26 young (26624K), 2 survivors (2048K)
 Metaspace       used 129219K, capacity 132758K, committed 133084K, reserved 1165312K
  class space    used 15855K, capacity 17198K, committed 17280K, reserved 1048576K
}
Event: 1183.711 GC heap after
{Heap after GC invocations=93 (full 0):
 garbage-first heap   total 191488K, used 127350K [0x0000000080000000, 0x0000000100000000)
  region size 1024K, 2 young (2048K), 2 survivors (2048K)
 Metaspace       used 129219K, capacity 132758K, committed 133084K, reserved 1165312K
  class space    used 15855K, capacity 17198K, committed 17280K, reserved 1048576K
}
Event: 1187.165 GC heap before
{Heap before GC invocations=94 (full 0):
 garbage-first heap   total 191488K, used 146806K [0x0000000080000000, 0x0000000100000000)
  region size 1024K, 28 young (28672K), 2 survivors (2048K)
 Metaspace       used 129238K, capacity 132758K, committed 133084K, reserved 1165312K
  class space    used 15855K, capacity 17198K, committed 17280K, reserved 1048576K
}
Event: 1187.179 GC heap after
{Heap after GC invocations=95 (full 0):
 garbage-first heap   total 191488K, used 126505K [0x0000000080000000, 0x0000000100000000)
  region size 1024K, 4 young (4096K), 4 survivors (4096K)
 Metaspace       used 129238K, capacity 132758K, committed 133084K, reserved 1165312K
  class space    used 15855K, capacity 17198K, committed 17280K, reserved 1048576K
}
Event: 1187.199 GC heap before
{Heap before GC invocations=95 (full 0):
 garbage-first heap   total 191488K, used 131625K [0x0000000080000000, 0x0000000100000000)
  region size 1024K, 9 young (9216K), 4 survivors (4096K)
 Metaspace       used 129239K, capacity 132758K, committed 133084K, reserved 1165312K
  class space    used 15855K, capacity 17198K, committed 17280K, reserved 1048576K
}
Event: 1187.218 GC heap after
{Heap after GC invocations=96 (full 0):
 garbage-first heap   total 191488K, used 115033K [0x0000000080000000, 0x0000000100000000)
  region size 1024K, 2 young (2048K), 2 survivors (2048K)
 Metaspace       used 129239K, capacity 132758K, committed 133084K, reserved 1165312K
  class space    used 15855K, capacity 17198K, committed 17280K, reserved 1048576K
}
Event: 1187.568 GC heap before
{Heap before GC invocations=96 (full 0):
 garbage-first heap   total 191488K, used 139609K [0x0000000080000000, 0x0000000100000000)
  region size 1024K, 28 young (28672K), 2 survivors (2048K)
 Metaspace       used 129266K, capacity 132822K, committed 133084K, reserved 1165312K
  class space    used 15855K, capacity 17198K, committed 17280K, reserved 1048576K
}
Event: 1187.577 GC heap after
{Heap after GC invocations=97 (full 0):
 garbage-first heap   total 191488K, used 115202K [0x0000000080000000, 0x0000000100000000)
  region size 1024K, 2 young (2048K), 2 survivors (2048K)
 Metaspace       used 129266K, capacity 132822K, committed 133084K, reserved 1165312K
  class space    used 15855K, capacity 17198K, committed 17280K, reserved 1048576K
}
Event: 1281.140 GC heap before
{Heap before GC invocations=98 (full 0):
 garbage-first heap   total 191488K, used 169474K [0x0000000080000000, 0x0000000100000000)
  region size 1024K, 37 young (37888K), 2 survivors (2048K)
 Metaspace       used 129563K, capacity 133322K, committed 133340K, reserved 1165312K
  class space    used 15889K, capacity 17262K, committed 17280K, reserved 1048576K
}
Event: 1281.151 GC heap after
{Heap after GC invocations=99 (full 0):
 garbage-first heap   total 191488K, used 118033K [0x0000000080000000, 0x0000000100000000)
  region size 1024K, 5 young (5120K), 5 survivors (5120K)
 Metaspace       used 129563K, capacity 133322K, committed 133340K, reserved 1165312K
  class space    used 15889K, capacity 17262K, committed 17280K, reserved 1048576K
}
Event: 1281.296 GC heap before
{Heap before GC invocations=99 (full 0):
 garbage-first heap   total 191488K, used 122129K [0x0000000080000000, 0x0000000100000000)
  region size 1024K, 9 young (9216K), 5 survivors (5120K)
 Metaspace       used 129756K, capacity 133616K, committed 133724K, reserved 1165312K
  class space    used 15926K, capacity 17330K, committed 17408K, reserved 1048576K
}
Event: 1281.316 GC heap after
{Heap after GC invocations=100 (full 0):
 garbage-first heap   total 191488K, used 108393K [0x0000000080000000, 0x0000000100000000)
  region size 1024K, 1 young (1024K), 1 survivors (1024K)
 Metaspace       used 129756K, capacity 133616K, committed 133724K, reserved 1165312K
  class space    used 15926K, capacity 17330K, committed 17408K, reserved 1048576K
}
Event: 1282.404 GC heap before
{Heap before GC invocations=100 (full 0):
 garbage-first heap   total 191488K, used 117609K [0x0000000080000000, 0x0000000100000000)
  region size 1024K, 12 young (12288K), 1 survivors (1024K)
 Metaspace       used 129799K, capacity 133668K, committed 133980K, reserved 1165312K
  class space    used 15934K, capacity 17345K, committed 17408K, reserved 1048576K
}
Event: 1282.413 GC heap after
{Heap after GC invocations=101 (full 0):
 garbage-first heap   total 191488K, used 109273K [0x0000000080000000, 0x0000000100000000)
  region size 1024K, 2 young (2048K), 2 survivors (2048K)
 Metaspace       used 129799K, capacity 133668K, committed 133980K, reserved 1165312K
  class space    used 15934K, capacity 17345K, committed 17408K, reserved 1048576K
}
Event: 1283.462 GC heap before
{Heap before GC invocations=102 (full 0):
 garbage-first heap   total 191488K, used 143065K [0x0000000080000000, 0x0000000100000000)
  region size 1024K, 35 young (35840K), 2 survivors (2048K)
 Metaspace       used 129841K, capacity 133668K, committed 133980K, reserved 1165312K
  class space    used 15934K, capacity 17345K, committed 17408K, reserved 1048576K
}
Event: 1283.493 GC heap after
{Heap after GC invocations=103 (full 0):
 garbage-first heap   total 191488K, used 127233K [0x0000000080000000, 0x0000000100000000)
  region size 1024K, 5 young (5120K), 5 survivors (5120K)
 Metaspace       used 129841K, capacity 133668K, committed 133980K, reserved 1165312K
  class space    used 15934K, capacity 17345K, committed 17408K, reserved 1048576K
}
Event: 1283.592 GC heap before
{Heap before GC invocations=103 (full 0):
 garbage-first heap   total 191488K, used 147713K [0x0000000080000000, 0x0000000100000000)
  region size 1024K, 9 young (9216K), 5 survivors (5120K)
 Metaspace       used 129864K, capacity 133692K, committed 133980K, reserved 1165312K
  class space    used 15937K, capacity 17350K, committed 17408K, reserved 1048576K
}
Event: 1283.614 GC heap after
{Heap after GC invocations=104 (full 0):
 garbage-first heap   total 191488K, used 121042K [0x0000000080000000, 0x0000000100000000)
  region size 1024K, 2 young (2048K), 2 survivors (2048K)
 Metaspace       used 129864K, capacity 133692K, committed 133980K, reserved 1165312K
  class space    used 15937K, capacity 17350K, committed 17408K, reserved 1048576K
}
Event: 1285.169 GC heap before
{Heap before GC invocations=104 (full 0):
 garbage-first heap   total 191488K, used 144594K [0x0000000080000000, 0x0000000100000000)
  region size 1024K, 26 young (26624K), 2 survivors (2048K)
 Metaspace       used 130139K, capacity 134118K, committed 134364K, reserved 1167360K
  class space    used 16001K, capacity 17469K, committed 17536K, reserved 1048576K
}
Event: 1285.179 GC heap after
{Heap after GC invocations=105 (full 0):
 garbage-first heap   total 191488K, used 121937K [0x0000000080000000, 0x0000000100000000)
  region size 1024K, 3 young (3072K), 3 survivors (3072K)
 Metaspace       used 130139K, capacity 134118K, committed 134364K, reserved 1167360K
  class space    used 16001K, capacity 17469K, committed 17536K, reserved 1048576K
}

Deoptimization events (20 events):
Event: 1283.348 Thread 0x0000021fd3b4e000 Uncommon trap: trap_request=0xffffffc6 fr.pc=0x0000021fbd91ad50 relative=0x00000000000006b0
Event: 1283.348 Thread 0x0000021fd3b4e000 Uncommon trap: reason=bimorphic_or_optimized_type_check action=maybe_recompile pc=0x0000021fbd91ad50 method=org.apache.xerces.dom.CoreDocumentImpl.isKidOK(Lorg/w3c/dom/Node;Lorg/w3c/dom/Node;)Z @ 39 c2
Event: 1283.348 Thread 0x0000021fd3b4e000 DEOPT PACKING pc=0x0000021fbd91ad50 sp=0x000000ad6e4f8290
Event: 1283.348 Thread 0x0000021fd3b4e000 DEOPT UNPACKING pc=0x0000021fb527a1af sp=0x000000ad6e4f81b8 mode 2
Event: 1283.497 Thread 0x0000021fd3b4e000 DEOPT PACKING pc=0x0000021fb82194f6 sp=0x000000ad6e4f7ee0
Event: 1283.497 Thread 0x0000021fd3b4e000 DEOPT UNPACKING pc=0x0000021fb527a95e sp=0x000000ad6e4f73f0 mode 0
Event: 1283.616 Thread 0x0000021fcf8ee800 DEOPT PACKING pc=0x0000021fb6c51516 sp=0x000000ad730fb100
Event: 1283.616 Thread 0x0000021fcf8ee800 DEOPT UNPACKING pc=0x0000021fb527a95e sp=0x000000ad730fa618 mode 0
Event: 1283.616 Thread 0x0000021fcf8ee800 DEOPT PACKING pc=0x0000021fb6c51678 sp=0x000000ad730fb100
Event: 1283.617 Thread 0x0000021fcf8ee800 DEOPT UNPACKING pc=0x0000021fb527a95e sp=0x000000ad730fa628 mode 0
Event: 1283.671 Thread 0x0000021fcf8eb000 DEOPT PACKING pc=0x0000021fb71a1e17 sp=0x000000ad732fe3a0
Event: 1283.671 Thread 0x0000021fcf8eb000 DEOPT UNPACKING pc=0x0000021fb527a95e sp=0x000000ad732fd860 mode 0
Event: 1283.752 Thread 0x0000021fcf8ee800 DEOPT PACKING pc=0x0000021fb8206322 sp=0x000000ad730faf60
Event: 1283.752 Thread 0x0000021fcf8ee800 DEOPT UNPACKING pc=0x0000021fb527a95e sp=0x000000ad730fa4a0 mode 0
Event: 1283.752 Thread 0x0000021fcf8ee800 DEOPT PACKING pc=0x0000021fb8206322 sp=0x000000ad730faf60
Event: 1283.752 Thread 0x0000021fcf8ee800 DEOPT UNPACKING pc=0x0000021fb527a95e sp=0x000000ad730fa4a0 mode 0
Event: 1285.147 Thread 0x0000021fcf8ee800 DEOPT PACKING pc=0x0000021fb7e42658 sp=0x000000ad730fd720
Event: 1285.147 Thread 0x0000021fcf8ee800 DEOPT UNPACKING pc=0x0000021fb527a95e sp=0x000000ad730fcbf0 mode 0
Event: 1285.218 Thread 0x0000021fcf8ee800 DEOPT PACKING pc=0x0000021fb7a725cf sp=0x000000ad730fb0e0
Event: 1285.218 Thread 0x0000021fcf8ee800 DEOPT UNPACKING pc=0x0000021fb527a95e sp=0x000000ad730fa590 mode 0

Classes redefined (0 events):
No events

Internal exceptions (20 events):
Event: 1180.868 Thread 0x0000021fd6644000 Exception <a 'sun/nio/fs/WindowsException'{0x0000000089a9c940}> (0x0000000089a9c940) thrown at [./src/hotspot/share/prims/jni.cpp, line 615]
Event: 1180.883 Thread 0x0000021fd6644000 Exception <a 'sun/nio/fs/WindowsException'{0x0000000089940168}> (0x0000000089940168) thrown at [./src/hotspot/share/prims/jni.cpp, line 615]
Event: 1180.883 Thread 0x0000021fd6644000 Exception <a 'sun/nio/fs/WindowsException'{0x0000000089941730}> (0x0000000089941730) thrown at [./src/hotspot/share/prims/jni.cpp, line 615]
Event: 1180.884 Thread 0x0000021fd6644000 Exception <a 'sun/nio/fs/WindowsException'{0x0000000089942b08}> (0x0000000089942b08) thrown at [./src/hotspot/share/prims/jni.cpp, line 615]
Event: 1180.884 Thread 0x0000021fd6644000 Exception <a 'sun/nio/fs/WindowsException'{0x0000000089943ee0}> (0x0000000089943ee0) thrown at [./src/hotspot/share/prims/jni.cpp, line 615]
Event: 1180.989 Thread 0x0000021fd6644000 Exception <a 'sun/nio/fs/WindowsException'{0x0000000089589820}> (0x0000000089589820) thrown at [./src/hotspot/share/prims/jni.cpp, line 615]
Event: 1187.190 Thread 0x0000021fd3b4c800 Exception <a 'sun/nio/fs/WindowsException'{0x000000008b7f0370}> (0x000000008b7f0370) thrown at [./src/hotspot/share/prims/jni.cpp, line 615]
Event: 1187.190 Thread 0x0000021fd3b4c800 Exception <a 'sun/nio/fs/WindowsException'{0x000000008b7f0458}> (0x000000008b7f0458) thrown at [./src/hotspot/share/prims/jni.cpp, line 615]
Event: 1187.848 Thread 0x0000021fd3b4f800 Exception <a 'sun/nio/fs/WindowsException'{0x000000008b819b58}> (0x000000008b819b58) thrown at [./src/hotspot/share/prims/jni.cpp, line 615]
Event: 1187.852 Thread 0x0000021fd6644000 Exception <a 'sun/nio/fs/WindowsException'{0x000000008b999880}> (0x000000008b999880) thrown at [./src/hotspot/share/prims/jni.cpp, line 615]
Event: 1187.852 Thread 0x0000021fd6644000 Exception <a 'sun/nio/fs/WindowsException'{0x000000008b9999c8}> (0x000000008b9999c8) thrown at [./src/hotspot/share/prims/jni.cpp, line 615]
Event: 1187.852 Thread 0x0000021fd6644000 Exception <a 'sun/nio/fs/WindowsException'{0x000000008b99b288}> (0x000000008b99b288) thrown at [./src/hotspot/share/prims/jni.cpp, line 615]
Event: 1280.951 Thread 0x0000021fd3b4e000 Exception <a 'sun/nio/fs/WindowsException'{0x0000000089eec668}> (0x0000000089eec668) thrown at [./src/hotspot/share/prims/jni.cpp, line 615]
Event: 1281.017 Thread 0x0000021fd3b4e000 Exception <a 'java/lang/NoClassDefFoundError'{0x000000008979eee0}: org/jetbrains/kotlin/gradle/plugin/KotlinBasePluginWrapper> (0x000000008979eee0) thrown at [./src/hotspot/share/oops/constantPool.cpp, line 775]
Event: 1281.066 Thread 0x0000021fd3b4e000 Exception <a 'sun/nio/fs/WindowsException'{0x00000000895e6748}> (0x00000000895e6748) thrown at [./src/hotspot/share/prims/jni.cpp, line 615]
Event: 1281.099 Thread 0x0000021fd3b4e000 Exception <a 'sun/nio/fs/WindowsException'{0x000000008948e748}> (0x000000008948e748) thrown at [./src/hotspot/share/prims/jni.cpp, line 615]
Event: 1281.099 Thread 0x0000021fd3b4e000 Exception <a 'sun/nio/fs/WindowsException'{0x000000008948fd98}> (0x000000008948fd98) thrown at [./src/hotspot/share/prims/jni.cpp, line 615]
Event: 1281.099 Thread 0x0000021fd3b4e000 Exception <a 'sun/nio/fs/WindowsException'{0x0000000089491170}> (0x0000000089491170) thrown at [./src/hotspot/share/prims/jni.cpp, line 615]
Event: 1281.099 Thread 0x0000021fd3b4e000 Exception <a 'sun/nio/fs/WindowsException'{0x0000000089492548}> (0x0000000089492548) thrown at [./src/hotspot/share/prims/jni.cpp, line 615]
Event: 1281.211 Thread 0x0000021fd3b4e000 Exception <a 'sun/nio/fs/WindowsException'{0x000000008b635800}> (0x000000008b635800) thrown at [./src/hotspot/share/prims/jni.cpp, line 615]

Events (20 events):
Event: 1285.190 Executing VM operation: RevokeBias
Event: 1285.191 Executing VM operation: RevokeBias done
Event: 1285.191 Executing VM operation: RevokeBias
Event: 1285.196 Executing VM operation: RevokeBias done
Event: 1285.202 Executing VM operation: RevokeBias
Event: 1285.203 Executing VM operation: RevokeBias done
Event: 1285.203 Executing VM operation: RevokeBias
Event: 1285.203 Executing VM operation: RevokeBias done
Event: 1285.204 Executing VM operation: BulkRevokeBias
Event: 1285.206 Executing VM operation: BulkRevokeBias done
Event: 1285.211 Thread 0x0000021fd247b000 Thread added: 0x0000021fd247b000
Event: 1285.315 Thread 0x0000021fcf8ec000 Thread added: 0x0000021fcf8ec000
Event: 1285.318 Executing VM operation: RevokeBias
Event: 1285.332 Executing VM operation: RevokeBias done
Event: 1285.347 loading class org/gradle/internal/typeconversion/NotationConverterToNotationParserAdapter$1
Event: 1285.347 loading class org/gradle/internal/typeconversion/NotationConverterToNotationParserAdapter$1 done
Event: 1285.378 Thread 0x0000021fcdc8c800 Thread added: 0x0000021fcdc8c800
Event: 1285.415 Thread 0x0000021fcdc8e000 Thread added: 0x0000021fcdc8e000
Event: 1285.415 Thread 0x0000021fcdc8e800 Thread added: 0x0000021fcdc8e800
Event: 1285.633 Executing VM operation: CGC_Operation


Dynamic libraries:
0x00007ff617560000 - 0x00007ff61756a000 	D:\Android Studio\jre\bin\java.exe
0x00007ffb7b570000 - 0x00007ffb7b768000 	C:\WINDOWS\SYSTEM32\ntdll.dll
0x00007ffb70de0000 - 0x00007ffb70df7000 	C:\Program Files\Avast Software\Avast\aswhook.dll
0x00007ffb7ab80000 - 0x00007ffb7ac3f000 	C:\WINDOWS\System32\KERNEL32.DLL
0x00007ffb78fb0000 - 0x00007ffb79282000 	C:\WINDOWS\System32\KERNELBASE.dll
0x00007ffb78ca0000 - 0x00007ffb78da0000 	C:\WINDOWS\System32\ucrtbase.dll
0x00007ffb65ce0000 - 0x00007ffb65cf7000 	D:\Android Studio\jre\bin\VCRUNTIME140.dll
0x00007ffb58910000 - 0x00007ffb58929000 	D:\Android Studio\jre\bin\jli.dll
0x00007ffb7afe0000 - 0x00007ffb7b17d000 	C:\WINDOWS\System32\USER32.dll
0x00007ffb78c70000 - 0x00007ffb78c92000 	C:\WINDOWS\System32\win32u.dll
0x00007ffb56330000 - 0x00007ffb565ca000 	C:\WINDOWS\WinSxS\amd64_microsoft.windows.common-controls_6595b64144ccf1df_6.0.19041.1110_none_60b5254171f9507e\COMCTL32.dll
0x00007ffb7b180000 - 0x00007ffb7b1ab000 	C:\WINDOWS\System32\GDI32.dll
0x00007ffb78ea0000 - 0x00007ffb78faf000 	C:\WINDOWS\System32\gdi32full.dll
0x00007ffb7ad00000 - 0x00007ffb7ad9e000 	C:\WINDOWS\System32\msvcrt.dll
0x00007ffb793f0000 - 0x00007ffb7948d000 	C:\WINDOWS\System32\msvcp_win.dll
0x00007ffb7b4f0000 - 0x00007ffb7b522000 	C:\WINDOWS\System32\IMM32.DLL
0x00007ffb383b0000 - 0x00007ffb3844d000 	D:\Android Studio\jre\bin\msvcp140.dll
0x00007ffb0a440000 - 0x00007ffb0af25000 	D:\Android Studio\jre\bin\server\jvm.dll
0x00007ffb7ac40000 - 0x00007ffb7acee000 	C:\WINDOWS\System32\ADVAPI32.dll
0x00007ffb7a8d0000 - 0x00007ffb7a96c000 	C:\WINDOWS\System32\sechost.dll
0x00007ffb7b210000 - 0x00007ffb7b335000 	C:\WINDOWS\System32\RPCRT4.dll
0x00007ffb7b460000 - 0x00007ffb7b468000 	C:\WINDOWS\System32\PSAPI.DLL
0x00007ffb60500000 - 0x00007ffb60527000 	C:\WINDOWS\SYSTEM32\WINMM.dll
0x00007ffb65460000 - 0x00007ffb65469000 	C:\WINDOWS\SYSTEM32\WSOCK32.dll
0x00007ffb6ac50000 - 0x00007ffb6ac5a000 	C:\WINDOWS\SYSTEM32\VERSION.dll
0x00007ffb7b3f0000 - 0x00007ffb7b45b000 	C:\WINDOWS\System32\WS2_32.dll
0x00007ffb77800000 - 0x00007ffb77812000 	C:\WINDOWS\SYSTEM32\kernel.appcore.dll
0x00007ffb70050000 - 0x00007ffb70061000 	D:\Android Studio\jre\bin\verify.dll
0x00007ffb6a870000 - 0x00007ffb6aa54000 	C:\WINDOWS\SYSTEM32\DBGHELP.DLL
0x00007ffb6a840000 - 0x00007ffb6a86c000 	C:\WINDOWS\SYSTEM32\dbgcore.DLL
0x00007ffb78da0000 - 0x00007ffb78e22000 	C:\WINDOWS\System32\bcryptPrimitives.dll
0x00007ffb46a40000 - 0x00007ffb46a69000 	D:\Android Studio\jre\bin\java.dll
0x00007ffb70040000 - 0x00007ffb7004b000 	D:\Android Studio\jre\bin\jimage.dll
0x00007ffb57da0000 - 0x00007ffb57db8000 	D:\Android Studio\jre\bin\zip.dll
0x00007ffb795c0000 - 0x00007ffb79d03000 	C:\WINDOWS\System32\SHELL32.dll
0x00007ffb76b00000 - 0x00007ffb77292000 	C:\WINDOWS\SYSTEM32\windows.storage.dll
0x00007ffb7a1e0000 - 0x00007ffb7a534000 	C:\WINDOWS\System32\combase.dll
0x00007ffb78660000 - 0x00007ffb78690000 	C:\WINDOWS\SYSTEM32\Wldp.dll
0x00007ffb7aaa0000 - 0x00007ffb7ab4d000 	C:\WINDOWS\System32\SHCORE.dll
0x00007ffb7a540000 - 0x00007ffb7a595000 	C:\WINDOWS\System32\shlwapi.dll
0x00007ffb78bb0000 - 0x00007ffb78bcf000 	C:\WINDOWS\SYSTEM32\profapi.dll
0x00007ffb53650000 - 0x00007ffb5366a000 	D:\Android Studio\jre\bin\net.dll
0x00007ffb70110000 - 0x00007ffb7021c000 	C:\WINDOWS\SYSTEM32\WINHTTP.dll
0x00007ffb78340000 - 0x00007ffb783aa000 	C:\WINDOWS\system32\mswsock.dll
0x00007ffb531b0000 - 0x00007ffb531c4000 	D:\Android Studio\jre\bin\nio.dll
0x00007ffb45fb0000 - 0x00007ffb45fd7000 	C:\Users\LENOVO\Desktop\GRADLE\gradle-6.1.1\native\e1d6ef7f7dcc3fd88c89a11ec53ec762bb8ba0a96d01ffa2cd45eb1d1d8dd5c5\windows-amd64\native-platform.dll
0x00007ffb37bd0000 - 0x00007ffb37d14000 	C:\Users\LENOVO\Desktop\GRADLE\gradle-6.1.1\native\5664cfc778a61ccfe75a443a1ab52a65af34e5dc3c78e0209fed803814484fcb\windows-amd64\native-platform-file-events.dll
0x00007ffb74700000 - 0x00007ffb7470a000 	D:\Android Studio\jre\bin\management.dll
0x00007ffb74580000 - 0x00007ffb7458d000 	D:\Android Studio\jre\bin\management_ext.dll
0x00007ffb785a0000 - 0x00007ffb785b8000 	C:\WINDOWS\SYSTEM32\CRYPTSP.dll
0x00007ffb77c70000 - 0x00007ffb77ca4000 	C:\WINDOWS\system32\rsaenh.dll
0x00007ffb79490000 - 0x00007ffb794b7000 	C:\WINDOWS\System32\bcrypt.dll
0x00007ffb78b70000 - 0x00007ffb78b9e000 	C:\WINDOWS\SYSTEM32\USERENV.dll
0x00007ffb785c0000 - 0x00007ffb785cc000 	C:\WINDOWS\SYSTEM32\CRYPTBASE.dll
0x00007ffb78040000 - 0x00007ffb7807b000 	C:\WINDOWS\SYSTEM32\IPHLPAPI.DLL
0x00007ffb7ab70000 - 0x00007ffb7ab78000 	C:\WINDOWS\System32\NSI.dll
0x00007ffb70500000 - 0x00007ffb70517000 	C:\WINDOWS\SYSTEM32\dhcpcsvc6.DLL
0x00007ffb704e0000 - 0x00007ffb704fd000 	C:\WINDOWS\SYSTEM32\dhcpcsvc.DLL
0x00007ffb78080000 - 0x00007ffb7814a000 	C:\WINDOWS\SYSTEM32\DNSAPI.dll
0x00007ffb77d90000 - 0x00007ffb77dc3000 	C:\WINDOWS\SYSTEM32\ntmarta.dll
0x00007ffb67720000 - 0x00007ffb67747000 	D:\Android Studio\jre\bin\sunec.dll

dbghelp: loaded successfully - version: 4.0.5 - missing functions: none
symbol engine: initialized successfully - sym options: 0x614 - pdb path: .;D:\Android Studio\jre\bin;C:\WINDOWS\SYSTEM32;C:\Program Files\Avast Software\Avast;C:\WINDOWS\WinSxS\amd64_microsoft.windows.common-controls_6595b64144ccf1df_6.0.19041.1110_none_60b5254171f9507e;D:\Android Studio\jre\bin\server;C:\Users\LENOVO\Desktop\GRADLE\gradle-6.1.1\native\e1d6ef7f7dcc3fd88c89a11ec53ec762bb8ba0a96d01ffa2cd45eb1d1d8dd5c5\windows-amd64;C:\Users\LENOVO\Desktop\GRADLE\gradle-6.1.1\native\5664cfc778a61ccfe75a443a1ab52a65af34e5dc3c78e0209fed803814484fcb\windows-amd64

VM Arguments:
jvm_args: --add-opens=java.base/java.util=ALL-UNNAMED --add-opens=java.base/java.lang=ALL-UNNAMED --add-opens=java.base/java.lang.invoke=ALL-UNNAMED --add-opens=java.base/java.util=ALL-UNNAMED --add-opens=java.prefs/java.util.prefs=ALL-UNNAMED --add-opens=java.prefs/java.util.prefs=ALL-UNNAMED --add-opens=java.base/java.nio.charset=ALL-UNNAMED --add-opens=java.base/java.net=ALL-UNNAMED --add-opens=java.base/java.util.concurrent.atomic=ALL-UNNAMED -Xmx2048m -Dfile.encoding=UTF-8 -Duser.country=FR -Duser.language=fr -Duser.variant 
java_command: org.gradle.launcher.daemon.bootstrap.GradleDaemon 7.3.3
java_class_path (initial): C:\Users\LENOVO\Desktop\GRADLE\gradle-6.1.1\wrapper\dists\gradle-7.3.3-bin\6a41zxkdtcxs8rphpq6y0069z\gradle-7.3.3\lib\gradle-launcher-7.3.3.jar
Launcher Type: SUN_STANDARD

[Global flags]
     intx CICompilerCount                          = 3                                         {product} {ergonomic}
     uint ConcGCThreads                            = 1                                         {product} {ergonomic}
     uint G1ConcRefinementThreads                  = 4                                         {product} {ergonomic}
   size_t G1HeapRegionSize                         = 1048576                                   {product} {ergonomic}
    uintx GCDrainStackTargetSize                   = 64                                        {product} {ergonomic}
   size_t InitialHeapSize                          = 134217728                                 {product} {ergonomic}
   size_t MarkStackSize                            = 4194304                                   {product} {ergonomic}
   size_t MaxHeapSize                              = 2147483648                                {product} {command line}
   size_t MaxNewSize                               = 1287651328                                {product} {ergonomic}
   size_t MinHeapDeltaBytes                        = 1048576                                   {product} {ergonomic}
    uintx NonNMethodCodeHeapSize                   = 5830732                                {pd product} {ergonomic}
    uintx NonProfiledCodeHeapSize                  = 122913754                              {pd product} {ergonomic}
    uintx ProfiledCodeHeapSize                     = 122913754                              {pd product} {ergonomic}
    uintx ReservedCodeCacheSize                    = 251658240                              {pd product} {ergonomic}
     bool SegmentedCodeCache                       = true                                      {product} {ergonomic}
     bool UseCompressedClassPointers               = true                                 {lp64_product} {ergonomic}
     bool UseCompressedOops                        = true                                 {lp64_product} {ergonomic}
     bool UseG1GC                                  = true                                      {product} {ergonomic}
     bool UseLargePagesIndividualAllocation        = false                                  {pd product} {ergonomic}

Logging:
Log output configuration:
 #0: stdout all=warning uptime,level,tags
 #1: stderr all=off uptime,level,tags

Environment Variables:
PATH=C:\Program Files\Eclipse Foundation\jdk-8.0.302.8-hotspot\bin;C:\Program Files\Microsoft\jdk-11.0.12.7-hotspot\bin;D:\flutter vs dart\dart-sdk\bin;C:\Program Files (x86)\Common Files\Intel\Shared Libraries\redist\intel64_win\compiler;C:\ProgramData\Oracle\Java\javapath;C:\WINDOWS\system32;C:\WINDOWS;C:\WINDOWS\System32\Wbem;C:\WINDOWS\System32\WindowsPowerShell\v1.0\;C:\WINDOWS\System32\OpenSSH\;C:\Users\LENOVO\.dnx\bin;C:\Program Files\Microsoft DNX\Dnvm\;C:\Program Files\Microsoft SQL Server\120\Tools\Binn\;C:\Users\LENOVO\Desktop\Programme Java\jdk-17.0.1\bin\;D:\Dart\dart-sdk\bin;C:\Program Files (x86)\Microsoft SQL Server\150\Tools\Binn\;C:\Program Files\Microsoft SQL Server\150\Tools\Binn\;C:\Program Files (x86)\Microsoft SQL Server\150\DTS\Binn\;C:\Program Files\Microsoft SQL Server\150\DTS\Binn\;C:\Program Files\Microsoft SQL Server\Client SDK\ODBC\170\Tools\Binn\;C:\Program Files\Azure Data Studio\bin;D:\flutter vs dart\flutter\bin;C:\Program Files\dotnet\;C:\ProgramData\chocolatey\bin;C:\sqlite;D:\php-8\php-8.1.9-src;C:\Program Files\Git\cmd;C:\Program Files\nodejs\;C:\Users\LENOVO\.dotnet\tools;C:\Users\LENOVO\.dotnet\tools;D:\visual studio code\Microsoft VS Code\bin;D:\;C:\Users\LENOVO\Downloads\android\platform-tools;D:\Intellij Idea\IntelliJ IDEA Community Edition 2022.2.2\bin;D:\Android Studio\jre\bin;C:\Program Files\Java\jdk1.8.0_341\bin;C:\Program Files\Java\jre1.8.0_341;C:\Program Files\Microsoft\jdk-11.0.12.7-hotspot\bin\server;C:\Spring boot\spring-2.7.3\bin;D:\Intellij Idea\IntelliJ IDEA 2022.2.2\bin;D:\PhpStorm\PhpStorm 2022.2.1\bin;C:\Users\LENOVO\AppData\Roaming\npm
USERNAME=LENOVO
OS=Windows_NT
PROCESSOR_IDENTIFIER=Intel64 Family 6 Model 142 Stepping 9, GenuineIntel



---------------  S Y S T E M  ---------------

OS: Windows 10 , 64 bit Build 19041 (10.0.19041.2251)
OS uptime: 2 days 5:39 hours

CPU:total 4 (initial active 4) (2 cores per cpu, 2 threads per core) family 6 model 142 stepping 9 microcode 0xb4, cmov, cx8, fxsr, mmx, sse, sse2, sse3, ssse3, sse4.1, sse4.2, popcnt, avx, avx2, aes, clmul, erms, 3dnowpref, lzcnt, ht, tsc, tscinvbit, bmi1, bmi2, adx, fma

Memory: 4k page, system-wide physical 8073M (440M free)
TotalPageFile size 13073M (AvailPageFile size 11M)
current process WorkingSet (physical memory assigned to process): 546M, peak: 552M
current process commit charge ("private bytes"): 573M, peak: 581M

vm_info: OpenJDK 64-Bit Server VM (11.0.12+7-b1504.28-7817840) for windows-amd64 JRE (11.0.12+7-b1504.28-7817840), built on Oct 13 2021 22:12:33 by "builder" with MS VC++ 14.0 (VS2015)

END.
