#
# There is insufficient memory for the Java Runtime Environment to continue.
# Native memory allocation (malloc) failed to allocate 1334096 bytes for Chunk::new
# Possible reasons:
#   The system is out of physical RAM or swap space
#   The process is running with CompressedOops enabled, and the Java Heap may be blocking the growth of the native heap
# Possible solutions:
#   Reduce memory load on the system
#   Increase physical memory or swap space
#   Check if swap backing store is full
#   Decrease Java heap size (-Xmx/-Xms)
#   Decrease number of Java threads
#   Decrease Java thread stack sizes (-Xss)
#   Set larger code cache with -XX:ReservedCodeCacheSize=
#   JVM is running with Unscaled Compressed Oops mode in which the Java heap is
#     placed in the first 4GB address space. The Java Heap base address is the
#     maximum limit for the native heap growth. Please use -XX:HeapBaseMinAddress
#     to set the Java Heap base and to place the Java Heap above 4GB virtual address.
# This output file may be truncated or incomplete.
#
#  Out of Memory Error (./src/hotspot/share/memory/arena.cpp:197), pid=13244, tid=9352
#
# JRE version: OpenJDK Runtime Environment (11.0.12+7) (build 11.0.12+7-b1504.28-7817840)
# Java VM: OpenJDK 64-Bit Server VM (11.0.12+7-b1504.28-7817840, mixed mode, tiered, compressed oops, g1 gc, windows-amd64)
# No core dump will be written. Minidumps are not enabled by default on client versions of Windows
#

---------------  S U M M A R Y ------------

Command Line: --add-opens=java.base/java.util=ALL-UNNAMED --add-opens=java.base/java.lang=ALL-UNNAMED --add-opens=java.base/java.lang.invoke=ALL-UNNAMED --add-opens=java.base/java.util=ALL-UNNAMED --add-opens=java.prefs/java.util.prefs=ALL-UNNAMED --add-opens=java.prefs/java.util.prefs=ALL-UNNAMED --add-opens=java.base/java.nio.charset=ALL-UNNAMED --add-opens=java.base/java.net=ALL-UNNAMED --add-opens=java.base/java.util.concurrent.atomic=ALL-UNNAMED -Xmx2048m -Dfile.encoding=UTF-8 -Duser.country=FR -Duser.language=fr -Duser.variant org.gradle.launcher.daemon.bootstrap.GradleDaemon 7.3.3

Host: Intel(R) Core(TM) i3-7100U CPU @ 2.40GHz, 4 cores, 7G,  Windows 10 , 64 bit Build 19041 (10.0.19041.1889)
Time: Thu Sep 29 19:39:24 2022 Temps universel coordonné elapsed time: 72.823388 seconds (0d 0h 1m 12s)

---------------  T H R E A D  ---------------

Current thread (0x0000014066003800):  JavaThread "C2 CompilerThread1" daemon [_thread_in_native, id=9352, stack(0x00000008e6200000,0x00000008e6300000)]


Current CompileTask:
C2:  72823 15145       4       com.android.tools.r8.ir.regalloc.b::a (262 bytes)

Stack: [0x00000008e6200000,0x00000008e6300000]
Native frames: (J=compiled Java code, j=interpreted, Vv=VM code, C=native code)
V  [jvm.dll+0x5fbcea]
V  [jvm.dll+0x731905]
V  [jvm.dll+0x732f1d]
V  [jvm.dll+0x7335d3]
V  [jvm.dll+0x247bf8]
V  [jvm.dll+0xc018c]
V  [jvm.dll+0xc06cc]
V  [jvm.dll+0x35b2db]
V  [jvm.dll+0x328803]
V  [jvm.dll+0x327cfa]
V  [jvm.dll+0x200602]
V  [jvm.dll+0x1ff794]
V  [jvm.dll+0x18868c]
V  [jvm.dll+0x20e0d7]
V  [jvm.dll+0x20c901]
V  [jvm.dll+0x6f9b7f]
V  [jvm.dll+0x6f26a5]
V  [jvm.dll+0x5fabf6]
C  [ucrtbase.dll+0x21bb2]
C  [KERNEL32.DLL+0x17034]
C  [ntdll.dll+0x526a1]


---------------  P R O C E S S  ---------------

Threads class SMR info:
_java_thread_list=0x000001406822b1a0, length=90, elements={
0x0000014046796000, 0x0000014062326800, 0x0000014062328800, 0x0000014062ce2800,
0x0000014062346000, 0x0000014062348000, 0x000001406234d800, 0x0000014062355800,
0x000001406235f000, 0x0000014062e37800, 0x00000140656f9000, 0x0000014065390800,
0x000001406473b800, 0x0000014064d38800, 0x0000014064182000, 0x0000014065365800,
0x0000014064fbc800, 0x0000014064fbd000, 0x0000014062356800, 0x0000014062359000,
0x0000014062357800, 0x0000014062355000, 0x0000014062359800, 0x000001406235a800,
0x0000014062358000, 0x000001406235b800, 0x00000140662de800, 0x00000140662db000,
0x00000140662da800, 0x00000140662e1800, 0x00000140662dc000, 0x00000140662e3800,
0x00000140662dd800, 0x00000140662e4000, 0x00000140662e0000, 0x00000140662e6000,
0x00000140662e6800, 0x00000140662e7800, 0x00000140662e8800, 0x00000140662e9000,
0x0000014066aa6000, 0x0000014066aa4000, 0x0000014066aa6800, 0x0000014066aa7800,
0x0000014066aa5000, 0x0000014066aa9000, 0x0000014066aa8000, 0x0000014066aa3800,
0x0000014066aaf000, 0x0000014066aae000, 0x0000014066aaf800, 0x0000014066aaa800,
0x0000014066aad000, 0x0000014066aab800, 0x0000014066aaa000, 0x0000014066ab0800,
0x0000014066ab2000, 0x0000014066ab1000, 0x0000014066aac800, 0x000001406836b800,
0x0000014068369000, 0x000001406836c800, 0x000001406836b000, 0x000001406836d000,
0x0000014068367800, 0x000001406836e000, 0x0000014068368800, 0x000001406836f000,
0x000001406836f800, 0x000001406836a000, 0x0000014068374800, 0x0000014068375800,
0x0000014068376000, 0x0000014068373000, 0x0000014068374000, 0x0000014068370800,
0x0000014068372000, 0x0000014065ff9000, 0x0000014065ff8000, 0x0000014065ff9800,
0x0000014065ffb800, 0x0000014065ff7000, 0x0000014065ffe800, 0x0000014065ffd000,
0x0000014065fff800, 0x0000014065ffa800, 0x0000014066002000, 0x0000014066001000,
0x0000014066002800, 0x0000014066003800
}

Java Threads: ( => current thread )
  0x0000014046796000 JavaThread "main" [_thread_blocked, id=16064, stack(0x00000008e6500000,0x00000008e6600000)]
  0x0000014062326800 JavaThread "Reference Handler" daemon [_thread_blocked, id=6824, stack(0x00000008e6c00000,0x00000008e6d00000)]
  0x0000014062328800 JavaThread "Finalizer" daemon [_thread_blocked, id=11724, stack(0x00000008e6d00000,0x00000008e6e00000)]
  0x0000014062ce2800 JavaThread "Signal Dispatcher" daemon [_thread_blocked, id=10260, stack(0x00000008e6e00000,0x00000008e6f00000)]
  0x0000014062346000 JavaThread "Attach Listener" daemon [_thread_blocked, id=16576, stack(0x00000008e6f00000,0x00000008e7000000)]
  0x0000014062348000 JavaThread "Service Thread" daemon [_thread_blocked, id=7924, stack(0x00000008e7000000,0x00000008e7100000)]
  0x000001406234d800 JavaThread "C2 CompilerThread0" daemon [_thread_in_native, id=16416, stack(0x00000008e7100000,0x00000008e7200000)]
  0x0000014062355800 JavaThread "C1 CompilerThread0" daemon [_thread_blocked, id=12916, stack(0x00000008e7200000,0x00000008e7300000)]
  0x000001406235f000 JavaThread "Sweeper thread" daemon [_thread_blocked, id=9592, stack(0x00000008e7300000,0x00000008e7400000)]
  0x0000014062e37800 JavaThread "Common-Cleaner" daemon [_thread_blocked, id=9544, stack(0x00000008e7400000,0x00000008e7500000)]
  0x00000140656f9000 JavaThread "Daemon health stats" [_thread_blocked, id=1484, stack(0x00000008e7900000,0x00000008e7a00000)]
  0x0000014065390800 JavaThread "Incoming local TCP Connector on port 1201" [_thread_in_native, id=14340, stack(0x00000008e7600000,0x00000008e7700000)]
  0x000001406473b800 JavaThread "Daemon periodic checks" [_thread_blocked, id=7984, stack(0x00000008e7a00000,0x00000008e7b00000)]
  0x0000014064d38800 JavaThread "Daemon" [_thread_blocked, id=12580, stack(0x00000008e7b00000,0x00000008e7c00000)]
  0x0000014064182000 JavaThread "Handler for socket connection from /127.0.0.1:1201 to /127.0.0.1:1202" [_thread_in_native, id=8796, stack(0x00000008e7c00000,0x00000008e7d00000)]
  0x0000014065365800 JavaThread "Cancel handler" [_thread_blocked, id=10176, stack(0x00000008e7d00000,0x00000008e7e00000)]
  0x0000014064fbc800 JavaThread "Daemon worker" [_thread_in_Java, id=1772, stack(0x00000008e7e00000,0x00000008e7f00000)]
  0x0000014064fbd000 JavaThread "Asynchronous log dispatcher for DefaultDaemonConnection: socket connection from /127.0.0.1:1201 to /127.0.0.1:1202" [_thread_blocked, id=8112, stack(0x00000008e7f00000,0x00000008e8000000)]
  0x0000014062356800 JavaThread "Daemon client event forwarder" [_thread_blocked, id=16716, stack(0x00000008e8100000,0x00000008e8200000)]
  0x0000014062359000 JavaThread "Cache worker for journal cache (C:\Users\LENOVO\Desktop\GRADLE\gradle-6.1.1\caches\journal-1)" [_thread_blocked, id=16320, stack(0x00000008e8300000,0x00000008e8400000)]
  0x0000014062357800 JavaThread "File lock request listener" [_thread_in_native, id=11224, stack(0x00000008e8400000,0x00000008e8500000)]
  0x0000014062355000 JavaThread "Cache worker for file hash cache (C:\Users\LENOVO\Desktop\GRADLE\gradle-6.1.1\caches\7.3.3\fileHashes)" [_thread_blocked, id=9596, stack(0x00000008e8500000,0x00000008e8600000)]
  0x0000014062359800 JavaThread "Cache worker for file hash cache (D:\Program Files\Grafco3\.gradle\7.3.3\fileHashes)" [_thread_blocked, id=11660, stack(0x00000008e8700000,0x00000008e8800000)]
  0x000001406235a800 JavaThread "File watcher server" daemon [_thread_in_native, id=15076, stack(0x00000008e8600000,0x00000008e8700000)]
  0x0000014062358000 JavaThread "File watcher consumer" daemon [_thread_blocked, id=1268, stack(0x00000008e8800000,0x00000008e8900000)]
  0x000001406235b800 JavaThread "Cache worker for checksums cache (D:\Program Files\Grafco3\.gradle\7.3.3\checksums)" [_thread_blocked, id=15412, stack(0x00000008e8900000,0x00000008e8a00000)]
  0x00000140662de800 JavaThread "Cache worker for cache directory md-supplier (C:\Users\LENOVO\Desktop\GRADLE\gradle-6.1.1\caches\7.3.3\md-supplier)" [_thread_blocked, id=3800, stack(0x00000008e8a00000,0x00000008e8b00000)]
  0x00000140662db000 JavaThread "Cache worker for cache directory md-rule (C:\Users\LENOVO\Desktop\GRADLE\gradle-6.1.1\caches\7.3.3\md-rule)" [_thread_blocked, id=11612, stack(0x00000008e8c00000,0x00000008e8d00000)]
  0x00000140662da800 JavaThread "Cache worker for execution history cache (C:\Users\LENOVO\Desktop\GRADLE\gradle-6.1.1\caches\7.3.3\executionHistory)" [_thread_blocked, id=17168, stack(0x00000008e8d00000,0x00000008e8e00000)]
  0x00000140662e1800 JavaThread "jar transforms" [_thread_blocked, id=13548, stack(0x00000008e8e00000,0x00000008e8f00000)]
  0x00000140662dc000 JavaThread "Cache worker for file content cache (C:\Users\LENOVO\Desktop\GRADLE\gradle-6.1.1\caches\7.3.3\fileContent)" [_thread_blocked, id=16392, stack(0x00000008e8f00000,0x00000008e9000000)]
  0x00000140662e3800 JavaThread "jar transforms Thread 2" [_thread_blocked, id=9480, stack(0x00000008e9000000,0x00000008e9100000)]
  0x00000140662dd800 JavaThread "Cache worker for dependencies-accessors (D:\Program Files\Grafco3\.gradle\7.3.3\dependencies-accessors)" [_thread_blocked, id=11656, stack(0x00000008e9100000,0x00000008e9200000)]
  0x00000140662e4000 JavaThread "jar transforms Thread 3" [_thread_blocked, id=15908, stack(0x00000008e8b00000,0x00000008e8c00000)]
  0x00000140662e0000 JavaThread "Cache worker for Build Output Cleanup Cache (D:\Program Files\Grafco3\.gradle\buildOutputCleanup)" [_thread_blocked, id=5148, stack(0x00000008e9200000,0x00000008e9300000)]
  0x00000140662e6000 JavaThread "Unconstrained build operations" [_thread_blocked, id=2464, stack(0x00000008e9300000,0x00000008e9400000)]
  0x00000140662e6800 JavaThread "Unconstrained build operations Thread 2" [_thread_blocked, id=13880, stack(0x00000008e9400000,0x00000008e9500000)]
  0x00000140662e7800 JavaThread "Unconstrained build operations Thread 3" [_thread_blocked, id=3240, stack(0x00000008e9500000,0x00000008e9600000)]
  0x00000140662e8800 JavaThread "Unconstrained build operations Thread 4" [_thread_blocked, id=2432, stack(0x00000008e9600000,0x00000008e9700000)]
  0x00000140662e9000 JavaThread "Unconstrained build operations Thread 5" [_thread_blocked, id=9536, stack(0x00000008e9700000,0x00000008e9800000)]
  0x0000014066aa6000 JavaThread "Unconstrained build operations Thread 6" [_thread_blocked, id=16980, stack(0x00000008e9800000,0x00000008e9900000)]
  0x0000014066aa4000 JavaThread "Unconstrained build operations Thread 7" [_thread_blocked, id=16584, stack(0x00000008e9900000,0x00000008e9a00000)]
  0x0000014066aa6800 JavaThread "Unconstrained build operations Thread 8" [_thread_blocked, id=11484, stack(0x00000008e9a00000,0x00000008e9b00000)]
  0x0000014066aa7800 JavaThread "Unconstrained build operations Thread 9" [_thread_blocked, id=14576, stack(0x00000008e9b00000,0x00000008e9c00000)]
  0x0000014066aa5000 JavaThread "Unconstrained build operations Thread 10" [_thread_blocked, id=7128, stack(0x00000008e9c00000,0x00000008e9d00000)]
  0x0000014066aa9000 JavaThread "Unconstrained build operations Thread 11" [_thread_blocked, id=8092, stack(0x00000008e9d00000,0x00000008e9e00000)]
  0x0000014066aa8000 JavaThread "Unconstrained build operations Thread 12" [_thread_blocked, id=13480, stack(0x00000008e9e00000,0x00000008e9f00000)]
  0x0000014066aa3800 JavaThread "Unconstrained build operations Thread 13" [_thread_in_Java, id=17384, stack(0x00000008e9f00000,0x00000008ea000000)]
  0x0000014066aaf000 JavaThread "Unconstrained build operations Thread 14" [_thread_blocked, id=7280, stack(0x00000008ea000000,0x00000008ea100000)]
  0x0000014066aae000 JavaThread "Unconstrained build operations Thread 15" [_thread_in_Java, id=12896, stack(0x00000008ea100000,0x00000008ea200000)]
  0x0000014066aaf800 JavaThread "Unconstrained build operations Thread 16" [_thread_blocked, id=16056, stack(0x00000008ea200000,0x00000008ea300000)]
  0x0000014066aaa800 JavaThread "Unconstrained build operations Thread 17" [_thread_blocked, id=3848, stack(0x00000008ea300000,0x00000008ea400000)]
  0x0000014066aad000 JavaThread "Unconstrained build operations Thread 18" [_thread_blocked, id=988, stack(0x00000008ea400000,0x00000008ea500000)]
  0x0000014066aab800 JavaThread "Unconstrained build operations Thread 19" [_thread_blocked, id=260, stack(0x00000008ea500000,0x00000008ea600000)]
  0x0000014066aaa000 JavaThread "Unconstrained build operations Thread 20" [_thread_blocked, id=15452, stack(0x00000008ea600000,0x00000008ea700000)]
  0x0000014066ab0800 JavaThread "Unconstrained build operations Thread 21" [_thread_blocked, id=11696, stack(0x00000008ea700000,0x00000008ea800000)]
  0x0000014066ab2000 JavaThread "Unconstrained build operations Thread 22" [_thread_blocked, id=15496, stack(0x00000008ea800000,0x00000008ea900000)]
  0x0000014066ab1000 JavaThread "Unconstrained build operations Thread 23" [_thread_blocked, id=15844, stack(0x00000008ea900000,0x00000008eaa00000)]
  0x0000014066aac800 JavaThread "Unconstrained build operations Thread 24" [_thread_blocked, id=1936, stack(0x00000008eaa00000,0x00000008eab00000)]
  0x000001406836b800 JavaThread "Unconstrained build operations Thread 25" [_thread_blocked, id=13956, stack(0x00000008eab00000,0x00000008eac00000)]
  0x0000014068369000 JavaThread "Unconstrained build operations Thread 26" [_thread_blocked, id=15032, stack(0x00000008eac00000,0x00000008ead00000)]
  0x000001406836c800 JavaThread "Unconstrained build operations Thread 27" [_thread_blocked, id=13920, stack(0x00000008ead00000,0x00000008eae00000)]
  0x000001406836b000 JavaThread "Unconstrained build operations Thread 28" [_thread_blocked, id=12732, stack(0x00000008eae00000,0x00000008eaf00000)]
  0x000001406836d000 JavaThread "Unconstrained build operations Thread 29" [_thread_blocked, id=14232, stack(0x00000008eaf00000,0x00000008eb000000)]
  0x0000014068367800 JavaThread "Unconstrained build operations Thread 30" [_thread_blocked, id=4468, stack(0x00000008eb000000,0x00000008eb100000)]
  0x000001406836e000 JavaThread "Unconstrained build operations Thread 31" [_thread_blocked, id=8316, stack(0x00000008eb100000,0x00000008eb200000)]
  0x0000014068368800 JavaThread "Unconstrained build operations Thread 32" [_thread_blocked, id=8108, stack(0x00000008eb200000,0x00000008eb300000)]
  0x000001406836f000 JavaThread "Unconstrained build operations Thread 33" [_thread_blocked, id=3844, stack(0x00000008eb300000,0x00000008eb400000)]
  0x000001406836f800 JavaThread "Unconstrained build operations Thread 34" [_thread_in_Java, id=7856, stack(0x00000008eb400000,0x00000008eb500000)]
  0x000001406836a000 JavaThread "Unconstrained build operations Thread 35" [_thread_blocked, id=3268, stack(0x00000008eb500000,0x00000008eb600000)]
  0x0000014068374800 JavaThread "Unconstrained build operations Thread 36" [_thread_blocked, id=13164, stack(0x00000008eb600000,0x00000008eb700000)]
  0x0000014068375800 JavaThread "Unconstrained build operations Thread 37" [_thread_blocked, id=13560, stack(0x00000008eb700000,0x00000008eb800000)]
  0x0000014068376000 JavaThread "Unconstrained build operations Thread 38" [_thread_blocked, id=15476, stack(0x00000008eb800000,0x00000008eb900000)]
  0x0000014068373000 JavaThread "Unconstrained build operations Thread 39" [_thread_blocked, id=10296, stack(0x00000008eb900000,0x00000008eba00000)]
  0x0000014068374000 JavaThread "Unconstrained build operations Thread 40" [_thread_blocked, id=12572, stack(0x00000008eba00000,0x00000008ebb00000)]
  0x0000014068370800 JavaThread "jar transforms Thread 4" [_thread_blocked, id=11640, stack(0x00000008ebc00000,0x00000008ebd00000)]
  0x0000014068372000 JavaThread "Memory manager" [_thread_blocked, id=7960, stack(0x00000008ebd00000,0x00000008ebe00000)]
  0x0000014065ff9000 JavaThread "build event listener" [_thread_blocked, id=14312, stack(0x00000008ec000000,0x00000008ec100000)]
  0x0000014065ff8000 JavaThread "pool-3-thread-1" [_thread_blocked, id=15596, stack(0x00000008ebb00000,0x00000008ebc00000)]
  0x0000014065ff9800 JavaThread "build event listener" [_thread_blocked, id=14868, stack(0x00000008ec100000,0x00000008ec200000)]
  0x0000014065ffb800 JavaThread "Execution worker for ':'" [_thread_blocked, id=5992, stack(0x00000008ec200000,0x00000008ec300000)]
  0x0000014065ff7000 JavaThread "Execution worker for ':' Thread 2" [_thread_blocked, id=17348, stack(0x00000008ec300000,0x00000008ec400000)]
  0x0000014065ffe800 JavaThread "Execution worker for ':' Thread 3" [_thread_blocked, id=16816, stack(0x00000008ec400000,0x00000008ec500000)]
  0x0000014065ffd000 JavaThread "Cache worker for execution history cache (D:\Program Files\Grafco3\.gradle\7.3.3\executionHistory)" [_thread_blocked, id=5436, stack(0x00000008ec500000,0x00000008ec600000)]
  0x0000014065fff800 JavaThread "Cache worker for Java compile cache (C:\Users\LENOVO\Desktop\GRADLE\gradle-6.1.1\caches\7.3.3\javaCompile)" [_thread_blocked, id=4112, stack(0x00000008ec700000,0x00000008ec800000)]
  0x0000014065ffa800 JavaThread "Build operations" [_thread_blocked, id=15104, stack(0x00000008ec800000,0x00000008ec900000)]
  0x0000014066002000 JavaThread "Build operations Thread 2" [_thread_blocked, id=16256, stack(0x00000008ec900000,0x00000008eca00000)]
  0x0000014066001000 JavaThread "Build operations Thread 3" [_thread_blocked, id=7392, stack(0x00000008eca00000,0x00000008ecb00000)]
  0x0000014066002800 JavaThread "Build operations Thread 4" [_thread_blocked, id=5000, stack(0x00000008ecb00000,0x00000008ecc00000)]
=>0x0000014066003800 JavaThread "C2 CompilerThread1" daemon [_thread_in_native, id=9352, stack(0x00000008e6200000,0x00000008e6300000)]

Other Threads:
  0x0000014062322800 VMThread "VM Thread" [stack: 0x00000008e6b00000,0x00000008e6c00000] [id=10728]
  0x0000014062e58800 WatcherThread [stack: 0x00000008e7500000,0x00000008e7600000] [id=13268]
  0x00000140467af000 GCTaskThread "GC Thread#0" [stack: 0x00000008e6600000,0x00000008e6700000] [id=15532]
  0x0000014063899000 GCTaskThread "GC Thread#1" [stack: 0x00000008e7700000,0x00000008e7800000] [id=7772]
  0x0000014063090800 GCTaskThread "GC Thread#2" [stack: 0x00000008e7800000,0x00000008e7900000] [id=15780]
  0x00000140654e1800 GCTaskThread "GC Thread#3" [stack: 0x00000008e8200000,0x00000008e8300000] [id=7652]
  0x00000140467df800 ConcurrentGCThread "G1 Main Marker" [stack: 0x00000008e6700000,0x00000008e6800000] [id=8324]
  0x00000140467e1000 ConcurrentGCThread "G1 Conc#0" [stack: 0x00000008e6800000,0x00000008e6900000] [id=8220]
  0x000001404685f800 ConcurrentGCThread "G1 Refine#0" [stack: 0x00000008e6900000,0x00000008e6a00000] [id=11120]
  0x0000014062180800 ConcurrentGCThread "G1 Young RemSet Sampling" [stack: 0x00000008e6a00000,0x00000008e6b00000] [id=11816]

Threads with active compile tasks:
C2 CompilerThread0  73087 15225       4       com.android.tools.r8.internal.uJ::a (447 bytes)
C2 CompilerThread1  73087 15145       4       com.android.tools.r8.ir.regalloc.b::a (262 bytes)

VM state:not at safepoint (normal execution)

VM Mutex/Monitor currently owned by a thread: None

Heap address: 0x0000000080000000, size: 2048 MB, Compressed Oops mode: 32-bit
Narrow klass base: 0x0000000000000000, Narrow klass shift: 3
Compressed class space size: 1073741824 Address: 0x0000000100000000

Heap:
 garbage-first heap   total 353280K, used 187171K [0x0000000080000000, 0x0000000100000000)
  region size 1024K, 24 young (24576K), 4 survivors (4096K)
 Metaspace       used 106957K, capacity 109661K, committed 109944K, reserved 1144832K
  class space    used 13720K, capacity 14758K, committed 14968K, reserved 1048576K
Heap Regions: E=young(eden), S=young(survivor), O=old, HS=humongous(starts), HC=humongous(continues), CS=collection set, F=free, A=archive, TAMS=top-at-mark-start (previous, next)
|   0|0x0000000080000000, 0x0000000080100000, 0x0000000080100000|100%|HS|  |TAMS 0x0000000080100000, 0x0000000080000000| Complete 
|   1|0x0000000080100000, 0x0000000080200000, 0x0000000080200000|100%|HC|  |TAMS 0x0000000080200000, 0x0000000080100000| Complete 
|   2|0x0000000080200000, 0x0000000080300000, 0x0000000080300000|100%|HC|  |TAMS 0x0000000080300000, 0x0000000080200000| Complete 
|   3|0x0000000080300000, 0x0000000080400000, 0x0000000080400000|100%| O|  |TAMS 0x0000000080400000, 0x0000000080300000| Untracked 
|   4|0x0000000080400000, 0x0000000080500000, 0x0000000080500000|100%| O|  |TAMS 0x0000000080500000, 0x0000000080400000| Untracked 
|   5|0x0000000080500000, 0x0000000080600000, 0x0000000080600000|100%| O|  |TAMS 0x0000000080600000, 0x0000000080500000| Untracked 
|   6|0x0000000080600000, 0x0000000080700000, 0x0000000080700000|100%| O|  |TAMS 0x0000000080700000, 0x0000000080600000| Untracked 
|   7|0x0000000080700000, 0x0000000080800000, 0x0000000080800000|100%| O|  |TAMS 0x0000000080800000, 0x0000000080700000| Untracked 
|   8|0x0000000080800000, 0x0000000080900000, 0x0000000080900000|100%| O|  |TAMS 0x0000000080900000, 0x0000000080800000| Untracked 
|   9|0x0000000080900000, 0x0000000080a00000, 0x0000000080a00000|100%| O|  |TAMS 0x0000000080a00000, 0x0000000080900000| Untracked 
|  10|0x0000000080a00000, 0x0000000080b00000, 0x0000000080b00000|100%| O|  |TAMS 0x0000000080b00000, 0x0000000080a00000| Untracked 
|  11|0x0000000080b00000, 0x0000000080c00000, 0x0000000080c00000|100%| O|  |TAMS 0x0000000080c00000, 0x0000000080b00000| Untracked 
|  12|0x0000000080c00000, 0x0000000080d00000, 0x0000000080d00000|100%| O|  |TAMS 0x0000000080d00000, 0x0000000080c00000| Untracked 
|  13|0x0000000080d00000, 0x0000000080e00000, 0x0000000080e00000|100%| O|  |TAMS 0x0000000080e00000, 0x0000000080d00000| Untracked 
|  14|0x0000000080e00000, 0x0000000080f00000, 0x0000000080f00000|100%| O|  |TAMS 0x0000000080f00000, 0x0000000080e00000| Untracked 
|  15|0x0000000080f00000, 0x0000000081000000, 0x0000000081000000|100%| O|  |TAMS 0x0000000081000000, 0x0000000080f00000| Untracked 
|  16|0x0000000081000000, 0x0000000081100000, 0x0000000081100000|100%|HS|  |TAMS 0x0000000081100000, 0x0000000081000000| Complete 
|  17|0x0000000081100000, 0x0000000081200000, 0x0000000081200000|100%| O|  |TAMS 0x0000000081200000, 0x0000000081100000| Untracked 
|  18|0x0000000081200000, 0x0000000081300000, 0x0000000081300000|100%| O|  |TAMS 0x0000000081300000, 0x0000000081200000| Untracked 
|  19|0x0000000081300000, 0x0000000081400000, 0x0000000081400000|100%| O|  |TAMS 0x0000000081400000, 0x0000000081300000| Untracked 
|  20|0x0000000081400000, 0x0000000081500000, 0x0000000081500000|100%| O|  |TAMS 0x0000000081500000, 0x0000000081400000| Untracked 
|  21|0x0000000081500000, 0x0000000081600000, 0x0000000081600000|100%| O|  |TAMS 0x0000000081600000, 0x0000000081500000| Untracked 
|  22|0x0000000081600000, 0x0000000081700000, 0x0000000081700000|100%| O|  |TAMS 0x0000000081700000, 0x0000000081600000| Untracked 
|  23|0x0000000081700000, 0x0000000081800000, 0x0000000081800000|100%|HS|  |TAMS 0x0000000081800000, 0x0000000081700000| Complete 
|  24|0x0000000081800000, 0x0000000081900000, 0x0000000081900000|100%|HS|  |TAMS 0x0000000081900000, 0x0000000081800000| Complete 
|  25|0x0000000081900000, 0x0000000081a00000, 0x0000000081a00000|100%|HC|  |TAMS 0x0000000081a00000, 0x0000000081900000| Complete 
|  26|0x0000000081a00000, 0x0000000081b00000, 0x0000000081b00000|100%| O|  |TAMS 0x0000000081b00000, 0x0000000081a00000| Untracked 
|  27|0x0000000081b00000, 0x0000000081c00000, 0x0000000081c00000|100%| O|  |TAMS 0x0000000081c00000, 0x0000000081b00000| Untracked 
|  28|0x0000000081c00000, 0x0000000081d00000, 0x0000000081d00000|100%| O|  |TAMS 0x0000000081d00000, 0x0000000081c00000| Untracked 
|  29|0x0000000081d00000, 0x0000000081e00000, 0x0000000081e00000|100%| O|  |TAMS 0x0000000081e00000, 0x0000000081d00000| Untracked 
|  30|0x0000000081e00000, 0x0000000081f00000, 0x0000000081f00000|100%| O|  |TAMS 0x0000000081f00000, 0x0000000081e00000| Untracked 
|  31|0x0000000081f00000, 0x0000000082000000, 0x0000000082000000|100%| O|  |TAMS 0x0000000082000000, 0x0000000081f00000| Untracked 
|  32|0x0000000082000000, 0x0000000082100000, 0x0000000082100000|100%| O|  |TAMS 0x0000000082100000, 0x0000000082000000| Untracked 
|  33|0x0000000082100000, 0x0000000082200000, 0x0000000082200000|100%| O|  |TAMS 0x0000000082200000, 0x0000000082100000| Untracked 
|  34|0x0000000082200000, 0x0000000082300000, 0x0000000082300000|100%| O|  |TAMS 0x0000000082300000, 0x0000000082200000| Untracked 
|  35|0x0000000082300000, 0x0000000082400000, 0x0000000082400000|100%| O|  |TAMS 0x0000000082400000, 0x0000000082300000| Untracked 
|  36|0x0000000082400000, 0x0000000082500000, 0x0000000082500000|100%| O|  |TAMS 0x0000000082500000, 0x0000000082400000| Untracked 
|  37|0x0000000082500000, 0x0000000082600000, 0x0000000082600000|100%| O|  |TAMS 0x0000000082600000, 0x0000000082500000| Untracked 
|  38|0x0000000082600000, 0x0000000082700000, 0x0000000082700000|100%| O|  |TAMS 0x0000000082700000, 0x0000000082600000| Untracked 
|  39|0x0000000082700000, 0x0000000082800000, 0x0000000082800000|100%| O|  |TAMS 0x0000000082800000, 0x0000000082700000| Untracked 
|  40|0x0000000082800000, 0x0000000082900000, 0x0000000082900000|100%| O|  |TAMS 0x0000000082900000, 0x0000000082800000| Untracked 
|  41|0x0000000082900000, 0x0000000082a00000, 0x0000000082a00000|100%| O|  |TAMS 0x0000000082a00000, 0x0000000082900000| Untracked 
|  42|0x0000000082a00000, 0x0000000082b00000, 0x0000000082b00000|100%| O|  |TAMS 0x0000000082b00000, 0x0000000082a00000| Untracked 
|  43|0x0000000082b00000, 0x0000000082c00000, 0x0000000082c00000|100%| O|  |TAMS 0x0000000082c00000, 0x0000000082b00000| Untracked 
|  44|0x0000000082c00000, 0x0000000082d00000, 0x0000000082d00000|100%| O|  |TAMS 0x0000000082d00000, 0x0000000082c00000| Untracked 
|  45|0x0000000082d00000, 0x0000000082e00000, 0x0000000082e00000|100%| O|  |TAMS 0x0000000082e00000, 0x0000000082d00000| Untracked 
|  46|0x0000000082e00000, 0x0000000082f00000, 0x0000000082f00000|100%| O|  |TAMS 0x0000000082f00000, 0x0000000082e00000| Untracked 
|  47|0x0000000082f00000, 0x0000000083000000, 0x0000000083000000|100%| O|  |TAMS 0x0000000083000000, 0x0000000082f00000| Untracked 
|  48|0x0000000083000000, 0x0000000083100000, 0x0000000083100000|100%| O|  |TAMS 0x0000000083100000, 0x0000000083000000| Untracked 
|  49|0x0000000083100000, 0x0000000083200000, 0x0000000083200000|100%| O|  |TAMS 0x0000000083200000, 0x0000000083100000| Untracked 
|  50|0x0000000083200000, 0x0000000083300000, 0x0000000083300000|100%| O|  |TAMS 0x0000000083300000, 0x0000000083200000| Untracked 
|  51|0x0000000083300000, 0x0000000083400000, 0x0000000083400000|100%| O|  |TAMS 0x0000000083400000, 0x0000000083300000| Untracked 
|  52|0x0000000083400000, 0x0000000083500000, 0x0000000083500000|100%| O|  |TAMS 0x0000000083500000, 0x0000000083400000| Untracked 
|  53|0x0000000083500000, 0x0000000083600000, 0x0000000083600000|100%| O|  |TAMS 0x0000000083600000, 0x0000000083500000| Untracked 
|  54|0x0000000083600000, 0x0000000083700000, 0x0000000083700000|100%| O|  |TAMS 0x0000000083700000, 0x0000000083600000| Untracked 
|  55|0x0000000083700000, 0x0000000083800000, 0x0000000083800000|100%| O|  |TAMS 0x0000000083800000, 0x0000000083700000| Untracked 
|  56|0x0000000083800000, 0x0000000083900000, 0x0000000083900000|100%| O|  |TAMS 0x0000000083900000, 0x0000000083800000| Untracked 
|  57|0x0000000083900000, 0x0000000083a00000, 0x0000000083a00000|100%| O|  |TAMS 0x0000000083a00000, 0x0000000083900000| Untracked 
|  58|0x0000000083a00000, 0x0000000083b00000, 0x0000000083b00000|100%| O|  |TAMS 0x0000000083b00000, 0x0000000083a00000| Untracked 
|  59|0x0000000083b00000, 0x0000000083c00000, 0x0000000083c00000|100%| O|  |TAMS 0x0000000083c00000, 0x0000000083b00000| Untracked 
|  60|0x0000000083c00000, 0x0000000083d00000, 0x0000000083d00000|100%| O|  |TAMS 0x0000000083d00000, 0x0000000083c00000| Untracked 
|  61|0x0000000083d00000, 0x0000000083e00000, 0x0000000083e00000|100%| O|  |TAMS 0x0000000083e00000, 0x0000000083d00000| Untracked 
|  62|0x0000000083e00000, 0x0000000083f00000, 0x0000000083f00000|100%| O|  |TAMS 0x0000000083f00000, 0x0000000083e00000| Untracked 
|  63|0x0000000083f00000, 0x0000000084000000, 0x0000000084000000|100%| O|  |TAMS 0x0000000084000000, 0x0000000083f00000| Untracked 
|  64|0x0000000084000000, 0x0000000084100000, 0x0000000084100000|100%| O|  |TAMS 0x0000000084100000, 0x0000000084000000| Untracked 
|  65|0x0000000084100000, 0x0000000084200000, 0x0000000084200000|100%| O|  |TAMS 0x0000000084200000, 0x0000000084100000| Untracked 
|  66|0x0000000084200000, 0x0000000084300000, 0x0000000084300000|100%| O|  |TAMS 0x0000000084300000, 0x0000000084200000| Untracked 
|  67|0x0000000084300000, 0x0000000084400000, 0x0000000084400000|100%|HS|  |TAMS 0x0000000084400000, 0x0000000084300000| Complete 
|  68|0x0000000084400000, 0x0000000084500000, 0x0000000084500000|100%| O|  |TAMS 0x0000000084500000, 0x0000000084400000| Untracked 
|  69|0x0000000084500000, 0x0000000084600000, 0x0000000084600000|100%| O|  |TAMS 0x0000000084600000, 0x0000000084500000| Untracked 
|  70|0x0000000084600000, 0x0000000084700000, 0x0000000084700000|100%| O|  |TAMS 0x0000000084700000, 0x0000000084600000| Untracked 
|  71|0x0000000084700000, 0x0000000084800000, 0x0000000084800000|100%| O|  |TAMS 0x0000000084800000, 0x0000000084700000| Untracked 
|  72|0x0000000084800000, 0x0000000084900000, 0x0000000084900000|100%| O|  |TAMS 0x0000000084900000, 0x0000000084800000| Untracked 
|  73|0x0000000084900000, 0x0000000084a00000, 0x0000000084a00000|100%| O|  |TAMS 0x0000000084a00000, 0x0000000084900000| Untracked 
|  74|0x0000000084a00000, 0x0000000084b00000, 0x0000000084b00000|100%| O|  |TAMS 0x0000000084b00000, 0x0000000084a00000| Untracked 
|  75|0x0000000084b00000, 0x0000000084c00000, 0x0000000084c00000|100%| O|  |TAMS 0x0000000084c00000, 0x0000000084b00000| Untracked 
|  76|0x0000000084c00000, 0x0000000084d00000, 0x0000000084d00000|100%| O|  |TAMS 0x0000000084d00000, 0x0000000084c00000| Untracked 
|  77|0x0000000084d00000, 0x0000000084e00000, 0x0000000084e00000|100%| O|  |TAMS 0x0000000084e00000, 0x0000000084d00000| Untracked 
|  78|0x0000000084e00000, 0x0000000084f00000, 0x0000000084f00000|100%| O|  |TAMS 0x0000000084f00000, 0x0000000084e00000| Untracked 
|  79|0x0000000084f00000, 0x0000000085000000, 0x0000000085000000|100%| O|  |TAMS 0x0000000085000000, 0x0000000084f00000| Untracked 
|  80|0x0000000085000000, 0x0000000085100000, 0x0000000085100000|100%| O|  |TAMS 0x0000000085100000, 0x0000000085000000| Untracked 
|  81|0x0000000085100000, 0x0000000085200000, 0x0000000085200000|100%| O|  |TAMS 0x0000000085200000, 0x0000000085100000| Untracked 
|  82|0x0000000085200000, 0x0000000085300000, 0x0000000085300000|100%| O|  |TAMS 0x0000000085300000, 0x0000000085200000| Untracked 
|  83|0x0000000085300000, 0x0000000085400000, 0x0000000085400000|100%| O|  |TAMS 0x0000000085400000, 0x0000000085300000| Untracked 
|  84|0x0000000085400000, 0x0000000085500000, 0x0000000085500000|100%| O|  |TAMS 0x0000000085500000, 0x0000000085400000| Untracked 
|  85|0x0000000085500000, 0x0000000085600000, 0x0000000085600000|100%| O|  |TAMS 0x0000000085600000, 0x0000000085500000| Untracked 
|  86|0x0000000085600000, 0x0000000085700000, 0x0000000085700000|100%| O|  |TAMS 0x0000000085700000, 0x0000000085600000| Untracked 
|  87|0x0000000085700000, 0x0000000085800000, 0x0000000085800000|100%| O|  |TAMS 0x0000000085800000, 0x0000000085700000| Untracked 
|  88|0x0000000085800000, 0x0000000085900000, 0x0000000085900000|100%| O|  |TAMS 0x0000000085900000, 0x0000000085800000| Untracked 
|  89|0x0000000085900000, 0x0000000085a00000, 0x0000000085a00000|100%| O|  |TAMS 0x0000000085a00000, 0x0000000085900000| Untracked 
|  90|0x0000000085a00000, 0x0000000085b00000, 0x0000000085b00000|100%| O|  |TAMS 0x0000000085b00000, 0x0000000085a00000| Untracked 
|  91|0x0000000085b00000, 0x0000000085c00000, 0x0000000085c00000|100%| O|  |TAMS 0x0000000085c00000, 0x0000000085b00000| Untracked 
|  92|0x0000000085c00000, 0x0000000085d00000, 0x0000000085d00000|100%| O|  |TAMS 0x0000000085d00000, 0x0000000085c00000| Untracked 
|  93|0x0000000085d00000, 0x0000000085e00000, 0x0000000085e00000|100%| O|  |TAMS 0x0000000085e00000, 0x0000000085d00000| Untracked 
|  94|0x0000000085e00000, 0x0000000085f00000, 0x0000000085f00000|100%| O|  |TAMS 0x0000000085f00000, 0x0000000085e00000| Untracked 
|  95|0x0000000085f00000, 0x0000000086000000, 0x0000000086000000|100%| O|  |TAMS 0x0000000086000000, 0x0000000085f00000| Untracked 
|  96|0x0000000086000000, 0x0000000086100000, 0x0000000086100000|100%| O|  |TAMS 0x0000000086100000, 0x0000000086000000| Untracked 
|  97|0x0000000086100000, 0x0000000086200000, 0x0000000086200000|100%| O|  |TAMS 0x0000000086200000, 0x0000000086100000| Untracked 
|  98|0x0000000086200000, 0x0000000086300000, 0x0000000086300000|100%| O|  |TAMS 0x0000000086300000, 0x0000000086200000| Untracked 
|  99|0x0000000086300000, 0x0000000086400000, 0x0000000086400000|100%| O|  |TAMS 0x0000000086400000, 0x0000000086300000| Untracked 
| 100|0x0000000086400000, 0x0000000086500000, 0x0000000086500000|100%| O|  |TAMS 0x0000000086500000, 0x0000000086400000| Untracked 
| 101|0x0000000086500000, 0x0000000086600000, 0x0000000086600000|100%| O|  |TAMS 0x0000000086600000, 0x0000000086500000| Untracked 
| 102|0x0000000086600000, 0x0000000086700000, 0x0000000086700000|100%| O|  |TAMS 0x0000000086700000, 0x0000000086600000| Untracked 
| 103|0x0000000086700000, 0x0000000086800000, 0x0000000086800000|100%| O|  |TAMS 0x0000000086800000, 0x0000000086700000| Untracked 
| 104|0x0000000086800000, 0x0000000086900000, 0x0000000086900000|100%| O|  |TAMS 0x0000000086900000, 0x0000000086800000| Untracked 
| 105|0x0000000086900000, 0x0000000086a00000, 0x0000000086a00000|100%| O|  |TAMS 0x0000000086a00000, 0x0000000086900000| Untracked 
| 106|0x0000000086a00000, 0x0000000086b00000, 0x0000000086b00000|100%| O|  |TAMS 0x0000000086b00000, 0x0000000086a00000| Untracked 
| 107|0x0000000086b00000, 0x0000000086c00000, 0x0000000086c00000|100%| O|  |TAMS 0x0000000086c00000, 0x0000000086b00000| Untracked 
| 108|0x0000000086c00000, 0x0000000086d00000, 0x0000000086d00000|100%| O|  |TAMS 0x0000000086d00000, 0x0000000086c00000| Untracked 
| 109|0x0000000086d00000, 0x0000000086e00000, 0x0000000086e00000|100%| O|  |TAMS 0x0000000086e00000, 0x0000000086d00000| Untracked 
| 110|0x0000000086e00000, 0x0000000086f00000, 0x0000000086f00000|100%| O|  |TAMS 0x0000000086f00000, 0x0000000086e00000| Untracked 
| 111|0x0000000086f00000, 0x0000000087000000, 0x0000000087000000|100%| O|  |TAMS 0x0000000087000000, 0x0000000086f00000| Untracked 
| 112|0x0000000087000000, 0x0000000087100000, 0x0000000087100000|100%| O|  |TAMS 0x0000000087100000, 0x0000000087000000| Untracked 
| 113|0x0000000087100000, 0x0000000087200000, 0x0000000087200000|100%| O|  |TAMS 0x0000000087200000, 0x0000000087100000| Untracked 
| 114|0x0000000087200000, 0x0000000087300000, 0x0000000087300000|100%| O|  |TAMS 0x0000000087300000, 0x0000000087200000| Untracked 
| 115|0x0000000087300000, 0x0000000087400000, 0x0000000087400000|100%| O|  |TAMS 0x0000000087400000, 0x0000000087300000| Untracked 
| 116|0x0000000087400000, 0x0000000087500000, 0x0000000087500000|100%| O|  |TAMS 0x0000000087500000, 0x0000000087400000| Untracked 
| 117|0x0000000087500000, 0x0000000087600000, 0x0000000087600000|100%| O|  |TAMS 0x0000000087600000, 0x0000000087500000| Untracked 
| 118|0x0000000087600000, 0x0000000087700000, 0x0000000087700000|100%| O|  |TAMS 0x0000000087700000, 0x0000000087600000| Untracked 
| 119|0x0000000087700000, 0x0000000087800000, 0x0000000087800000|100%| O|  |TAMS 0x0000000087800000, 0x0000000087700000| Untracked 
| 120|0x0000000087800000, 0x0000000087900000, 0x0000000087900000|100%| O|  |TAMS 0x0000000087900000, 0x0000000087800000| Untracked 
| 121|0x0000000087900000, 0x0000000087a00000, 0x0000000087a00000|100%| O|  |TAMS 0x0000000087a00000, 0x0000000087900000| Untracked 
| 122|0x0000000087a00000, 0x0000000087b00000, 0x0000000087b00000|100%| O|  |TAMS 0x0000000087b00000, 0x0000000087a00000| Untracked 
| 123|0x0000000087b00000, 0x0000000087c00000, 0x0000000087c00000|100%| O|  |TAMS 0x0000000087c00000, 0x0000000087b00000| Untracked 
| 124|0x0000000087c00000, 0x0000000087d00000, 0x0000000087d00000|100%| O|  |TAMS 0x0000000087d00000, 0x0000000087c00000| Untracked 
| 125|0x0000000087d00000, 0x0000000087e00000, 0x0000000087e00000|100%| O|  |TAMS 0x0000000087e00000, 0x0000000087d00000| Untracked 
| 126|0x0000000087e00000, 0x0000000087f00000, 0x0000000087f00000|100%| O|  |TAMS 0x0000000087f00000, 0x0000000087e00000| Untracked 
| 127|0x0000000087f00000, 0x0000000088000000, 0x0000000088000000|100%| O|  |TAMS 0x0000000088000000, 0x0000000087f00000| Untracked 
| 128|0x0000000088000000, 0x0000000088100000, 0x0000000088100000|100%| O|  |TAMS 0x0000000088100000, 0x0000000088000000| Untracked 
| 129|0x0000000088100000, 0x0000000088200000, 0x0000000088200000|100%| O|  |TAMS 0x0000000088200000, 0x0000000088100000| Untracked 
| 130|0x0000000088200000, 0x0000000088300000, 0x0000000088300000|100%| O|  |TAMS 0x0000000088300000, 0x0000000088200000| Untracked 
| 131|0x0000000088300000, 0x0000000088400000, 0x0000000088400000|100%| O|  |TAMS 0x0000000088400000, 0x0000000088300000| Untracked 
| 132|0x0000000088400000, 0x0000000088500000, 0x0000000088500000|100%| O|  |TAMS 0x0000000088500000, 0x0000000088400000| Untracked 
| 133|0x0000000088500000, 0x0000000088600000, 0x0000000088600000|100%| O|  |TAMS 0x0000000088600000, 0x0000000088500000| Untracked 
| 134|0x0000000088600000, 0x0000000088700000, 0x0000000088700000|100%| O|  |TAMS 0x0000000088700000, 0x0000000088600000| Untracked 
| 135|0x0000000088700000, 0x0000000088800000, 0x0000000088800000|100%| O|  |TAMS 0x0000000088800000, 0x0000000088700000| Untracked 
| 136|0x0000000088800000, 0x0000000088900000, 0x0000000088900000|100%| O|  |TAMS 0x0000000088900000, 0x0000000088800000| Untracked 
| 137|0x0000000088900000, 0x0000000088a00000, 0x0000000088a00000|100%| O|  |TAMS 0x0000000088a00000, 0x0000000088900000| Untracked 
| 138|0x0000000088a00000, 0x0000000088b00000, 0x0000000088b00000|100%| O|  |TAMS 0x0000000088b00000, 0x0000000088a00000| Untracked 
| 139|0x0000000088b00000, 0x0000000088c00000, 0x0000000088c00000|100%| O|  |TAMS 0x0000000088c00000, 0x0000000088b00000| Untracked 
| 140|0x0000000088c00000, 0x0000000088d00000, 0x0000000088d00000|100%| O|  |TAMS 0x0000000088d00000, 0x0000000088c00000| Untracked 
| 141|0x0000000088d00000, 0x0000000088e00000, 0x0000000088e00000|100%| O|  |TAMS 0x0000000088e00000, 0x0000000088d00000| Untracked 
| 142|0x0000000088e00000, 0x0000000088f00000, 0x0000000088f00000|100%| O|  |TAMS 0x0000000088f00000, 0x0000000088e00000| Untracked 
| 143|0x0000000088f00000, 0x0000000089000000, 0x0000000089000000|100%| O|  |TAMS 0x0000000089000000, 0x0000000088f00000| Untracked 
| 144|0x0000000089000000, 0x0000000089100000, 0x0000000089100000|100%| O|  |TAMS 0x0000000089100000, 0x0000000089000000| Untracked 
| 145|0x0000000089100000, 0x0000000089200000, 0x0000000089200000|100%| O|  |TAMS 0x0000000089200000, 0x0000000089100000| Untracked 
| 146|0x0000000089200000, 0x0000000089300000, 0x0000000089300000|100%| O|  |TAMS 0x0000000089300000, 0x0000000089200000| Untracked 
| 147|0x0000000089300000, 0x0000000089400000, 0x0000000089400000|100%| O|  |TAMS 0x0000000089400000, 0x0000000089300000| Untracked 
| 148|0x0000000089400000, 0x0000000089500000, 0x0000000089500000|100%| O|  |TAMS 0x0000000089500000, 0x0000000089400000| Untracked 
| 149|0x0000000089500000, 0x0000000089600000, 0x0000000089600000|100%| O|  |TAMS 0x0000000089600000, 0x0000000089500000| Untracked 
| 150|0x0000000089600000, 0x0000000089700000, 0x0000000089700000|100%| O|  |TAMS 0x0000000089700000, 0x0000000089600000| Untracked 
| 151|0x0000000089700000, 0x0000000089800000, 0x0000000089800000|100%| O|  |TAMS 0x0000000089800000, 0x0000000089700000| Untracked 
| 152|0x0000000089800000, 0x0000000089900000, 0x0000000089900000|100%| O|  |TAMS 0x0000000089900000, 0x0000000089800000| Untracked 
| 153|0x0000000089900000, 0x0000000089a00000, 0x0000000089a00000|100%| O|  |TAMS 0x0000000089a00000, 0x0000000089900000| Untracked 
| 154|0x0000000089a00000, 0x0000000089b00000, 0x0000000089b00000|100%| O|  |TAMS 0x0000000089b00000, 0x0000000089a00000| Untracked 
| 155|0x0000000089b00000, 0x0000000089c00000, 0x0000000089c00000|100%| O|  |TAMS 0x0000000089c00000, 0x0000000089b00000| Untracked 
| 156|0x0000000089c00000, 0x0000000089d00000, 0x0000000089d00000|100%| O|  |TAMS 0x0000000089d00000, 0x0000000089c00000| Untracked 
| 157|0x0000000089d00000, 0x0000000089e00000, 0x0000000089e00000|100%| O|  |TAMS 0x0000000089e00000, 0x0000000089d00000| Untracked 
| 158|0x0000000089e00000, 0x0000000089f00000, 0x0000000089f00000|100%| O|  |TAMS 0x0000000089f00000, 0x0000000089e00000| Untracked 
| 159|0x0000000089f00000, 0x0000000089fe0600, 0x000000008a000000| 87%| O|  |TAMS 0x0000000089fe0600, 0x0000000089f00000| Untracked 
| 160|0x000000008a000000, 0x000000008a000000, 0x000000008a100000|  0%| F|  |TAMS 0x000000008a000000, 0x000000008a000000| Untracked 
| 161|0x000000008a100000, 0x000000008a100000, 0x000000008a200000|  0%| F|  |TAMS 0x000000008a100000, 0x000000008a100000| Untracked 
| 162|0x000000008a200000, 0x000000008a200000, 0x000000008a300000|  0%| F|  |TAMS 0x000000008a200000, 0x000000008a200000| Untracked 
| 163|0x000000008a300000, 0x000000008a300000, 0x000000008a400000|  0%| F|  |TAMS 0x000000008a300000, 0x000000008a300000| Untracked 
| 164|0x000000008a400000, 0x000000008a400000, 0x000000008a500000|  0%| F|  |TAMS 0x000000008a400000, 0x000000008a400000| Untracked 
| 165|0x000000008a500000, 0x000000008a500000, 0x000000008a600000|  0%| F|  |TAMS 0x000000008a500000, 0x000000008a500000| Untracked 
| 166|0x000000008a600000, 0x000000008a600000, 0x000000008a700000|  0%| F|  |TAMS 0x000000008a600000, 0x000000008a600000| Untracked 
| 167|0x000000008a700000, 0x000000008a700000, 0x000000008a800000|  0%| F|  |TAMS 0x000000008a700000, 0x000000008a700000| Untracked 
| 168|0x000000008a800000, 0x000000008a800000, 0x000000008a900000|  0%| F|  |TAMS 0x000000008a800000, 0x000000008a800000| Untracked 
| 169|0x000000008a900000, 0x000000008a900000, 0x000000008aa00000|  0%| F|  |TAMS 0x000000008a900000, 0x000000008a900000| Untracked 
| 170|0x000000008aa00000, 0x000000008aa00000, 0x000000008ab00000|  0%| F|  |TAMS 0x000000008aa00000, 0x000000008aa00000| Untracked 
| 171|0x000000008ab00000, 0x000000008ab00000, 0x000000008ac00000|  0%| F|  |TAMS 0x000000008ab00000, 0x000000008ab00000| Untracked 
| 172|0x000000008ac00000, 0x000000008ac00000, 0x000000008ad00000|  0%| F|  |TAMS 0x000000008ac00000, 0x000000008ac00000| Untracked 
| 173|0x000000008ad00000, 0x000000008ad00000, 0x000000008ae00000|  0%| F|  |TAMS 0x000000008ad00000, 0x000000008ad00000| Untracked 
| 174|0x000000008ae00000, 0x000000008ae00000, 0x000000008af00000|  0%| F|  |TAMS 0x000000008ae00000, 0x000000008ae00000| Untracked 
| 175|0x000000008af00000, 0x000000008af00000, 0x000000008b000000|  0%| F|  |TAMS 0x000000008af00000, 0x000000008af00000| Untracked 
| 176|0x000000008b000000, 0x000000008b000000, 0x000000008b100000|  0%| F|  |TAMS 0x000000008b000000, 0x000000008b000000| Untracked 
| 177|0x000000008b100000, 0x000000008b100000, 0x000000008b200000|  0%| F|  |TAMS 0x000000008b100000, 0x000000008b100000| Untracked 
| 178|0x000000008b200000, 0x000000008b200000, 0x000000008b300000|  0%| F|  |TAMS 0x000000008b200000, 0x000000008b200000| Untracked 
| 179|0x000000008b300000, 0x000000008b300000, 0x000000008b400000|  0%| F|  |TAMS 0x000000008b300000, 0x000000008b300000| Untracked 
| 180|0x000000008b400000, 0x000000008b400000, 0x000000008b500000|  0%| F|  |TAMS 0x000000008b400000, 0x000000008b400000| Untracked 
| 181|0x000000008b500000, 0x000000008b500000, 0x000000008b600000|  0%| F|  |TAMS 0x000000008b500000, 0x000000008b500000| Untracked 
| 182|0x000000008b600000, 0x000000008b600000, 0x000000008b700000|  0%| F|  |TAMS 0x000000008b600000, 0x000000008b600000| Untracked 
| 183|0x000000008b700000, 0x000000008b700000, 0x000000008b800000|  0%| F|  |TAMS 0x000000008b700000, 0x000000008b700000| Untracked 
| 184|0x000000008b800000, 0x000000008b800000, 0x000000008b900000|  0%| F|  |TAMS 0x000000008b800000, 0x000000008b800000| Untracked 
| 185|0x000000008b900000, 0x000000008b900000, 0x000000008ba00000|  0%| F|  |TAMS 0x000000008b900000, 0x000000008b900000| Untracked 
| 186|0x000000008ba00000, 0x000000008ba00000, 0x000000008bb00000|  0%| F|  |TAMS 0x000000008ba00000, 0x000000008ba00000| Untracked 
| 187|0x000000008bb00000, 0x000000008bb00000, 0x000000008bc00000|  0%| F|  |TAMS 0x000000008bb00000, 0x000000008bb00000| Untracked 
| 188|0x000000008bc00000, 0x000000008bc00000, 0x000000008bd00000|  0%| F|  |TAMS 0x000000008bc00000, 0x000000008bc00000| Untracked 
| 189|0x000000008bd00000, 0x000000008bd00000, 0x000000008be00000|  0%| F|  |TAMS 0x000000008bd00000, 0x000000008bd00000| Untracked 
| 190|0x000000008be00000, 0x000000008be00000, 0x000000008bf00000|  0%| F|  |TAMS 0x000000008be00000, 0x000000008be00000| Untracked 
| 191|0x000000008bf00000, 0x000000008bf00000, 0x000000008c000000|  0%| F|  |TAMS 0x000000008bf00000, 0x000000008bf00000| Untracked 
| 192|0x000000008c000000, 0x000000008c000000, 0x000000008c100000|  0%| F|  |TAMS 0x000000008c000000, 0x000000008c000000| Untracked 
| 193|0x000000008c100000, 0x000000008c100000, 0x000000008c200000|  0%| F|  |TAMS 0x000000008c100000, 0x000000008c100000| Untracked 
| 194|0x000000008c200000, 0x000000008c200000, 0x000000008c300000|  0%| F|  |TAMS 0x000000008c200000, 0x000000008c200000| Untracked 
| 195|0x000000008c300000, 0x000000008c300000, 0x000000008c400000|  0%| F|  |TAMS 0x000000008c300000, 0x000000008c300000| Untracked 
| 196|0x000000008c400000, 0x000000008c400000, 0x000000008c500000|  0%| F|  |TAMS 0x000000008c400000, 0x000000008c400000| Untracked 
| 197|0x000000008c500000, 0x000000008c500000, 0x000000008c600000|  0%| F|  |TAMS 0x000000008c500000, 0x000000008c500000| Untracked 
| 198|0x000000008c600000, 0x000000008c600000, 0x000000008c700000|  0%| F|  |TAMS 0x000000008c600000, 0x000000008c600000| Untracked 
| 199|0x000000008c700000, 0x000000008c700000, 0x000000008c800000|  0%| F|  |TAMS 0x000000008c700000, 0x000000008c700000| Untracked 
| 200|0x000000008c800000, 0x000000008c800000, 0x000000008c900000|  0%| F|  |TAMS 0x000000008c800000, 0x000000008c800000| Untracked 
| 201|0x000000008c900000, 0x000000008c900000, 0x000000008ca00000|  0%| F|  |TAMS 0x000000008c900000, 0x000000008c900000| Untracked 
| 202|0x000000008ca00000, 0x000000008ca00000, 0x000000008cb00000|  0%| F|  |TAMS 0x000000008ca00000, 0x000000008ca00000| Untracked 
| 203|0x000000008cb00000, 0x000000008cb00000, 0x000000008cc00000|  0%| F|  |TAMS 0x000000008cb00000, 0x000000008cb00000| Untracked 
| 204|0x000000008cc00000, 0x000000008cc00000, 0x000000008cd00000|  0%| F|  |TAMS 0x000000008cc00000, 0x000000008cc00000| Untracked 
| 205|0x000000008cd00000, 0x000000008cd00000, 0x000000008ce00000|  0%| F|  |TAMS 0x000000008cd00000, 0x000000008cd00000| Untracked 
| 206|0x000000008ce00000, 0x000000008ce00000, 0x000000008cf00000|  0%| F|  |TAMS 0x000000008ce00000, 0x000000008ce00000| Untracked 
| 207|0x000000008cf00000, 0x000000008cf00000, 0x000000008d000000|  0%| F|  |TAMS 0x000000008cf00000, 0x000000008cf00000| Untracked 
| 208|0x000000008d000000, 0x000000008d000000, 0x000000008d100000|  0%| F|  |TAMS 0x000000008d000000, 0x000000008d000000| Untracked 
| 209|0x000000008d100000, 0x000000008d100000, 0x000000008d200000|  0%| F|  |TAMS 0x000000008d100000, 0x000000008d100000| Untracked 
| 210|0x000000008d200000, 0x000000008d200000, 0x000000008d300000|  0%| F|  |TAMS 0x000000008d200000, 0x000000008d200000| Untracked 
| 211|0x000000008d300000, 0x000000008d300000, 0x000000008d400000|  0%| F|  |TAMS 0x000000008d300000, 0x000000008d300000| Untracked 
| 212|0x000000008d400000, 0x000000008d400000, 0x000000008d500000|  0%| F|  |TAMS 0x000000008d400000, 0x000000008d400000| Untracked 
| 213|0x000000008d500000, 0x000000008d500000, 0x000000008d600000|  0%| F|  |TAMS 0x000000008d500000, 0x000000008d500000| Untracked 
| 214|0x000000008d600000, 0x000000008d600000, 0x000000008d700000|  0%| F|  |TAMS 0x000000008d600000, 0x000000008d600000| Untracked 
| 215|0x000000008d700000, 0x000000008d700000, 0x000000008d800000|  0%| F|  |TAMS 0x000000008d700000, 0x000000008d700000| Untracked 
| 216|0x000000008d800000, 0x000000008d800000, 0x000000008d900000|  0%| F|  |TAMS 0x000000008d800000, 0x000000008d800000| Untracked 
| 217|0x000000008d900000, 0x000000008d900000, 0x000000008da00000|  0%| F|  |TAMS 0x000000008d900000, 0x000000008d900000| Untracked 
| 218|0x000000008da00000, 0x000000008da00000, 0x000000008db00000|  0%| F|  |TAMS 0x000000008da00000, 0x000000008da00000| Untracked 
| 219|0x000000008db00000, 0x000000008db00000, 0x000000008dc00000|  0%| F|  |TAMS 0x000000008db00000, 0x000000008db00000| Untracked 
| 220|0x000000008dc00000, 0x000000008dc00000, 0x000000008dd00000|  0%| F|  |TAMS 0x000000008dc00000, 0x000000008dc00000| Untracked 
| 221|0x000000008dd00000, 0x000000008dd00000, 0x000000008de00000|  0%| F|  |TAMS 0x000000008dd00000, 0x000000008dd00000| Untracked 
| 222|0x000000008de00000, 0x000000008de00000, 0x000000008df00000|  0%| F|  |TAMS 0x000000008de00000, 0x000000008de00000| Untracked 
| 223|0x000000008df00000, 0x000000008df00000, 0x000000008e000000|  0%| F|  |TAMS 0x000000008df00000, 0x000000008df00000| Untracked 
| 224|0x000000008e000000, 0x000000008e000000, 0x000000008e100000|  0%| F|  |TAMS 0x000000008e000000, 0x000000008e000000| Untracked 
| 225|0x000000008e100000, 0x000000008e100000, 0x000000008e200000|  0%| F|  |TAMS 0x000000008e100000, 0x000000008e100000| Untracked 
| 226|0x000000008e200000, 0x000000008e200000, 0x000000008e300000|  0%| F|  |TAMS 0x000000008e200000, 0x000000008e200000| Untracked 
| 227|0x000000008e300000, 0x000000008e300000, 0x000000008e400000|  0%| F|  |TAMS 0x000000008e300000, 0x000000008e300000| Untracked 
| 228|0x000000008e400000, 0x000000008e400000, 0x000000008e500000|  0%| F|  |TAMS 0x000000008e400000, 0x000000008e400000| Untracked 
| 229|0x000000008e500000, 0x000000008e500000, 0x000000008e600000|  0%| F|  |TAMS 0x000000008e500000, 0x000000008e500000| Untracked 
| 230|0x000000008e600000, 0x000000008e600000, 0x000000008e700000|  0%| F|  |TAMS 0x000000008e600000, 0x000000008e600000| Untracked 
| 231|0x000000008e700000, 0x000000008e700000, 0x000000008e800000|  0%| F|  |TAMS 0x000000008e700000, 0x000000008e700000| Untracked 
| 232|0x000000008e800000, 0x000000008e800000, 0x000000008e900000|  0%| F|  |TAMS 0x000000008e800000, 0x000000008e800000| Untracked 
| 233|0x000000008e900000, 0x000000008e900000, 0x000000008ea00000|  0%| F|  |TAMS 0x000000008e900000, 0x000000008e900000| Untracked 
| 234|0x000000008ea00000, 0x000000008ea00000, 0x000000008eb00000|  0%| F|  |TAMS 0x000000008ea00000, 0x000000008ea00000| Untracked 
| 235|0x000000008eb00000, 0x000000008eb00000, 0x000000008ec00000|  0%| F|  |TAMS 0x000000008eb00000, 0x000000008eb00000| Untracked 
| 236|0x000000008ec00000, 0x000000008ec00000, 0x000000008ed00000|  0%| F|  |TAMS 0x000000008ec00000, 0x000000008ec00000| Untracked 
| 237|0x000000008ed00000, 0x000000008ed00000, 0x000000008ee00000|  0%| F|  |TAMS 0x000000008ed00000, 0x000000008ed00000| Untracked 
| 238|0x000000008ee00000, 0x000000008ee00000, 0x000000008ef00000|  0%| F|  |TAMS 0x000000008ee00000, 0x000000008ee00000| Untracked 
| 239|0x000000008ef00000, 0x000000008ef00000, 0x000000008f000000|  0%| F|  |TAMS 0x000000008ef00000, 0x000000008ef00000| Untracked 
| 240|0x000000008f000000, 0x000000008f000000, 0x000000008f100000|  0%| F|  |TAMS 0x000000008f000000, 0x000000008f000000| Untracked 
| 241|0x000000008f100000, 0x000000008f100000, 0x000000008f200000|  0%| F|  |TAMS 0x000000008f100000, 0x000000008f100000| Untracked 
| 242|0x000000008f200000, 0x000000008f200000, 0x000000008f300000|  0%| F|  |TAMS 0x000000008f200000, 0x000000008f200000| Untracked 
| 243|0x000000008f300000, 0x000000008f300000, 0x000000008f400000|  0%| F|  |TAMS 0x000000008f300000, 0x000000008f300000| Untracked 
| 244|0x000000008f400000, 0x000000008f400000, 0x000000008f500000|  0%| F|  |TAMS 0x000000008f400000, 0x000000008f400000| Untracked 
| 245|0x000000008f500000, 0x000000008f500000, 0x000000008f600000|  0%| F|  |TAMS 0x000000008f500000, 0x000000008f500000| Untracked 
| 246|0x000000008f600000, 0x000000008f600000, 0x000000008f700000|  0%| F|  |TAMS 0x000000008f600000, 0x000000008f600000| Untracked 
| 247|0x000000008f700000, 0x000000008f700000, 0x000000008f800000|  0%| F|  |TAMS 0x000000008f700000, 0x000000008f700000| Untracked 
| 248|0x000000008f800000, 0x000000008f800000, 0x000000008f900000|  0%| F|  |TAMS 0x000000008f800000, 0x000000008f800000| Untracked 
| 249|0x000000008f900000, 0x000000008f900000, 0x000000008fa00000|  0%| F|  |TAMS 0x000000008f900000, 0x000000008f900000| Untracked 
| 250|0x000000008fa00000, 0x000000008fa00000, 0x000000008fb00000|  0%| F|  |TAMS 0x000000008fa00000, 0x000000008fa00000| Untracked 
| 251|0x000000008fb00000, 0x000000008fb00000, 0x000000008fc00000|  0%| F|  |TAMS 0x000000008fb00000, 0x000000008fb00000| Untracked 
| 252|0x000000008fc00000, 0x000000008fc00000, 0x000000008fd00000|  0%| F|  |TAMS 0x000000008fc00000, 0x000000008fc00000| Untracked 
| 253|0x000000008fd00000, 0x000000008fd00000, 0x000000008fe00000|  0%| F|  |TAMS 0x000000008fd00000, 0x000000008fd00000| Untracked 
| 254|0x000000008fe00000, 0x000000008fe00000, 0x000000008ff00000|  0%| F|  |TAMS 0x000000008fe00000, 0x000000008fe00000| Untracked 
| 255|0x000000008ff00000, 0x000000008ff00000, 0x0000000090000000|  0%| F|  |TAMS 0x000000008ff00000, 0x000000008ff00000| Untracked 
| 256|0x0000000090000000, 0x0000000090000000, 0x0000000090100000|  0%| F|  |TAMS 0x0000000090000000, 0x0000000090000000| Untracked 
| 257|0x0000000090100000, 0x0000000090100000, 0x0000000090200000|  0%| F|  |TAMS 0x0000000090100000, 0x0000000090100000| Untracked 
| 258|0x0000000090200000, 0x0000000090200000, 0x0000000090300000|  0%| F|  |TAMS 0x0000000090200000, 0x0000000090200000| Untracked 
| 259|0x0000000090300000, 0x0000000090300000, 0x0000000090400000|  0%| F|  |TAMS 0x0000000090300000, 0x0000000090300000| Untracked 
| 260|0x0000000090400000, 0x0000000090400000, 0x0000000090500000|  0%| F|  |TAMS 0x0000000090400000, 0x0000000090400000| Untracked 
| 261|0x0000000090500000, 0x0000000090500000, 0x0000000090600000|  0%| F|  |TAMS 0x0000000090500000, 0x0000000090500000| Untracked 
| 262|0x0000000090600000, 0x0000000090600000, 0x0000000090700000|  0%| F|  |TAMS 0x0000000090600000, 0x0000000090600000| Untracked 
| 263|0x0000000090700000, 0x0000000090700000, 0x0000000090800000|  0%| F|  |TAMS 0x0000000090700000, 0x0000000090700000| Untracked 
| 264|0x0000000090800000, 0x00000000908e8620, 0x0000000090900000| 90%| S|CS|TAMS 0x0000000090800000, 0x0000000090800000| Complete 
| 265|0x0000000090900000, 0x0000000090a00000, 0x0000000090a00000|100%| S|CS|TAMS 0x0000000090900000, 0x0000000090900000| Complete 
| 266|0x0000000090a00000, 0x0000000090b00000, 0x0000000090b00000|100%| S|CS|TAMS 0x0000000090a00000, 0x0000000090a00000| Complete 
| 267|0x0000000090b00000, 0x0000000090c00000, 0x0000000090c00000|100%| S|CS|TAMS 0x0000000090b00000, 0x0000000090b00000| Complete 
| 268|0x0000000090c00000, 0x0000000090c00000, 0x0000000090d00000|  0%| F|  |TAMS 0x0000000090c00000, 0x0000000090c00000| Untracked 
| 269|0x0000000090d00000, 0x0000000090d00000, 0x0000000090e00000|  0%| F|  |TAMS 0x0000000090d00000, 0x0000000090d00000| Untracked 
| 270|0x0000000090e00000, 0x0000000090e00000, 0x0000000090f00000|  0%| F|  |TAMS 0x0000000090e00000, 0x0000000090e00000| Untracked 
| 271|0x0000000090f00000, 0x0000000090f00000, 0x0000000091000000|  0%| F|  |TAMS 0x0000000090f00000, 0x0000000090f00000| Untracked 
| 272|0x0000000091000000, 0x0000000091000000, 0x0000000091100000|  0%| F|  |TAMS 0x0000000091000000, 0x0000000091000000| Untracked 
| 273|0x0000000091100000, 0x0000000091100000, 0x0000000091200000|  0%| F|  |TAMS 0x0000000091100000, 0x0000000091100000| Untracked 
| 274|0x0000000091200000, 0x0000000091200000, 0x0000000091300000|  0%| F|  |TAMS 0x0000000091200000, 0x0000000091200000| Untracked 
| 275|0x0000000091300000, 0x0000000091300000, 0x0000000091400000|  0%| F|  |TAMS 0x0000000091300000, 0x0000000091300000| Untracked 
| 276|0x0000000091400000, 0x0000000091400000, 0x0000000091500000|  0%| F|  |TAMS 0x0000000091400000, 0x0000000091400000| Untracked 
| 277|0x0000000091500000, 0x0000000091500000, 0x0000000091600000|  0%| F|  |TAMS 0x0000000091500000, 0x0000000091500000| Untracked 
| 278|0x0000000091600000, 0x0000000091600000, 0x0000000091700000|  0%| F|  |TAMS 0x0000000091600000, 0x0000000091600000| Untracked 
| 279|0x0000000091700000, 0x0000000091700000, 0x0000000091800000|  0%| F|  |TAMS 0x0000000091700000, 0x0000000091700000| Untracked 
| 280|0x0000000091800000, 0x0000000091800000, 0x0000000091900000|  0%| F|  |TAMS 0x0000000091800000, 0x0000000091800000| Untracked 
| 281|0x0000000091900000, 0x0000000091900000, 0x0000000091a00000|  0%| F|  |TAMS 0x0000000091900000, 0x0000000091900000| Untracked 
| 282|0x0000000091a00000, 0x0000000091a00000, 0x0000000091b00000|  0%| F|  |TAMS 0x0000000091a00000, 0x0000000091a00000| Untracked 
| 283|0x0000000091b00000, 0x0000000091b00000, 0x0000000091c00000|  0%| F|  |TAMS 0x0000000091b00000, 0x0000000091b00000| Untracked 
| 284|0x0000000091c00000, 0x0000000091c00000, 0x0000000091d00000|  0%| F|  |TAMS 0x0000000091c00000, 0x0000000091c00000| Untracked 
| 285|0x0000000091d00000, 0x0000000091d00000, 0x0000000091e00000|  0%| F|  |TAMS 0x0000000091d00000, 0x0000000091d00000| Untracked 
| 286|0x0000000091e00000, 0x0000000091e00000, 0x0000000091f00000|  0%| F|  |TAMS 0x0000000091e00000, 0x0000000091e00000| Untracked 
| 287|0x0000000091f00000, 0x0000000091f00000, 0x0000000092000000|  0%| F|  |TAMS 0x0000000091f00000, 0x0000000091f00000| Untracked 
| 288|0x0000000092000000, 0x0000000092000000, 0x0000000092100000|  0%| F|  |TAMS 0x0000000092000000, 0x0000000092000000| Untracked 
| 289|0x0000000092100000, 0x0000000092100000, 0x0000000092200000|  0%| F|  |TAMS 0x0000000092100000, 0x0000000092100000| Untracked 
| 290|0x0000000092200000, 0x0000000092200000, 0x0000000092300000|  0%| F|  |TAMS 0x0000000092200000, 0x0000000092200000| Untracked 
| 291|0x0000000092300000, 0x0000000092300000, 0x0000000092400000|  0%| F|  |TAMS 0x0000000092300000, 0x0000000092300000| Untracked 
| 292|0x0000000092400000, 0x0000000092400000, 0x0000000092500000|  0%| F|  |TAMS 0x0000000092400000, 0x0000000092400000| Untracked 
| 293|0x0000000092500000, 0x0000000092500000, 0x0000000092600000|  0%| F|  |TAMS 0x0000000092500000, 0x0000000092500000| Untracked 
| 294|0x0000000092600000, 0x0000000092600000, 0x0000000092700000|  0%| F|  |TAMS 0x0000000092600000, 0x0000000092600000| Untracked 
| 295|0x0000000092700000, 0x0000000092700000, 0x0000000092800000|  0%| F|  |TAMS 0x0000000092700000, 0x0000000092700000| Untracked 
| 296|0x0000000092800000, 0x0000000092800000, 0x0000000092900000|  0%| F|  |TAMS 0x0000000092800000, 0x0000000092800000| Untracked 
| 297|0x0000000092900000, 0x0000000092900000, 0x0000000092a00000|  0%| F|  |TAMS 0x0000000092900000, 0x0000000092900000| Untracked 
| 298|0x0000000092a00000, 0x0000000092a00000, 0x0000000092b00000|  0%| F|  |TAMS 0x0000000092a00000, 0x0000000092a00000| Untracked 
| 299|0x0000000092b00000, 0x0000000092b00000, 0x0000000092c00000|  0%| F|  |TAMS 0x0000000092b00000, 0x0000000092b00000| Untracked 
| 300|0x0000000092c00000, 0x0000000092c00000, 0x0000000092d00000|  0%| F|  |TAMS 0x0000000092c00000, 0x0000000092c00000| Untracked 
| 301|0x0000000092d00000, 0x0000000092d00000, 0x0000000092e00000|  0%| F|  |TAMS 0x0000000092d00000, 0x0000000092d00000| Untracked 
| 302|0x0000000092e00000, 0x0000000092e00000, 0x0000000092f00000|  0%| F|  |TAMS 0x0000000092e00000, 0x0000000092e00000| Untracked 
| 303|0x0000000092f00000, 0x0000000092f00000, 0x0000000093000000|  0%| F|  |TAMS 0x0000000092f00000, 0x0000000092f00000| Untracked 
| 304|0x0000000093000000, 0x0000000093000000, 0x0000000093100000|  0%| F|  |TAMS 0x0000000093000000, 0x0000000093000000| Untracked 
| 305|0x0000000093100000, 0x0000000093100000, 0x0000000093200000|  0%| F|  |TAMS 0x0000000093100000, 0x0000000093100000| Untracked 
| 306|0x0000000093200000, 0x0000000093200000, 0x0000000093300000|  0%| F|  |TAMS 0x0000000093200000, 0x0000000093200000| Untracked 
| 307|0x0000000093300000, 0x0000000093300000, 0x0000000093400000|  0%| F|  |TAMS 0x0000000093300000, 0x0000000093300000| Untracked 
| 308|0x0000000093400000, 0x0000000093400000, 0x0000000093500000|  0%| F|  |TAMS 0x0000000093400000, 0x0000000093400000| Untracked 
| 309|0x0000000093500000, 0x0000000093500000, 0x0000000093600000|  0%| F|  |TAMS 0x0000000093500000, 0x0000000093500000| Untracked 
| 310|0x0000000093600000, 0x0000000093600000, 0x0000000093700000|  0%| F|  |TAMS 0x0000000093600000, 0x0000000093600000| Untracked 
| 311|0x0000000093700000, 0x0000000093700000, 0x0000000093800000|  0%| F|  |TAMS 0x0000000093700000, 0x0000000093700000| Untracked 
| 312|0x0000000093800000, 0x0000000093800000, 0x0000000093900000|  0%| F|  |TAMS 0x0000000093800000, 0x0000000093800000| Untracked 
| 313|0x0000000093900000, 0x0000000093900000, 0x0000000093a00000|  0%| F|  |TAMS 0x0000000093900000, 0x0000000093900000| Untracked 
| 314|0x0000000093a00000, 0x0000000093a00000, 0x0000000093b00000|  0%| F|  |TAMS 0x0000000093a00000, 0x0000000093a00000| Untracked 
| 315|0x0000000093b00000, 0x0000000093b00000, 0x0000000093c00000|  0%| F|  |TAMS 0x0000000093b00000, 0x0000000093b00000| Untracked 
| 316|0x0000000093c00000, 0x0000000093c00000, 0x0000000093d00000|  0%| F|  |TAMS 0x0000000093c00000, 0x0000000093c00000| Untracked 
| 317|0x0000000093d00000, 0x0000000093d00000, 0x0000000093e00000|  0%| F|  |TAMS 0x0000000093d00000, 0x0000000093d00000| Untracked 
| 318|0x0000000093e00000, 0x0000000093e00000, 0x0000000093f00000|  0%| F|  |TAMS 0x0000000093e00000, 0x0000000093e00000| Untracked 
| 319|0x0000000093f00000, 0x0000000093f00000, 0x0000000094000000|  0%| F|  |TAMS 0x0000000093f00000, 0x0000000093f00000| Untracked 
| 320|0x0000000094000000, 0x0000000094000000, 0x0000000094100000|  0%| F|  |TAMS 0x0000000094000000, 0x0000000094000000| Untracked 
| 321|0x0000000094100000, 0x000000009415c820, 0x0000000094200000| 36%| E|  |TAMS 0x0000000094100000, 0x0000000094100000| Complete 
| 322|0x0000000094200000, 0x0000000094300000, 0x0000000094300000|100%| E|CS|TAMS 0x0000000094200000, 0x0000000094200000| Complete 
| 323|0x0000000094300000, 0x0000000094400000, 0x0000000094400000|100%| E|CS|TAMS 0x0000000094300000, 0x0000000094300000| Complete 
| 324|0x0000000094400000, 0x0000000094500000, 0x0000000094500000|100%| E|CS|TAMS 0x0000000094400000, 0x0000000094400000| Complete 
| 325|0x0000000094500000, 0x0000000094600000, 0x0000000094600000|100%| E|CS|TAMS 0x0000000094500000, 0x0000000094500000| Complete 
| 326|0x0000000094600000, 0x0000000094700000, 0x0000000094700000|100%| E|CS|TAMS 0x0000000094600000, 0x0000000094600000| Complete 
| 327|0x0000000094700000, 0x0000000094800000, 0x0000000094800000|100%| E|CS|TAMS 0x0000000094700000, 0x0000000094700000| Complete 
| 328|0x0000000094800000, 0x0000000094900000, 0x0000000094900000|100%| E|CS|TAMS 0x0000000094800000, 0x0000000094800000| Complete 
| 329|0x0000000094900000, 0x0000000094a00000, 0x0000000094a00000|100%| E|CS|TAMS 0x0000000094900000, 0x0000000094900000| Complete 
| 330|0x0000000094a00000, 0x0000000094b00000, 0x0000000094b00000|100%| E|CS|TAMS 0x0000000094a00000, 0x0000000094a00000| Complete 
| 331|0x0000000094b00000, 0x0000000094c00000, 0x0000000094c00000|100%| E|CS|TAMS 0x0000000094b00000, 0x0000000094b00000| Complete 
| 332|0x0000000094c00000, 0x0000000094d00000, 0x0000000094d00000|100%| E|CS|TAMS 0x0000000094c00000, 0x0000000094c00000| Complete 
| 333|0x0000000094d00000, 0x0000000094e00000, 0x0000000094e00000|100%| E|CS|TAMS 0x0000000094d00000, 0x0000000094d00000| Complete 
| 334|0x0000000094e00000, 0x0000000094f00000, 0x0000000094f00000|100%| E|CS|TAMS 0x0000000094e00000, 0x0000000094e00000| Complete 
| 335|0x0000000094f00000, 0x0000000095000000, 0x0000000095000000|100%| E|CS|TAMS 0x0000000094f00000, 0x0000000094f00000| Complete 
| 336|0x0000000095000000, 0x0000000095100000, 0x0000000095100000|100%| E|CS|TAMS 0x0000000095000000, 0x0000000095000000| Complete 
| 337|0x0000000095100000, 0x0000000095200000, 0x0000000095200000|100%| E|CS|TAMS 0x0000000095100000, 0x0000000095100000| Complete 
| 338|0x0000000095200000, 0x0000000095300000, 0x0000000095300000|100%| E|CS|TAMS 0x0000000095200000, 0x0000000095200000| Complete 
| 339|0x0000000095300000, 0x0000000095400000, 0x0000000095400000|100%| E|CS|TAMS 0x0000000095300000, 0x0000000095300000| Complete 
| 340|0x0000000095400000, 0x0000000095500000, 0x0000000095500000|100%| E|CS|TAMS 0x0000000095400000, 0x0000000095400000| Complete 
| 341|0x0000000095500000, 0x0000000095600000, 0x0000000095600000|100%| E|CS|TAMS 0x0000000095500000, 0x0000000095500000| Complete 
| 342|0x0000000095600000, 0x0000000095700000, 0x0000000095700000|100%| E|CS|TAMS 0x0000000095600000, 0x0000000095600000| Complete 
| 343|0x0000000095700000, 0x0000000095800000, 0x0000000095800000|100%| E|CS|TAMS 0x0000000095700000, 0x0000000095700000| Complete 
| 344|0x0000000095800000, 0x0000000095900000, 0x0000000095900000|100%| E|CS|TAMS 0x0000000095800000, 0x0000000095800000| Complete 

Card table byte_map: [0x000001405b4d0000,0x000001405b8d0000] _byte_map_base: 0x000001405b0d0000

Marking Bits (Prev, Next): (CMBitMap*) 0x00000140467d6ca8, (CMBitMap*) 0x00000140467d6ce0
 Prev Bits: [0x000001405bcd0000, 0x000001405dcd0000)
 Next Bits: [0x000001405dcd0000, 0x000001405fcd0000)

Polling page: 0x0000014046870000

Metaspace:

Usage:
  Non-class:     92.68 MB capacity,    91.06 MB ( 98%) used,     1.30 MB (  1%) free+waste,   334.75 KB ( <1%) overhead. 
      Class:     14.41 MB capacity,    13.40 MB ( 93%) used,   888.25 KB (  6%) free+waste,   149.19 KB (  1%) overhead. 
       Both:    107.09 MB capacity,   104.45 MB ( 98%) used,     2.16 MB (  2%) free+waste,   483.94 KB ( <1%) overhead. 

Virtual space:
  Non-class space:       94.00 MB reserved,      92.75 MB ( 99%) committed 
      Class space:        1.00 GB reserved,      14.62 MB (  1%) committed 
             Both:        1.09 GB reserved,     107.37 MB ( 10%) committed 

Chunk freelists:
   Non-Class:  9.00 KB
       Class:  90.00 KB
        Both:  99.00 KB

MaxMetaspaceSize: 17179869184.00 GB
CompressedClassSpaceSize: 1.00 GB
Initial GC threshold: 20.80 MB
Current GC threshold: 178.95 MB
CDS: off

CodeHeap 'non-profiled nmethods': size=120064Kb used=9799Kb max_used=10223Kb free=110264Kb
 bounds [0x0000014053570000, 0x0000014053f80000, 0x000001405aab0000]
CodeHeap 'profiled nmethods': size=120000Kb used=33452Kb max_used=34216Kb free=86547Kb
 bounds [0x000001404c040000, 0x000001404e1b0000, 0x0000014053570000]
CodeHeap 'non-nmethods': size=5696Kb used=2404Kb max_used=2471Kb free=3291Kb
 bounds [0x000001404bab0000, 0x000001404bd20000, 0x000001404c040000]
 total_blobs=15297 nmethods=14371 adapters=837
 compilation: enabled
              stopped_count=0, restarted_count=0
 full_count=0

Compilation events (20 events):
Event: 72.672 Thread 0x0000014062355800 nmethod 15200 0x000001404c5f9190 code [0x000001404c5f9380, 0x000001404c5f9598]
Event: 72.672 Thread 0x0000014062355800 15198       2       com.android.tools.r8.internal.E::a (38 bytes)
Event: 72.672 Thread 0x0000014062355800 nmethod 15198 0x000001404c5f8910 code [0x000001404c5f8b00, 0x000001404c5f8d98]
Event: 72.707 Thread 0x000001406234d800 nmethod 15169 0x00000140535d4f90 code [0x00000140535d5220, 0x00000140535d6bc8]
Event: 72.707 Thread 0x000001406234d800 15175       4       com.android.tools.r8.internal.l8::a (79 bytes)
Event: 72.719 Thread 0x000001406234d800 nmethod 15175 0x0000014053595690 code [0x0000014053595840, 0x0000014053595c98]
Event: 72.719 Thread 0x000001406234d800 15133       4       com.android.tools.r8.ir.regalloc.b::a (108 bytes)
Event: 72.728 Thread 0x000001406234d800 nmethod 15133 0x0000014053594e10 code [0x0000014053595000, 0x0000014053595390]
Event: 72.728 Thread 0x000001406234d800 15146       4       com.android.tools.r8.ir.regalloc.c::a (139 bytes)
Event: 72.749 Thread 0x000001406234d800 nmethod 15146 0x0000014053594010 code [0x00000140535941e0, 0x0000014053594998]
Event: 72.749 Thread 0x000001406234d800 15142       4       com.android.tools.r8.internal.lY::T (57 bytes)
Event: 72.751 Thread 0x000001406234d800 nmethod 15142 0x00000140535d4a10 code [0x00000140535d4bc0, 0x00000140535d4cb8]
Event: 72.751 Thread 0x000001406234d800 15147       4       com.android.tools.r8.internal.h4::a (59 bytes)
Event: 72.752 Thread 0x000001406234d800 nmethod 15147 0x0000014053593d10 code [0x0000014053593ea0, 0x0000014053593f18]
Event: 72.752 Thread 0x000001406234d800 15143       4       java.util.ArrayDeque::iterator (9 bytes)
Event: 72.754 Thread 0x000001406234d800 nmethod 15143 0x0000014053618e10 code [0x0000014053618fc0, 0x00000140536190f8]
Event: 72.754 Thread 0x000001406234d800 15130       4       com.android.tools.r8.internal.MJ$b::n (6 bytes)
Event: 72.755 Thread 0x000001406234d800 nmethod 15130 0x00000140536c7890 code [0x00000140536c7a20, 0x00000140536c7a98]
Event: 72.755 Thread 0x000001406234d800 15131       4       com.android.tools.r8.internal.MJ$b$$Lambda$1680/0x0000000100decc40::a (5 bytes)
Event: 72.785 Thread 0x000001406234d800 nmethod 15131 0x0000014053617b90 code [0x0000014053617d80, 0x0000014053618588]

GC Heap History (20 events):
Event: 62.904 GC heap before
{Heap before GC invocations=42 (full 0):
 garbage-first heap   total 189440K, used 145100K [0x0000000080000000, 0x0000000100000000)
  region size 1024K, 26 young (26624K), 2 survivors (2048K)
 Metaspace       used 99589K, capacity 101929K, committed 102392K, reserved 1138688K
  class space    used 12785K, capacity 13661K, committed 13816K, reserved 1048576K
}
Event: 62.925 GC heap after
{Heap after GC invocations=43 (full 0):
 garbage-first heap   total 189440K, used 125368K [0x0000000080000000, 0x0000000100000000)
  region size 1024K, 4 young (4096K), 4 survivors (4096K)
 Metaspace       used 99589K, capacity 101929K, committed 102392K, reserved 1138688K
  class space    used 12785K, capacity 13661K, committed 13816K, reserved 1048576K
}
Event: 63.169 GC heap before
{Heap before GC invocations=44 (full 0):
 garbage-first heap   total 189440K, used 147896K [0x0000000080000000, 0x0000000100000000)
  region size 1024K, 27 young (27648K), 4 survivors (4096K)
 Metaspace       used 99635K, capacity 101994K, committed 102392K, reserved 1138688K
  class space    used 12790K, capacity 13661K, committed 13816K, reserved 1048576K
}
Event: 63.196 GC heap after
{Heap after GC invocations=45 (full 0):
 garbage-first heap   total 189440K, used 130048K [0x0000000080000000, 0x0000000100000000)
  region size 1024K, 4 young (4096K), 4 survivors (4096K)
 Metaspace       used 99635K, capacity 101994K, committed 102392K, reserved 1138688K
  class space    used 12790K, capacity 13661K, committed 13816K, reserved 1048576K
}
Event: 64.029 GC heap before
{Heap before GC invocations=45 (full 0):
 garbage-first heap   total 189440K, used 152576K [0x0000000080000000, 0x0000000100000000)
  region size 1024K, 26 young (26624K), 4 survivors (4096K)
 Metaspace       used 101399K, capacity 104010K, committed 104312K, reserved 1138688K
  class space    used 13091K, capacity 14089K, committed 14200K, reserved 1048576K
}
Event: 64.049 GC heap after
{Heap after GC invocations=46 (full 0):
 garbage-first heap   total 189440K, used 133505K [0x0000000080000000, 0x0000000100000000)
  region size 1024K, 4 young (4096K), 4 survivors (4096K)
 Metaspace       used 101399K, capacity 104010K, committed 104312K, reserved 1138688K
  class space    used 13091K, capacity 14089K, committed 14200K, reserved 1048576K
}
Event: 64.371 GC heap before
{Heap before GC invocations=46 (full 0):
 garbage-first heap   total 189440K, used 155009K [0x0000000080000000, 0x0000000100000000)
  region size 1024K, 25 young (25600K), 4 survivors (4096K)
 Metaspace       used 101405K, capacity 104014K, committed 104312K, reserved 1138688K
  class space    used 13091K, capacity 14089K, committed 14200K, reserved 1048576K
}
Event: 64.391 GC heap after
{Heap after GC invocations=47 (full 0):
 garbage-first heap   total 235520K, used 137601K [0x0000000080000000, 0x0000000100000000)
  region size 1024K, 4 young (4096K), 4 survivors (4096K)
 Metaspace       used 101405K, capacity 104014K, committed 104312K, reserved 1138688K
  class space    used 13091K, capacity 14089K, committed 14200K, reserved 1048576K
}
Event: 64.829 GC heap before
{Heap before GC invocations=47 (full 0):
 garbage-first heap   total 235520K, used 172417K [0x0000000080000000, 0x0000000100000000)
  region size 1024K, 38 young (38912K), 4 survivors (4096K)
 Metaspace       used 101410K, capacity 104011K, committed 104312K, reserved 1138688K
  class space    used 13091K, capacity 14088K, committed 14200K, reserved 1048576K
}
Event: 64.854 GC heap after
{Heap after GC invocations=48 (full 0):
 garbage-first heap   total 235520K, used 143827K [0x0000000080000000, 0x0000000100000000)
  region size 1024K, 5 young (5120K), 5 survivors (5120K)
 Metaspace       used 101410K, capacity 104011K, committed 104312K, reserved 1138688K
  class space    used 13091K, capacity 14088K, committed 14200K, reserved 1048576K
}
Event: 65.243 GC heap before
{Heap before GC invocations=49 (full 0):
 garbage-first heap   total 235520K, used 178643K [0x0000000080000000, 0x0000000100000000)
  region size 1024K, 39 young (39936K), 5 survivors (5120K)
 Metaspace       used 101445K, capacity 104066K, committed 104312K, reserved 1138688K
  class space    used 13101K, capacity 14128K, committed 14200K, reserved 1048576K
}
Event: 65.273 GC heap after
{Heap after GC invocations=50 (full 0):
 garbage-first heap   total 235520K, used 150528K [0x0000000080000000, 0x0000000100000000)
  region size 1024K, 5 young (5120K), 5 survivors (5120K)
 Metaspace       used 101445K, capacity 104066K, committed 104312K, reserved 1138688K
  class space    used 13101K, capacity 14128K, committed 14200K, reserved 1048576K
}
Event: 65.796 GC heap before
{Heap before GC invocations=50 (full 0):
 garbage-first heap   total 235520K, used 184320K [0x0000000080000000, 0x0000000100000000)
  region size 1024K, 38 young (38912K), 5 survivors (5120K)
 Metaspace       used 102209K, capacity 104878K, committed 104952K, reserved 1140736K
  class space    used 13251K, capacity 14292K, committed 14328K, reserved 1048576K
}
Event: 65.820 GC heap after
{Heap after GC invocations=51 (full 0):
 garbage-first heap   total 235520K, used 156525K [0x0000000080000000, 0x0000000100000000)
  region size 1024K, 5 young (5120K), 5 survivors (5120K)
 Metaspace       used 102209K, capacity 104878K, committed 104952K, reserved 1140736K
  class space    used 13251K, capacity 14292K, committed 14328K, reserved 1048576K
}
Event: 66.850 GC heap before
{Heap before GC invocations=51 (full 0):
 garbage-first heap   total 235520K, used 189293K [0x0000000080000000, 0x0000000100000000)
  region size 1024K, 37 young (37888K), 5 survivors (5120K)
 Metaspace       used 103099K, capacity 105657K, committed 106232K, reserved 1140736K
  class space    used 13335K, capacity 14283K, committed 14584K, reserved 1048576K
}
Event: 66.888 GC heap after
{Heap after GC invocations=52 (full 0):
 garbage-first heap   total 353280K, used 163359K [0x0000000080000000, 0x0000000100000000)
  region size 1024K, 5 young (5120K), 5 survivors (5120K)
 Metaspace       used 103099K, capacity 105657K, committed 106232K, reserved 1140736K
  class space    used 13335K, capacity 14283K, committed 14584K, reserved 1048576K
}
Event: 70.032 GC heap before
{Heap before GC invocations=53 (full 0):
 garbage-first heap   total 353280K, used 227871K [0x0000000080000000, 0x0000000100000000)
  region size 1024K, 69 young (70656K), 5 survivors (5120K)
 Metaspace       used 106051K, capacity 108757K, committed 109048K, reserved 1142784K
  class space    used 13669K, capacity 14704K, committed 14840K, reserved 1048576K
}
Event: 70.055 GC heap after
{Heap after GC invocations=54 (full 0):
 garbage-first heap   total 353280K, used 166782K [0x0000000080000000, 0x0000000100000000)
  region size 1024K, 3 young (3072K), 3 survivors (3072K)
 Metaspace       used 106051K, capacity 108757K, committed 109048K, reserved 1142784K
  class space    used 13669K, capacity 14704K, committed 14840K, reserved 1048576K
}
Event: 71.639 GC heap before
{Heap before GC invocations=54 (full 0):
 garbage-first heap   total 353280K, used 236414K [0x0000000080000000, 0x0000000100000000)
  region size 1024K, 71 young (72704K), 3 survivors (3072K)
 Metaspace       used 106808K, capacity 109534K, committed 109944K, reserved 1144832K
  class space    used 13717K, capacity 14763K, committed 14968K, reserved 1048576K
}
Event: 71.651 GC heap after
{Heap after GC invocations=55 (full 0):
 garbage-first heap   total 353280K, used 167111K [0x0000000080000000, 0x0000000100000000)
  region size 1024K, 4 young (4096K), 4 survivors (4096K)
 Metaspace       used 106808K, capacity 109534K, committed 109944K, reserved 1144832K
  class space    used 13717K, capacity 14763K, committed 14968K, reserved 1048576K
}

Deoptimization events (20 events):
Event: 71.347 Thread 0x0000014066aae000 Uncommon trap: trap_request=0xffffff4d fr.pc=0x0000014053f5435c relative=0x000000000000053c
Event: 71.348 Thread 0x0000014066aae000 Uncommon trap: reason=unstable_if action=reinterpret pc=0x0000014053f5435c method=com.android.tools.r8.ir.regalloc.c.d(I)Lcom/android/tools/r8/ir/regalloc/c; @ 126 c2
Event: 71.348 Thread 0x0000014066aae000 DEOPT PACKING pc=0x0000014053f5435c sp=0x00000008ea1f8cf0
Event: 71.348 Thread 0x0000014066aae000 DEOPT UNPACKING pc=0x000001404bafa1af sp=0x00000008ea1f8c90 mode 2
Event: 71.485 Thread 0x0000014064fbc800 Uncommon trap: trap_request=0xffffffde fr.pc=0x0000014053f3f584 relative=0x0000000000002aa4
Event: 71.485 Thread 0x0000014064fbc800 Uncommon trap: reason=class_check action=maybe_recompile pc=0x0000014053f3f584 method=com.android.tools.r8.internal.e8.a(ILjava/util/List;Lcom/android/tools/r8/internal/OO;)Lcom/android/tools/r8/internal/e8; @ 10 c2
Event: 71.485 Thread 0x0000014064fbc800 DEOPT PACKING pc=0x0000014053f3f584 sp=0x00000008e7ef2860
Event: 71.485 Thread 0x0000014064fbc800 DEOPT UNPACKING pc=0x000001404bafa1af sp=0x00000008e7ef27f0 mode 2
Event: 72.562 Thread 0x0000014064fbc800 Uncommon trap: trap_request=0xffffff76 fr.pc=0x000001405359eed0 relative=0x0000000000001430
Event: 72.566 Thread 0x0000014066aae000 Uncommon trap: trap_request=0xffffff76 fr.pc=0x000001405359eed0 relative=0x0000000000001430
Event: 72.566 Thread 0x0000014066aae000 Uncommon trap: reason=loop_limit_check action=maybe_recompile pc=0x000001405359eed0 method=com.android.tools.r8.internal.B.putAll(Ljava/util/Map;)V @ 31 c2
Event: 72.566 Thread 0x0000014066aae000 DEOPT PACKING pc=0x000001405359eed0 sp=0x00000008ea1f93e0
Event: 72.566 Thread 0x0000014066aae000 DEOPT UNPACKING pc=0x000001404bafa1af sp=0x00000008ea1f93c8 mode 2
Event: 72.582 Thread 0x0000014064fbc800 Uncommon trap: reason=loop_limit_check action=maybe_recompile pc=0x000001405359eed0 method=com.android.tools.r8.internal.B.putAll(Ljava/util/Map;)V @ 31 c2
Event: 72.582 Thread 0x0000014064fbc800 DEOPT PACKING pc=0x000001405359eed0 sp=0x00000008e7ef2cf0
Event: 72.582 Thread 0x0000014064fbc800 DEOPT UNPACKING pc=0x000001404bafa1af sp=0x00000008e7ef2cd8 mode 2
Event: 72.652 Thread 0x0000014064fbc800 Uncommon trap: trap_request=0xffffff7e fr.pc=0x000001405374bf5c relative=0x0000000000005edc
Event: 72.652 Thread 0x0000014064fbc800 Uncommon trap: reason=predicate action=maybe_recompile pc=0x000001405374bf5c method=com.android.tools.r8.internal.uJ.a(Lcom/android/tools/r8/internal/Ql;Ljava/util/Set;)Z @ 416 c2
Event: 72.652 Thread 0x0000014064fbc800 DEOPT PACKING pc=0x000001405374bf5c sp=0x00000008e7ef2630
Event: 72.652 Thread 0x0000014064fbc800 DEOPT UNPACKING pc=0x000001404bafa1af sp=0x00000008e7ef26c0 mode 2

Classes redefined (0 events):
No events

Internal exceptions (20 events):
Event: 59.903 Thread 0x000001406836f800 Exception <a 'java/lang/NoSuchMethodError'{0x0000000087ed09b0}: 'java.lang.Object java.lang.invoke.DirectMethodHandle$Holder.invokeStatic(java.lang.Object, long)'> (0x0000000087ed09b0) thrown at [./src/hotspot/share/interpreter/linkResolver.cpp, line 773]
Event: 59.903 Thread 0x000001406836f800 Exception <a 'java/lang/NoSuchMethodError'{0x0000000087ed7528}: 'java.lang.Object java.lang.invoke.Invokers$Holder.linkToTargetMethod(long, java.lang.Object)'> (0x0000000087ed7528) thrown at [./src/hotspot/share/interpreter/linkResolver.cpp, line 773]
Event: 61.502 Thread 0x0000014066aae000 Exception <a 'java/lang/IncompatibleClassChangeError'{0x0000000088b1b260}: Found class java.lang.Object, but interface was expected> (0x0000000088b1b260) thrown at [./src/hotspot/share/interpreter/linkResolver.cpp, line 839]
Event: 61.654 Thread 0x0000014064fbc800 Implicit null exception at 0x0000014053db5537 to 0x0000014053db585c
Event: 61.654 Thread 0x0000014064fbc800 Implicit null exception at 0x0000014053db5537 to 0x0000014053db585c
Event: 63.865 Thread 0x0000014066aa3800 Exception <a 'java/lang/NoSuchMethodError'{0x000000008b0566e0}: 'java.lang.Object java.lang.invoke.DirectMethodHandle$Holder.invokeStatic(java.lang.Object, int, java.lang.Object, java.lang.Object)'> (0x000000008b0566e0) thrown at [./src/hotspot/share/interpreter/linkResolver.cpp, line 773]
Event: 63.865 Thread 0x0000014066aae000 Exception <a 'java/lang/NoSuchMethodError'{0x000000008b03e040}: 'java.lang.Object java.lang.invoke.DirectMethodHandle$Holder.invokeStatic(java.lang.Object, int, java.lang.Object, java.lang.Object)'> (0x000000008b03e040) thrown at [./src/hotspot/share/interpreter/linkResolver.cpp, line 773]
Event: 63.865 Thread 0x000001406836f800 Exception <a 'java/lang/NoSuchMethodError'{0x000000008b074fd0}: 'java.lang.Object java.lang.invoke.DirectMethodHandle$Holder.invokeStatic(java.lang.Object, int, java.lang.Object, java.lang.Object)'> (0x000000008b074fd0) thrown at [./src/hotspot/share/interpreter/linkResolver.cpp, line 773]
Event: 63.865 Thread 0x0000014064fbc800 Exception <a 'java/lang/NoSuchMethodError'{0x000000008b01c408}: 'java.lang.Object java.lang.invoke.DirectMethodHandle$Holder.invokeStatic(java.lang.Object, int, java.lang.Object, java.lang.Object)'> (0x000000008b01c408) thrown at [./src/hotspot/share/interpreter/linkResolver.cpp, line 773]
Event: 65.734 Thread 0x0000014066aae000 Exception <a 'java/lang/IncompatibleClassChangeError'{0x000000008c85c3f8}: Found class java.lang.Object, but interface was expected> (0x000000008c85c3f8) thrown at [./src/hotspot/share/interpreter/linkResolver.cpp, line 839]
Event: 65.741 Thread 0x0000014066aae000 Exception <a 'java/lang/IncompatibleClassChangeError'{0x000000008c865330}: Found class java.lang.Object, but interface was expected> (0x000000008c865330) thrown at [./src/hotspot/share/interpreter/linkResolver.cpp, line 839]
Event: 65.741 Thread 0x0000014064fbc800 Exception <a 'java/lang/IncompatibleClassChangeError'{0x000000008c99b520}: Found class java.lang.Object, but interface was expected> (0x000000008c99b520) thrown at [./src/hotspot/share/interpreter/linkResolver.cpp, line 839]
Event: 66.158 Thread 0x0000014064fbc800 Exception <a 'java/lang/NoSuchMethodError'{0x000000008d876788}: 'void java.lang.invoke.DirectMethodHandle$Holder.invokeSpecial(java.lang.Object, java.lang.Object, int, java.lang.Object)'> (0x000000008d876788) thrown at [./src/hotspot/share/interpreter/linkResolver.cpp, line 773]
Event: 67.282 Thread 0x0000014064fbc800 Exception <a 'java/lang/NoSuchMethodError'{0x0000000094fc23c0}: 'java.lang.Object java.lang.invoke.DirectMethodHandle$Holder.newInvokeSpecial(java.lang.Object, int)'> (0x0000000094fc23c0) thrown at [./src/hotspot/share/interpreter/linkResolver.cpp, line 773]
Event: 68.922 Thread 0x0000014066aa3800 Implicit null exception at 0x00000140537231eb to 0x000001405372320c
Event: 70.200 Thread 0x0000014064fbc800 Exception <a 'java/lang/NoSuchMethodError'{0x0000000095201e60}: 'int java.lang.invoke.DirectMethodHandle$Holder.invokeInterface(java.lang.Object, java.lang.Object, int)'> (0x0000000095201e60) thrown at [./src/hotspot/share/interpreter/linkResolver.cpp, line 773]
Event: 70.378 Thread 0x0000014064fbc800 Exception <a 'java/lang/NoSuchMethodError'{0x0000000094fa8db8}: 'java.lang.Object java.lang.invoke.DirectMethodHandle$Holder.invokeSpecial(java.lang.Object, java.lang.Object, java.lang.Object, java.lang.Object, java.lang.Object, java.lang.Object, java.lang.Object, java.lang.Object, java.lang.Object, java.lang.Object, java.lang.Object)'> (0x0000000094fa8db8) thrown at [./src/hotspot/share/interpreter/linkResolver.cpp, line 773]
Event: 70.381 Thread 0x0000014064fbc800 Exception <a 'java/lang/NoSuchMethodError'{0x0000000094fb5748}: 'java.lang.Object java.lang.invoke.Invokers$Holder.linkToTargetMethod(java.lang.Object, java.lang.Object, java.lang.Object, java.lang.Object, java.lang.Object, java.lang.Object, java.lang.Object, java.lang.Object, java.lang.Object, java.lang.Object)'> (0x0000000094fb5748) thrown at [./src/hotspot/share/interpreter/linkResolver.cpp, line 773]
Event: 70.536 Thread 0x0000014064fbc800 Exception <a 'java/lang/IncompatibleClassChangeError'{0x0000000094911e38}: Found class java.lang.Object, but interface was expected> (0x0000000094911e38) thrown at [./src/hotspot/share/interpreter/linkResolver.cpp, line 839]
Event: 70.551 Thread 0x0000014064fbc800 Exception <a 'java/lang/NoSuchMethodError'{0x0000000094939288}: 'void java.lang.invoke.DirectMethodHandle$Holder.invokeSpecialIFC(java.lang.Object, java.lang.Object, java.lang.Object, java.lang.Object)'> (0x0000000094939288) thrown at [./src/hotspot/share/interpreter/linkResolver.cpp, line 773]

Events (20 events):
Event: 71.741 loading class com/android/tools/r8/internal/lV
Event: 71.741 loading class com/android/tools/r8/internal/lV done
Event: 71.742 loading class com/android/tools/r8/code/L0
Event: 71.742 loading class com/android/tools/r8/code/L0 done
Event: 71.742 loading class com/android/tools/r8/code/L0
Event: 71.742 loading class com/android/tools/r8/code/L0 done
Event: 71.746 loading class com/android/tools/r8/code/L0
Event: 71.746 loading class com/android/tools/r8/code/L0 done
Event: 71.746 loading class com/android/tools/r8/code/L0
Event: 71.746 loading class com/android/tools/r8/code/L0 done
Event: 72.347 Executing VM operation: CGC_Operation
Event: 72.385 Executing VM operation: CGC_Operation done
Event: 72.390 Executing VM operation: ICBufferFull
Event: 72.390 Executing VM operation: ICBufferFull done
Event: 72.430 Executing VM operation: ICBufferFull
Event: 72.430 Executing VM operation: ICBufferFull done
Event: 72.446 loading class com/android/tools/r8/internal/k8
Event: 72.446 loading class com/android/tools/r8/internal/k8 done
Event: 72.502 Executing VM operation: ICBufferFull
Event: 72.558 Executing VM operation: ICBufferFull done


Dynamic libraries:
0x00007ff733e10000 - 0x00007ff733e1a000 	D:\Android Studio\jre\bin\java.exe
0x00007ffd8e210000 - 0x00007ffd8e408000 	C:\WINDOWS\SYSTEM32\ntdll.dll
0x00007ffd7fa00000 - 0x00007ffd7fa17000 	C:\Program Files\Avast Software\Avast\aswhook.dll
0x00007ffd8c430000 - 0x00007ffd8c4ed000 	C:\WINDOWS\System32\KERNEL32.DLL
0x00007ffd8bd40000 - 0x00007ffd8c00e000 	C:\WINDOWS\System32\KERNELBASE.dll
0x00007ffd8ba70000 - 0x00007ffd8bb70000 	C:\WINDOWS\System32\ucrtbase.dll
0x00007ffd66aa0000 - 0x00007ffd66ab7000 	D:\Android Studio\jre\bin\VCRUNTIME140.dll
0x00007ffd7a1d0000 - 0x00007ffd7a1e9000 	D:\Android Studio\jre\bin\jli.dll
0x00007ffd8c4f0000 - 0x00007ffd8c690000 	C:\WINDOWS\System32\USER32.dll
0x00007ffd8c1a0000 - 0x00007ffd8c1c2000 	C:\WINDOWS\System32\win32u.dll
0x00007ffd63ee0000 - 0x00007ffd6417a000 	C:\WINDOWS\WinSxS\amd64_microsoft.windows.common-controls_6595b64144ccf1df_6.0.19041.1110_none_60b5254171f9507e\COMCTL32.dll
0x00007ffd8d3d0000 - 0x00007ffd8d3fa000 	C:\WINDOWS\System32\GDI32.dll
0x00007ffd8d400000 - 0x00007ffd8d49e000 	C:\WINDOWS\System32\msvcrt.dll
0x00007ffd8b930000 - 0x00007ffd8ba3b000 	C:\WINDOWS\System32\gdi32full.dll
0x00007ffd8c1d0000 - 0x00007ffd8c26d000 	C:\WINDOWS\System32\msvcp_win.dll
0x00007ffd8c400000 - 0x00007ffd8c430000 	C:\WINDOWS\System32\IMM32.DLL
0x00007ffd3f230000 - 0x00007ffd3f2cd000 	D:\Android Studio\jre\bin\msvcp140.dll
0x00007ffd307c0000 - 0x00007ffd312a5000 	D:\Android Studio\jre\bin\server\jvm.dll
0x00007ffd8d800000 - 0x00007ffd8d8ae000 	C:\WINDOWS\System32\ADVAPI32.dll
0x00007ffd8cb00000 - 0x00007ffd8cb9c000 	C:\WINDOWS\System32\sechost.dll
0x00007ffd8d8b0000 - 0x00007ffd8d9d5000 	C:\WINDOWS\System32\RPCRT4.dll
0x00007ffd8df30000 - 0x00007ffd8df38000 	C:\WINDOWS\System32\PSAPI.DLL
0x00007ffd79220000 - 0x00007ffd79229000 	C:\WINDOWS\SYSTEM32\WSOCK32.dll
0x00007ffd74420000 - 0x00007ffd74447000 	C:\WINDOWS\SYSTEM32\WINMM.dll
0x00007ffd7ed70000 - 0x00007ffd7ed7a000 	C:\WINDOWS\SYSTEM32\VERSION.dll
0x00007ffd8cba0000 - 0x00007ffd8cc0b000 	C:\WINDOWS\System32\WS2_32.dll
0x00007ffd8a450000 - 0x00007ffd8a462000 	C:\WINDOWS\SYSTEM32\kernel.appcore.dll
0x00007ffd54d30000 - 0x00007ffd54d41000 	D:\Android Studio\jre\bin\verify.dll
0x00007ffd7e8b0000 - 0x00007ffd7ea94000 	C:\WINDOWS\SYSTEM32\DBGHELP.DLL
0x00007ffd7e880000 - 0x00007ffd7e8ac000 	C:\WINDOWS\SYSTEM32\dbgcore.DLL
0x00007ffd8c010000 - 0x00007ffd8c092000 	C:\WINDOWS\System32\bcryptPrimitives.dll
0x00007ffd53db0000 - 0x00007ffd53dd9000 	D:\Android Studio\jre\bin\java.dll
0x00007ffd66a90000 - 0x00007ffd66a9b000 	D:\Android Studio\jre\bin\jimage.dll
0x00007ffd54d10000 - 0x00007ffd54d28000 	D:\Android Studio\jre\bin\zip.dll
0x00007ffd8cc20000 - 0x00007ffd8d363000 	C:\WINDOWS\System32\SHELL32.dll
0x00007ffd897f0000 - 0x00007ffd89f85000 	C:\WINDOWS\SYSTEM32\windows.storage.dll
0x00007ffd8d4a0000 - 0x00007ffd8d7f4000 	C:\WINDOWS\System32\combase.dll
0x00007ffd8b320000 - 0x00007ffd8b350000 	C:\WINDOWS\SYSTEM32\Wldp.dll
0x00007ffd8c2d0000 - 0x00007ffd8c37d000 	C:\WINDOWS\System32\SHCORE.dll
0x00007ffd8c690000 - 0x00007ffd8c6e5000 	C:\WINDOWS\System32\shlwapi.dll
0x00007ffd8b870000 - 0x00007ffd8b88f000 	C:\WINDOWS\SYSTEM32\profapi.dll
0x00007ffd53170000 - 0x00007ffd5318a000 	D:\Android Studio\jre\bin\net.dll
0x00007ffd7dc20000 - 0x00007ffd7dd2a000 	C:\WINDOWS\SYSTEM32\WINHTTP.dll
0x00007ffd8b020000 - 0x00007ffd8b08a000 	C:\WINDOWS\system32\mswsock.dll
0x00007ffd53150000 - 0x00007ffd53164000 	D:\Android Studio\jre\bin\nio.dll
0x00007ffd7a0d0000 - 0x00007ffd7a0f7000 	C:\Users\LENOVO\Desktop\GRADLE\gradle-6.1.1\native\e1d6ef7f7dcc3fd88c89a11ec53ec762bb8ba0a96d01ffa2cd45eb1d1d8dd5c5\windows-amd64\native-platform.dll
0x00007ffd439a0000 - 0x00007ffd43ae4000 	C:\Users\LENOVO\Desktop\GRADLE\gradle-6.1.1\native\5664cfc778a61ccfe75a443a1ab52a65af34e5dc3c78e0209fed803814484fcb\windows-amd64\native-platform-file-events.dll
0x00007ffd669a0000 - 0x00007ffd669aa000 	D:\Android Studio\jre\bin\management.dll
0x00007ffd63e40000 - 0x00007ffd63e4d000 	D:\Android Studio\jre\bin\management_ext.dll
0x00007ffd8b270000 - 0x00007ffd8b288000 	C:\WINDOWS\SYSTEM32\CRYPTSP.dll
0x00007ffd8a9a0000 - 0x00007ffd8a9d4000 	C:\WINDOWS\system32\rsaenh.dll
0x00007ffd8ba40000 - 0x00007ffd8ba67000 	C:\WINDOWS\System32\bcrypt.dll
0x00007ffd8b7f0000 - 0x00007ffd8b81e000 	C:\WINDOWS\SYSTEM32\USERENV.dll
0x00007ffd8b290000 - 0x00007ffd8b29c000 	C:\WINDOWS\SYSTEM32\CRYPTBASE.dll
0x00007ffd8ad10000 - 0x00007ffd8ad4b000 	C:\WINDOWS\SYSTEM32\IPHLPAPI.DLL
0x00007ffd8df40000 - 0x00007ffd8df48000 	C:\WINDOWS\System32\NSI.dll
0x00007ffd7ed50000 - 0x00007ffd7ed67000 	C:\WINDOWS\SYSTEM32\dhcpcsvc6.DLL
0x00007ffd7ebc0000 - 0x00007ffd7ebdd000 	C:\WINDOWS\SYSTEM32\dhcpcsvc.DLL
0x00007ffd8ad50000 - 0x00007ffd8ae1a000 	C:\WINDOWS\SYSTEM32\DNSAPI.dll

dbghelp: loaded successfully - version: 4.0.5 - missing functions: none
symbol engine: initialized successfully - sym options: 0x614 - pdb path: .;D:\Android Studio\jre\bin;C:\WINDOWS\SYSTEM32;C:\Program Files\Avast Software\Avast;C:\WINDOWS\WinSxS\amd64_microsoft.windows.common-controls_6595b64144ccf1df_6.0.19041.1110_none_60b5254171f9507e;D:\Android Studio\jre\bin\server;C:\Users\LENOVO\Desktop\GRADLE\gradle-6.1.1\native\e1d6ef7f7dcc3fd88c89a11ec53ec762bb8ba0a96d01ffa2cd45eb1d1d8dd5c5\windows-amd64;C:\Users\LENOVO\Desktop\GRADLE\gradle-6.1.1\native\5664cfc778a61ccfe75a443a1ab52a65af34e5dc3c78e0209fed803814484fcb\windows-amd64

VM Arguments:
jvm_args: --add-opens=java.base/java.util=ALL-UNNAMED --add-opens=java.base/java.lang=ALL-UNNAMED --add-opens=java.base/java.lang.invoke=ALL-UNNAMED --add-opens=java.base/java.util=ALL-UNNAMED --add-opens=java.prefs/java.util.prefs=ALL-UNNAMED --add-opens=java.prefs/java.util.prefs=ALL-UNNAMED --add-opens=java.base/java.nio.charset=ALL-UNNAMED --add-opens=java.base/java.net=ALL-UNNAMED --add-opens=java.base/java.util.concurrent.atomic=ALL-UNNAMED -Xmx2048m -Dfile.encoding=UTF-8 -Duser.country=FR -Duser.language=fr -Duser.variant 
java_command: org.gradle.launcher.daemon.bootstrap.GradleDaemon 7.3.3
java_class_path (initial): C:\Users\LENOVO\Desktop\GRADLE\gradle-6.1.1\wrapper\dists\gradle-7.3.3-bin\6a41zxkdtcxs8rphpq6y0069z\gradle-7.3.3\lib\gradle-launcher-7.3.3.jar
Launcher Type: SUN_STANDARD

[Global flags]
     intx CICompilerCount                          = 3                                         {product} {ergonomic}
     uint ConcGCThreads                            = 1                                         {product} {ergonomic}
     uint G1ConcRefinementThreads                  = 4                                         {product} {ergonomic}
   size_t G1HeapRegionSize                         = 1048576                                   {product} {ergonomic}
    uintx GCDrainStackTargetSize                   = 64                                        {product} {ergonomic}
   size_t InitialHeapSize                          = 134217728                                 {product} {ergonomic}
   size_t MarkStackSize                            = 4194304                                   {product} {ergonomic}
   size_t MaxHeapSize                              = 2147483648                                {product} {command line}
   size_t MaxNewSize                               = 1287651328                                {product} {ergonomic}
   size_t MinHeapDeltaBytes                        = 1048576                                   {product} {ergonomic}
    uintx NonNMethodCodeHeapSize                   = 5830732                                {pd product} {ergonomic}
    uintx NonProfiledCodeHeapSize                  = 122913754                              {pd product} {ergonomic}
    uintx ProfiledCodeHeapSize                     = 122913754                              {pd product} {ergonomic}
    uintx ReservedCodeCacheSize                    = 251658240                              {pd product} {ergonomic}
     bool SegmentedCodeCache                       = true                                      {product} {ergonomic}
     bool UseCompressedClassPointers               = true                                 {lp64_product} {ergonomic}
     bool UseCompressedOops                        = true                                 {lp64_product} {ergonomic}
     bool UseG1GC                                  = true                                      {product} {ergonomic}
     bool UseLargePagesIndividualAllocation        = false                                  {pd product} {ergonomic}

Logging:
Log output configuration:
 #0: stdout all=warning uptime,level,tags
 #1: stderr all=off uptime,level,tags

Environment Variables:
PATH=C:\Program Files\Eclipse Foundation\jdk-8.0.302.8-hotspot\bin;C:\Program Files\Microsoft\jdk-11.0.12.7-hotspot\bin;D:\flutter vs dart\dart-sdk\bin;C:\Program Files (x86)\Common Files\Intel\Shared Libraries\redist\intel64_win\compiler;C:\ProgramData\Oracle\Java\javapath;C:\WINDOWS\system32;C:\WINDOWS;C:\WINDOWS\System32\Wbem;C:\WINDOWS\System32\WindowsPowerShell\v1.0\;C:\WINDOWS\System32\OpenSSH\;C:\Users\LENOVO\.dnx\bin;C:\Program Files\Microsoft DNX\Dnvm\;C:\Program Files\Microsoft SQL Server\120\Tools\Binn\;C:\Users\LENOVO\Desktop\Programme Java\jdk-17.0.1\bin\;D:\Dart\dart-sdk\bin;C:\Program Files (x86)\Microsoft SQL Server\150\Tools\Binn\;C:\Program Files\Microsoft SQL Server\150\Tools\Binn\;C:\Program Files (x86)\Microsoft SQL Server\150\DTS\Binn\;C:\Program Files\Microsoft SQL Server\150\DTS\Binn\;C:\Program Files\Microsoft SQL Server\Client SDK\ODBC\170\Tools\Binn\;C:\Program Files\Azure Data Studio\bin;D:\flutter vs dart\flutter\bin;C:\Program Files\dotnet\;C:\ProgramData\chocolatey\bin;C:\sqlite;D:\php-8\php-8.1.9-src;C:\Program Files\Git\cmd;C:\Users\LENOVO\.dnx\bin;C:\Users\LENOVO\.dotnet\tools;C:\Users\LENOVO\.dotnet\tools;D:\visual studio code\Microsoft VS Code\bin;D:\;D:\flutter vs dart\flutter\bin;C:\Users\LENOVO\Downloads\android\platform-tools;D:\Intellij Idea\IntelliJ IDEA Community Edition 2022.2.2\bin;;D:\Android Studio\jre\bin;C:\Program Files\Java\jdk1.8.0_341\bin;C:\Program Files\Microsoft\jdk-11.0.12.7-hotspot\bin;C:\Program Files\Java\jre1.8.0_341;C:\Program Files\Microsoft\jdk-11.0.12.7-hotspot\bin\server;C:\Spring boot\spring-2.7.3\bin;;D:\Intellij Idea\IntelliJ IDEA 2022.2.2\bin;;D:\PhpStorm\PhpStorm 2022.2.1\bin;
USERNAME=LENOVO
OS=Windows_NT
PROCESSOR_IDENTIFIER=Intel64 Family 6 Model 142 Stepping 9, GenuineIntel



---------------  S Y S T E M  ---------------

OS: Windows 10 , 64 bit Build 19041 (10.0.19041.1889)
OS uptime: 0 days 12:05 hours

CPU:total 4 (initial active 4) (2 cores per cpu, 2 threads per core) family 6 model 142 stepping 9 microcode 0xb4, cmov, cx8, fxsr, mmx, sse, sse2, sse3, ssse3, sse4.1, sse4.2, popcnt, avx, avx2, aes, clmul, erms, 3dnowpref, lzcnt, ht, tsc, tscinvbit, bmi1, bmi2, adx, fma

Memory: 4k page, system-wide physical 8073M (374M free)
TotalPageFile size 13073M (AvailPageFile size 2M)
current process WorkingSet (physical memory assigned to process): 660M, peak: 660M
current process commit charge ("private bytes"): 754M, peak: 761M

vm_info: OpenJDK 64-Bit Server VM (11.0.12+7-b1504.28-7817840) for windows-amd64 JRE (11.0.12+7-b1504.28-7817840), built on Oct 13 2021 22:12:33 by "builder" with MS VC++ 14.0 (VS2015)

END.
