#
# There is insufficient memory for the Java Runtime Environment to continue.
# Native memory allocation (malloc) failed to allocate 1411536 bytes for Chunk::new
# Possible reasons:
#   The system is out of physical RAM or swap space
#   The process is running with CompressedOops enabled, and the Java Heap may be blocking the growth of the native heap
# Possible solutions:
#   Reduce memory load on the system
#   Increase physical memory or swap space
#   Check if swap backing store is full
#   Decrease Java heap size (-Xmx/-Xms)
#   Decrease number of Java threads
#   Decrease Java thread stack sizes (-Xss)
#   Set larger code cache with -XX:ReservedCodeCacheSize=
#   JVM is running with Unscaled Compressed Oops mode in which the Java heap is
#     placed in the first 4GB address space. The Java Heap base address is the
#     maximum limit for the native heap growth. Please use -XX:HeapBaseMinAddress
#     to set the Java Heap base and to place the Java Heap above 4GB virtual address.
# This output file may be truncated or incomplete.
#
#  Out of Memory Error (./src/hotspot/share/memory/arena.cpp:197), pid=15824, tid=16908
#
# JRE version: OpenJDK Runtime Environment (11.0.12+7) (build 11.0.12+7-b1504.28-7817840)
# Java VM: OpenJDK 64-Bit Server VM (11.0.12+7-b1504.28-7817840, mixed mode, tiered, compressed oops, g1 gc, windows-amd64)
# No core dump will be written. Minidumps are not enabled by default on client versions of Windows
#

---------------  S U M M A R Y ------------

Command Line: --add-opens=java.base/java.util=ALL-UNNAMED --add-opens=java.base/java.lang=ALL-UNNAMED --add-opens=java.base/java.lang.invoke=ALL-UNNAMED --add-opens=java.base/java.util=ALL-UNNAMED --add-opens=java.prefs/java.util.prefs=ALL-UNNAMED --add-opens=java.prefs/java.util.prefs=ALL-UNNAMED --add-opens=java.base/java.nio.charset=ALL-UNNAMED --add-opens=java.base/java.net=ALL-UNNAMED --add-opens=java.base/java.util.concurrent.atomic=ALL-UNNAMED -Xmx2048m -Dfile.encoding=UTF-8 -Duser.country=FR -Duser.language=fr -Duser.variant org.gradle.launcher.daemon.bootstrap.GradleDaemon 7.3.3

Host: Intel(R) Core(TM) i3-7100U CPU @ 2.40GHz, 4 cores, 7G,  Windows 10 , 64 bit Build 19041 (10.0.19041.2251)
Time: Thu Nov 17 11:02:24 2022 Temps universel coordonné elapsed time: 68.694790 seconds (0d 0h 1m 8s)

---------------  T H R E A D  ---------------

Current thread (0x000001b8d14b4800):  JavaThread "C2 CompilerThread0" daemon [_thread_in_native, id=16908, stack(0x0000008b8b000000,0x0000008b8b100000)]


Current CompileTask:
C2:  68694 13006       4       java.lang.reflect.Method::invoke (65 bytes)

Stack: [0x0000008b8b000000,0x0000008b8b100000]
Native frames: (J=compiled Java code, j=interpreted, Vv=VM code, C=native code)
V  [jvm.dll+0x5fbcea]
V  [jvm.dll+0x731905]
V  [jvm.dll+0x732f1d]
V  [jvm.dll+0x7335d3]
V  [jvm.dll+0x247bf8]
V  [jvm.dll+0xc018c]
V  [jvm.dll+0xc06cc]
V  [jvm.dll+0x35b31d]
V  [jvm.dll+0x328803]
V  [jvm.dll+0x327cfa]
V  [jvm.dll+0x200602]
V  [jvm.dll+0x1ff794]
V  [jvm.dll+0x18868c]
V  [jvm.dll+0x20e0d7]
V  [jvm.dll+0x20c901]
V  [jvm.dll+0x6f9b7f]
V  [jvm.dll+0x6f26a5]
V  [jvm.dll+0x5fabf6]
C  [ucrtbase.dll+0x21bb2]
C  [KERNEL32.DLL+0x174b4]
C  [ntdll.dll+0x526a1]


---------------  P R O C E S S  ---------------

Threads class SMR info:
_java_thread_list=0x000001b8d7c11630, length=91, elements={
0x000001b8b7894000, 0x000001b8d1488000, 0x000001b8d148a000, 0x000001b8d14a7800,
0x000001b8d14a9000, 0x000001b8d14ac800, 0x000001b8d14b4800, 0x000001b8d14be800,
0x000001b8d14c0000, 0x000001b8d1f87000, 0x000001b8d305d800, 0x000001b8d4c2b000,
0x000001b8d21fc800, 0x000001b8d4f3b800, 0x000001b8d354e800, 0x000001b8d33ee800,
0x000001b8d3ebd000, 0x000001b8d4f51800, 0x000001b8d4f45000, 0x000001b8d4f49000,
0x000001b8d4f4a800, 0x000001b8d4f4b800, 0x000001b8d4f4a000, 0x000001b8d4f46000,
0x000001b8d4f46800, 0x000001b8d4f47800, 0x000001b8d4f48000, 0x000001b8d2dd5000,
0x000001b8d2dd6800, 0x000001b8d2dd7800, 0x000001b8d2dd9000, 0x000001b8d2dda000,
0x000001b8d2dd4000, 0x000001b8d2dde800, 0x000001b8d2ddd000, 0x000001b8d2dda800,
0x000001b8d2de1000, 0x000001b8d2de0800, 0x000001b8d2ddf800, 0x000001b8d2ddb800,
0x000001b8d2de2000, 0x000001b8d2dde000, 0x000001b8d2ddc800, 0x000001b8d59cb000,
0x000001b8d59c5800, 0x000001b8d59cc000, 0x000001b8d59c8000, 0x000001b8d59c6000,
0x000001b8d59c8800, 0x000001b8d59c9800, 0x000001b8d59ca000, 0x000001b8d59cc800,
0x000001b8d59c7000, 0x000001b8d59ce800, 0x000001b8d59d2800, 0x000001b8d59d1800,
0x000001b8d59d3000, 0x000001b8d59cd800, 0x000001b8d59d4000, 0x000001b8d59d0800,
0x000001b8d59d0000, 0x000001b8d59cf000, 0x000001b8d5852800, 0x000001b8d5850000,
0x000001b8d5853800, 0x000001b8d5854800, 0x000001b8d5855000, 0x000001b8d584f800,
0x000001b8d5857000, 0x000001b8d5856000, 0x000001b8d5851000, 0x000001b8d5857800,
0x000001b8d5852000, 0x000001b8d5859000, 0x000001b8d5858800, 0x000001b8d585b800,
0x000001b8d585a000, 0x000001b8d585b000, 0x000001b8d585c800, 0x000001b8d585d800,
0x000001b8d82ba800, 0x000001b8d82bc000, 0x000001b8d82be800, 0x000001b8d82bd800,
0x000001b8d82bf800, 0x000001b8d82bb000, 0x000001b8d82bd000, 0x000001b8d82b9800,
0x000001b8d82c0000, 0x000001b8d82c6000, 0x000001b8d82c2800
}

Java Threads: ( => current thread )
  0x000001b8b7894000 JavaThread "main" [_thread_blocked, id=11320, stack(0x0000008b8a400000,0x0000008b8a500000)]
  0x000001b8d1488000 JavaThread "Reference Handler" daemon [_thread_blocked, id=21196, stack(0x0000008b8ab00000,0x0000008b8ac00000)]
  0x000001b8d148a000 JavaThread "Finalizer" daemon [_thread_blocked, id=14508, stack(0x0000008b8ac00000,0x0000008b8ad00000)]
  0x000001b8d14a7800 JavaThread "Signal Dispatcher" daemon [_thread_blocked, id=6588, stack(0x0000008b8ad00000,0x0000008b8ae00000)]
  0x000001b8d14a9000 JavaThread "Attach Listener" daemon [_thread_blocked, id=19040, stack(0x0000008b8ae00000,0x0000008b8af00000)]
  0x000001b8d14ac800 JavaThread "Service Thread" daemon [_thread_blocked, id=3860, stack(0x0000008b8af00000,0x0000008b8b000000)]
=>0x000001b8d14b4800 JavaThread "C2 CompilerThread0" daemon [_thread_in_native, id=16908, stack(0x0000008b8b000000,0x0000008b8b100000)]
  0x000001b8d14be800 JavaThread "C1 CompilerThread0" daemon [_thread_blocked, id=17628, stack(0x0000008b8b100000,0x0000008b8b200000)]
  0x000001b8d14c0000 JavaThread "Sweeper thread" daemon [_thread_blocked, id=17908, stack(0x0000008b8b200000,0x0000008b8b300000)]
  0x000001b8d1f87000 JavaThread "Common-Cleaner" daemon [_thread_blocked, id=5956, stack(0x0000008b8b300000,0x0000008b8b400000)]
  0x000001b8d305d800 JavaThread "Daemon health stats" [_thread_blocked, id=18688, stack(0x0000008b8b800000,0x0000008b8b900000)]
  0x000001b8d4c2b000 JavaThread "Incoming local TCP Connector on port 16025" [_thread_in_native, id=2884, stack(0x0000008b8b500000,0x0000008b8b600000)]
  0x000001b8d21fc800 JavaThread "Daemon periodic checks" [_thread_blocked, id=21388, stack(0x0000008b8b900000,0x0000008b8ba00000)]
  0x000001b8d4f3b800 JavaThread "Daemon" [_thread_blocked, id=17604, stack(0x0000008b8ba00000,0x0000008b8bb00000)]
  0x000001b8d354e800 JavaThread "Handler for socket connection from /127.0.0.1:16025 to /127.0.0.1:16026" [_thread_in_native, id=776, stack(0x0000008b8bb00000,0x0000008b8bc00000)]
  0x000001b8d33ee800 JavaThread "Cancel handler" [_thread_blocked, id=9128, stack(0x0000008b8bc00000,0x0000008b8bd00000)]
  0x000001b8d3ebd000 JavaThread "Daemon worker" [_thread_blocked, id=9316, stack(0x0000008b8bd00000,0x0000008b8be00000)]
  0x000001b8d4f51800 JavaThread "Asynchronous log dispatcher for DefaultDaemonConnection: socket connection from /127.0.0.1:16025 to /127.0.0.1:16026" [_thread_blocked, id=21424, stack(0x0000008b8be00000,0x0000008b8bf00000)]
  0x000001b8d4f45000 JavaThread "Daemon client event forwarder" [_thread_blocked, id=17388, stack(0x0000008b8c000000,0x0000008b8c100000)]
  0x000001b8d4f49000 JavaThread "Cache worker for journal cache (C:\Users\LENOVO\Desktop\GRADLE\gradle-6.1.1\caches\journal-1)" [_thread_blocked, id=15212, stack(0x0000008b8c200000,0x0000008b8c300000)]
  0x000001b8d4f4a800 JavaThread "File lock request listener" [_thread_in_native, id=11936, stack(0x0000008b8c300000,0x0000008b8c400000)]
  0x000001b8d4f4b800 JavaThread "Cache worker for file hash cache (C:\Users\LENOVO\Desktop\GRADLE\gradle-6.1.1\caches\7.3.3\fileHashes)" [_thread_blocked, id=17188, stack(0x0000008b8c400000,0x0000008b8c500000)]
  0x000001b8d4f4a000 JavaThread "Cache worker for file hash cache (D:\Program Files\Grafco3\.gradle\7.3.3\fileHashes)" [_thread_blocked, id=16820, stack(0x0000008b8c600000,0x0000008b8c700000)]
  0x000001b8d4f46000 JavaThread "File watcher server" daemon [_thread_in_native, id=668, stack(0x0000008b8c700000,0x0000008b8c800000)]
  0x000001b8d4f46800 JavaThread "File watcher consumer" daemon [_thread_blocked, id=20404, stack(0x0000008b8c800000,0x0000008b8c900000)]
  0x000001b8d4f47800 JavaThread "Cache worker for checksums cache (D:\Program Files\Grafco3\.gradle\7.3.3\checksums)" [_thread_blocked, id=17248, stack(0x0000008b8c900000,0x0000008b8ca00000)]
  0x000001b8d4f48000 JavaThread "Cache worker for cache directory md-supplier (C:\Users\LENOVO\Desktop\GRADLE\gradle-6.1.1\caches\7.3.3\md-supplier)" [_thread_blocked, id=18016, stack(0x0000008b8ca00000,0x0000008b8cb00000)]
  0x000001b8d2dd5000 JavaThread "Cache worker for cache directory md-rule (C:\Users\LENOVO\Desktop\GRADLE\gradle-6.1.1\caches\7.3.3\md-rule)" [_thread_blocked, id=15028, stack(0x0000008b8cb00000,0x0000008b8cc00000)]
  0x000001b8d2dd6800 JavaThread "Cache worker for execution history cache (C:\Users\LENOVO\Desktop\GRADLE\gradle-6.1.1\caches\7.3.3\executionHistory)" [_thread_blocked, id=14536, stack(0x0000008b8cc00000,0x0000008b8cd00000)]
  0x000001b8d2dd7800 JavaThread "jar transforms" [_thread_blocked, id=13572, stack(0x0000008b8cd00000,0x0000008b8ce00000)]
  0x000001b8d2dd9000 JavaThread "Cache worker for file content cache (C:\Users\LENOVO\Desktop\GRADLE\gradle-6.1.1\caches\7.3.3\fileContent)" [_thread_blocked, id=16748, stack(0x0000008b8ce00000,0x0000008b8cf00000)]
  0x000001b8d2dda000 JavaThread "jar transforms Thread 2" [_thread_blocked, id=7372, stack(0x0000008b8cf00000,0x0000008b8d000000)]
  0x000001b8d2dd4000 JavaThread "Cache worker for dependencies-accessors (D:\Program Files\Grafco3\.gradle\7.3.3\dependencies-accessors)" [_thread_blocked, id=11852, stack(0x0000008b8d000000,0x0000008b8d100000)]
  0x000001b8d2dde800 JavaThread "jar transforms Thread 3" [_thread_blocked, id=9360, stack(0x0000008b8c500000,0x0000008b8c600000)]
  0x000001b8d2ddd000 JavaThread "Cache worker for Build Output Cleanup Cache (D:\Program Files\Grafco3\.gradle\buildOutputCleanup)" [_thread_blocked, id=15896, stack(0x0000008b8d200000,0x0000008b8d300000)]
  0x000001b8d2dda800 JavaThread "Unconstrained build operations" [_thread_blocked, id=16000, stack(0x0000008b8d300000,0x0000008b8d400000)]
  0x000001b8d2de1000 JavaThread "Unconstrained build operations Thread 2" [_thread_blocked, id=12924, stack(0x0000008b8d400000,0x0000008b8d500000)]
  0x000001b8d2de0800 JavaThread "Unconstrained build operations Thread 3" [_thread_blocked, id=16812, stack(0x0000008b8d500000,0x0000008b8d600000)]
  0x000001b8d2ddf800 JavaThread "Unconstrained build operations Thread 4" [_thread_blocked, id=19532, stack(0x0000008b8d600000,0x0000008b8d700000)]
  0x000001b8d2ddb800 JavaThread "Unconstrained build operations Thread 5" [_thread_blocked, id=19732, stack(0x0000008b8d700000,0x0000008b8d800000)]
  0x000001b8d2de2000 JavaThread "Unconstrained build operations Thread 6" [_thread_blocked, id=6008, stack(0x0000008b8d800000,0x0000008b8d900000)]
  0x000001b8d2dde000 JavaThread "Unconstrained build operations Thread 7" [_thread_blocked, id=12944, stack(0x0000008b8d900000,0x0000008b8da00000)]
  0x000001b8d2ddc800 JavaThread "Unconstrained build operations Thread 8" [_thread_blocked, id=6352, stack(0x0000008b8da00000,0x0000008b8db00000)]
  0x000001b8d59cb000 JavaThread "Unconstrained build operations Thread 9" [_thread_blocked, id=6044, stack(0x0000008b8db00000,0x0000008b8dc00000)]
  0x000001b8d59c5800 JavaThread "Unconstrained build operations Thread 10" [_thread_blocked, id=20008, stack(0x0000008b8dc00000,0x0000008b8dd00000)]
  0x000001b8d59cc000 JavaThread "Unconstrained build operations Thread 11" [_thread_blocked, id=17912, stack(0x0000008b8dd00000,0x0000008b8de00000)]
  0x000001b8d59c8000 JavaThread "Unconstrained build operations Thread 12" [_thread_blocked, id=17712, stack(0x0000008b8de00000,0x0000008b8df00000)]
  0x000001b8d59c6000 JavaThread "Unconstrained build operations Thread 13" [_thread_blocked, id=18324, stack(0x0000008b8df00000,0x0000008b8e000000)]
  0x000001b8d59c8800 JavaThread "Unconstrained build operations Thread 14" [_thread_blocked, id=20760, stack(0x0000008b8e000000,0x0000008b8e100000)]
  0x000001b8d59c9800 JavaThread "Unconstrained build operations Thread 15" [_thread_blocked, id=21140, stack(0x0000008b8e100000,0x0000008b8e200000)]
  0x000001b8d59ca000 JavaThread "Unconstrained build operations Thread 16" [_thread_blocked, id=15556, stack(0x0000008b8e200000,0x0000008b8e300000)]
  0x000001b8d59cc800 JavaThread "Unconstrained build operations Thread 17" [_thread_blocked, id=20476, stack(0x0000008b8e300000,0x0000008b8e400000)]
  0x000001b8d59c7000 JavaThread "Unconstrained build operations Thread 18" [_thread_blocked, id=14800, stack(0x0000008b8e400000,0x0000008b8e500000)]
  0x000001b8d59ce800 JavaThread "Unconstrained build operations Thread 19" [_thread_blocked, id=13404, stack(0x0000008b8e500000,0x0000008b8e600000)]
  0x000001b8d59d2800 JavaThread "Unconstrained build operations Thread 20" [_thread_blocked, id=15252, stack(0x0000008b8e600000,0x0000008b8e700000)]
  0x000001b8d59d1800 JavaThread "Unconstrained build operations Thread 21" [_thread_blocked, id=18496, stack(0x0000008b8e700000,0x0000008b8e800000)]
  0x000001b8d59d3000 JavaThread "Unconstrained build operations Thread 22" [_thread_blocked, id=21500, stack(0x0000008b8e800000,0x0000008b8e900000)]
  0x000001b8d59cd800 JavaThread "Unconstrained build operations Thread 23" [_thread_blocked, id=8548, stack(0x0000008b8e900000,0x0000008b8ea00000)]
  0x000001b8d59d4000 JavaThread "Unconstrained build operations Thread 24" [_thread_blocked, id=17808, stack(0x0000008b8ea00000,0x0000008b8eb00000)]
  0x000001b8d59d0800 JavaThread "Unconstrained build operations Thread 25" [_thread_blocked, id=3524, stack(0x0000008b8eb00000,0x0000008b8ec00000)]
  0x000001b8d59d0000 JavaThread "Unconstrained build operations Thread 26" [_thread_blocked, id=17892, stack(0x0000008b8ec00000,0x0000008b8ed00000)]
  0x000001b8d59cf000 JavaThread "Unconstrained build operations Thread 27" [_thread_blocked, id=3628, stack(0x0000008b8ed00000,0x0000008b8ee00000)]
  0x000001b8d5852800 JavaThread "Unconstrained build operations Thread 28" [_thread_blocked, id=6080, stack(0x0000008b8ee00000,0x0000008b8ef00000)]
  0x000001b8d5850000 JavaThread "Unconstrained build operations Thread 29" [_thread_blocked, id=5936, stack(0x0000008b8ef00000,0x0000008b8f000000)]
  0x000001b8d5853800 JavaThread "Unconstrained build operations Thread 30" [_thread_blocked, id=16916, stack(0x0000008b8f000000,0x0000008b8f100000)]
  0x000001b8d5854800 JavaThread "Unconstrained build operations Thread 31" [_thread_blocked, id=17412, stack(0x0000008b8f100000,0x0000008b8f200000)]
  0x000001b8d5855000 JavaThread "Unconstrained build operations Thread 32" [_thread_blocked, id=8624, stack(0x0000008b8f200000,0x0000008b8f300000)]
  0x000001b8d584f800 JavaThread "Unconstrained build operations Thread 33" [_thread_blocked, id=17752, stack(0x0000008b8f300000,0x0000008b8f400000)]
  0x000001b8d5857000 JavaThread "Unconstrained build operations Thread 34" [_thread_blocked, id=3328, stack(0x0000008b8f400000,0x0000008b8f500000)]
  0x000001b8d5856000 JavaThread "Unconstrained build operations Thread 35" [_thread_blocked, id=13332, stack(0x0000008b8f500000,0x0000008b8f600000)]
  0x000001b8d5851000 JavaThread "Unconstrained build operations Thread 36" [_thread_blocked, id=10828, stack(0x0000008b8f600000,0x0000008b8f700000)]
  0x000001b8d5857800 JavaThread "Unconstrained build operations Thread 37" [_thread_blocked, id=18828, stack(0x0000008b8f700000,0x0000008b8f800000)]
  0x000001b8d5852000 JavaThread "Unconstrained build operations Thread 38" [_thread_blocked, id=12204, stack(0x0000008b8f800000,0x0000008b8f900000)]
  0x000001b8d5859000 JavaThread "Unconstrained build operations Thread 39" [_thread_blocked, id=2088, stack(0x0000008b8f900000,0x0000008b8fa00000)]
  0x000001b8d5858800 JavaThread "Unconstrained build operations Thread 40" [_thread_blocked, id=16152, stack(0x0000008b8fa00000,0x0000008b8fb00000)]
  0x000001b8d585b800 JavaThread "jar transforms Thread 4" [_thread_blocked, id=19380, stack(0x0000008b8d100000,0x0000008b8d200000)]
  0x000001b8d585a000 JavaThread "Memory manager" [_thread_blocked, id=20840, stack(0x0000008b8fc00000,0x0000008b8fd00000)]
  0x000001b8d585b000 JavaThread "build event listener" [_thread_blocked, id=15680, stack(0x0000008b8fd00000,0x0000008b8fe00000)]
  0x000001b8d585c800 JavaThread "pool-3-thread-1" [_thread_blocked, id=6648, stack(0x0000008b8fe00000,0x0000008b8ff00000)]
  0x000001b8d585d800 JavaThread "build event listener" [_thread_blocked, id=16804, stack(0x0000008b8ff00000,0x0000008b90000000)]
  0x000001b8d82ba800 JavaThread "Execution worker for ':'" [_thread_blocked, id=18268, stack(0x0000008b90000000,0x0000008b90100000)]
  0x000001b8d82bc000 JavaThread "Execution worker for ':' Thread 2" [_thread_blocked, id=1832, stack(0x0000008b90100000,0x0000008b90200000)]
  0x000001b8d82be800 JavaThread "Execution worker for ':' Thread 3" [_thread_blocked, id=21012, stack(0x0000008b90200000,0x0000008b90300000)]
  0x000001b8d82bd800 JavaThread "Cache worker for execution history cache (D:\Program Files\Grafco3\.gradle\7.3.3\executionHistory)" [_thread_blocked, id=19764, stack(0x0000008b90300000,0x0000008b90400000)]
  0x000001b8d82bf800 JavaThread "WorkerExecutor Queue" [_thread_blocked, id=11652, stack(0x0000008b90600000,0x0000008b90700000)]
  0x000001b8d82bb000 JavaThread "WorkerExecutor Queue Thread 2" [_thread_blocked, id=2156, stack(0x0000008b90700000,0x0000008b90800000)]
  0x000001b8d82bd000 JavaThread "WorkerExecutor Queue Thread 3" [_thread_blocked, id=12188, stack(0x0000008b90800000,0x0000008b90900000)]
  0x000001b8d82b9800 JavaThread "WorkerExecutor Queue Thread 4" [_thread_blocked, id=5392, stack(0x0000008b90900000,0x0000008b90a00000)]
  0x000001b8d82c0000 JavaThread "pool-4-thread-1" [_thread_blocked, id=18848, stack(0x0000008b90a00000,0x0000008b90b00000)]
  0x000001b8d82c6000 JavaThread "stderr" [_thread_in_native, id=6028, stack(0x0000008b90b00000,0x0000008b90c00000)]
  0x000001b8d82c2800 JavaThread "stdout" [_thread_in_native, id=20724, stack(0x0000008b90c00000,0x0000008b90d00000)]

Other Threads:
  0x000001b8d1486000 VMThread "VM Thread" [stack: 0x0000008b8aa00000,0x0000008b8ab00000] [id=15712]
  0x000001b8d1fa0000 WatcherThread [stack: 0x0000008b8b400000,0x0000008b8b500000] [id=10100]
  0x000001b8b78ad800 GCTaskThread "GC Thread#0" [stack: 0x0000008b8a500000,0x0000008b8a600000] [id=20708]
  0x000001b8d27b4000 GCTaskThread "GC Thread#1" [stack: 0x0000008b8b600000,0x0000008b8b700000] [id=14680]
  0x000001b8d2a28800 GCTaskThread "GC Thread#2" [stack: 0x0000008b8b700000,0x0000008b8b800000] [id=1908]
  0x000001b8d47d3000 GCTaskThread "GC Thread#3" [stack: 0x0000008b8c100000,0x0000008b8c200000] [id=20248]
  0x000001b8b78de000 ConcurrentGCThread "G1 Main Marker" [stack: 0x0000008b8a600000,0x0000008b8a700000] [id=15308]
  0x000001b8b78df800 ConcurrentGCThread "G1 Conc#0" [stack: 0x0000008b8a700000,0x0000008b8a800000] [id=11956]
  0x000001b8b796e800 ConcurrentGCThread "G1 Refine#0" [stack: 0x0000008b8a800000,0x0000008b8a900000] [id=16900]
  0x000001b8d12d0800 ConcurrentGCThread "G1 Young RemSet Sampling" [stack: 0x0000008b8a900000,0x0000008b8aa00000] [id=6612]

Threads with active compile tasks:
C2 CompilerThread0  72031 13006       4       java.lang.reflect.Method::invoke (65 bytes)

VM state:not at safepoint (normal execution)

VM Mutex/Monitor currently owned by a thread: None

Heap address: 0x0000000080000000, size: 2048 MB, Compressed Oops mode: 32-bit
Narrow klass base: 0x0000000000000000, Narrow klass shift: 3
Compressed class space size: 1073741824 Address: 0x0000000100000000

Heap:
 garbage-first heap   total 189440K, used 93409K [0x0000000080000000, 0x0000000100000000)
  region size 1024K, 9 young (9216K), 7 survivors (7168K)
 Metaspace       used 98168K, capacity 100394K, committed 100560K, reserved 1136640K
  class space    used 12309K, capacity 13124K, committed 13132K, reserved 1048576K
Heap Regions: E=young(eden), S=young(survivor), O=old, HS=humongous(starts), HC=humongous(continues), CS=collection set, F=free, A=archive, TAMS=top-at-mark-start (previous, next)
|   0|0x0000000080000000, 0x0000000080100000, 0x0000000080100000|100%|HS|  |TAMS 0x0000000080100000, 0x0000000080000000| Complete 
|   1|0x0000000080100000, 0x0000000080200000, 0x0000000080200000|100%|HC|  |TAMS 0x0000000080200000, 0x0000000080100000| Complete 
|   2|0x0000000080200000, 0x0000000080300000, 0x0000000080300000|100%|HC|  |TAMS 0x0000000080300000, 0x0000000080200000| Complete 
|   3|0x0000000080300000, 0x0000000080400000, 0x0000000080400000|100%| O|  |TAMS 0x0000000080400000, 0x0000000080300000| Untracked 
|   4|0x0000000080400000, 0x0000000080500000, 0x0000000080500000|100%| O|  |TAMS 0x0000000080500000, 0x0000000080400000| Untracked 
|   5|0x0000000080500000, 0x0000000080600000, 0x0000000080600000|100%| O|  |TAMS 0x0000000080600000, 0x0000000080500000| Untracked 
|   6|0x0000000080600000, 0x0000000080700000, 0x0000000080700000|100%| O|  |TAMS 0x0000000080700000, 0x0000000080600000| Untracked 
|   7|0x0000000080700000, 0x0000000080800000, 0x0000000080800000|100%| O|  |TAMS 0x0000000080800000, 0x0000000080700000| Untracked 
|   8|0x0000000080800000, 0x0000000080900000, 0x0000000080900000|100%| O|  |TAMS 0x0000000080900000, 0x0000000080800000| Untracked 
|   9|0x0000000080900000, 0x0000000080a00000, 0x0000000080a00000|100%| O|  |TAMS 0x0000000080a00000, 0x0000000080900000| Untracked 
|  10|0x0000000080a00000, 0x0000000080b00000, 0x0000000080b00000|100%| O|  |TAMS 0x0000000080b00000, 0x0000000080a00000| Untracked 
|  11|0x0000000080b00000, 0x0000000080c00000, 0x0000000080c00000|100%| O|  |TAMS 0x0000000080c00000, 0x0000000080b00000| Untracked 
|  12|0x0000000080c00000, 0x0000000080d00000, 0x0000000080d00000|100%| O|  |TAMS 0x0000000080d00000, 0x0000000080c00000| Untracked 
|  13|0x0000000080d00000, 0x0000000080e00000, 0x0000000080e00000|100%| O|  |TAMS 0x0000000080e00000, 0x0000000080d00000| Untracked 
|  14|0x0000000080e00000, 0x0000000080f00000, 0x0000000080f00000|100%| O|  |TAMS 0x0000000080f00000, 0x0000000080e00000| Untracked 
|  15|0x0000000080f00000, 0x0000000081000000, 0x0000000081000000|100%| O|  |TAMS 0x0000000081000000, 0x0000000080f00000| Untracked 
|  16|0x0000000081000000, 0x0000000081100000, 0x0000000081100000|100%|HS|  |TAMS 0x0000000081100000, 0x0000000081000000| Complete 
|  17|0x0000000081100000, 0x0000000081200000, 0x0000000081200000|100%| O|  |TAMS 0x0000000081200000, 0x0000000081100000| Untracked 
|  18|0x0000000081200000, 0x0000000081300000, 0x0000000081300000|100%| O|  |TAMS 0x0000000081300000, 0x0000000081200000| Untracked 
|  19|0x0000000081300000, 0x0000000081400000, 0x0000000081400000|100%| O|  |TAMS 0x0000000081400000, 0x0000000081300000| Untracked 
|  20|0x0000000081400000, 0x0000000081500000, 0x0000000081500000|100%| O|  |TAMS 0x0000000081500000, 0x0000000081400000| Untracked 
|  21|0x0000000081500000, 0x0000000081600000, 0x0000000081600000|100%| O|  |TAMS 0x0000000081600000, 0x0000000081500000| Untracked 
|  22|0x0000000081600000, 0x0000000081700000, 0x0000000081700000|100%| O|  |TAMS 0x0000000081700000, 0x0000000081600000| Untracked 
|  23|0x0000000081700000, 0x0000000081800000, 0x0000000081800000|100%| O|  |TAMS 0x0000000081800000, 0x0000000081700000| Untracked 
|  24|0x0000000081800000, 0x0000000081900000, 0x0000000081900000|100%|HS|  |TAMS 0x0000000081900000, 0x0000000081800000| Complete 
|  25|0x0000000081900000, 0x0000000081a00000, 0x0000000081a00000|100%|HS|  |TAMS 0x0000000081a00000, 0x0000000081900000| Complete 
|  26|0x0000000081a00000, 0x0000000081b00000, 0x0000000081b00000|100%|HC|  |TAMS 0x0000000081b00000, 0x0000000081a00000| Complete 
|  27|0x0000000081b00000, 0x0000000081c00000, 0x0000000081c00000|100%| O|  |TAMS 0x0000000081c00000, 0x0000000081b00000| Untracked 
|  28|0x0000000081c00000, 0x0000000081d00000, 0x0000000081d00000|100%| O|  |TAMS 0x0000000081d00000, 0x0000000081c00000| Untracked 
|  29|0x0000000081d00000, 0x0000000081e00000, 0x0000000081e00000|100%| O|  |TAMS 0x0000000081e00000, 0x0000000081d00000| Untracked 
|  30|0x0000000081e00000, 0x0000000081f00000, 0x0000000081f00000|100%| O|  |TAMS 0x0000000081f00000, 0x0000000081e00000| Untracked 
|  31|0x0000000081f00000, 0x0000000082000000, 0x0000000082000000|100%| O|  |TAMS 0x0000000082000000, 0x0000000081f00000| Untracked 
|  32|0x0000000082000000, 0x0000000082100000, 0x0000000082100000|100%| O|  |TAMS 0x0000000082100000, 0x0000000082000000| Untracked 
|  33|0x0000000082100000, 0x0000000082200000, 0x0000000082200000|100%| O|  |TAMS 0x0000000082200000, 0x0000000082100000| Untracked 
|  34|0x0000000082200000, 0x0000000082300000, 0x0000000082300000|100%| O|  |TAMS 0x0000000082300000, 0x0000000082200000| Untracked 
|  35|0x0000000082300000, 0x0000000082400000, 0x0000000082400000|100%| O|  |TAMS 0x0000000082400000, 0x0000000082300000| Untracked 
|  36|0x0000000082400000, 0x0000000082500000, 0x0000000082500000|100%| O|  |TAMS 0x0000000082500000, 0x0000000082400000| Untracked 
|  37|0x0000000082500000, 0x0000000082600000, 0x0000000082600000|100%| O|  |TAMS 0x0000000082600000, 0x0000000082500000| Untracked 
|  38|0x0000000082600000, 0x0000000082700000, 0x0000000082700000|100%| O|  |TAMS 0x0000000082700000, 0x0000000082600000| Untracked 
|  39|0x0000000082700000, 0x0000000082800000, 0x0000000082800000|100%| O|  |TAMS 0x0000000082800000, 0x0000000082700000| Untracked 
|  40|0x0000000082800000, 0x0000000082900000, 0x0000000082900000|100%| O|  |TAMS 0x0000000082900000, 0x0000000082800000| Untracked 
|  41|0x0000000082900000, 0x0000000082a00000, 0x0000000082a00000|100%| O|  |TAMS 0x0000000082a00000, 0x0000000082900000| Untracked 
|  42|0x0000000082a00000, 0x0000000082b00000, 0x0000000082b00000|100%| O|  |TAMS 0x0000000082b00000, 0x0000000082a00000| Untracked 
|  43|0x0000000082b00000, 0x0000000082c00000, 0x0000000082c00000|100%| O|  |TAMS 0x0000000082c00000, 0x0000000082b00000| Untracked 
|  44|0x0000000082c00000, 0x0000000082d00000, 0x0000000082d00000|100%| O|  |TAMS 0x0000000082d00000, 0x0000000082c00000| Untracked 
|  45|0x0000000082d00000, 0x0000000082e00000, 0x0000000082e00000|100%| O|  |TAMS 0x0000000082e00000, 0x0000000082d00000| Untracked 
|  46|0x0000000082e00000, 0x0000000082f00000, 0x0000000082f00000|100%| O|  |TAMS 0x0000000082f00000, 0x0000000082e00000| Untracked 
|  47|0x0000000082f00000, 0x0000000083000000, 0x0000000083000000|100%| O|  |TAMS 0x0000000083000000, 0x0000000082f00000| Untracked 
|  48|0x0000000083000000, 0x0000000083100000, 0x0000000083100000|100%| O|  |TAMS 0x0000000083100000, 0x0000000083000000| Untracked 
|  49|0x0000000083100000, 0x0000000083200000, 0x0000000083200000|100%| O|  |TAMS 0x0000000083200000, 0x0000000083100000| Untracked 
|  50|0x0000000083200000, 0x0000000083300000, 0x0000000083300000|100%| O|  |TAMS 0x0000000083300000, 0x0000000083200000| Untracked 
|  51|0x0000000083300000, 0x0000000083400000, 0x0000000083400000|100%| O|  |TAMS 0x0000000083400000, 0x0000000083300000| Untracked 
|  52|0x0000000083400000, 0x0000000083500000, 0x0000000083500000|100%| O|  |TAMS 0x0000000083500000, 0x0000000083400000| Untracked 
|  53|0x0000000083500000, 0x0000000083600000, 0x0000000083600000|100%| O|  |TAMS 0x0000000083600000, 0x0000000083500000| Untracked 
|  54|0x0000000083600000, 0x0000000083700000, 0x0000000083700000|100%| O|  |TAMS 0x0000000083700000, 0x0000000083600000| Untracked 
|  55|0x0000000083700000, 0x0000000083800000, 0x0000000083800000|100%| O|  |TAMS 0x0000000083800000, 0x0000000083700000| Untracked 
|  56|0x0000000083800000, 0x0000000083900000, 0x0000000083900000|100%| O|  |TAMS 0x0000000083900000, 0x0000000083800000| Untracked 
|  57|0x0000000083900000, 0x0000000083a00000, 0x0000000083a00000|100%| O|  |TAMS 0x0000000083a00000, 0x0000000083900000| Untracked 
|  58|0x0000000083a00000, 0x0000000083b00000, 0x0000000083b00000|100%| O|  |TAMS 0x0000000083b00000, 0x0000000083a00000| Untracked 
|  59|0x0000000083b00000, 0x0000000083c00000, 0x0000000083c00000|100%| O|  |TAMS 0x0000000083c00000, 0x0000000083b00000| Untracked 
|  60|0x0000000083c00000, 0x0000000083d00000, 0x0000000083d00000|100%| O|  |TAMS 0x0000000083d00000, 0x0000000083c00000| Untracked 
|  61|0x0000000083d00000, 0x0000000083e00000, 0x0000000083e00000|100%| O|  |TAMS 0x0000000083e00000, 0x0000000083d00000| Untracked 
|  62|0x0000000083e00000, 0x0000000083f00000, 0x0000000083f00000|100%| O|  |TAMS 0x0000000083f00000, 0x0000000083e00000| Untracked 
|  63|0x0000000083f00000, 0x0000000084000000, 0x0000000084000000|100%| O|  |TAMS 0x0000000084000000, 0x0000000083f00000| Untracked 
|  64|0x0000000084000000, 0x0000000084100000, 0x0000000084100000|100%| O|  |TAMS 0x0000000084100000, 0x0000000084000000| Untracked 
|  65|0x0000000084100000, 0x0000000084200000, 0x0000000084200000|100%| O|  |TAMS 0x0000000084100000, 0x0000000084100000| Untracked 
|  66|0x0000000084200000, 0x0000000084300000, 0x0000000084300000|100%| O|  |TAMS 0x0000000084300000, 0x0000000084200000| Untracked 
|  67|0x0000000084300000, 0x0000000084400000, 0x0000000084400000|100%| O|  |TAMS 0x0000000084400000, 0x0000000084300000| Untracked 
|  68|0x0000000084400000, 0x0000000084500000, 0x0000000084500000|100%| O|  |TAMS 0x0000000084500000, 0x0000000084400000| Untracked 
|  69|0x0000000084500000, 0x0000000084600000, 0x0000000084600000|100%| O|  |TAMS 0x0000000084600000, 0x0000000084500000| Untracked 
|  70|0x0000000084600000, 0x0000000084700000, 0x0000000084700000|100%| O|  |TAMS 0x0000000084700000, 0x0000000084600000| Untracked 
|  71|0x0000000084700000, 0x0000000084800000, 0x0000000084800000|100%| O|  |TAMS 0x0000000084800000, 0x0000000084700000| Untracked 
|  72|0x0000000084800000, 0x00000000848b9000, 0x0000000084900000| 72%| O|  |TAMS 0x0000000084800000, 0x0000000084800000| Untracked 
|  73|0x0000000084900000, 0x0000000084a00000, 0x0000000084a00000|100%| O|  |TAMS 0x0000000084900000, 0x0000000084900000| Untracked 
|  74|0x0000000084a00000, 0x0000000084a00000, 0x0000000084b00000|  0%| F|  |TAMS 0x0000000084a00000, 0x0000000084a00000| Untracked 
|  75|0x0000000084b00000, 0x0000000084c00000, 0x0000000084c00000|100%| O|  |TAMS 0x0000000084b00000, 0x0000000084b00000| Untracked 
|  76|0x0000000084c00000, 0x0000000084d00000, 0x0000000084d00000|100%| O|  |TAMS 0x0000000084c00000, 0x0000000084c00000| Untracked 
|  77|0x0000000084d00000, 0x0000000084e00000, 0x0000000084e00000|100%| O|  |TAMS 0x0000000084e00000, 0x0000000084d00000| Untracked 
|  78|0x0000000084e00000, 0x0000000084e00000, 0x0000000084f00000|  0%| F|  |TAMS 0x0000000084e00000, 0x0000000084e00000| Untracked 
|  79|0x0000000084f00000, 0x0000000084f00000, 0x0000000085000000|  0%| F|  |TAMS 0x0000000084f00000, 0x0000000084f00000| Untracked 
|  80|0x0000000085000000, 0x0000000085100000, 0x0000000085100000|100%| O|  |TAMS 0x0000000085088600, 0x0000000085000000| Untracked 
|  81|0x0000000085100000, 0x0000000085100000, 0x0000000085200000|  0%| F|  |TAMS 0x0000000085100000, 0x0000000085100000| Untracked 
|  82|0x0000000085200000, 0x0000000085300000, 0x0000000085300000|100%| O|  |TAMS 0x0000000085300000, 0x0000000085200000| Untracked 
|  83|0x0000000085300000, 0x0000000085400000, 0x0000000085400000|100%| O|  |TAMS 0x0000000085400000, 0x0000000085300000| Untracked 
|  84|0x0000000085400000, 0x0000000085400000, 0x0000000085500000|  0%| F|  |TAMS 0x0000000085400000, 0x0000000085400000| Untracked 
|  85|0x0000000085500000, 0x0000000085500000, 0x0000000085600000|  0%| F|  |TAMS 0x0000000085500000, 0x0000000085500000| Untracked 
|  86|0x0000000085600000, 0x0000000085600000, 0x0000000085700000|  0%| F|  |TAMS 0x0000000085600000, 0x0000000085600000| Untracked 
|  87|0x0000000085700000, 0x0000000085800000, 0x0000000085800000|100%| O|  |TAMS 0x0000000085800000, 0x0000000085700000| Untracked 
|  88|0x0000000085800000, 0x0000000085800000, 0x0000000085900000|  0%| F|  |TAMS 0x0000000085800000, 0x0000000085800000| Untracked 
|  89|0x0000000085900000, 0x0000000085a00000, 0x0000000085a00000|100%| O|  |TAMS 0x0000000085a00000, 0x0000000085900000| Untracked 
|  90|0x0000000085a00000, 0x0000000085b00000, 0x0000000085b00000|100%| O|  |TAMS 0x0000000085b00000, 0x0000000085a00000| Untracked 
|  91|0x0000000085b00000, 0x0000000085b00000, 0x0000000085c00000|  0%| F|  |TAMS 0x0000000085b00000, 0x0000000085b00000| Untracked 
|  92|0x0000000085c00000, 0x0000000085c00000, 0x0000000085d00000|  0%| F|  |TAMS 0x0000000085c00000, 0x0000000085c00000| Untracked 
|  93|0x0000000085d00000, 0x0000000085d00000, 0x0000000085e00000|  0%| F|  |TAMS 0x0000000085d00000, 0x0000000085d00000| Untracked 
|  94|0x0000000085e00000, 0x0000000085e00000, 0x0000000085f00000|  0%| F|  |TAMS 0x0000000085e00000, 0x0000000085e00000| Untracked 
|  95|0x0000000085f00000, 0x0000000085f00000, 0x0000000086000000|  0%| F|  |TAMS 0x0000000085f00000, 0x0000000085f00000| Untracked 
|  96|0x0000000086000000, 0x0000000086000000, 0x0000000086100000|  0%| F|  |TAMS 0x0000000086000000, 0x0000000086000000| Untracked 
|  97|0x0000000086100000, 0x0000000086100000, 0x0000000086200000|  0%| F|  |TAMS 0x0000000086100000, 0x0000000086100000| Untracked 
|  98|0x0000000086200000, 0x0000000086200000, 0x0000000086300000|  0%| F|  |TAMS 0x0000000086200000, 0x0000000086200000| Untracked 
|  99|0x0000000086300000, 0x0000000086300000, 0x0000000086400000|  0%| F|  |TAMS 0x0000000086300000, 0x0000000086300000| Untracked 
| 100|0x0000000086400000, 0x0000000086400000, 0x0000000086500000|  0%| F|  |TAMS 0x0000000086400000, 0x0000000086400000| Untracked 
| 101|0x0000000086500000, 0x0000000086500000, 0x0000000086600000|  0%| F|  |TAMS 0x0000000086500000, 0x0000000086500000| Untracked 
| 102|0x0000000086600000, 0x0000000086600000, 0x0000000086700000|  0%| F|  |TAMS 0x0000000086600000, 0x0000000086600000| Untracked 
| 103|0x0000000086700000, 0x0000000086700000, 0x0000000086800000|  0%| F|  |TAMS 0x0000000086700000, 0x0000000086700000| Untracked 
| 104|0x0000000086800000, 0x0000000086800000, 0x0000000086900000|  0%| F|  |TAMS 0x0000000086800000, 0x0000000086800000| Untracked 
| 105|0x0000000086900000, 0x0000000086900000, 0x0000000086a00000|  0%| F|  |TAMS 0x0000000086900000, 0x0000000086900000| Untracked 
| 106|0x0000000086a00000, 0x0000000086a00000, 0x0000000086b00000|  0%| F|  |TAMS 0x0000000086a00000, 0x0000000086a00000| Untracked 
| 107|0x0000000086b00000, 0x0000000086b00000, 0x0000000086c00000|  0%| F|  |TAMS 0x0000000086b00000, 0x0000000086b00000| Untracked 
| 108|0x0000000086c00000, 0x0000000086c00000, 0x0000000086d00000|  0%| F|  |TAMS 0x0000000086c00000, 0x0000000086c00000| Untracked 
| 109|0x0000000086d00000, 0x0000000086d00000, 0x0000000086e00000|  0%| F|  |TAMS 0x0000000086d00000, 0x0000000086d00000| Untracked 
| 110|0x0000000086e00000, 0x0000000086e00000, 0x0000000086f00000|  0%| F|  |TAMS 0x0000000086e00000, 0x0000000086e00000| Untracked 
| 111|0x0000000086f00000, 0x0000000086f00000, 0x0000000087000000|  0%| F|  |TAMS 0x0000000086f00000, 0x0000000086f00000| Untracked 
| 112|0x0000000087000000, 0x0000000087000000, 0x0000000087100000|  0%| F|  |TAMS 0x0000000087000000, 0x0000000087000000| Untracked 
| 113|0x0000000087100000, 0x0000000087100000, 0x0000000087200000|  0%| F|  |TAMS 0x0000000087100000, 0x0000000087100000| Untracked 
| 114|0x0000000087200000, 0x0000000087300000, 0x0000000087300000|100%| O|  |TAMS 0x0000000087300000, 0x0000000087200000| Untracked 
| 115|0x0000000087300000, 0x0000000087300000, 0x0000000087400000|  0%| F|  |TAMS 0x0000000087300000, 0x0000000087300000| Untracked 
| 116|0x0000000087400000, 0x0000000087400000, 0x0000000087500000|  0%| F|  |TAMS 0x0000000087400000, 0x0000000087400000| Untracked 
| 117|0x0000000087500000, 0x0000000087500000, 0x0000000087600000|  0%| F|  |TAMS 0x0000000087500000, 0x0000000087500000| Untracked 
| 118|0x0000000087600000, 0x0000000087600000, 0x0000000087700000|  0%| F|  |TAMS 0x0000000087600000, 0x0000000087600000| Untracked 
| 119|0x0000000087700000, 0x0000000087700000, 0x0000000087800000|  0%| F|  |TAMS 0x0000000087700000, 0x0000000087700000| Untracked 
| 120|0x0000000087800000, 0x0000000087800000, 0x0000000087900000|  0%| F|  |TAMS 0x0000000087800000, 0x0000000087800000| Untracked 
| 121|0x0000000087900000, 0x000000008797f750, 0x0000000087a00000| 49%| S|CS|TAMS 0x0000000087900000, 0x0000000087900000| Complete 
| 122|0x0000000087a00000, 0x0000000087b00000, 0x0000000087b00000|100%| S|CS|TAMS 0x0000000087a00000, 0x0000000087a00000| Complete 
| 123|0x0000000087b00000, 0x0000000087c00000, 0x0000000087c00000|100%| S|CS|TAMS 0x0000000087b00000, 0x0000000087b00000| Complete 
| 124|0x0000000087c00000, 0x0000000087d00000, 0x0000000087d00000|100%| S|CS|TAMS 0x0000000087c00000, 0x0000000087c00000| Complete 
| 125|0x0000000087d00000, 0x0000000087d00000, 0x0000000087e00000|  0%| F|  |TAMS 0x0000000087d00000, 0x0000000087d00000| Untracked 
| 126|0x0000000087e00000, 0x0000000087e00000, 0x0000000087f00000|  0%| F|  |TAMS 0x0000000087e00000, 0x0000000087e00000| Untracked 
| 127|0x0000000087f00000, 0x0000000087f00000, 0x0000000088000000|  0%| F|  |TAMS 0x0000000087f00000, 0x0000000087f00000| Untracked 
| 128|0x0000000088000000, 0x0000000088000000, 0x0000000088100000|  0%| F|  |TAMS 0x0000000088000000, 0x0000000088000000| Untracked 
| 129|0x0000000088100000, 0x0000000088100000, 0x0000000088200000|  0%| F|  |TAMS 0x0000000088100000, 0x0000000088100000| Untracked 
| 130|0x0000000088200000, 0x0000000088200000, 0x0000000088300000|  0%| F|  |TAMS 0x0000000088200000, 0x0000000088200000| Untracked 
| 131|0x0000000088300000, 0x0000000088300000, 0x0000000088400000|  0%| F|  |TAMS 0x0000000088300000, 0x0000000088300000| Untracked 
| 132|0x0000000088400000, 0x0000000088500000, 0x0000000088500000|100%| S|CS|TAMS 0x0000000088400000, 0x0000000088400000| Complete 
| 133|0x0000000088500000, 0x0000000088600000, 0x0000000088600000|100%| S|CS|TAMS 0x0000000088500000, 0x0000000088500000| Complete 
| 134|0x0000000088600000, 0x0000000088700000, 0x0000000088700000|100%| S|CS|TAMS 0x0000000088600000, 0x0000000088600000| Complete 
| 135|0x0000000088700000, 0x0000000088700000, 0x0000000088800000|  0%| F|  |TAMS 0x0000000088700000, 0x0000000088700000| Untracked 
| 136|0x0000000088800000, 0x0000000088800000, 0x0000000088900000|  0%| F|  |TAMS 0x0000000088800000, 0x0000000088800000| Untracked 
| 137|0x0000000088900000, 0x0000000088900000, 0x0000000088a00000|  0%| F|  |TAMS 0x0000000088900000, 0x0000000088900000| Untracked 
| 138|0x0000000088a00000, 0x0000000088a00000, 0x0000000088b00000|  0%| F|  |TAMS 0x0000000088a00000, 0x0000000088a00000| Untracked 
| 139|0x0000000088b00000, 0x0000000088b00000, 0x0000000088c00000|  0%| F|  |TAMS 0x0000000088b00000, 0x0000000088b00000| Untracked 
| 140|0x0000000088c00000, 0x0000000088c00000, 0x0000000088d00000|  0%| F|  |TAMS 0x0000000088c00000, 0x0000000088c00000| Untracked 
| 141|0x0000000088d00000, 0x0000000088d00000, 0x0000000088e00000|  0%| F|  |TAMS 0x0000000088d00000, 0x0000000088d00000| Untracked 
| 142|0x0000000088e00000, 0x0000000088e00000, 0x0000000088f00000|  0%| F|  |TAMS 0x0000000088e00000, 0x0000000088e00000| Untracked 
| 143|0x0000000088f00000, 0x0000000088f00000, 0x0000000089000000|  0%| F|  |TAMS 0x0000000088f00000, 0x0000000088f00000| Untracked 
| 144|0x0000000089000000, 0x0000000089000000, 0x0000000089100000|  0%| F|  |TAMS 0x0000000089000000, 0x0000000089000000| Untracked 
| 145|0x0000000089100000, 0x0000000089100000, 0x0000000089200000|  0%| F|  |TAMS 0x0000000089100000, 0x0000000089100000| Untracked 
| 146|0x0000000089200000, 0x0000000089200000, 0x0000000089300000|  0%| F|  |TAMS 0x0000000089200000, 0x0000000089200000| Untracked 
| 147|0x0000000089300000, 0x0000000089300000, 0x0000000089400000|  0%| F|  |TAMS 0x0000000089300000, 0x0000000089300000| Untracked 
| 148|0x0000000089400000, 0x0000000089400000, 0x0000000089500000|  0%| F|  |TAMS 0x0000000089400000, 0x0000000089400000| Untracked 
| 149|0x0000000089500000, 0x0000000089500000, 0x0000000089600000|  0%| F|  |TAMS 0x0000000089500000, 0x0000000089500000| Untracked 
| 150|0x0000000089600000, 0x0000000089600000, 0x0000000089700000|  0%| F|  |TAMS 0x0000000089600000, 0x0000000089600000| Untracked 
| 151|0x0000000089700000, 0x0000000089700000, 0x0000000089800000|  0%| F|  |TAMS 0x0000000089700000, 0x0000000089700000| Untracked 
| 152|0x0000000089800000, 0x0000000089800000, 0x0000000089900000|  0%| F|  |TAMS 0x0000000089800000, 0x0000000089800000| Untracked 
| 153|0x0000000089900000, 0x0000000089900000, 0x0000000089a00000|  0%| F|  |TAMS 0x0000000089900000, 0x0000000089900000| Untracked 
| 154|0x0000000089a00000, 0x0000000089a00000, 0x0000000089b00000|  0%| F|  |TAMS 0x0000000089a00000, 0x0000000089a00000| Untracked 
| 155|0x0000000089b00000, 0x0000000089b00000, 0x0000000089c00000|  0%| F|  |TAMS 0x0000000089b00000, 0x0000000089b00000| Untracked 
| 156|0x0000000089c00000, 0x0000000089c00000, 0x0000000089d00000|  0%| F|  |TAMS 0x0000000089c00000, 0x0000000089c00000| Untracked 
| 157|0x0000000089d00000, 0x0000000089d00000, 0x0000000089e00000|  0%| F|  |TAMS 0x0000000089d00000, 0x0000000089d00000| Untracked 
| 158|0x0000000089e00000, 0x0000000089e00000, 0x0000000089f00000|  0%| F|  |TAMS 0x0000000089e00000, 0x0000000089e00000| Untracked 
| 159|0x0000000089f00000, 0x0000000089f00000, 0x000000008a000000|  0%| F|  |TAMS 0x0000000089f00000, 0x0000000089f00000| Untracked 
| 160|0x000000008a000000, 0x000000008a000000, 0x000000008a100000|  0%| F|  |TAMS 0x000000008a000000, 0x000000008a000000| Untracked 
| 161|0x000000008a100000, 0x000000008a100000, 0x000000008a200000|  0%| F|  |TAMS 0x000000008a100000, 0x000000008a100000| Untracked 
| 162|0x000000008a200000, 0x000000008a200000, 0x000000008a300000|  0%| F|  |TAMS 0x000000008a200000, 0x000000008a200000| Untracked 
| 163|0x000000008a300000, 0x000000008a300000, 0x000000008a400000|  0%| F|  |TAMS 0x000000008a300000, 0x000000008a300000| Untracked 
| 164|0x000000008a400000, 0x000000008a400000, 0x000000008a500000|  0%| F|  |TAMS 0x000000008a400000, 0x000000008a400000| Untracked 
| 165|0x000000008a500000, 0x000000008a500000, 0x000000008a600000|  0%| F|  |TAMS 0x000000008a500000, 0x000000008a500000| Untracked 
| 166|0x000000008a600000, 0x000000008a600000, 0x000000008a700000|  0%| F|  |TAMS 0x000000008a600000, 0x000000008a600000| Untracked 
| 167|0x000000008a700000, 0x000000008a700000, 0x000000008a800000|  0%| F|  |TAMS 0x000000008a700000, 0x000000008a700000| Untracked 
| 168|0x000000008a800000, 0x000000008a800000, 0x000000008a900000|  0%| F|  |TAMS 0x000000008a800000, 0x000000008a800000| Untracked 
| 169|0x000000008a900000, 0x000000008a900000, 0x000000008aa00000|  0%| F|  |TAMS 0x000000008a900000, 0x000000008a900000| Untracked 
| 170|0x000000008aa00000, 0x000000008aa00000, 0x000000008ab00000|  0%| F|  |TAMS 0x000000008aa00000, 0x000000008aa00000| Untracked 
| 171|0x000000008ab00000, 0x000000008ab00000, 0x000000008ac00000|  0%| F|  |TAMS 0x000000008ab00000, 0x000000008ab00000| Untracked 
| 172|0x000000008ac00000, 0x000000008ac00000, 0x000000008ad00000|  0%| F|  |TAMS 0x000000008ac00000, 0x000000008ac00000| Untracked 
| 173|0x000000008ad00000, 0x000000008ad00000, 0x000000008ae00000|  0%| F|  |TAMS 0x000000008ad00000, 0x000000008ad00000| Untracked 
| 174|0x000000008ae00000, 0x000000008ae00000, 0x000000008af00000|  0%| F|  |TAMS 0x000000008ae00000, 0x000000008ae00000| Untracked 
| 175|0x000000008af00000, 0x000000008af00000, 0x000000008b000000|  0%| F|  |TAMS 0x000000008af00000, 0x000000008af00000| Untracked 
| 176|0x000000008b000000, 0x000000008b000000, 0x000000008b100000|  0%| F|  |TAMS 0x000000008b000000, 0x000000008b000000| Untracked 
| 177|0x000000008b100000, 0x000000008b100000, 0x000000008b200000|  0%| F|  |TAMS 0x000000008b100000, 0x000000008b100000| Untracked 
| 178|0x000000008b200000, 0x000000008b200000, 0x000000008b300000|  0%| F|  |TAMS 0x000000008b200000, 0x000000008b200000| Untracked 
| 179|0x000000008b300000, 0x000000008b300000, 0x000000008b400000|  0%| F|  |TAMS 0x000000008b300000, 0x000000008b300000| Untracked 
| 180|0x000000008b400000, 0x000000008b400000, 0x000000008b500000|  0%| F|  |TAMS 0x000000008b400000, 0x000000008b400000| Untracked 
| 181|0x000000008b500000, 0x000000008b500000, 0x000000008b600000|  0%| F|  |TAMS 0x000000008b500000, 0x000000008b500000| Untracked 
| 182|0x000000008b600000, 0x000000008b600000, 0x000000008b700000|  0%| F|  |TAMS 0x000000008b600000, 0x000000008b600000| Untracked 
| 183|0x000000008b700000, 0x000000008b770878, 0x000000008b800000| 43%| E|  |TAMS 0x000000008b700000, 0x000000008b700000| Complete 
| 184|0x000000008b800000, 0x000000008b900000, 0x000000008b900000|100%| E|CS|TAMS 0x000000008b800000, 0x000000008b800000| Complete 

Card table byte_map: [0x000001b8ca7a0000,0x000001b8caba0000] _byte_map_base: 0x000001b8ca3a0000

Marking Bits (Prev, Next): (CMBitMap*) 0x000001b8b78d56d0, (CMBitMap*) 0x000001b8b78d5698
 Prev Bits: [0x000001b8ccfa0000, 0x000001b8cefa0000)
 Next Bits: [0x000001b8cafa0000, 0x000001b8ccfa0000)

Polling page: 0x000001b8b5800000

Metaspace:

Usage:
  Non-class:     85.22 MB capacity,    83.85 MB ( 98%) used,     1.12 MB (  1%) free+waste,   265.75 KB ( <1%) overhead. 
      Class:     12.82 MB capacity,    12.02 MB ( 94%) used,   697.95 KB (  5%) free+waste,   117.00 KB ( <1%) overhead. 
       Both:     98.04 MB capacity,    95.87 MB ( 98%) used,     1.80 MB (  2%) free+waste,   382.75 KB ( <1%) overhead. 

Virtual space:
  Non-class space:       86.00 MB reserved,      85.38 MB (>99%) committed 
      Class space:        1.00 GB reserved,      12.82 MB (  1%) committed 
             Both:        1.08 GB reserved,      98.20 MB (  9%) committed 

Chunk freelists:
   Non-Class:  30.00 KB
       Class:  0 bytes
        Both:  30.00 KB

MaxMetaspaceSize: 17179869184.00 GB
CompressedClassSpaceSize: 1.00 GB
Initial GC threshold: 20.80 MB
Current GC threshold: 154.92 MB
CDS: off

CodeHeap 'non-profiled nmethods': size=120064Kb used=8690Kb max_used=8690Kb free=111373Kb
 bounds [0x000001b8c2e60000, 0x000001b8c36e0000, 0x000001b8ca3a0000]
CodeHeap 'profiled nmethods': size=120000Kb used=28793Kb max_used=28793Kb free=91206Kb
 bounds [0x000001b8bb930000, 0x000001b8bd550000, 0x000001b8c2e60000]
CodeHeap 'non-nmethods': size=5696Kb used=2395Kb max_used=2460Kb free=3300Kb
 bounds [0x000001b8bb3a0000, 0x000001b8bb620000, 0x000001b8bb930000]
 total_blobs=13790 nmethods=12876 adapters=826
 compilation: enabled
              stopped_count=0, restarted_count=0
 full_count=0

Compilation events (20 events):
Event: 55.690 Thread 0x000001b8d14be800 nmethod 12996 0x000001b8bd54bc10 code [0x000001b8bd54be40, 0x000001b8bd54c668]
Event: 59.688 Thread 0x000001b8d14be800 12997       1       java.lang.management.DefaultPlatformMBeanProvider$7::mbeanInterfaceNames (5 bytes)
Event: 59.689 Thread 0x000001b8d14be800 nmethod 12997 0x000001b8c36daa90 code [0x000001b8c36dac40, 0x000001b8c36dacf8]
Event: 59.689 Thread 0x000001b8d14be800 12998       1       com.sun.management.internal.PlatformMBeanProviderImpl$2::mbeanInterfaceNames (5 bytes)
Event: 59.689 Thread 0x000001b8d14be800 nmethod 12998 0x000001b8c36dad90 code [0x000001b8c36daf40, 0x000001b8c36daff8]
Event: 59.689 Thread 0x000001b8d14be800 12999       1       com.sun.management.internal.PlatformMBeanProviderImpl$3::mbeanInterfaceNames (5 bytes)
Event: 59.689 Thread 0x000001b8d14be800 nmethod 12999 0x000001b8c36db090 code [0x000001b8c36db240, 0x000001b8c36db2f8]
Event: 59.689 Thread 0x000001b8d14be800 13000       1       java.lang.management.DefaultPlatformMBeanProvider$5::mbeanInterfaceNames (5 bytes)
Event: 59.689 Thread 0x000001b8d14be800 nmethod 13000 0x000001b8c36db390 code [0x000001b8c36db540, 0x000001b8c36db5f8]
Event: 59.689 Thread 0x000001b8d14be800 13001       1       java.lang.management.DefaultPlatformMBeanProvider$6::mbeanInterfaceNames (5 bytes)
Event: 59.689 Thread 0x000001b8d14be800 nmethod 13001 0x000001b8c36db690 code [0x000001b8c36db840, 0x000001b8c36db8f8]
Event: 62.640 Thread 0x000001b8d14be800 13002       3       java.lang.Integer::toHexString (6 bytes)
Event: 62.640 Thread 0x000001b8d14be800 nmethod 13002 0x000001b8bd54c910 code [0x000001b8bd54cac0, 0x000001b8bd54cbc8]
Event: 62.640 Thread 0x000001b8d14be800 13003       3       java.lang.Integer::toUnsignedString0 (78 bytes)
Event: 62.640 Thread 0x000001b8d14be800 nmethod 13003 0x000001b8bd54cc90 code [0x000001b8bd54ce80, 0x000001b8bd54d2d8]
Event: 64.180 Thread 0x000001b8d14be800 13004       1       org.gradle.launcher.daemon.server.health.gc.GarbageCollectionEvent::getUsage (5 bytes)
Event: 64.180 Thread 0x000001b8d14be800 nmethod 13004 0x000001b8c36db990 code [0x000001b8c36dbb40, 0x000001b8c36dbbf8]
Event: 65.679 Thread 0x000001b8d14b4800 13005       4       java.util.ComparableTimSort::binarySort (223 bytes)
Event: 65.702 Thread 0x000001b8d14b4800 nmethod 13005 0x000001b8c36dbc90 code [0x000001b8c36dbe40, 0x000001b8c36dc6b8]
Event: 67.632 Thread 0x000001b8d14b4800 13006       4       java.lang.reflect.Method::invoke (65 bytes)

GC Heap History (20 events):
Event: 36.609 GC heap before
{Heap before GC invocations=20 (full 0):
 garbage-first heap   total 189440K, used 149177K [0x0000000080000000, 0x0000000100000000)
  region size 1024K, 81 young (82944K), 7 survivors (7168K)
 Metaspace       used 86906K, capacity 89054K, committed 89296K, reserved 1126400K
  class space    used 11221K, capacity 12023K, committed 12108K, reserved 1048576K
}
Event: 36.644 GC heap after
{Heap after GC invocations=21 (full 0):
 garbage-first heap   total 189440K, used 88925K [0x0000000080000000, 0x0000000100000000)
  region size 1024K, 11 young (11264K), 11 survivors (11264K)
 Metaspace       used 86906K, capacity 89054K, committed 89296K, reserved 1126400K
  class space    used 11221K, capacity 12023K, committed 12108K, reserved 1048576K
}
Event: 37.043 GC heap before
{Heap before GC invocations=21 (full 0):
 garbage-first heap   total 189440K, used 106333K [0x0000000080000000, 0x0000000100000000)
  region size 1024K, 23 young (23552K), 11 survivors (11264K)
 Metaspace       used 87068K, capacity 89246K, committed 89552K, reserved 1126400K
  class space    used 11230K, capacity 12023K, committed 12108K, reserved 1048576K
}
Event: 37.069 GC heap after
{Heap after GC invocations=22 (full 0):
 garbage-first heap   total 189440K, used 95736K [0x0000000080000000, 0x0000000100000000)
  region size 1024K, 5 young (5120K), 5 survivors (5120K)
 Metaspace       used 87068K, capacity 89246K, committed 89552K, reserved 1126400K
  class space    used 11230K, capacity 12023K, committed 12108K, reserved 1048576K
}
Event: 37.662 GC heap before
{Heap before GC invocations=23 (full 0):
 garbage-first heap   total 189440K, used 114168K [0x0000000080000000, 0x0000000100000000)
  region size 1024K, 22 young (22528K), 5 survivors (5120K)
 Metaspace       used 87092K, capacity 89252K, committed 89552K, reserved 1126400K
  class space    used 11220K, capacity 12000K, committed 12108K, reserved 1048576K
}
Event: 37.682 GC heap after
{Heap after GC invocations=24 (full 0):
 garbage-first heap   total 189440K, used 100352K [0x0000000080000000, 0x0000000100000000)
  region size 1024K, 6 young (6144K), 6 survivors (6144K)
 Metaspace       used 87092K, capacity 89252K, committed 89552K, reserved 1126400K
  class space    used 11220K, capacity 12000K, committed 12108K, reserved 1048576K
}
Event: 39.475 GC heap before
{Heap before GC invocations=25 (full 0):
 garbage-first heap   total 189440K, used 151552K [0x0000000080000000, 0x0000000100000000)
  region size 1024K, 40 young (40960K), 6 survivors (6144K)
 Metaspace       used 89724K, capacity 91909K, committed 91984K, reserved 1128448K
  class space    used 11441K, capacity 12224K, committed 12236K, reserved 1048576K
}
Event: 39.498 GC heap after
{Heap after GC invocations=26 (full 0):
 garbage-first heap   total 189440K, used 105291K [0x0000000080000000, 0x0000000100000000)
  region size 1024K, 5 young (5120K), 5 survivors (5120K)
 Metaspace       used 89724K, capacity 91909K, committed 91984K, reserved 1128448K
  class space    used 11441K, capacity 12224K, committed 12236K, reserved 1048576K
}
Event: 40.207 GC heap before
{Heap before GC invocations=26 (full 0):
 garbage-first heap   total 189440K, used 139083K [0x0000000080000000, 0x0000000100000000)
  region size 1024K, 39 young (39936K), 5 survivors (5120K)
 Metaspace       used 92416K, capacity 94566K, committed 94800K, reserved 1132544K
  class space    used 11669K, capacity 12465K, committed 12492K, reserved 1048576K
}
Event: 40.213 GC heap after
{Heap after GC invocations=27 (full 0):
 garbage-first heap   total 189440K, used 102871K [0x0000000080000000, 0x0000000100000000)
  region size 1024K, 1 young (1024K), 1 survivors (1024K)
 Metaspace       used 92416K, capacity 94566K, committed 94800K, reserved 1132544K
  class space    used 11669K, capacity 12465K, committed 12492K, reserved 1048576K
}
Event: 42.091 GC heap before
{Heap before GC invocations=28 (full 0):
 garbage-first heap   total 189440K, used 128471K [0x0000000080000000, 0x0000000100000000)
  region size 1024K, 38 young (38912K), 1 survivors (1024K)
 Metaspace       used 93323K, capacity 95503K, committed 95696K, reserved 1132544K
  class space    used 11744K, capacity 12542K, committed 12620K, reserved 1048576K
}
Event: 42.102 GC heap after
{Heap after GC invocations=29 (full 0):
 garbage-first heap   total 189440K, used 93581K [0x0000000080000000, 0x0000000100000000)
  region size 1024K, 3 young (3072K), 3 survivors (3072K)
 Metaspace       used 93323K, capacity 95503K, committed 95696K, reserved 1132544K
  class space    used 11744K, capacity 12542K, committed 12620K, reserved 1048576K
}
Event: 42.176 GC heap before
{Heap before GC invocations=29 (full 0):
 garbage-first heap   total 189440K, used 98701K [0x0000000080000000, 0x0000000100000000)
  region size 1024K, 9 young (9216K), 3 survivors (3072K)
 Metaspace       used 93340K, capacity 95504K, committed 95696K, reserved 1132544K
  class space    used 11744K, capacity 12542K, committed 12620K, reserved 1048576K
}
Event: 42.186 GC heap after
{Heap after GC invocations=30 (full 0):
 garbage-first heap   total 189440K, used 83832K [0x0000000080000000, 0x0000000100000000)
  region size 1024K, 1 young (1024K), 1 survivors (1024K)
 Metaspace       used 93340K, capacity 95504K, committed 95696K, reserved 1132544K
  class space    used 11744K, capacity 12542K, committed 12620K, reserved 1048576K
}
Event: 46.776 GC heap before
{Heap before GC invocations=30 (full 0):
 garbage-first heap   total 189440K, used 131960K [0x0000000080000000, 0x0000000100000000)
  region size 1024K, 49 young (50176K), 1 survivors (1024K)
 Metaspace       used 95554K, capacity 97736K, committed 98000K, reserved 1134592K
  class space    used 12009K, capacity 12840K, committed 12876K, reserved 1048576K
}
Event: 46.784 GC heap after
{Heap after GC invocations=31 (full 0):
 garbage-first heap   total 189440K, used 85903K [0x0000000080000000, 0x0000000100000000)
  region size 1024K, 3 young (3072K), 3 survivors (3072K)
 Metaspace       used 95554K, capacity 97736K, committed 98000K, reserved 1134592K
  class space    used 12009K, capacity 12840K, committed 12876K, reserved 1048576K
}
Event: 47.827 GC heap before
{Heap before GC invocations=31 (full 0):
 garbage-first heap   total 189440K, used 136079K [0x0000000080000000, 0x0000000100000000)
  region size 1024K, 53 young (54272K), 3 survivors (3072K)
 Metaspace       used 97794K, capacity 100040K, committed 100304K, reserved 1136640K
  class space    used 12258K, capacity 13069K, committed 13132K, reserved 1048576K
}
Event: 47.839 GC heap after
{Heap after GC invocations=32 (full 0):
 garbage-first heap   total 189440K, used 89589K [0x0000000080000000, 0x0000000100000000)
  region size 1024K, 7 young (7168K), 7 survivors (7168K)
 Metaspace       used 97794K, capacity 100040K, committed 100304K, reserved 1136640K
  class space    used 12258K, capacity 13069K, committed 13132K, reserved 1048576K
}
Event: 53.415 GC heap before
{Heap before GC invocations=32 (full 0):
 garbage-first heap   total 189440K, used 139765K [0x0000000080000000, 0x0000000100000000)
  region size 1024K, 57 young (58368K), 7 survivors (7168K)
 Metaspace       used 98149K, capacity 100388K, committed 100560K, reserved 1136640K
  class space    used 12307K, capacity 13123K, committed 13132K, reserved 1048576K
}
Event: 53.434 GC heap after
{Heap after GC invocations=33 (full 0):
 garbage-first heap   total 189440K, used 92385K [0x0000000080000000, 0x0000000100000000)
  region size 1024K, 7 young (7168K), 7 survivors (7168K)
 Metaspace       used 98149K, capacity 100388K, committed 100560K, reserved 1136640K
  class space    used 12307K, capacity 13123K, committed 13132K, reserved 1048576K
}

Deoptimization events (20 events):
Event: 48.596 Thread 0x000001b8d3ebd000 DEOPT PACKING pc=0x000001b8c3660474 sp=0x0000008b8bdf6de0
Event: 48.596 Thread 0x000001b8d3ebd000 DEOPT UNPACKING pc=0x000001b8bb3ea1af sp=0x0000008b8bdf6dd0 mode 2
Event: 49.367 Thread 0x000001b8d5852800 DEOPT PACKING pc=0x000001b8bd3ffbf6 sp=0x0000008b8eefdae0
Event: 49.367 Thread 0x000001b8d5852800 DEOPT UNPACKING pc=0x000001b8bb3ea95e sp=0x0000008b8eefd000 mode 0
Event: 49.873 Thread 0x000001b8d59c8800 Uncommon trap: trap_request=0xffffff4d fr.pc=0x000001b8c33fe330 relative=0x0000000000000090
Event: 49.873 Thread 0x000001b8d59c8800 Uncommon trap: reason=unstable_if action=reinterpret pc=0x000001b8c33fe330 method=com.google.common.cache.LongAdder.add(J)V @ 24 c2
Event: 49.873 Thread 0x000001b8d59c8800 DEOPT PACKING pc=0x000001b8c33fe330 sp=0x0000008b8e0fcf50
Event: 49.873 Thread 0x000001b8d59c8800 DEOPT UNPACKING pc=0x000001b8bb3ea1af sp=0x0000008b8e0fce90 mode 2
Event: 51.081 Thread 0x000001b8d3ebd000 Uncommon trap: trap_request=0xffffffd6 fr.pc=0x000001b8c36013c8 relative=0x0000000000000b08
Event: 51.081 Thread 0x000001b8d3ebd000 Uncommon trap: reason=array_check action=maybe_recompile pc=0x000001b8c36013c8 method=com.google.common.collect.RegularImmutableMap.fromEntryArray(I[Ljava/util/Map$Entry;)Lcom/google/common/collect/ImmutableMap; @ 157 c2
Event: 51.081 Thread 0x000001b8d3ebd000 DEOPT PACKING pc=0x000001b8c36013c8 sp=0x0000008b8bdf8000
Event: 51.082 Thread 0x000001b8d3ebd000 DEOPT UNPACKING pc=0x000001b8bb3ea1af sp=0x0000008b8bdf7fb0 mode 2
Event: 52.427 Thread 0x000001b8d4f49000 Uncommon trap: trap_request=0xffffff4d fr.pc=0x000001b8c35c7190 relative=0x00000000000005d0
Event: 52.427 Thread 0x000001b8d4f49000 Uncommon trap: reason=unstable_if action=reinterpret pc=0x000001b8c35c7190 method=java.util.concurrent.locks.AbstractQueuedSynchronizer.findNodeFromTail(Ljava/util/concurrent/locks/AbstractQueuedSynchronizer$Node;)Z @ 7 c2
Event: 52.427 Thread 0x000001b8d4f49000 DEOPT PACKING pc=0x000001b8c35c7190 sp=0x0000008b8c2fec80
Event: 52.427 Thread 0x000001b8d4f49000 DEOPT UNPACKING pc=0x000001b8bb3ea1af sp=0x0000008b8c2feb50 mode 2
Event: 53.497 Thread 0x000001b8d3ebd000 Uncommon trap: trap_request=0xffffffd6 fr.pc=0x000001b8c36013c8 relative=0x0000000000000b08
Event: 53.497 Thread 0x000001b8d3ebd000 Uncommon trap: reason=array_check action=maybe_recompile pc=0x000001b8c36013c8 method=com.google.common.collect.RegularImmutableMap.fromEntryArray(I[Ljava/util/Map$Entry;)Lcom/google/common/collect/ImmutableMap; @ 157 c2
Event: 53.498 Thread 0x000001b8d3ebd000 DEOPT PACKING pc=0x000001b8c36013c8 sp=0x0000008b8bdf83c0
Event: 53.498 Thread 0x000001b8d3ebd000 DEOPT UNPACKING pc=0x000001b8bb3ea1af sp=0x0000008b8bdf8370 mode 2

Classes redefined (0 events):
No events

Internal exceptions (20 events):
Event: 39.698 Thread 0x000001b8d3ebd000 Exception <a 'sun/nio/fs/WindowsException'{0x000000008b807980}> (0x000000008b807980) thrown at [./src/hotspot/share/prims/jni.cpp, line 615]
Event: 39.707 Thread 0x000001b8d3ebd000 Exception <a 'sun/nio/fs/WindowsException'{0x000000008b808b28}> (0x000000008b808b28) thrown at [./src/hotspot/share/prims/jni.cpp, line 615]
Event: 39.709 Thread 0x000001b8d3ebd000 Exception <a 'sun/nio/fs/WindowsException'{0x000000008b809d08}> (0x000000008b809d08) thrown at [./src/hotspot/share/prims/jni.cpp, line 615]
Event: 39.727 Thread 0x000001b8d3ebd000 Exception <a 'sun/nio/fs/WindowsException'{0x000000008b80ae00}> (0x000000008b80ae00) thrown at [./src/hotspot/share/prims/jni.cpp, line 615]
Event: 39.922 Thread 0x000001b8d3ebd000 Exception <a 'java/lang/NoSuchMethodError'{0x000000008a8e3aa8}: 'java.lang.Object java.lang.invoke.DirectMethodHandle$Holder.newInvokeSpecial(java.lang.Object, java.lang.Object, java.lang.Object, java.lang.Object)'> (0x000000008a8e3aa8) thrown at [./src/hotspot/share/interpreter/linkResolver.cpp, line 773]
Event: 41.657 Thread 0x000001b8d82ba800 Exception <a 'java/lang/NoSuchMethodError'{0x000000008a08ff80}: <clinit>> (0x000000008a08ff80) thrown at [./src/hotspot/share/prims/jni.cpp, line 1365]
Event: 41.657 Thread 0x000001b8d82ba800 Exception <a 'java/lang/NoSuchMethodError'{0x000000008a0917f8}: <clinit>> (0x000000008a0917f8) thrown at [./src/hotspot/share/prims/jni.cpp, line 1365]
Event: 41.657 Thread 0x000001b8d82ba800 Exception <a 'java/lang/NoSuchMethodError'{0x000000008a094640}: <clinit>> (0x000000008a094640) thrown at [./src/hotspot/share/prims/jni.cpp, line 1365]
Event: 41.658 Thread 0x000001b8d82ba800 Exception <a 'java/lang/NoSuchMethodError'{0x000000008a0ad450}: <clinit>> (0x000000008a0ad450) thrown at [./src/hotspot/share/prims/jni.cpp, line 1365]
Event: 41.658 Thread 0x000001b8d82ba800 Exception <a 'java/lang/NoSuchMethodError'{0x000000008a0ae8e8}: <clinit>> (0x000000008a0ae8e8) thrown at [./src/hotspot/share/prims/jni.cpp, line 1365]
Event: 44.189 Thread 0x000001b8d82ba800 Exception <a 'java/lang/NoSuchMethodError'{0x000000008a976b70}: <clinit>> (0x000000008a976b70) thrown at [./src/hotspot/share/prims/jni.cpp, line 1365]
Event: 44.194 Thread 0x000001b8d82ba800 Exception <a 'java/lang/NoSuchMethodError'{0x000000008a9bb8d8}: <clinit>> (0x000000008a9bb8d8) thrown at [./src/hotspot/share/prims/jni.cpp, line 1365]
Event: 44.195 Thread 0x000001b8d82ba800 Exception <a 'java/lang/NoSuchMethodError'{0x000000008a9ce500}: <clinit>> (0x000000008a9ce500) thrown at [./src/hotspot/share/prims/jni.cpp, line 1365]
Event: 47.637 Thread 0x000001b8d3ebd000 Exception <a 'java/lang/NoSuchMethodError'{0x0000000088dadfa8}: 'int java.lang.invoke.DirectMethodHandle$Holder.invokeSpecial(java.lang.Object, java.lang.Object, java.lang.Object, java.lang.Object, java.lang.Object)'> (0x0000000088dadfa8) thrown at [./src/hotspot/share/interpreter/linkResolver.cpp, line 773]
Event: 47.969 Thread 0x000001b8d82b9800 Exception <a 'java/lang/NoSuchMethodError'{0x000000008b8b2750}: 'void java.lang.invoke.DirectMethodHandle$Holder.invokeStatic(java.lang.Object, long)'> (0x000000008b8b2750) thrown at [./src/hotspot/share/interpreter/linkResolver.cpp, line 773]
Event: 47.969 Thread 0x000001b8d82b9800 Exception <a 'java/lang/NoSuchMethodError'{0x000000008b8b7968}: 'java.lang.Object java.lang.invoke.DirectMethodHandle$Holder.invokeStatic(java.lang.Object, long)'> (0x000000008b8b7968) thrown at [./src/hotspot/share/interpreter/linkResolver.cpp, line 773]
Event: 47.971 Thread 0x000001b8d82b9800 Exception <a 'java/lang/NoSuchMethodError'{0x000000008b8c5cd0}: 'java.lang.Object java.lang.invoke.DirectMethodHandle$Holder.invokeStaticInit(java.lang.Object, java.lang.Object, long, java.lang.Object)'> (0x000000008b8c5cd0) thrown at [./src/hotspot/share/interpreter/linkResolver.cpp, line 773]
Event: 47.972 Thread 0x000001b8d82b9800 Exception <a 'java/lang/NoSuchMethodError'{0x000000008b8cbe68}: 'java.lang.Object java.lang.invoke.DirectMethodHandle$Holder.invokeStatic(java.lang.Object, java.lang.Object, long)'> (0x000000008b8cbe68) thrown at [./src/hotspot/share/interpreter/linkResolver.cpp, line 773]
Event: 47.972 Thread 0x000001b8d82b9800 Exception <a 'java/lang/NoSuchMethodError'{0x000000008b8d23e0}: 'java.lang.Object java.lang.invoke.Invokers$Holder.linkToTargetMethod(java.lang.Object, long, java.lang.Object)'> (0x000000008b8d23e0) thrown at [./src/hotspot/share/interpreter/linkResolver.cpp, line 773]
Event: 48.997 Thread 0x000001b8d82b9800 Exception <a 'java/lang/NoSuchMethodError'{0x000000008a2d6f48}: 'int java.lang.invoke.DirectMethodHandle$Holder.invokeSpecialIFC(java.lang.Object, java.lang.Object, java.lang.Object)'> (0x000000008a2d6f48) thrown at [./src/hotspot/share/interpreter/linkResolver.cpp, line 773]

Events (20 events):
Event: 49.549 Thread 0x000001b8dc099000 Thread exited: 0x000001b8dc099000
Event: 51.081 loading class com/android/build/gradle/options/IntegerOption
Event: 51.081 loading class com/android/build/gradle/options/IntegerOption done
Event: 51.081 loading class com/android/build/gradle/options/ProjectOptions
Event: 51.081 loading class com/android/build/gradle/options/ProjectOptions done
Event: 51.082 loading class org/gradle/api/provider/Provider
Event: 51.082 loading class org/gradle/api/provider/Provider done
Event: 51.082 loading class com/android/build/gradle/options/ProjectOptions$OptionValue
Event: 51.082 loading class com/android/build/gradle/options/ProjectOptions$OptionValue done
Event: 51.098 loading class org/gradle/internal/Try$1
Event: 51.098 loading class org/gradle/internal/Try$1 done
Event: 53.410 loading class org/gradle/api/specs/Spec
Event: 53.410 loading class org/gradle/api/specs/Spec done
Event: 53.414 Executing VM operation: G1CollectForAllocation
Event: 53.434 Executing VM operation: G1CollectForAllocation done
Event: 53.436 loading class com/android/build/gradle/internal/tasks/ValidateSigningTask$forceRerun$storeFile$1
Event: 53.436 loading class com/android/build/gradle/internal/tasks/ValidateSigningTask$forceRerun$storeFile$1 done
Event: 64.321 Executing VM operation: RevokeBias
Event: 64.321 Executing VM operation: RevokeBias done
Event: 64.321 Thread 0x000001b8d45d0800 Thread exited: 0x000001b8d45d0800


Dynamic libraries:
0x00007ff617560000 - 0x00007ff61756a000 	D:\Android Studio\jre\bin\java.exe
0x00007ffb7b570000 - 0x00007ffb7b768000 	C:\WINDOWS\SYSTEM32\ntdll.dll
0x00007ffb70de0000 - 0x00007ffb70df7000 	C:\Program Files\Avast Software\Avast\aswhook.dll
0x00007ffb7ab80000 - 0x00007ffb7ac3f000 	C:\WINDOWS\System32\KERNEL32.DLL
0x00007ffb78fb0000 - 0x00007ffb79282000 	C:\WINDOWS\System32\KERNELBASE.dll
0x00007ffb78ca0000 - 0x00007ffb78da0000 	C:\WINDOWS\System32\ucrtbase.dll
0x00007ffb6fbb0000 - 0x00007ffb6fbc7000 	D:\Android Studio\jre\bin\VCRUNTIME140.dll
0x00007ffb518f0000 - 0x00007ffb51909000 	D:\Android Studio\jre\bin\jli.dll
0x00007ffb7afe0000 - 0x00007ffb7b17d000 	C:\WINDOWS\System32\USER32.dll
0x00007ffb56330000 - 0x00007ffb565ca000 	C:\WINDOWS\WinSxS\amd64_microsoft.windows.common-controls_6595b64144ccf1df_6.0.19041.1110_none_60b5254171f9507e\COMCTL32.dll
0x00007ffb78c70000 - 0x00007ffb78c92000 	C:\WINDOWS\System32\win32u.dll
0x00007ffb7ad00000 - 0x00007ffb7ad9e000 	C:\WINDOWS\System32\msvcrt.dll
0x00007ffb7b180000 - 0x00007ffb7b1ab000 	C:\WINDOWS\System32\GDI32.dll
0x00007ffb78ea0000 - 0x00007ffb78faf000 	C:\WINDOWS\System32\gdi32full.dll
0x00007ffb793f0000 - 0x00007ffb7948d000 	C:\WINDOWS\System32\msvcp_win.dll
0x00007ffb7b4f0000 - 0x00007ffb7b522000 	C:\WINDOWS\System32\IMM32.DLL
0x00007ffb42ee0000 - 0x00007ffb42f7d000 	D:\Android Studio\jre\bin\msvcp140.dll
0x00007ffb0a440000 - 0x00007ffb0af25000 	D:\Android Studio\jre\bin\server\jvm.dll
0x00007ffb7ac40000 - 0x00007ffb7acee000 	C:\WINDOWS\System32\ADVAPI32.dll
0x00007ffb7a8d0000 - 0x00007ffb7a96c000 	C:\WINDOWS\System32\sechost.dll
0x00007ffb7b210000 - 0x00007ffb7b335000 	C:\WINDOWS\System32\RPCRT4.dll
0x00007ffb7b460000 - 0x00007ffb7b468000 	C:\WINDOWS\System32\PSAPI.DLL
0x00007ffb65460000 - 0x00007ffb65469000 	C:\WINDOWS\SYSTEM32\WSOCK32.dll
0x00007ffb6ac50000 - 0x00007ffb6ac5a000 	C:\WINDOWS\SYSTEM32\VERSION.dll
0x00007ffb7b3f0000 - 0x00007ffb7b45b000 	C:\WINDOWS\System32\WS2_32.dll
0x00007ffb60500000 - 0x00007ffb60527000 	C:\WINDOWS\SYSTEM32\WINMM.dll
0x00007ffb77800000 - 0x00007ffb77812000 	C:\WINDOWS\SYSTEM32\kernel.appcore.dll
0x00007ffb70050000 - 0x00007ffb70061000 	D:\Android Studio\jre\bin\verify.dll
0x00007ffb6a870000 - 0x00007ffb6aa54000 	C:\WINDOWS\SYSTEM32\DBGHELP.DLL
0x00007ffb6a840000 - 0x00007ffb6a86c000 	C:\WINDOWS\SYSTEM32\dbgcore.DLL
0x00007ffb78da0000 - 0x00007ffb78e22000 	C:\WINDOWS\System32\bcryptPrimitives.dll
0x00007ffb46a40000 - 0x00007ffb46a69000 	D:\Android Studio\jre\bin\java.dll
0x00007ffb70040000 - 0x00007ffb7004b000 	D:\Android Studio\jre\bin\jimage.dll
0x00007ffb57da0000 - 0x00007ffb57db8000 	D:\Android Studio\jre\bin\zip.dll
0x00007ffb795c0000 - 0x00007ffb79d03000 	C:\WINDOWS\System32\SHELL32.dll
0x00007ffb76b00000 - 0x00007ffb77292000 	C:\WINDOWS\SYSTEM32\windows.storage.dll
0x00007ffb7a1e0000 - 0x00007ffb7a534000 	C:\WINDOWS\System32\combase.dll
0x00007ffb78660000 - 0x00007ffb78690000 	C:\WINDOWS\SYSTEM32\Wldp.dll
0x00007ffb7aaa0000 - 0x00007ffb7ab4d000 	C:\WINDOWS\System32\SHCORE.dll
0x00007ffb7a540000 - 0x00007ffb7a595000 	C:\WINDOWS\System32\shlwapi.dll
0x00007ffb78bb0000 - 0x00007ffb78bcf000 	C:\WINDOWS\SYSTEM32\profapi.dll
0x00007ffb53650000 - 0x00007ffb5366a000 	D:\Android Studio\jre\bin\net.dll
0x00007ffb70110000 - 0x00007ffb7021c000 	C:\WINDOWS\SYSTEM32\WINHTTP.dll
0x00007ffb78340000 - 0x00007ffb783aa000 	C:\WINDOWS\system32\mswsock.dll
0x00007ffb531b0000 - 0x00007ffb531c4000 	D:\Android Studio\jre\bin\nio.dll
0x00007ffb661c0000 - 0x00007ffb661e7000 	C:\Users\LENOVO\Desktop\GRADLE\gradle-6.1.1\native\e1d6ef7f7dcc3fd88c89a11ec53ec762bb8ba0a96d01ffa2cd45eb1d1d8dd5c5\windows-amd64\native-platform.dll
0x00007ffb33c20000 - 0x00007ffb33d64000 	C:\Users\LENOVO\Desktop\GRADLE\gradle-6.1.1\native\5664cfc778a61ccfe75a443a1ab52a65af34e5dc3c78e0209fed803814484fcb\windows-amd64\native-platform-file-events.dll
0x00007ffb74700000 - 0x00007ffb7470a000 	D:\Android Studio\jre\bin\management.dll
0x00007ffb74580000 - 0x00007ffb7458d000 	D:\Android Studio\jre\bin\management_ext.dll
0x00007ffb785a0000 - 0x00007ffb785b8000 	C:\WINDOWS\SYSTEM32\CRYPTSP.dll
0x00007ffb77c70000 - 0x00007ffb77ca4000 	C:\WINDOWS\system32\rsaenh.dll
0x00007ffb79490000 - 0x00007ffb794b7000 	C:\WINDOWS\System32\bcrypt.dll
0x00007ffb78b70000 - 0x00007ffb78b9e000 	C:\WINDOWS\SYSTEM32\USERENV.dll
0x00007ffb785c0000 - 0x00007ffb785cc000 	C:\WINDOWS\SYSTEM32\CRYPTBASE.dll
0x00007ffb78040000 - 0x00007ffb7807b000 	C:\WINDOWS\SYSTEM32\IPHLPAPI.DLL
0x00007ffb7ab70000 - 0x00007ffb7ab78000 	C:\WINDOWS\System32\NSI.dll
0x00007ffb70500000 - 0x00007ffb70517000 	C:\WINDOWS\SYSTEM32\dhcpcsvc6.DLL
0x00007ffb704e0000 - 0x00007ffb704fd000 	C:\WINDOWS\SYSTEM32\dhcpcsvc.DLL
0x00007ffb78080000 - 0x00007ffb7814a000 	C:\WINDOWS\SYSTEM32\DNSAPI.dll
0x00007ffb77d90000 - 0x00007ffb77dc3000 	C:\WINDOWS\SYSTEM32\ntmarta.dll

dbghelp: loaded successfully - version: 4.0.5 - missing functions: none
symbol engine: initialized successfully - sym options: 0x614 - pdb path: .;D:\Android Studio\jre\bin;C:\WINDOWS\SYSTEM32;C:\Program Files\Avast Software\Avast;C:\WINDOWS\WinSxS\amd64_microsoft.windows.common-controls_6595b64144ccf1df_6.0.19041.1110_none_60b5254171f9507e;D:\Android Studio\jre\bin\server;C:\Users\LENOVO\Desktop\GRADLE\gradle-6.1.1\native\e1d6ef7f7dcc3fd88c89a11ec53ec762bb8ba0a96d01ffa2cd45eb1d1d8dd5c5\windows-amd64;C:\Users\LENOVO\Desktop\GRADLE\gradle-6.1.1\native\5664cfc778a61ccfe75a443a1ab52a65af34e5dc3c78e0209fed803814484fcb\windows-amd64

VM Arguments:
jvm_args: --add-opens=java.base/java.util=ALL-UNNAMED --add-opens=java.base/java.lang=ALL-UNNAMED --add-opens=java.base/java.lang.invoke=ALL-UNNAMED --add-opens=java.base/java.util=ALL-UNNAMED --add-opens=java.prefs/java.util.prefs=ALL-UNNAMED --add-opens=java.prefs/java.util.prefs=ALL-UNNAMED --add-opens=java.base/java.nio.charset=ALL-UNNAMED --add-opens=java.base/java.net=ALL-UNNAMED --add-opens=java.base/java.util.concurrent.atomic=ALL-UNNAMED -Xmx2048m -Dfile.encoding=UTF-8 -Duser.country=FR -Duser.language=fr -Duser.variant 
java_command: org.gradle.launcher.daemon.bootstrap.GradleDaemon 7.3.3
java_class_path (initial): C:\Users\LENOVO\Desktop\GRADLE\gradle-6.1.1\wrapper\dists\gradle-7.3.3-bin\6a41zxkdtcxs8rphpq6y0069z\gradle-7.3.3\lib\gradle-launcher-7.3.3.jar
Launcher Type: SUN_STANDARD

[Global flags]
     intx CICompilerCount                          = 3                                         {product} {ergonomic}
     uint ConcGCThreads                            = 1                                         {product} {ergonomic}
     uint G1ConcRefinementThreads                  = 4                                         {product} {ergonomic}
   size_t G1HeapRegionSize                         = 1048576                                   {product} {ergonomic}
    uintx GCDrainStackTargetSize                   = 64                                        {product} {ergonomic}
   size_t InitialHeapSize                          = 134217728                                 {product} {ergonomic}
   size_t MarkStackSize                            = 4194304                                   {product} {ergonomic}
   size_t MaxHeapSize                              = 2147483648                                {product} {command line}
   size_t MaxNewSize                               = 1287651328                                {product} {ergonomic}
   size_t MinHeapDeltaBytes                        = 1048576                                   {product} {ergonomic}
    uintx NonNMethodCodeHeapSize                   = 5830732                                {pd product} {ergonomic}
    uintx NonProfiledCodeHeapSize                  = 122913754                              {pd product} {ergonomic}
    uintx ProfiledCodeHeapSize                     = 122913754                              {pd product} {ergonomic}
    uintx ReservedCodeCacheSize                    = 251658240                              {pd product} {ergonomic}
     bool SegmentedCodeCache                       = true                                      {product} {ergonomic}
     bool UseCompressedClassPointers               = true                                 {lp64_product} {ergonomic}
     bool UseCompressedOops                        = true                                 {lp64_product} {ergonomic}
     bool UseG1GC                                  = true                                      {product} {ergonomic}
     bool UseLargePagesIndividualAllocation        = false                                  {pd product} {ergonomic}

Logging:
Log output configuration:
 #0: stdout all=warning uptime,level,tags
 #1: stderr all=off uptime,level,tags

Environment Variables:
PATH=C:\Program Files\Eclipse Foundation\jdk-8.0.302.8-hotspot\bin;C:\Program Files\Microsoft\jdk-11.0.12.7-hotspot\bin;D:\flutter vs dart\dart-sdk\bin;C:\Program Files (x86)\Common Files\Intel\Shared Libraries\redist\intel64_win\compiler;C:\ProgramData\Oracle\Java\javapath;C:\WINDOWS\system32;C:\WINDOWS;C:\WINDOWS\System32\Wbem;C:\WINDOWS\System32\WindowsPowerShell\v1.0\;C:\WINDOWS\System32\OpenSSH\;C:\Users\LENOVO\.dnx\bin;C:\Program Files\Microsoft DNX\Dnvm\;C:\Program Files\Microsoft SQL Server\120\Tools\Binn\;C:\Users\LENOVO\Desktop\Programme Java\jdk-17.0.1\bin\;D:\Dart\dart-sdk\bin;C:\Program Files (x86)\Microsoft SQL Server\150\Tools\Binn\;C:\Program Files\Microsoft SQL Server\150\Tools\Binn\;C:\Program Files (x86)\Microsoft SQL Server\150\DTS\Binn\;C:\Program Files\Microsoft SQL Server\150\DTS\Binn\;C:\Program Files\Microsoft SQL Server\Client SDK\ODBC\170\Tools\Binn\;C:\Program Files\Azure Data Studio\bin;D:\flutter vs dart\flutter\bin;C:\Program Files\dotnet\;C:\ProgramData\chocolatey\bin;C:\sqlite;D:\php-8\php-8.1.9-src;C:\Program Files\Git\cmd;C:\Program Files\nodejs\;C:\Users\LENOVO\.dotnet\tools;C:\Users\LENOVO\.dotnet\tools;D:\visual studio code\Microsoft VS Code\bin;D:\;C:\Users\LENOVO\Downloads\android\platform-tools;D:\Intellij Idea\IntelliJ IDEA Community Edition 2022.2.2\bin;D:\Android Studio\jre\bin;C:\Program Files\Java\jdk1.8.0_341\bin;C:\Program Files\Java\jre1.8.0_341;C:\Program Files\Microsoft\jdk-11.0.12.7-hotspot\bin\server;C:\Spring boot\spring-2.7.3\bin;D:\Intellij Idea\IntelliJ IDEA 2022.2.2\bin;D:\PhpStorm\PhpStorm 2022.2.1\bin;C:\Users\LENOVO\AppData\Roaming\npm
USERNAME=LENOVO
OS=Windows_NT
PROCESSOR_IDENTIFIER=Intel64 Family 6 Model 142 Stepping 9, GenuineIntel



---------------  S Y S T E M  ---------------

OS: Windows 10 , 64 bit Build 19041 (10.0.19041.2251)
OS uptime: 2 days 2:09 hours

CPU:total 4 (initial active 4) (2 cores per cpu, 2 threads per core) family 6 model 142 stepping 9 microcode 0xb4, cmov, cx8, fxsr, mmx, sse, sse2, sse3, ssse3, sse4.1, sse4.2, popcnt, avx, avx2, aes, clmul, erms, 3dnowpref, lzcnt, ht, tsc, tscinvbit, bmi1, bmi2, adx, fma

Memory: 4k page, system-wide physical 8073M (568M free)
TotalPageFile size 13073M (AvailPageFile size 7M)
current process WorkingSet (physical memory assigned to process): 444M, peak: 480M
current process commit charge ("private bytes"): 477M, peak: 513M

vm_info: OpenJDK 64-Bit Server VM (11.0.12+7-b1504.28-7817840) for windows-amd64 JRE (11.0.12+7-b1504.28-7817840), built on Oct 13 2021 22:12:33 by "builder" with MS VC++ 14.0 (VS2015)

END.
