#
# There is insufficient memory for the Java Runtime Environment to continue.
# Native memory allocation (malloc) failed to allocate 1443856 bytes for Chunk::new
# Possible reasons:
#   The system is out of physical RAM or swap space
#   The process is running with CompressedOops enabled, and the Java Heap may be blocking the growth of the native heap
# Possible solutions:
#   Reduce memory load on the system
#   Increase physical memory or swap space
#   Check if swap backing store is full
#   Decrease Java heap size (-Xmx/-Xms)
#   Decrease number of Java threads
#   Decrease Java thread stack sizes (-Xss)
#   Set larger code cache with -XX:ReservedCodeCacheSize=
#   JVM is running with Unscaled Compressed Oops mode in which the Java heap is
#     placed in the first 4GB address space. The Java Heap base address is the
#     maximum limit for the native heap growth. Please use -XX:HeapBaseMinAddress
#     to set the Java Heap base and to place the Java Heap above 4GB virtual address.
# This output file may be truncated or incomplete.
#
#  Out of Memory Error (./src/hotspot/share/memory/arena.cpp:197), pid=19364, tid=3340
#
# JRE version: OpenJDK Runtime Environment (11.0.12+7) (build 11.0.12+7-b1504.28-7817840)
# Java VM: OpenJDK 64-Bit Server VM (11.0.12+7-b1504.28-7817840, mixed mode, tiered, compressed oops, g1 gc, windows-amd64)
# No core dump will be written. Minidumps are not enabled by default on client versions of Windows
#

---------------  S U M M A R Y ------------

Command Line: --add-opens=java.base/java.util=ALL-UNNAMED --add-opens=java.base/java.lang=ALL-UNNAMED --add-opens=java.base/java.lang.invoke=ALL-UNNAMED --add-opens=java.base/java.util=ALL-UNNAMED --add-opens=java.prefs/java.util.prefs=ALL-UNNAMED --add-opens=java.prefs/java.util.prefs=ALL-UNNAMED --add-opens=java.base/java.nio.charset=ALL-UNNAMED --add-opens=java.base/java.net=ALL-UNNAMED --add-opens=java.base/java.util.concurrent.atomic=ALL-UNNAMED -Xmx2048m -Dfile.encoding=UTF-8 -Duser.country=FR -Duser.language=fr -Duser.variant org.gradle.launcher.daemon.bootstrap.GradleDaemon 7.3.3

Host: Intel(R) Core(TM) i3-7100U CPU @ 2.40GHz, 4 cores, 7G,  Windows 10 , 64 bit Build 19041 (10.0.19041.2251)
Time: Thu Nov 17 14:49:56 2022 Temps universel coordonné elapsed time: 24.663220 seconds (0d 0h 0m 24s)

---------------  T H R E A D  ---------------

Current thread (0x00000130a901b000):  JavaThread "C2 CompilerThread0" daemon [_thread_in_native, id=3340, stack(0x0000001be4900000,0x0000001be4a00000)]


Current CompileTask:
C2:  24663 6554       4       java.lang.Class::getMethodsRecursive (99 bytes)

Stack: [0x0000001be4900000,0x0000001be4a00000]
Native frames: (J=compiled Java code, j=interpreted, Vv=VM code, C=native code)
V  [jvm.dll+0x5fbcea]
V  [jvm.dll+0x731905]
V  [jvm.dll+0x732f1d]
V  [jvm.dll+0x7335d3]
V  [jvm.dll+0x247bf8]
V  [jvm.dll+0xc018c]
V  [jvm.dll+0xc06cc]
V  [jvm.dll+0x35b31d]
V  [jvm.dll+0x328803]
V  [jvm.dll+0x327cfa]
V  [jvm.dll+0x200602]
V  [jvm.dll+0x1ff794]
V  [jvm.dll+0x18868c]
V  [jvm.dll+0x20e0d7]
V  [jvm.dll+0x20c901]
V  [jvm.dll+0x6f9b7f]
V  [jvm.dll+0x6f26a5]
V  [jvm.dll+0x5fabf6]
C  [ucrtbase.dll+0x21bb2]
C  [KERNEL32.DLL+0x174b4]
C  [ntdll.dll+0x526a1]


---------------  P R O C E S S  ---------------

Threads class SMR info:
_java_thread_list=0x00000130af2c13e0, length=78, elements={
0x000001308d486000, 0x00000130a8fea800, 0x00000130a8fec000, 0x00000130a9007800,
0x00000130a9008000, 0x00000130a900c800, 0x00000130a901b000, 0x00000130a901e000,
0x00000130a9020800, 0x00000130a9af4800, 0x00000130ab0b3800, 0x00000130a9c52000,
0x00000130abddf800, 0x00000130aa929800, 0x00000130ab256000, 0x00000130ab08c000,
0x00000130aae32000, 0x00000130ac040000, 0x00000130ac887800, 0x00000130ac966800,
0x00000130ac963800, 0x00000130ac967800, 0x00000130ac966000, 0x00000130ac964800,
0x00000130ac965000, 0x00000130ac962000, 0x00000130ac968800, 0x00000130ac962800,
0x00000130ac614000, 0x00000130ac613000, 0x00000130ac616800, 0x00000130ac615000,
0x00000130ac618000, 0x00000130ac612800, 0x00000130ac619000, 0x00000130ac61a800,
0x00000130ac61b800, 0x00000130ac61f800, 0x00000130ac61c000, 0x00000130ac61d000,
0x00000130ac61e000, 0x00000130ac619800, 0x00000130ac61e800, 0x00000130af7ef000,
0x00000130af7f0000, 0x00000130af7f1000, 0x00000130af7f1800, 0x00000130af7f3800,
0x00000130af7f2800, 0x00000130af7f4000, 0x00000130af7ee800, 0x00000130af7fa800,
0x00000130af7f5000, 0x00000130af7fa000, 0x00000130af7fb800, 0x00000130af7f5800,
0x00000130af7f7800, 0x00000130af7fc800, 0x00000130af7f8000, 0x00000130af7f9000,
0x00000130af7f6800, 0x00000130af7fd000, 0x00000130afc4e800, 0x00000130afc4d800,
0x00000130afc4f800, 0x00000130afc4d000, 0x00000130afc4b800, 0x00000130afc51000,
0x00000130afc4c000, 0x00000130afc56000, 0x00000130afc52000, 0x00000130afc54800,
0x00000130afc52800, 0x00000130afc50000, 0x00000130afc59000, 0x00000130afc56800,
0x00000130afc57800, 0x00000130afc58800
}

Java Threads: ( => current thread )
  0x000001308d486000 JavaThread "main" [_thread_blocked, id=20180, stack(0x0000001be3d00000,0x0000001be3e00000)]
  0x00000130a8fea800 JavaThread "Reference Handler" daemon [_thread_blocked, id=18284, stack(0x0000001be4400000,0x0000001be4500000)]
  0x00000130a8fec000 JavaThread "Finalizer" daemon [_thread_blocked, id=15692, stack(0x0000001be4500000,0x0000001be4600000)]
  0x00000130a9007800 JavaThread "Signal Dispatcher" daemon [_thread_blocked, id=14276, stack(0x0000001be4600000,0x0000001be4700000)]
  0x00000130a9008000 JavaThread "Attach Listener" daemon [_thread_blocked, id=20164, stack(0x0000001be4700000,0x0000001be4800000)]
  0x00000130a900c800 JavaThread "Service Thread" daemon [_thread_blocked, id=15644, stack(0x0000001be4800000,0x0000001be4900000)]
=>0x00000130a901b000 JavaThread "C2 CompilerThread0" daemon [_thread_in_native, id=3340, stack(0x0000001be4900000,0x0000001be4a00000)]
  0x00000130a901e000 JavaThread "C1 CompilerThread0" daemon [_thread_blocked, id=15144, stack(0x0000001be4a00000,0x0000001be4b00000)]
  0x00000130a9020800 JavaThread "Sweeper thread" daemon [_thread_blocked, id=20168, stack(0x0000001be4b00000,0x0000001be4c00000)]
  0x00000130a9af4800 JavaThread "Common-Cleaner" daemon [_thread_blocked, id=10068, stack(0x0000001be4c00000,0x0000001be4d00000)]
  0x00000130ab0b3800 JavaThread "Daemon health stats" [_thread_blocked, id=18012, stack(0x0000001be5100000,0x0000001be5200000)]
  0x00000130a9c52000 JavaThread "Incoming local TCP Connector on port 1391" [_thread_in_native, id=10236, stack(0x0000001be4e00000,0x0000001be4f00000)]
  0x00000130abddf800 JavaThread "Daemon periodic checks" [_thread_blocked, id=1396, stack(0x0000001be5200000,0x0000001be5300000)]
  0x00000130aa929800 JavaThread "Daemon" [_thread_blocked, id=17292, stack(0x0000001be5300000,0x0000001be5400000)]
  0x00000130ab256000 JavaThread "Handler for socket connection from /127.0.0.1:1391 to /127.0.0.1:1392" [_thread_in_native, id=15996, stack(0x0000001be5400000,0x0000001be5500000)]
  0x00000130ab08c000 JavaThread "Cancel handler" [_thread_blocked, id=976, stack(0x0000001be5500000,0x0000001be5600000)]
  0x00000130aae32000 JavaThread "Daemon worker" [_thread_in_vm, id=13296, stack(0x0000001be5600000,0x0000001be5700000)]
  0x00000130ac040000 JavaThread "Asynchronous log dispatcher for DefaultDaemonConnection: socket connection from /127.0.0.1:1391 to /127.0.0.1:1392" [_thread_blocked, id=6700, stack(0x0000001be5700000,0x0000001be5800000)]
  0x00000130ac887800 JavaThread "Stdin handler" [_thread_blocked, id=21492, stack(0x0000001be5800000,0x0000001be5900000)]
  0x00000130ac966800 JavaThread "Daemon client event forwarder" [_thread_blocked, id=13604, stack(0x0000001be5900000,0x0000001be5a00000)]
  0x00000130ac963800 JavaThread "Cache worker for journal cache (C:\Users\LENOVO\Desktop\GRADLE\gradle-6.1.1\caches\journal-1)" [_thread_blocked, id=2400, stack(0x0000001be5b00000,0x0000001be5c00000)]
  0x00000130ac967800 JavaThread "File lock request listener" [_thread_in_native, id=11016, stack(0x0000001be5c00000,0x0000001be5d00000)]
  0x00000130ac966000 JavaThread "Cache worker for file hash cache (C:\Users\LENOVO\Desktop\GRADLE\gradle-6.1.1\caches\7.3.3\fileHashes)" [_thread_blocked, id=8360, stack(0x0000001be5d00000,0x0000001be5e00000)]
  0x00000130ac964800 JavaThread "Cache worker for file hash cache (D:\Program Files\Grafco3\.gradle\7.3.3\fileHashes)" [_thread_blocked, id=17172, stack(0x0000001be5f00000,0x0000001be6000000)]
  0x00000130ac965000 JavaThread "File watcher server" daemon [_thread_in_native, id=13872, stack(0x0000001be6000000,0x0000001be6100000)]
  0x00000130ac962000 JavaThread "File watcher consumer" daemon [_thread_blocked, id=13476, stack(0x0000001be6100000,0x0000001be6200000)]
  0x00000130ac968800 JavaThread "Cache worker for checksums cache (D:\Program Files\Grafco3\.gradle\7.3.3\checksums)" [_thread_blocked, id=9944, stack(0x0000001be5e00000,0x0000001be5f00000)]
  0x00000130ac962800 JavaThread "Cache worker for cache directory md-supplier (C:\Users\LENOVO\Desktop\GRADLE\gradle-6.1.1\caches\7.3.3\md-supplier)" [_thread_blocked, id=4572, stack(0x0000001be6200000,0x0000001be6300000)]
  0x00000130ac614000 JavaThread "Cache worker for cache directory md-rule (C:\Users\LENOVO\Desktop\GRADLE\gradle-6.1.1\caches\7.3.3\md-rule)" [_thread_blocked, id=7596, stack(0x0000001be6300000,0x0000001be6400000)]
  0x00000130ac613000 JavaThread "Cache worker for execution history cache (C:\Users\LENOVO\Desktop\GRADLE\gradle-6.1.1\caches\7.3.3\executionHistory)" [_thread_blocked, id=9060, stack(0x0000001be6500000,0x0000001be6600000)]
  0x00000130ac616800 JavaThread "jar transforms" [_thread_blocked, id=3900, stack(0x0000001be6600000,0x0000001be6700000)]
  0x00000130ac615000 JavaThread "Cache worker for file content cache (C:\Users\LENOVO\Desktop\GRADLE\gradle-6.1.1\caches\7.3.3\fileContent)" [_thread_blocked, id=1696, stack(0x0000001be6700000,0x0000001be6800000)]
  0x00000130ac618000 JavaThread "jar transforms Thread 2" [_thread_blocked, id=16944, stack(0x0000001be6800000,0x0000001be6900000)]
  0x00000130ac612800 JavaThread "Cache worker for dependencies-accessors (D:\Program Files\Grafco3\.gradle\7.3.3\dependencies-accessors)" [_thread_blocked, id=15000, stack(0x0000001be6900000,0x0000001be6a00000)]
  0x00000130ac619000 JavaThread "jar transforms Thread 3" [_thread_blocked, id=6784, stack(0x0000001be6400000,0x0000001be6500000)]
  0x00000130ac61a800 JavaThread "Cache worker for Build Output Cleanup Cache (D:\Program Files\Grafco3\.gradle\buildOutputCleanup)" [_thread_blocked, id=13052, stack(0x0000001be6b00000,0x0000001be6c00000)]
  0x00000130ac61b800 JavaThread "Unconstrained build operations" [_thread_blocked, id=20292, stack(0x0000001be6a00000,0x0000001be6b00000)]
  0x00000130ac61f800 JavaThread "Unconstrained build operations Thread 2" [_thread_blocked, id=17240, stack(0x0000001be6c00000,0x0000001be6d00000)]
  0x00000130ac61c000 JavaThread "Unconstrained build operations Thread 3" [_thread_blocked, id=20376, stack(0x0000001be6d00000,0x0000001be6e00000)]
  0x00000130ac61d000 JavaThread "Unconstrained build operations Thread 4" [_thread_blocked, id=19160, stack(0x0000001be6e00000,0x0000001be6f00000)]
  0x00000130ac61e000 JavaThread "Unconstrained build operations Thread 5" [_thread_blocked, id=11408, stack(0x0000001be6f00000,0x0000001be7000000)]
  0x00000130ac619800 JavaThread "Unconstrained build operations Thread 6" [_thread_blocked, id=12420, stack(0x0000001be7000000,0x0000001be7100000)]
  0x00000130ac61e800 JavaThread "Unconstrained build operations Thread 7" [_thread_blocked, id=3664, stack(0x0000001be7100000,0x0000001be7200000)]
  0x00000130af7ef000 JavaThread "Unconstrained build operations Thread 8" [_thread_blocked, id=6140, stack(0x0000001be7200000,0x0000001be7300000)]
  0x00000130af7f0000 JavaThread "Unconstrained build operations Thread 9" [_thread_blocked, id=14640, stack(0x0000001be7300000,0x0000001be7400000)]
  0x00000130af7f1000 JavaThread "Unconstrained build operations Thread 10" [_thread_blocked, id=15096, stack(0x0000001be7400000,0x0000001be7500000)]
  0x00000130af7f1800 JavaThread "Unconstrained build operations Thread 11" [_thread_blocked, id=2036, stack(0x0000001be7500000,0x0000001be7600000)]
  0x00000130af7f3800 JavaThread "Unconstrained build operations Thread 12" [_thread_blocked, id=9892, stack(0x0000001be7600000,0x0000001be7700000)]
  0x00000130af7f2800 JavaThread "Unconstrained build operations Thread 13" [_thread_blocked, id=13556, stack(0x0000001be7700000,0x0000001be7800000)]
  0x00000130af7f4000 JavaThread "Unconstrained build operations Thread 14" [_thread_blocked, id=14512, stack(0x0000001be7800000,0x0000001be7900000)]
  0x00000130af7ee800 JavaThread "Unconstrained build operations Thread 15" [_thread_blocked, id=14832, stack(0x0000001be7900000,0x0000001be7a00000)]
  0x00000130af7fa800 JavaThread "Unconstrained build operations Thread 16" [_thread_blocked, id=20912, stack(0x0000001be7a00000,0x0000001be7b00000)]
  0x00000130af7f5000 JavaThread "Unconstrained build operations Thread 17" [_thread_blocked, id=2076, stack(0x0000001be7b00000,0x0000001be7c00000)]
  0x00000130af7fa000 JavaThread "Unconstrained build operations Thread 18" [_thread_blocked, id=12276, stack(0x0000001be7c00000,0x0000001be7d00000)]
  0x00000130af7fb800 JavaThread "Unconstrained build operations Thread 19" [_thread_blocked, id=12684, stack(0x0000001be7d00000,0x0000001be7e00000)]
  0x00000130af7f5800 JavaThread "Unconstrained build operations Thread 20" [_thread_blocked, id=3916, stack(0x0000001be7e00000,0x0000001be7f00000)]
  0x00000130af7f7800 JavaThread "Unconstrained build operations Thread 21" [_thread_blocked, id=11544, stack(0x0000001be7f00000,0x0000001be8000000)]
  0x00000130af7fc800 JavaThread "Unconstrained build operations Thread 22" [_thread_blocked, id=20984, stack(0x0000001be8000000,0x0000001be8100000)]
  0x00000130af7f8000 JavaThread "Unconstrained build operations Thread 23" [_thread_blocked, id=16628, stack(0x0000001be8100000,0x0000001be8200000)]
  0x00000130af7f9000 JavaThread "Unconstrained build operations Thread 24" [_thread_blocked, id=2024, stack(0x0000001be8200000,0x0000001be8300000)]
  0x00000130af7f6800 JavaThread "Unconstrained build operations Thread 25" [_thread_blocked, id=19212, stack(0x0000001be8300000,0x0000001be8400000)]
  0x00000130af7fd000 JavaThread "Unconstrained build operations Thread 26" [_thread_blocked, id=9916, stack(0x0000001be8400000,0x0000001be8500000)]
  0x00000130afc4e800 JavaThread "Unconstrained build operations Thread 27" [_thread_blocked, id=17444, stack(0x0000001be8500000,0x0000001be8600000)]
  0x00000130afc4d800 JavaThread "Unconstrained build operations Thread 28" [_thread_blocked, id=2248, stack(0x0000001be8600000,0x0000001be8700000)]
  0x00000130afc4f800 JavaThread "Unconstrained build operations Thread 29" [_thread_blocked, id=20228, stack(0x0000001be8700000,0x0000001be8800000)]
  0x00000130afc4d000 JavaThread "Unconstrained build operations Thread 30" [_thread_blocked, id=18108, stack(0x0000001be8800000,0x0000001be8900000)]
  0x00000130afc4b800 JavaThread "Unconstrained build operations Thread 31" [_thread_blocked, id=21076, stack(0x0000001be8900000,0x0000001be8a00000)]
  0x00000130afc51000 JavaThread "Unconstrained build operations Thread 32" [_thread_blocked, id=6776, stack(0x0000001be8a00000,0x0000001be8b00000)]
  0x00000130afc4c000 JavaThread "Unconstrained build operations Thread 33" [_thread_blocked, id=13984, stack(0x0000001be8b00000,0x0000001be8c00000)]
  0x00000130afc56000 JavaThread "Unconstrained build operations Thread 34" [_thread_blocked, id=15776, stack(0x0000001be8c00000,0x0000001be8d00000)]
  0x00000130afc52000 JavaThread "Unconstrained build operations Thread 35" [_thread_blocked, id=18396, stack(0x0000001be8d00000,0x0000001be8e00000)]
  0x00000130afc54800 JavaThread "Unconstrained build operations Thread 36" [_thread_blocked, id=21168, stack(0x0000001be8e00000,0x0000001be8f00000)]
  0x00000130afc52800 JavaThread "Unconstrained build operations Thread 37" [_thread_blocked, id=1488, stack(0x0000001be8f00000,0x0000001be9000000)]
  0x00000130afc50000 JavaThread "Unconstrained build operations Thread 38" [_thread_blocked, id=15784, stack(0x0000001be9000000,0x0000001be9100000)]
  0x00000130afc59000 JavaThread "Unconstrained build operations Thread 39" [_thread_blocked, id=16396, stack(0x0000001be9100000,0x0000001be9200000)]
  0x00000130afc56800 JavaThread "Unconstrained build operations Thread 40" [_thread_blocked, id=3000, stack(0x0000001be9200000,0x0000001be9300000)]
  0x00000130afc57800 JavaThread "jar transforms Thread 4" [_thread_blocked, id=10248, stack(0x0000001be9300000,0x0000001be9400000)]
  0x00000130afc58800 JavaThread "Memory manager" [_thread_blocked, id=3596, stack(0x0000001be9400000,0x0000001be9500000)]

Other Threads:
  0x00000130a8fe6800 VMThread "VM Thread" [stack: 0x0000001be4300000,0x0000001be4400000] [id=18632]
  0x00000130a9b0d800 WatcherThread [stack: 0x0000001be4d00000,0x0000001be4e00000] [id=15972]
  0x000001308d49f000 GCTaskThread "GC Thread#0" [stack: 0x0000001be3e00000,0x0000001be3f00000] [id=4676]
  0x00000130aa455000 GCTaskThread "GC Thread#1" [stack: 0x0000001be4f00000,0x0000001be5000000] [id=19980]
  0x00000130aa760800 GCTaskThread "GC Thread#2" [stack: 0x0000001be5000000,0x0000001be5100000] [id=18876]
  0x00000130ab980800 GCTaskThread "GC Thread#3" [stack: 0x0000001be5a00000,0x0000001be5b00000] [id=628]
  0x000001308d4cf800 ConcurrentGCThread "G1 Main Marker" [stack: 0x0000001be3f00000,0x0000001be4000000] [id=15732]
  0x000001308d4d1000 ConcurrentGCThread "G1 Conc#0" [stack: 0x0000001be4000000,0x0000001be4100000] [id=8548]
  0x00000130a8e40800 ConcurrentGCThread "G1 Refine#0" [stack: 0x0000001be4100000,0x0000001be4200000] [id=7832]
  0x00000130a8e41000 ConcurrentGCThread "G1 Young RemSet Sampling" [stack: 0x0000001be4200000,0x0000001be4300000] [id=3376]

Threads with active compile tasks:
C2 CompilerThread0  24766 6554       4       java.lang.Class::getMethodsRecursive (99 bytes)

VM state:not at safepoint (normal execution)

VM Mutex/Monitor currently owned by a thread: None

Heap address: 0x0000000080000000, size: 2048 MB, Compressed Oops mode: 32-bit
Narrow klass base: 0x0000000000000000, Narrow klass shift: 3
Compressed class space size: 1073741824 Address: 0x0000000100000000

Heap:
 garbage-first heap   total 157696K, used 103203K [0x0000000080000000, 0x0000000100000000)
  region size 1024K, 58 young (59392K), 7 survivors (7168K)
 Metaspace       used 66761K, capacity 68362K, committed 68520K, reserved 1110016K
  class space    used 8478K, capacity 9083K, committed 9112K, reserved 1048576K
Heap Regions: E=young(eden), S=young(survivor), O=old, HS=humongous(starts), HC=humongous(continues), CS=collection set, F=free, A=archive, TAMS=top-at-mark-start (previous, next)
|   0|0x0000000080000000, 0x0000000080100000, 0x0000000080100000|100%|HS|  |TAMS 0x0000000080100000, 0x0000000080000000| Complete 
|   1|0x0000000080100000, 0x0000000080200000, 0x0000000080200000|100%|HC|  |TAMS 0x0000000080200000, 0x0000000080100000| Complete 
|   2|0x0000000080200000, 0x0000000080300000, 0x0000000080300000|100%|HC|  |TAMS 0x0000000080300000, 0x0000000080200000| Complete 
|   3|0x0000000080300000, 0x0000000080400000, 0x0000000080400000|100%| O|  |TAMS 0x0000000080400000, 0x0000000080300000| Untracked 
|   4|0x0000000080400000, 0x0000000080500000, 0x0000000080500000|100%| O|  |TAMS 0x0000000080500000, 0x0000000080400000| Untracked 
|   5|0x0000000080500000, 0x0000000080600000, 0x0000000080600000|100%| O|  |TAMS 0x0000000080600000, 0x0000000080500000| Untracked 
|   6|0x0000000080600000, 0x0000000080700000, 0x0000000080700000|100%| O|  |TAMS 0x0000000080700000, 0x0000000080600000| Untracked 
|   7|0x0000000080700000, 0x0000000080800000, 0x0000000080800000|100%| O|  |TAMS 0x0000000080800000, 0x0000000080700000| Untracked 
|   8|0x0000000080800000, 0x0000000080900000, 0x0000000080900000|100%| O|  |TAMS 0x0000000080900000, 0x0000000080800000| Untracked 
|   9|0x0000000080900000, 0x0000000080a00000, 0x0000000080a00000|100%| O|  |TAMS 0x0000000080a00000, 0x0000000080900000| Untracked 
|  10|0x0000000080a00000, 0x0000000080b00000, 0x0000000080b00000|100%| O|  |TAMS 0x0000000080b00000, 0x0000000080a00000| Untracked 
|  11|0x0000000080b00000, 0x0000000080c00000, 0x0000000080c00000|100%| O|  |TAMS 0x0000000080c00000, 0x0000000080b00000| Untracked 
|  12|0x0000000080c00000, 0x0000000080d00000, 0x0000000080d00000|100%| O|  |TAMS 0x0000000080d00000, 0x0000000080c00000| Untracked 
|  13|0x0000000080d00000, 0x0000000080e00000, 0x0000000080e00000|100%| O|  |TAMS 0x0000000080e00000, 0x0000000080d00000| Untracked 
|  14|0x0000000080e00000, 0x0000000080f00000, 0x0000000080f00000|100%| O|  |TAMS 0x0000000080f00000, 0x0000000080e00000| Untracked 
|  15|0x0000000080f00000, 0x0000000081000000, 0x0000000081000000|100%| O|  |TAMS 0x0000000081000000, 0x0000000080f00000| Untracked 
|  16|0x0000000081000000, 0x0000000081100000, 0x0000000081100000|100%|HS|  |TAMS 0x0000000081100000, 0x0000000081000000| Complete 
|  17|0x0000000081100000, 0x0000000081200000, 0x0000000081200000|100%| O|  |TAMS 0x0000000081200000, 0x0000000081100000| Untracked 
|  18|0x0000000081200000, 0x0000000081300000, 0x0000000081300000|100%| O|  |TAMS 0x0000000081300000, 0x0000000081200000| Untracked 
|  19|0x0000000081300000, 0x0000000081400000, 0x0000000081400000|100%| O|  |TAMS 0x0000000081400000, 0x0000000081300000| Untracked 
|  20|0x0000000081400000, 0x0000000081500000, 0x0000000081500000|100%| O|  |TAMS 0x0000000081500000, 0x0000000081400000| Untracked 
|  21|0x0000000081500000, 0x0000000081600000, 0x0000000081600000|100%| O|  |TAMS 0x0000000081600000, 0x0000000081500000| Untracked 
|  22|0x0000000081600000, 0x0000000081700000, 0x0000000081700000|100%| O|  |TAMS 0x0000000081700000, 0x0000000081600000| Untracked 
|  23|0x0000000081700000, 0x0000000081800000, 0x0000000081800000|100%|HS|  |TAMS 0x0000000081800000, 0x0000000081700000| Complete 
|  24|0x0000000081800000, 0x0000000081900000, 0x0000000081900000|100%|HS|  |TAMS 0x0000000081900000, 0x0000000081800000| Complete 
|  25|0x0000000081900000, 0x0000000081a00000, 0x0000000081a00000|100%|HC|  |TAMS 0x0000000081a00000, 0x0000000081900000| Complete 
|  26|0x0000000081a00000, 0x0000000081b00000, 0x0000000081b00000|100%| O|  |TAMS 0x0000000081b00000, 0x0000000081a00000| Untracked 
|  27|0x0000000081b00000, 0x0000000081c00000, 0x0000000081c00000|100%| O|  |TAMS 0x0000000081c00000, 0x0000000081b00000| Untracked 
|  28|0x0000000081c00000, 0x0000000081d00000, 0x0000000081d00000|100%| O|  |TAMS 0x0000000081d00000, 0x0000000081c00000| Untracked 
|  29|0x0000000081d00000, 0x0000000081e00000, 0x0000000081e00000|100%| O|  |TAMS 0x0000000081e00000, 0x0000000081d00000| Untracked 
|  30|0x0000000081e00000, 0x0000000081f00000, 0x0000000081f00000|100%| O|  |TAMS 0x0000000081f00000, 0x0000000081e00000| Untracked 
|  31|0x0000000081f00000, 0x0000000082000000, 0x0000000082000000|100%| O|  |TAMS 0x0000000082000000, 0x0000000081f00000| Untracked 
|  32|0x0000000082000000, 0x0000000082100000, 0x0000000082100000|100%| O|  |TAMS 0x0000000082100000, 0x0000000082000000| Untracked 
|  33|0x0000000082100000, 0x0000000082200000, 0x0000000082200000|100%| O|  |TAMS 0x0000000082200000, 0x0000000082100000| Untracked 
|  34|0x0000000082200000, 0x0000000082300000, 0x0000000082300000|100%| O|  |TAMS 0x0000000082300000, 0x0000000082200000| Untracked 
|  35|0x0000000082300000, 0x0000000082400000, 0x0000000082400000|100%| O|  |TAMS 0x0000000082400000, 0x0000000082300000| Untracked 
|  36|0x0000000082400000, 0x0000000082500000, 0x0000000082500000|100%| O|  |TAMS 0x0000000082500000, 0x0000000082400000| Untracked 
|  37|0x0000000082500000, 0x0000000082600000, 0x0000000082600000|100%| O|  |TAMS 0x0000000082600000, 0x0000000082500000| Untracked 
|  38|0x0000000082600000, 0x0000000082700000, 0x0000000082700000|100%| O|  |TAMS 0x0000000082700000, 0x0000000082600000| Untracked 
|  39|0x0000000082700000, 0x0000000082800000, 0x0000000082800000|100%| O|  |TAMS 0x0000000082800000, 0x0000000082700000| Untracked 
|  40|0x0000000082800000, 0x0000000082900000, 0x0000000082900000|100%| O|  |TAMS 0x0000000082900000, 0x0000000082800000| Untracked 
|  41|0x0000000082900000, 0x0000000082a00000, 0x0000000082a00000|100%| O|  |TAMS 0x0000000082a00000, 0x0000000082900000| Untracked 
|  42|0x0000000082a00000, 0x0000000082b00000, 0x0000000082b00000|100%| O|  |TAMS 0x0000000082b00000, 0x0000000082a00000| Untracked 
|  43|0x0000000082b00000, 0x0000000082b73600, 0x0000000082c00000| 45%| O|  |TAMS 0x0000000082b73600, 0x0000000082b00000| Untracked 
|  44|0x0000000082c00000, 0x0000000082d00000, 0x0000000082d00000|100%|HS|  |TAMS 0x0000000082c00000, 0x0000000082c00000| Complete 
|  45|0x0000000082d00000, 0x0000000082d00000, 0x0000000082e00000|  0%| F|  |TAMS 0x0000000082d00000, 0x0000000082d00000| Untracked 
|  46|0x0000000082e00000, 0x0000000082e00000, 0x0000000082f00000|  0%| F|  |TAMS 0x0000000082e00000, 0x0000000082e00000| Untracked 
|  47|0x0000000082f00000, 0x0000000082f00000, 0x0000000083000000|  0%| F|  |TAMS 0x0000000082f00000, 0x0000000082f00000| Untracked 
|  48|0x0000000083000000, 0x0000000083000000, 0x0000000083100000|  0%| F|  |TAMS 0x0000000083000000, 0x0000000083000000| Untracked 
|  49|0x0000000083100000, 0x0000000083100000, 0x0000000083200000|  0%| F|  |TAMS 0x0000000083100000, 0x0000000083100000| Untracked 
|  50|0x0000000083200000, 0x0000000083200000, 0x0000000083300000|  0%| F|  |TAMS 0x0000000083200000, 0x0000000083200000| Untracked 
|  51|0x0000000083300000, 0x0000000083300000, 0x0000000083400000|  0%| F|  |TAMS 0x0000000083300000, 0x0000000083300000| Untracked 
|  52|0x0000000083400000, 0x0000000083400000, 0x0000000083500000|  0%| F|  |TAMS 0x0000000083400000, 0x0000000083400000| Untracked 
|  53|0x0000000083500000, 0x0000000083500000, 0x0000000083600000|  0%| F|  |TAMS 0x0000000083500000, 0x0000000083500000| Untracked 
|  54|0x0000000083600000, 0x0000000083600000, 0x0000000083700000|  0%| F|  |TAMS 0x0000000083600000, 0x0000000083600000| Untracked 
|  55|0x0000000083700000, 0x0000000083700000, 0x0000000083800000|  0%| F|  |TAMS 0x0000000083700000, 0x0000000083700000| Untracked 
|  56|0x0000000083800000, 0x0000000083800000, 0x0000000083900000|  0%| F|  |TAMS 0x0000000083800000, 0x0000000083800000| Untracked 
|  57|0x0000000083900000, 0x0000000083900000, 0x0000000083a00000|  0%| F|  |TAMS 0x0000000083900000, 0x0000000083900000| Untracked 
|  58|0x0000000083a00000, 0x0000000083a00000, 0x0000000083b00000|  0%| F|  |TAMS 0x0000000083a00000, 0x0000000083a00000| Untracked 
|  59|0x0000000083b00000, 0x0000000083b00000, 0x0000000083c00000|  0%| F|  |TAMS 0x0000000083b00000, 0x0000000083b00000| Untracked 
|  60|0x0000000083c00000, 0x0000000083c00000, 0x0000000083d00000|  0%| F|  |TAMS 0x0000000083c00000, 0x0000000083c00000| Untracked 
|  61|0x0000000083d00000, 0x0000000083d00000, 0x0000000083e00000|  0%| F|  |TAMS 0x0000000083d00000, 0x0000000083d00000| Untracked 
|  62|0x0000000083e00000, 0x0000000083e00000, 0x0000000083f00000|  0%| F|  |TAMS 0x0000000083e00000, 0x0000000083e00000| Untracked 
|  63|0x0000000083f00000, 0x0000000083f00000, 0x0000000084000000|  0%| F|  |TAMS 0x0000000083f00000, 0x0000000083f00000| Untracked 
|  64|0x0000000084000000, 0x0000000084000000, 0x0000000084100000|  0%| F|  |TAMS 0x0000000084000000, 0x0000000084000000| Untracked 
|  65|0x0000000084100000, 0x0000000084100000, 0x0000000084200000|  0%| F|  |TAMS 0x0000000084100000, 0x0000000084100000| Untracked 
|  66|0x0000000084200000, 0x0000000084200000, 0x0000000084300000|  0%| F|  |TAMS 0x0000000084200000, 0x0000000084200000| Untracked 
|  67|0x0000000084300000, 0x0000000084300000, 0x0000000084400000|  0%| F|  |TAMS 0x0000000084300000, 0x0000000084300000| Untracked 
|  68|0x0000000084400000, 0x0000000084400000, 0x0000000084500000|  0%| F|  |TAMS 0x0000000084400000, 0x0000000084400000| Untracked 
|  69|0x0000000084500000, 0x0000000084500000, 0x0000000084600000|  0%| F|  |TAMS 0x0000000084500000, 0x0000000084500000| Untracked 
|  70|0x0000000084600000, 0x0000000084600000, 0x0000000084700000|  0%| F|  |TAMS 0x0000000084600000, 0x0000000084600000| Untracked 
|  71|0x0000000084700000, 0x0000000084700000, 0x0000000084800000|  0%| F|  |TAMS 0x0000000084700000, 0x0000000084700000| Untracked 
|  72|0x0000000084800000, 0x0000000084800000, 0x0000000084900000|  0%| F|  |TAMS 0x0000000084800000, 0x0000000084800000| Untracked 
|  73|0x0000000084900000, 0x0000000084900000, 0x0000000084a00000|  0%| F|  |TAMS 0x0000000084900000, 0x0000000084900000| Untracked 
|  74|0x0000000084a00000, 0x0000000084a00000, 0x0000000084b00000|  0%| F|  |TAMS 0x0000000084a00000, 0x0000000084a00000| Untracked 
|  75|0x0000000084b00000, 0x0000000084b00000, 0x0000000084c00000|  0%| F|  |TAMS 0x0000000084b00000, 0x0000000084b00000| Untracked 
|  76|0x0000000084c00000, 0x0000000084c00000, 0x0000000084d00000|  0%| F|  |TAMS 0x0000000084c00000, 0x0000000084c00000| Untracked 
|  77|0x0000000084d00000, 0x0000000084d00000, 0x0000000084e00000|  0%| F|  |TAMS 0x0000000084d00000, 0x0000000084d00000| Untracked 
|  78|0x0000000084e00000, 0x0000000084e00000, 0x0000000084f00000|  0%| F|  |TAMS 0x0000000084e00000, 0x0000000084e00000| Untracked 
|  79|0x0000000084f00000, 0x0000000084f00000, 0x0000000085000000|  0%| F|  |TAMS 0x0000000084f00000, 0x0000000084f00000| Untracked 
|  80|0x0000000085000000, 0x0000000085000000, 0x0000000085100000|  0%| F|  |TAMS 0x0000000085000000, 0x0000000085000000| Untracked 
|  81|0x0000000085100000, 0x0000000085100000, 0x0000000085200000|  0%| F|  |TAMS 0x0000000085100000, 0x0000000085100000| Untracked 
|  82|0x0000000085200000, 0x0000000085200000, 0x0000000085300000|  0%| F|  |TAMS 0x0000000085200000, 0x0000000085200000| Untracked 
|  83|0x0000000085300000, 0x0000000085300000, 0x0000000085400000|  0%| F|  |TAMS 0x0000000085300000, 0x0000000085300000| Untracked 
|  84|0x0000000085400000, 0x0000000085400000, 0x0000000085500000|  0%| F|  |TAMS 0x0000000085400000, 0x0000000085400000| Untracked 
|  85|0x0000000085500000, 0x0000000085500000, 0x0000000085600000|  0%| F|  |TAMS 0x0000000085500000, 0x0000000085500000| Untracked 
|  86|0x0000000085600000, 0x0000000085600000, 0x0000000085700000|  0%| F|  |TAMS 0x0000000085600000, 0x0000000085600000| Untracked 
|  87|0x0000000085700000, 0x0000000085700000, 0x0000000085800000|  0%| F|  |TAMS 0x0000000085700000, 0x0000000085700000| Untracked 
|  88|0x0000000085800000, 0x00000000858559e0, 0x0000000085900000| 33%| S|CS|TAMS 0x0000000085800000, 0x0000000085800000| Complete 
|  89|0x0000000085900000, 0x0000000085a00000, 0x0000000085a00000|100%| S|CS|TAMS 0x0000000085900000, 0x0000000085900000| Complete 
|  90|0x0000000085a00000, 0x0000000085b00000, 0x0000000085b00000|100%| S|CS|TAMS 0x0000000085a00000, 0x0000000085a00000| Complete 
|  91|0x0000000085b00000, 0x0000000085c00000, 0x0000000085c00000|100%| S|CS|TAMS 0x0000000085b00000, 0x0000000085b00000| Complete 
|  92|0x0000000085c00000, 0x0000000085d00000, 0x0000000085d00000|100%| S|CS|TAMS 0x0000000085c00000, 0x0000000085c00000| Complete 
|  93|0x0000000085d00000, 0x0000000085e00000, 0x0000000085e00000|100%| S|CS|TAMS 0x0000000085d00000, 0x0000000085d00000| Complete 
|  94|0x0000000085e00000, 0x0000000085f00000, 0x0000000085f00000|100%| S|CS|TAMS 0x0000000085e00000, 0x0000000085e00000| Complete 
|  95|0x0000000085f00000, 0x0000000085f00000, 0x0000000086000000|  0%| F|  |TAMS 0x0000000085f00000, 0x0000000085f00000| Untracked 
|  96|0x0000000086000000, 0x0000000086000000, 0x0000000086100000|  0%| F|  |TAMS 0x0000000086000000, 0x0000000086000000| Untracked 
|  97|0x0000000086100000, 0x0000000086100000, 0x0000000086200000|  0%| F|  |TAMS 0x0000000086100000, 0x0000000086100000| Untracked 
|  98|0x0000000086200000, 0x0000000086200000, 0x0000000086300000|  0%| F|  |TAMS 0x0000000086200000, 0x0000000086200000| Untracked 
|  99|0x0000000086300000, 0x0000000086300000, 0x0000000086400000|  0%| F|  |TAMS 0x0000000086300000, 0x0000000086300000| Untracked 
| 100|0x0000000086400000, 0x0000000086400000, 0x0000000086500000|  0%| F|  |TAMS 0x0000000086400000, 0x0000000086400000| Untracked 
| 101|0x0000000086500000, 0x0000000086500000, 0x0000000086600000|  0%| F|  |TAMS 0x0000000086500000, 0x0000000086500000| Untracked 
| 102|0x0000000086600000, 0x0000000086600000, 0x0000000086700000|  0%| F|  |TAMS 0x0000000086600000, 0x0000000086600000| Untracked 
| 103|0x0000000086700000, 0x0000000086800000, 0x0000000086800000|100%| E|  |TAMS 0x0000000086700000, 0x0000000086700000| Complete 
| 104|0x0000000086800000, 0x0000000086900000, 0x0000000086900000|100%| E|CS|TAMS 0x0000000086800000, 0x0000000086800000| Complete 
| 105|0x0000000086900000, 0x0000000086a00000, 0x0000000086a00000|100%| E|CS|TAMS 0x0000000086900000, 0x0000000086900000| Complete 
| 106|0x0000000086a00000, 0x0000000086b00000, 0x0000000086b00000|100%| E|CS|TAMS 0x0000000086a00000, 0x0000000086a00000| Complete 
| 107|0x0000000086b00000, 0x0000000086c00000, 0x0000000086c00000|100%| E|CS|TAMS 0x0000000086b00000, 0x0000000086b00000| Complete 
| 108|0x0000000086c00000, 0x0000000086d00000, 0x0000000086d00000|100%| E|CS|TAMS 0x0000000086c00000, 0x0000000086c00000| Complete 
| 109|0x0000000086d00000, 0x0000000086e00000, 0x0000000086e00000|100%| E|CS|TAMS 0x0000000086d00000, 0x0000000086d00000| Complete 
| 110|0x0000000086e00000, 0x0000000086f00000, 0x0000000086f00000|100%| E|CS|TAMS 0x0000000086e00000, 0x0000000086e00000| Complete 
| 111|0x0000000086f00000, 0x0000000087000000, 0x0000000087000000|100%| E|CS|TAMS 0x0000000086f00000, 0x0000000086f00000| Complete 
| 112|0x0000000087000000, 0x0000000087100000, 0x0000000087100000|100%| E|CS|TAMS 0x0000000087000000, 0x0000000087000000| Complete 
| 113|0x0000000087100000, 0x0000000087200000, 0x0000000087200000|100%| E|CS|TAMS 0x0000000087100000, 0x0000000087100000| Complete 
| 114|0x0000000087200000, 0x0000000087300000, 0x0000000087300000|100%| E|CS|TAMS 0x0000000087200000, 0x0000000087200000| Complete 
| 115|0x0000000087300000, 0x0000000087400000, 0x0000000087400000|100%| E|CS|TAMS 0x0000000087300000, 0x0000000087300000| Complete 
| 116|0x0000000087400000, 0x0000000087500000, 0x0000000087500000|100%| E|CS|TAMS 0x0000000087400000, 0x0000000087400000| Complete 
| 117|0x0000000087500000, 0x0000000087600000, 0x0000000087600000|100%| E|CS|TAMS 0x0000000087500000, 0x0000000087500000| Complete 
| 118|0x0000000087600000, 0x0000000087700000, 0x0000000087700000|100%| E|CS|TAMS 0x0000000087600000, 0x0000000087600000| Complete 
| 119|0x0000000087700000, 0x0000000087800000, 0x0000000087800000|100%| E|CS|TAMS 0x0000000087700000, 0x0000000087700000| Complete 
| 120|0x0000000087800000, 0x0000000087900000, 0x0000000087900000|100%| E|CS|TAMS 0x0000000087800000, 0x0000000087800000| Complete 
| 121|0x0000000087900000, 0x0000000087a00000, 0x0000000087a00000|100%| E|CS|TAMS 0x0000000087900000, 0x0000000087900000| Complete 
| 122|0x0000000087a00000, 0x0000000087b00000, 0x0000000087b00000|100%| E|CS|TAMS 0x0000000087a00000, 0x0000000087a00000| Complete 
| 123|0x0000000087b00000, 0x0000000087c00000, 0x0000000087c00000|100%| E|CS|TAMS 0x0000000087b00000, 0x0000000087b00000| Complete 
| 124|0x0000000087c00000, 0x0000000087d00000, 0x0000000087d00000|100%| E|CS|TAMS 0x0000000087c00000, 0x0000000087c00000| Complete 
| 125|0x0000000087d00000, 0x0000000087e00000, 0x0000000087e00000|100%| E|CS|TAMS 0x0000000087d00000, 0x0000000087d00000| Complete 
| 126|0x0000000087e00000, 0x0000000087f00000, 0x0000000087f00000|100%| E|CS|TAMS 0x0000000087e00000, 0x0000000087e00000| Complete 
| 127|0x0000000087f00000, 0x0000000088000000, 0x0000000088000000|100%| E|CS|TAMS 0x0000000087f00000, 0x0000000087f00000| Complete 
| 128|0x0000000088000000, 0x0000000088100000, 0x0000000088100000|100%| E|CS|TAMS 0x0000000088000000, 0x0000000088000000| Complete 
| 129|0x0000000088100000, 0x0000000088200000, 0x0000000088200000|100%| E|CS|TAMS 0x0000000088100000, 0x0000000088100000| Complete 
| 130|0x0000000088200000, 0x0000000088300000, 0x0000000088300000|100%| E|CS|TAMS 0x0000000088200000, 0x0000000088200000| Complete 
| 131|0x0000000088300000, 0x0000000088400000, 0x0000000088400000|100%| E|CS|TAMS 0x0000000088300000, 0x0000000088300000| Complete 
| 132|0x0000000088400000, 0x0000000088500000, 0x0000000088500000|100%| E|CS|TAMS 0x0000000088400000, 0x0000000088400000| Complete 
| 133|0x0000000088500000, 0x0000000088600000, 0x0000000088600000|100%| E|CS|TAMS 0x0000000088500000, 0x0000000088500000| Complete 
| 134|0x0000000088600000, 0x0000000088700000, 0x0000000088700000|100%| E|CS|TAMS 0x0000000088600000, 0x0000000088600000| Complete 
| 135|0x0000000088700000, 0x0000000088800000, 0x0000000088800000|100%| E|CS|TAMS 0x0000000088700000, 0x0000000088700000| Complete 
| 136|0x0000000088800000, 0x0000000088900000, 0x0000000088900000|100%| E|CS|TAMS 0x0000000088800000, 0x0000000088800000| Complete 
| 137|0x0000000088900000, 0x0000000088a00000, 0x0000000088a00000|100%| E|CS|TAMS 0x0000000088900000, 0x0000000088900000| Complete 
| 138|0x0000000088a00000, 0x0000000088b00000, 0x0000000088b00000|100%| E|CS|TAMS 0x0000000088a00000, 0x0000000088a00000| Complete 
| 139|0x0000000088b00000, 0x0000000088c00000, 0x0000000088c00000|100%| E|CS|TAMS 0x0000000088b00000, 0x0000000088b00000| Complete 
| 140|0x0000000088c00000, 0x0000000088d00000, 0x0000000088d00000|100%| E|CS|TAMS 0x0000000088c00000, 0x0000000088c00000| Complete 
| 141|0x0000000088d00000, 0x0000000088e00000, 0x0000000088e00000|100%| E|CS|TAMS 0x0000000088d00000, 0x0000000088d00000| Complete 
| 142|0x0000000088e00000, 0x0000000088f00000, 0x0000000088f00000|100%| E|CS|TAMS 0x0000000088e00000, 0x0000000088e00000| Complete 
| 143|0x0000000088f00000, 0x0000000089000000, 0x0000000089000000|100%| E|CS|TAMS 0x0000000088f00000, 0x0000000088f00000| Complete 
| 144|0x0000000089000000, 0x0000000089100000, 0x0000000089100000|100%| E|CS|TAMS 0x0000000089000000, 0x0000000089000000| Complete 
| 145|0x0000000089100000, 0x0000000089200000, 0x0000000089200000|100%| E|CS|TAMS 0x0000000089100000, 0x0000000089100000| Complete 
| 146|0x0000000089200000, 0x0000000089300000, 0x0000000089300000|100%| E|CS|TAMS 0x0000000089200000, 0x0000000089200000| Complete 
| 147|0x0000000089300000, 0x0000000089400000, 0x0000000089400000|100%| E|CS|TAMS 0x0000000089300000, 0x0000000089300000| Complete 
| 148|0x0000000089400000, 0x0000000089500000, 0x0000000089500000|100%| E|CS|TAMS 0x0000000089400000, 0x0000000089400000| Complete 
| 149|0x0000000089500000, 0x0000000089600000, 0x0000000089600000|100%| E|CS|TAMS 0x0000000089500000, 0x0000000089500000| Complete 
| 150|0x0000000089600000, 0x0000000089700000, 0x0000000089700000|100%| E|CS|TAMS 0x0000000089600000, 0x0000000089600000| Complete 
| 151|0x0000000089700000, 0x0000000089800000, 0x0000000089800000|100%| E|CS|TAMS 0x0000000089700000, 0x0000000089700000| Complete 
| 152|0x0000000089800000, 0x0000000089900000, 0x0000000089900000|100%| E|CS|TAMS 0x0000000089800000, 0x0000000089800000| Complete 
| 153|0x0000000089900000, 0x0000000089a00000, 0x0000000089a00000|100%| E|CS|TAMS 0x0000000089900000, 0x0000000089900000| Complete 

Card table byte_map: [0x00000130a2190000,0x00000130a2590000] _byte_map_base: 0x00000130a1d90000

Marking Bits (Prev, Next): (CMBitMap*) 0x000001308d4c68c0, (CMBitMap*) 0x000001308d4c6888
 Prev Bits: [0x00000130a4990000, 0x00000130a6990000)
 Next Bits: [0x00000130a2990000, 0x00000130a4990000)

Polling page: 0x000001308d560000

Metaspace:

Usage:
  Non-class:     58.01 MB capacity,    57.00 MB ( 98%) used,   871.58 KB (  1%) free+waste,   170.50 KB ( <1%) overhead. 
      Class:      8.87 MB capacity,     8.28 MB ( 93%) used,   521.70 KB (  6%) free+waste,    79.50 KB ( <1%) overhead. 
       Both:     66.88 MB capacity,    65.28 MB ( 98%) used,     1.36 MB (  2%) free+waste,   250.00 KB ( <1%) overhead. 

Virtual space:
  Non-class space:       60.00 MB reserved,      58.02 MB ( 97%) committed 
      Class space:        1.00 GB reserved,       8.90 MB ( <1%) committed 
             Both:        1.06 GB reserved,      66.91 MB (  6%) committed 

Chunk freelists:
   Non-Class:  1.00 KB
       Class:  5.00 KB
        Both:  6.00 KB

MaxMetaspaceSize: 17179869184.00 GB
CompressedClassSpaceSize: 1.00 GB
Initial GC threshold: 20.80 MB
Current GC threshold: 99.02 MB
CDS: off

CodeHeap 'non-profiled nmethods': size=120064Kb used=3791Kb max_used=3791Kb free=116272Kb
 bounds [0x000001309a220000, 0x000001309a5e0000, 0x00000130a1760000]
CodeHeap 'profiled nmethods': size=120000Kb used=14145Kb max_used=14145Kb free=105854Kb
 bounds [0x0000013092cf0000, 0x0000013093ad0000, 0x000001309a220000]
CodeHeap 'non-nmethods': size=5696Kb used=2348Kb max_used=2371Kb free=3347Kb
 bounds [0x0000013092760000, 0x00000130929d0000, 0x0000013092cf0000]
 total_blobs=7439 nmethods=6583 adapters=768
 compilation: enabled
              stopped_count=0, restarted_count=0
 full_count=0

Compilation events (20 events):
Event: 24.579 Thread 0x00000130a901e000 6575       3       org.codehaus.groovy.reflection.CachedField::isStatic (8 bytes)
Event: 24.579 Thread 0x00000130a901e000 nmethod 6575 0x0000013093ab3f10 code [0x0000013093ab40e0, 0x0000013093ab4318]
Event: 24.579 Thread 0x00000130a901e000 6574       1       org.codehaus.groovy.runtime.metaclass.MultipleSetterProperty::setGetter (6 bytes)
Event: 24.579 Thread 0x00000130a901e000 nmethod 6574 0x000001309a5d1d10 code [0x000001309a5d1ec0, 0x000001309a5d1fb8]
Event: 24.587 Thread 0x00000130a901e000 6576       3       java.lang.reflect.Constructor::isSynthetic (5 bytes)
Event: 24.587 Thread 0x00000130a901e000 nmethod 6576 0x0000013093ab4410 code [0x0000013093ab45e0, 0x0000013093ab4818]
Event: 24.591 Thread 0x00000130a901e000 6577       1       org.codehaus.groovy.runtime.metaclass.NewInstanceMetaMethod::getModifiers (2 bytes)
Event: 24.591 Thread 0x00000130a901e000 nmethod 6577 0x000001309a5d2010 code [0x000001309a5d21c0, 0x000001309a5d2278]
Event: 24.595 Thread 0x00000130a901e000 6578       3       sun.reflect.generics.reflectiveObjects.TypeVariableImpl::toString (5 bytes)
Event: 24.596 Thread 0x00000130a901e000 nmethod 6578 0x0000013093ab4910 code [0x0000013093ab4ac0, 0x0000013093ab4bd8]
Event: 24.598 Thread 0x00000130a901e000 6580       3       sun.reflect.generics.tree.TypeVariableSignature::accept (8 bytes)
Event: 24.598 Thread 0x00000130a901e000 nmethod 6580 0x0000013093ab4c90 code [0x0000013093ab4e80, 0x0000013093ab5288]
Event: 24.598 Thread 0x00000130a901e000 6581       3       sun.reflect.generics.visitor.Reifier::visitTypeVariableSignature (18 bytes)
Event: 24.598 Thread 0x00000130a901e000 nmethod 6581 0x0000013093ab5490 code [0x0000013093ab5660, 0x0000013093ab5988]
Event: 24.599 Thread 0x00000130a901e000 6582       3       sun.reflect.generics.factory.CoreReflectionFactory::findTypeVariable (11 bytes)
Event: 24.599 Thread 0x00000130a901e000 nmethod 6582 0x0000013093ab5b10 code [0x0000013093ab5ce0, 0x0000013093ab5ee8]
Event: 24.612 Thread 0x00000130a901e000 6583       3       javax.management.ObjectName::isPropertyListPattern (16 bytes)
Event: 24.613 Thread 0x00000130a901e000 nmethod 6583 0x0000013093ab6010 code [0x0000013093ab61c0, 0x0000013093ab6318]
Event: 24.629 Thread 0x00000130a901e000 6584       3       org.codehaus.groovy.runtime.metaclass.MetaMethodIndex::addMethodToList (131 bytes)
Event: 24.631 Thread 0x00000130a901e000 nmethod 6584 0x0000013093ab6390 code [0x0000013093ab6640, 0x0000013093ab7748]

GC Heap History (20 events):
Event: 1.824 GC heap before
{Heap before GC invocations=2 (full 0):
 garbage-first heap   total 131072K, used 36995K [0x0000000080000000, 0x0000000100000000)
  region size 1024K, 29 young (29696K), 2 survivors (2048K)
 Metaspace       used 11205K, capacity 11444K, committed 11520K, reserved 1058816K
  class space    used 1172K, capacity 1244K, committed 1280K, reserved 1048576K
}
Event: 1.828 GC heap after
{Heap after GC invocations=3 (full 0):
 garbage-first heap   total 131072K, used 10688K [0x0000000080000000, 0x0000000100000000)
  region size 1024K, 4 young (4096K), 4 survivors (4096K)
 Metaspace       used 11205K, capacity 11444K, committed 11520K, reserved 1058816K
  class space    used 1172K, capacity 1244K, committed 1280K, reserved 1048576K
}
Event: 4.322 GC heap before
{Heap before GC invocations=3 (full 0):
 garbage-first heap   total 131072K, used 52672K [0x0000000080000000, 0x0000000100000000)
  region size 1024K, 45 young (46080K), 4 survivors (4096K)
 Metaspace       used 17294K, capacity 17717K, committed 17792K, reserved 1064960K
  class space    used 2016K, capacity 2147K, committed 2176K, reserved 1048576K
}
Event: 4.332 GC heap after
{Heap after GC invocations=4 (full 0):
 garbage-first heap   total 131072K, used 15744K [0x0000000080000000, 0x0000000100000000)
  region size 1024K, 6 young (6144K), 6 survivors (6144K)
 Metaspace       used 17294K, capacity 17717K, committed 17792K, reserved 1064960K
  class space    used 2016K, capacity 2147K, committed 2176K, reserved 1048576K
}
Event: 5.281 GC heap before
{Heap before GC invocations=4 (full 0):
 garbage-first heap   total 131072K, used 49536K [0x0000000080000000, 0x0000000100000000)
  region size 1024K, 40 young (40960K), 6 survivors (6144K)
 Metaspace       used 20770K, capacity 21233K, committed 21296K, reserved 1069056K
  class space    used 2533K, capacity 2680K, committed 2688K, reserved 1048576K
}
Event: 5.290 GC heap after
{Heap after GC invocations=5 (full 0):
 garbage-first heap   total 131072K, used 17888K [0x0000000080000000, 0x0000000100000000)
  region size 1024K, 2 young (2048K), 2 survivors (2048K)
 Metaspace       used 20770K, capacity 21233K, committed 21296K, reserved 1069056K
  class space    used 2533K, capacity 2680K, committed 2688K, reserved 1048576K
}
Event: 6.794 GC heap before
{Heap before GC invocations=6 (full 0):
 garbage-first heap   total 131072K, used 73184K [0x0000000080000000, 0x0000000100000000)
  region size 1024K, 56 young (57344K), 2 survivors (2048K)
 Metaspace       used 26805K, capacity 27428K, committed 27772K, reserved 1073152K
  class space    used 3468K, capacity 3670K, committed 3788K, reserved 1048576K
}
Event: 6.802 GC heap after
{Heap after GC invocations=7 (full 0):
 garbage-first heap   total 131072K, used 19439K [0x0000000080000000, 0x0000000100000000)
  region size 1024K, 4 young (4096K), 4 survivors (4096K)
 Metaspace       used 26805K, capacity 27428K, committed 27772K, reserved 1073152K
  class space    used 3468K, capacity 3670K, committed 3788K, reserved 1048576K
}
Event: 8.562 GC heap before
{Heap before GC invocations=7 (full 0):
 garbage-first heap   total 131072K, used 75759K [0x0000000080000000, 0x0000000100000000)
  region size 1024K, 60 young (61440K), 4 survivors (4096K)
 Metaspace       used 35178K, capacity 35939K, committed 36048K, reserved 1081344K
  class space    used 4540K, capacity 4871K, committed 4940K, reserved 1048576K
}
Event: 8.579 GC heap after
{Heap after GC invocations=8 (full 0):
 garbage-first heap   total 131072K, used 22787K [0x0000000080000000, 0x0000000100000000)
  region size 1024K, 7 young (7168K), 7 survivors (7168K)
 Metaspace       used 35178K, capacity 35939K, committed 36048K, reserved 1081344K
  class space    used 4540K, capacity 4871K, committed 4940K, reserved 1048576K
}
Event: 10.393 GC heap before
{Heap before GC invocations=9 (full 0):
 garbage-first heap   total 131072K, used 94467K [0x0000000080000000, 0x0000000100000000)
  region size 1024K, 75 young (76800K), 7 survivors (7168K)
 Metaspace       used 40475K, capacity 41474K, committed 41808K, reserved 1085440K
  class space    used 5144K, capacity 5476K, committed 5580K, reserved 1048576K
}
Event: 10.416 GC heap after
{Heap after GC invocations=10 (full 0):
 garbage-first heap   total 157696K, used 28012K [0x0000000080000000, 0x0000000100000000)
  region size 1024K, 9 young (9216K), 9 survivors (9216K)
 Metaspace       used 40475K, capacity 41474K, committed 41808K, reserved 1085440K
  class space    used 5144K, capacity 5476K, committed 5580K, reserved 1048576K
}
Event: 14.062 GC heap before
{Heap before GC invocations=10 (full 0):
 garbage-first heap   total 157696K, used 109932K [0x0000000080000000, 0x0000000100000000)
  region size 1024K, 89 young (91136K), 9 survivors (9216K)
 Metaspace       used 47604K, capacity 48809K, committed 48976K, reserved 1091584K
  class space    used 6114K, capacity 6550K, committed 6604K, reserved 1048576K
}
Event: 14.091 GC heap after
{Heap after GC invocations=11 (full 0):
 garbage-first heap   total 157696K, used 31060K [0x0000000080000000, 0x0000000100000000)
  region size 1024K, 9 young (9216K), 9 survivors (9216K)
 Metaspace       used 47604K, capacity 48809K, committed 48976K, reserved 1091584K
  class space    used 6114K, capacity 6550K, committed 6604K, reserved 1048576K
}
Event: 20.643 GC heap before
{Heap before GC invocations=11 (full 0):
 garbage-first heap   total 157696K, used 119124K [0x0000000080000000, 0x0000000100000000)
  region size 1024K, 92 young (94208K), 9 survivors (9216K)
 Metaspace       used 54097K, capacity 55479K, committed 55760K, reserved 1097728K
  class space    used 6938K, capacity 7431K, committed 7500K, reserved 1048576K
}
Event: 20.663 GC heap after
{Heap after GC invocations=12 (full 0):
 garbage-first heap   total 157696K, used 44318K [0x0000000080000000, 0x0000000100000000)
  region size 1024K, 12 young (12288K), 12 survivors (12288K)
 Metaspace       used 54097K, capacity 55479K, committed 55760K, reserved 1097728K
  class space    used 6938K, capacity 7431K, committed 7500K, reserved 1048576K
}
Event: 21.932 GC heap before
{Heap before GC invocations=12 (full 0):
 garbage-first heap   total 157696K, used 78110K [0x0000000080000000, 0x0000000100000000)
  region size 1024K, 46 young (47104K), 12 survivors (12288K)
 Metaspace       used 59062K, capacity 60451K, committed 60508K, reserved 1101824K
  class space    used 7487K, capacity 7996K, committed 8012K, reserved 1048576K
}
Event: 21.957 GC heap after
{Heap after GC invocations=13 (full 0):
 garbage-first heap   total 157696K, used 47032K [0x0000000080000000, 0x0000000100000000)
  region size 1024K, 3 young (3072K), 3 survivors (3072K)
 Metaspace       used 59062K, capacity 60451K, committed 60508K, reserved 1101824K
  class space    used 7487K, capacity 7996K, committed 8012K, reserved 1048576K
}
Event: 23.949 GC heap before
{Heap before GC invocations=14 (full 0):
 garbage-first heap   total 157696K, used 103352K [0x0000000080000000, 0x0000000100000000)
  region size 1024K, 59 young (60416K), 3 survivors (3072K)
 Metaspace       used 65131K, capacity 66670K, committed 66728K, reserved 1107968K
  class space    used 8225K, capacity 8805K, committed 8856K, reserved 1048576K
}
Event: 23.962 GC heap after
{Heap after GC invocations=15 (full 0):
 garbage-first heap   total 157696K, used 50979K [0x0000000080000000, 0x0000000100000000)
  region size 1024K, 7 young (7168K), 7 survivors (7168K)
 Metaspace       used 65131K, capacity 66670K, committed 66728K, reserved 1107968K
  class space    used 8225K, capacity 8805K, committed 8856K, reserved 1048576K
}

Deoptimization events (20 events):
Event: 24.218 Thread 0x00000130aae32000 Uncommon trap: trap_request=0xffffff4d fr.pc=0x000001309a22a9d4 relative=0x0000000000000034
Event: 24.218 Thread 0x00000130aae32000 Uncommon trap: reason=unstable_if action=reinterpret pc=0x000001309a22a9d4 method=java.lang.StringLatin1.canEncode(I)Z @ 4 c2
Event: 24.218 Thread 0x00000130aae32000 DEOPT PACKING pc=0x000001309a22a9d4 sp=0x0000001be56f6730
Event: 24.218 Thread 0x00000130aae32000 DEOPT UNPACKING pc=0x00000130927aa1af sp=0x0000001be56f66c0 mode 2
Event: 24.218 Thread 0x00000130aae32000 Uncommon trap: trap_request=0xffffff4d fr.pc=0x000001309a256828 relative=0x0000000000000468
Event: 24.218 Thread 0x00000130aae32000 Uncommon trap: reason=unstable_if action=reinterpret pc=0x000001309a256828 method=java.lang.AbstractStringBuilder.putStringAt(ILjava/lang/String;)V @ 8 c2
Event: 24.218 Thread 0x00000130aae32000 DEOPT PACKING pc=0x000001309a256828 sp=0x0000001be56f6800
Event: 24.218 Thread 0x00000130aae32000 DEOPT UNPACKING pc=0x00000130927aa1af sp=0x0000001be56f6760 mode 2
Event: 24.218 Thread 0x00000130aae32000 Uncommon trap: trap_request=0xffffff4d fr.pc=0x000001309a255b6c relative=0x00000000000000cc
Event: 24.218 Thread 0x00000130aae32000 Uncommon trap: reason=unstable_if action=reinterpret pc=0x000001309a255b6c method=java.lang.String.getBytes([BIB)V @ 5 c2
Event: 24.218 Thread 0x00000130aae32000 DEOPT PACKING pc=0x000001309a255b6c sp=0x0000001be56f6710
Event: 24.218 Thread 0x00000130aae32000 DEOPT UNPACKING pc=0x00000130927aa1af sp=0x0000001be56f66d8 mode 2
Event: 24.489 Thread 0x00000130aae32000 Uncommon trap: trap_request=0xffffff4d fr.pc=0x000001309a3c5e00 relative=0x0000000000000340
Event: 24.489 Thread 0x00000130aae32000 Uncommon trap: reason=unstable_if action=reinterpret pc=0x000001309a3c5e00 method=java.util.StringJoiner.add(Ljava/lang/CharSequence;)Ljava/util/StringJoiner; @ 33 c2
Event: 24.489 Thread 0x00000130aae32000 DEOPT PACKING pc=0x000001309a3c5e00 sp=0x0000001be56f5aa0
Event: 24.489 Thread 0x00000130aae32000 DEOPT UNPACKING pc=0x00000130927aa1af sp=0x0000001be56f5a50 mode 2
Event: 24.629 Thread 0x00000130aae32000 Uncommon trap: trap_request=0xffffff4d fr.pc=0x000001309a40c274 relative=0x0000000000005d74
Event: 24.629 Thread 0x00000130aae32000 Uncommon trap: reason=unstable_if action=reinterpret pc=0x000001309a40c274 method=org.codehaus.groovy.runtime.metaclass.MetaMethodIndex.isOverridden(Lgroovy/lang/MetaMethod;Lgroovy/lang/MetaMethod;)Z @ 33 c2
Event: 24.629 Thread 0x00000130aae32000 DEOPT PACKING pc=0x000001309a40c274 sp=0x0000001be56f48b0
Event: 24.629 Thread 0x00000130aae32000 DEOPT UNPACKING pc=0x00000130927aa1af sp=0x0000001be56f48c8 mode 2

Classes redefined (0 events):
No events

Internal exceptions (20 events):
Event: 24.570 Thread 0x00000130aae32000 Exception <a 'java/lang/ClassNotFoundException'{0x0000000087ab5010}: com/android/build/gradle/internal/dsl/DefaultConfig$AgpDecoratedCustomizer> (0x0000000087ab5010) thrown at [./src/hotspot/share/classfile/systemDictionary.cpp, line 231]
Event: 24.572 Thread 0x00000130aae32000 Exception <a 'java/lang/ClassNotFoundException'{0x0000000087911790}: com/android/build/gradle/internal/dsl/DefaultConfig$AgpDecorated_DecoratedCustomizer> (0x0000000087911790) thrown at [./src/hotspot/share/classfile/systemDictionary.cpp, line 231]
Event: 24.583 Thread 0x00000130aae32000 Exception <a 'java/lang/ClassNotFoundException'{0x0000000087863e88}: org/gradle/api/internal/NamedDomainObjectContainerConfigureDelegateBeanInfo> (0x0000000087863e88) thrown at [./src/hotspot/share/classfile/systemDictionary.cpp, line 231]
Event: 24.584 Thread 0x00000130aae32000 Exception <a 'java/lang/ClassNotFoundException'{0x000000008789c338}: org/gradle/api/internal/NamedDomainObjectContainerConfigureDelegateCustomizer> (0x000000008789c338) thrown at [./src/hotspot/share/classfile/systemDictionary.cpp, line 231]
Event: 24.592 Thread 0x00000130aae32000 Exception <a 'java/lang/ClassNotFoundException'{0x000000008750a480}: org/gradle/api/internal/FactoryNamedDomainObjectContainer_DecoratedBeanInfo> (0x000000008750a480) thrown at [./src/hotspot/share/classfile/systemDictionary.cpp, line 231]
Event: 24.593 Thread 0x00000130aae32000 Exception <a 'java/lang/ClassNotFoundException'{0x000000008753f6b8}: org/gradle/api/internal/FactoryNamedDomainObjectContainerBeanInfo> (0x000000008753f6b8) thrown at [./src/hotspot/share/classfile/systemDictionary.cpp, line 231]
Event: 24.593 Thread 0x00000130aae32000 Exception <a 'java/lang/ClassNotFoundException'{0x00000000875759f0}: org/gradle/api/internal/AbstractNamedDomainObjectContainerBeanInfo> (0x00000000875759f0) thrown at [./src/hotspot/share/classfile/systemDictionary.cpp, line 231]
Event: 24.594 Thread 0x00000130aae32000 Exception <a 'java/lang/ClassNotFoundException'{0x00000000875aa9c0}: org/gradle/api/internal/DefaultNamedDomainObjectSetBeanInfo> (0x00000000875aa9c0) thrown at [./src/hotspot/share/classfile/systemDictionary.cpp, line 231]
Event: 24.595 Thread 0x00000130aae32000 Exception <a 'java/lang/ClassNotFoundException'{0x00000000875df868}: org/gradle/api/internal/DefaultNamedDomainObjectSetCustomizer> (0x00000000875df868) thrown at [./src/hotspot/share/classfile/systemDictionary.cpp, line 231]
Event: 24.597 Thread 0x00000130aae32000 Exception <a 'java/lang/ClassNotFoundException'{0x000000008742ba10}: org/gradle/api/internal/AbstractNamedDomainObjectContainerCustomizer> (0x000000008742ba10) thrown at [./src/hotspot/share/classfile/systemDictionary.cpp, line 231]
Event: 24.599 Thread 0x00000130aae32000 Exception <a 'java/lang/ClassNotFoundException'{0x0000000087475e60}: org/gradle/api/internal/FactoryNamedDomainObjectContainerCustomizer> (0x0000000087475e60) thrown at [./src/hotspot/share/classfile/systemDictionary.cpp, line 231]
Event: 24.601 Thread 0x00000130aae32000 Exception <a 'java/lang/ClassNotFoundException'{0x00000000874b81d8}: org/gradle/api/internal/FactoryNamedDomainObjectContainer_DecoratedCustomizer> (0x00000000874b81d8) thrown at [./src/hotspot/share/classfile/systemDictionary.cpp, line 231]
Event: 24.632 Thread 0x00000130aae32000 Exception <a 'java/lang/ClassNotFoundException'{0x00000000870f1e80}: com/android/build/gradle/internal/dsl/BuildType$AgpDecorated_DecoratedBeanInfo> (0x00000000870f1e80) thrown at [./src/hotspot/share/classfile/systemDictionary.cpp, line 231]
Event: 24.633 Thread 0x00000130aae32000 Exception <a 'java/lang/ClassNotFoundException'{0x0000000086f0e718}: com/android/build/gradle/internal/dsl/BuildType$AgpDecoratedBeanInfo> (0x0000000086f0e718) thrown at [./src/hotspot/share/classfile/systemDictionary.cpp, line 231]
Event: 24.634 Thread 0x00000130aae32000 Exception <a 'java/lang/ClassNotFoundException'{0x0000000086f28d58}: com/android/build/gradle/internal/dsl/BuildTypeBeanInfo> (0x0000000086f28d58) thrown at [./src/hotspot/share/classfile/systemDictionary.cpp, line 231]
Event: 24.635 Thread 0x00000130aae32000 Exception <a 'java/lang/ClassNotFoundException'{0x0000000086f42ef8}: com/android/builder/core/AbstractBuildTypeBeanInfo> (0x0000000086f42ef8) thrown at [./src/hotspot/share/classfile/systemDictionary.cpp, line 231]
Event: 24.636 Thread 0x00000130aae32000 Exception <a 'java/lang/ClassNotFoundException'{0x0000000086f5d650}: com/android/builder/core/AbstractBuildTypeCustomizer> (0x0000000086f5d650) thrown at [./src/hotspot/share/classfile/systemDictionary.cpp, line 231]
Event: 24.637 Thread 0x00000130aae32000 Exception <a 'java/lang/ClassNotFoundException'{0x0000000086f93f08}: com/android/build/gradle/internal/dsl/BuildTypeCustomizer> (0x0000000086f93f08) thrown at [./src/hotspot/share/classfile/systemDictionary.cpp, line 231]
Event: 24.641 Thread 0x00000130aae32000 Exception <a 'java/lang/ClassNotFoundException'{0x0000000086e2af08}: com/android/build/gradle/internal/dsl/BuildType$AgpDecoratedCustomizer> (0x0000000086e2af08) thrown at [./src/hotspot/share/classfile/systemDictionary.cpp, line 231]
Event: 24.644 Thread 0x00000130aae32000 Exception <a 'java/lang/ClassNotFoundException'{0x0000000086e7c140}: com/android/build/gradle/internal/dsl/BuildType$AgpDecorated_DecoratedCustomizer> (0x0000000086e7c140) thrown at [./src/hotspot/share/classfile/systemDictionary.cpp, line 231]

Events (20 events):
Event: 24.634 loading class com/android/builder/core/AbstractBuildTypeBeanInfo
Event: 24.634 loading class com/android/builder/core/AbstractBuildTypeBeanInfo done
Event: 24.635 loading class com/android/builder/core/AbstractBuildTypeBeanInfo
Event: 24.635 loading class com/android/builder/core/AbstractBuildTypeBeanInfo done
Event: 24.635 loading class com/android/builder/core/AbstractBuildTypeCustomizer
Event: 24.635 loading class com/android/builder/core/AbstractBuildTypeCustomizer done
Event: 24.635 loading class com/android/builder/core/AbstractBuildTypeCustomizer
Event: 24.635 loading class com/android/builder/core/AbstractBuildTypeCustomizer done
Event: 24.636 loading class com/android/build/gradle/internal/dsl/BuildTypeCustomizer
Event: 24.636 loading class com/android/build/gradle/internal/dsl/BuildTypeCustomizer done
Event: 24.637 loading class com/android/build/gradle/internal/dsl/BuildTypeCustomizer
Event: 24.637 loading class com/android/build/gradle/internal/dsl/BuildTypeCustomizer done
Event: 24.641 loading class com/android/build/gradle/internal/dsl/BuildType$AgpDecoratedCustomizer
Event: 24.641 loading class com/android/build/gradle/internal/dsl/BuildType$AgpDecoratedCustomizer done
Event: 24.641 loading class com/android/build/gradle/internal/dsl/BuildType$AgpDecoratedCustomizer
Event: 24.641 loading class com/android/build/gradle/internal/dsl/BuildType$AgpDecoratedCustomizer done
Event: 24.643 loading class com/android/build/gradle/internal/dsl/BuildType$AgpDecorated_DecoratedCustomizer
Event: 24.643 loading class com/android/build/gradle/internal/dsl/BuildType$AgpDecorated_DecoratedCustomizer done
Event: 24.644 loading class com/android/build/gradle/internal/dsl/BuildType$AgpDecorated_DecoratedCustomizer
Event: 24.644 loading class com/android/build/gradle/internal/dsl/BuildType$AgpDecorated_DecoratedCustomizer done


Dynamic libraries:
0x00007ff6fcac0000 - 0x00007ff6fcaca000 	D:\Android Studio\jre\bin\java.exe
0x00007ffb7b570000 - 0x00007ffb7b768000 	C:\WINDOWS\SYSTEM32\ntdll.dll
0x00007ffb70de0000 - 0x00007ffb70df7000 	C:\Program Files\Avast Software\Avast\aswhook.dll
0x00007ffb7ab80000 - 0x00007ffb7ac3f000 	C:\WINDOWS\System32\KERNEL32.DLL
0x00007ffb78fb0000 - 0x00007ffb79282000 	C:\WINDOWS\System32\KERNELBASE.dll
0x00007ffb78ca0000 - 0x00007ffb78da0000 	C:\WINDOWS\System32\ucrtbase.dll
0x00007ffb67710000 - 0x00007ffb67729000 	D:\Android Studio\jre\bin\jli.dll
0x00007ffb709e0000 - 0x00007ffb709f7000 	D:\Android Studio\jre\bin\VCRUNTIME140.dll
0x00007ffb7afe0000 - 0x00007ffb7b17d000 	C:\WINDOWS\System32\USER32.dll
0x00007ffb78c70000 - 0x00007ffb78c92000 	C:\WINDOWS\System32\win32u.dll
0x00007ffb56330000 - 0x00007ffb565ca000 	C:\WINDOWS\WinSxS\amd64_microsoft.windows.common-controls_6595b64144ccf1df_6.0.19041.1110_none_60b5254171f9507e\COMCTL32.dll
0x00007ffb7b180000 - 0x00007ffb7b1ab000 	C:\WINDOWS\System32\GDI32.dll
0x00007ffb78ea0000 - 0x00007ffb78faf000 	C:\WINDOWS\System32\gdi32full.dll
0x00007ffb7ad00000 - 0x00007ffb7ad9e000 	C:\WINDOWS\System32\msvcrt.dll
0x00007ffb793f0000 - 0x00007ffb7948d000 	C:\WINDOWS\System32\msvcp_win.dll
0x00007ffb7b4f0000 - 0x00007ffb7b522000 	C:\WINDOWS\System32\IMM32.DLL
0x00007ffb45fc0000 - 0x00007ffb4605d000 	D:\Android Studio\jre\bin\msvcp140.dll
0x00007ffb1af40000 - 0x00007ffb1ba25000 	D:\Android Studio\jre\bin\server\jvm.dll
0x00007ffb7ac40000 - 0x00007ffb7acee000 	C:\WINDOWS\System32\ADVAPI32.dll
0x00007ffb7a8d0000 - 0x00007ffb7a96c000 	C:\WINDOWS\System32\sechost.dll
0x00007ffb7b210000 - 0x00007ffb7b335000 	C:\WINDOWS\System32\RPCRT4.dll
0x00007ffb7b460000 - 0x00007ffb7b468000 	C:\WINDOWS\System32\PSAPI.DLL
0x00007ffb60500000 - 0x00007ffb60527000 	C:\WINDOWS\SYSTEM32\WINMM.dll
0x00007ffb65460000 - 0x00007ffb65469000 	C:\WINDOWS\SYSTEM32\WSOCK32.dll
0x00007ffb6ac50000 - 0x00007ffb6ac5a000 	C:\WINDOWS\SYSTEM32\VERSION.dll
0x00007ffb7b3f0000 - 0x00007ffb7b45b000 	C:\WINDOWS\System32\WS2_32.dll
0x00007ffb77800000 - 0x00007ffb77812000 	C:\WINDOWS\SYSTEM32\kernel.appcore.dll
0x00007ffb746a0000 - 0x00007ffb746b1000 	D:\Android Studio\jre\bin\verify.dll
0x00007ffb6a870000 - 0x00007ffb6aa54000 	C:\WINDOWS\SYSTEM32\DBGHELP.DLL
0x00007ffb6a840000 - 0x00007ffb6a86c000 	C:\WINDOWS\SYSTEM32\dbgcore.DLL
0x00007ffb78da0000 - 0x00007ffb78e22000 	C:\WINDOWS\System32\bcryptPrimitives.dll
0x00007ffb70040000 - 0x00007ffb70069000 	D:\Android Studio\jre\bin\java.dll
0x00007ffb74700000 - 0x00007ffb7470b000 	D:\Android Studio\jre\bin\jimage.dll
0x00007ffb74540000 - 0x00007ffb74558000 	D:\Android Studio\jre\bin\zip.dll
0x00007ffb795c0000 - 0x00007ffb79d03000 	C:\WINDOWS\System32\SHELL32.dll
0x00007ffb76b00000 - 0x00007ffb77292000 	C:\WINDOWS\SYSTEM32\windows.storage.dll
0x00007ffb7a1e0000 - 0x00007ffb7a534000 	C:\WINDOWS\System32\combase.dll
0x00007ffb78660000 - 0x00007ffb78690000 	C:\WINDOWS\SYSTEM32\Wldp.dll
0x00007ffb7aaa0000 - 0x00007ffb7ab4d000 	C:\WINDOWS\System32\SHCORE.dll
0x00007ffb7a540000 - 0x00007ffb7a595000 	C:\WINDOWS\System32\shlwapi.dll
0x00007ffb78bb0000 - 0x00007ffb78bcf000 	C:\WINDOWS\SYSTEM32\profapi.dll
0x00007ffb6fd90000 - 0x00007ffb6fdaa000 	D:\Android Studio\jre\bin\net.dll
0x00007ffb70110000 - 0x00007ffb7021c000 	C:\WINDOWS\SYSTEM32\WINHTTP.dll
0x00007ffb78340000 - 0x00007ffb783aa000 	C:\WINDOWS\system32\mswsock.dll
0x00007ffb6fd70000 - 0x00007ffb6fd84000 	D:\Android Studio\jre\bin\nio.dll
0x00007ffb6faa0000 - 0x00007ffb6fac7000 	C:\Users\LENOVO\Desktop\GRADLE\gradle-6.1.1\native\e1d6ef7f7dcc3fd88c89a11ec53ec762bb8ba0a96d01ffa2cd45eb1d1d8dd5c5\windows-amd64\native-platform.dll
0x00007ffb37bd0000 - 0x00007ffb37d14000 	C:\Users\LENOVO\Desktop\GRADLE\gradle-6.1.1\native\5664cfc778a61ccfe75a443a1ab52a65af34e5dc3c78e0209fed803814484fcb\windows-amd64\native-platform-file-events.dll
0x00007ffb74580000 - 0x00007ffb7458a000 	D:\Android Studio\jre\bin\management.dll
0x00007ffb70f00000 - 0x00007ffb70f0d000 	D:\Android Studio\jre\bin\management_ext.dll
0x00007ffb785a0000 - 0x00007ffb785b8000 	C:\WINDOWS\SYSTEM32\CRYPTSP.dll
0x00007ffb77c70000 - 0x00007ffb77ca4000 	C:\WINDOWS\system32\rsaenh.dll
0x00007ffb79490000 - 0x00007ffb794b7000 	C:\WINDOWS\System32\bcrypt.dll
0x00007ffb78b70000 - 0x00007ffb78b9e000 	C:\WINDOWS\SYSTEM32\USERENV.dll
0x00007ffb785c0000 - 0x00007ffb785cc000 	C:\WINDOWS\SYSTEM32\CRYPTBASE.dll
0x00007ffb78040000 - 0x00007ffb7807b000 	C:\WINDOWS\SYSTEM32\IPHLPAPI.DLL
0x00007ffb7ab70000 - 0x00007ffb7ab78000 	C:\WINDOWS\System32\NSI.dll
0x00007ffb70500000 - 0x00007ffb70517000 	C:\WINDOWS\SYSTEM32\dhcpcsvc6.DLL
0x00007ffb704e0000 - 0x00007ffb704fd000 	C:\WINDOWS\SYSTEM32\dhcpcsvc.DLL
0x00007ffb78080000 - 0x00007ffb7814a000 	C:\WINDOWS\SYSTEM32\DNSAPI.dll

dbghelp: loaded successfully - version: 4.0.5 - missing functions: none
symbol engine: initialized successfully - sym options: 0x614 - pdb path: .;D:\Android Studio\jre\bin;C:\WINDOWS\SYSTEM32;C:\Program Files\Avast Software\Avast;C:\WINDOWS\WinSxS\amd64_microsoft.windows.common-controls_6595b64144ccf1df_6.0.19041.1110_none_60b5254171f9507e;D:\Android Studio\jre\bin\server;C:\Users\LENOVO\Desktop\GRADLE\gradle-6.1.1\native\e1d6ef7f7dcc3fd88c89a11ec53ec762bb8ba0a96d01ffa2cd45eb1d1d8dd5c5\windows-amd64;C:\Users\LENOVO\Desktop\GRADLE\gradle-6.1.1\native\5664cfc778a61ccfe75a443a1ab52a65af34e5dc3c78e0209fed803814484fcb\windows-amd64

VM Arguments:
jvm_args: --add-opens=java.base/java.util=ALL-UNNAMED --add-opens=java.base/java.lang=ALL-UNNAMED --add-opens=java.base/java.lang.invoke=ALL-UNNAMED --add-opens=java.base/java.util=ALL-UNNAMED --add-opens=java.prefs/java.util.prefs=ALL-UNNAMED --add-opens=java.prefs/java.util.prefs=ALL-UNNAMED --add-opens=java.base/java.nio.charset=ALL-UNNAMED --add-opens=java.base/java.net=ALL-UNNAMED --add-opens=java.base/java.util.concurrent.atomic=ALL-UNNAMED -Xmx2048m -Dfile.encoding=UTF-8 -Duser.country=FR -Duser.language=fr -Duser.variant 
java_command: org.gradle.launcher.daemon.bootstrap.GradleDaemon 7.3.3
java_class_path (initial): C:\Users\LENOVO\Desktop\GRADLE\gradle-6.1.1\wrapper\dists\gradle-7.3.3-bin\6a41zxkdtcxs8rphpq6y0069z\gradle-7.3.3\lib\gradle-launcher-7.3.3.jar
Launcher Type: SUN_STANDARD

[Global flags]
     intx CICompilerCount                          = 3                                         {product} {ergonomic}
     uint ConcGCThreads                            = 1                                         {product} {ergonomic}
     uint G1ConcRefinementThreads                  = 4                                         {product} {ergonomic}
   size_t G1HeapRegionSize                         = 1048576                                   {product} {ergonomic}
    uintx GCDrainStackTargetSize                   = 64                                        {product} {ergonomic}
   size_t InitialHeapSize                          = 134217728                                 {product} {ergonomic}
   size_t MarkStackSize                            = 4194304                                   {product} {ergonomic}
   size_t MaxHeapSize                              = 2147483648                                {product} {command line}
   size_t MaxNewSize                               = 1287651328                                {product} {ergonomic}
   size_t MinHeapDeltaBytes                        = 1048576                                   {product} {ergonomic}
    uintx NonNMethodCodeHeapSize                   = 5830732                                {pd product} {ergonomic}
    uintx NonProfiledCodeHeapSize                  = 122913754                              {pd product} {ergonomic}
    uintx ProfiledCodeHeapSize                     = 122913754                              {pd product} {ergonomic}
    uintx ReservedCodeCacheSize                    = 251658240                              {pd product} {ergonomic}
     bool SegmentedCodeCache                       = true                                      {product} {ergonomic}
     bool UseCompressedClassPointers               = true                                 {lp64_product} {ergonomic}
     bool UseCompressedOops                        = true                                 {lp64_product} {ergonomic}
     bool UseG1GC                                  = true                                      {product} {ergonomic}
     bool UseLargePagesIndividualAllocation        = false                                  {pd product} {ergonomic}

Logging:
Log output configuration:
 #0: stdout all=warning uptime,level,tags
 #1: stderr all=off uptime,level,tags

Environment Variables:
PATH=C:\Program Files\Eclipse Foundation\jdk-8.0.302.8-hotspot\bin;C:\Program Files\Microsoft\jdk-11.0.12.7-hotspot\bin;D:\flutter vs dart\dart-sdk\bin;C:\Program Files (x86)\Common Files\Intel\Shared Libraries\redist\intel64_win\compiler;C:\ProgramData\Oracle\Java\javapath;C:\WINDOWS\system32;C:\WINDOWS;C:\WINDOWS\System32\Wbem;C:\WINDOWS\System32\WindowsPowerShell\v1.0\;C:\WINDOWS\System32\OpenSSH\;C:\Users\LENOVO\.dnx\bin;C:\Program Files\Microsoft DNX\Dnvm\;C:\Program Files\Microsoft SQL Server\120\Tools\Binn\;C:\Users\LENOVO\Desktop\Programme Java\jdk-17.0.1\bin\;D:\Dart\dart-sdk\bin;C:\Program Files (x86)\Microsoft SQL Server\150\Tools\Binn\;C:\Program Files\Microsoft SQL Server\150\Tools\Binn\;C:\Program Files (x86)\Microsoft SQL Server\150\DTS\Binn\;C:\Program Files\Microsoft SQL Server\150\DTS\Binn\;C:\Program Files\Microsoft SQL Server\Client SDK\ODBC\170\Tools\Binn\;C:\Program Files\Azure Data Studio\bin;D:\flutter vs dart\flutter\bin;C:\Program Files\dotnet\;C:\ProgramData\chocolatey\bin;C:\sqlite;D:\php-8\php-8.1.9-src;C:\Program Files\Git\cmd;C:\Program Files\nodejs\;C:\Users\LENOVO\.dotnet\tools;C:\Users\LENOVO\.dotnet\tools;D:\visual studio code\Microsoft VS Code\bin;D:\;C:\Users\LENOVO\Downloads\android\platform-tools;D:\Intellij Idea\IntelliJ IDEA Community Edition 2022.2.2\bin;D:\Android Studio\jre\bin;C:\Program Files\Java\jdk1.8.0_341\bin;C:\Program Files\Java\jre1.8.0_341;C:\Program Files\Microsoft\jdk-11.0.12.7-hotspot\bin\server;C:\Spring boot\spring-2.7.3\bin;D:\Intellij Idea\IntelliJ IDEA 2022.2.2\bin;D:\PhpStorm\PhpStorm 2022.2.1\bin;C:\Users\LENOVO\AppData\Roaming\npm
USERNAME=LENOVO
OS=Windows_NT
PROCESSOR_IDENTIFIER=Intel64 Family 6 Model 142 Stepping 9, GenuineIntel



---------------  S Y S T E M  ---------------

OS: Windows 10 , 64 bit Build 19041 (10.0.19041.2251)
OS uptime: 2 days 5:57 hours

CPU:total 4 (initial active 4) (2 cores per cpu, 2 threads per core) family 6 model 142 stepping 9 microcode 0xb4, cmov, cx8, fxsr, mmx, sse, sse2, sse3, ssse3, sse4.1, sse4.2, popcnt, avx, avx2, aes, clmul, erms, 3dnowpref, lzcnt, ht, tsc, tscinvbit, bmi1, bmi2, adx, fma

Memory: 4k page, system-wide physical 8073M (366M free)
TotalPageFile size 13073M (AvailPageFile size 6M)
current process WorkingSet (physical memory assigned to process): 349M, peak: 350M
current process commit charge ("private bytes"): 380M, peak: 381M

vm_info: OpenJDK 64-Bit Server VM (11.0.12+7-b1504.28-7817840) for windows-amd64 JRE (11.0.12+7-b1504.28-7817840), built on Oct 13 2021 22:12:33 by "builder" with MS VC++ 14.0 (VS2015)

END.
