#
# There is insufficient memory for the Java Runtime Environment to continue.
# Native memory allocation (malloc) failed to allocate 1189136 bytes for Chunk::new
# Possible reasons:
#   The system is out of physical RAM or swap space
#   The process is running with CompressedOops enabled, and the Java Heap may be blocking the growth of the native heap
# Possible solutions:
#   Reduce memory load on the system
#   Increase physical memory or swap space
#   Check if swap backing store is full
#   Decrease Java heap size (-Xmx/-Xms)
#   Decrease number of Java threads
#   Decrease Java thread stack sizes (-Xss)
#   Set larger code cache with -XX:ReservedCodeCacheSize=
#   JVM is running with Unscaled Compressed Oops mode in which the Java heap is
#     placed in the first 4GB address space. The Java Heap base address is the
#     maximum limit for the native heap growth. Please use -XX:HeapBaseMinAddress
#     to set the Java Heap base and to place the Java Heap above 4GB virtual address.
# This output file may be truncated or incomplete.
#
#  Out of Memory Error (./src/hotspot/share/memory/arena.cpp:197), pid=10824, tid=14984
#
# JRE version: OpenJDK Runtime Environment (11.0.12+7) (build 11.0.12+7-b1504.28-7817840)
# Java VM: OpenJDK 64-Bit Server VM (11.0.12+7-b1504.28-7817840, mixed mode, tiered, compressed oops, g1 gc, windows-amd64)
# No core dump will be written. Minidumps are not enabled by default on client versions of Windows
#

---------------  S U M M A R Y ------------

Command Line: --add-opens=java.base/java.util=ALL-UNNAMED --add-opens=java.base/java.lang=ALL-UNNAMED --add-opens=java.base/java.lang.invoke=ALL-UNNAMED --add-opens=java.base/java.util=ALL-UNNAMED --add-opens=java.prefs/java.util.prefs=ALL-UNNAMED --add-opens=java.prefs/java.util.prefs=ALL-UNNAMED --add-opens=java.base/java.nio.charset=ALL-UNNAMED --add-opens=java.base/java.net=ALL-UNNAMED --add-opens=java.base/java.util.concurrent.atomic=ALL-UNNAMED -Xmx2048m -Dfile.encoding=UTF-8 -Duser.country=FR -Duser.language=fr -Duser.variant org.gradle.launcher.daemon.bootstrap.GradleDaemon 7.3.3

Host: Intel(R) Core(TM) i3-7100U CPU @ 2.40GHz, 4 cores, 7G,  Windows 10 , 64 bit Build 19041 (10.0.19041.1889)
Time: Tue Oct  4 08:58:56 2022 Temps universel coordonné elapsed time: 127.387683 seconds (0d 0h 2m 7s)

---------------  T H R E A D  ---------------

Current thread (0x000001be5e12a800):  JavaThread "C2 CompilerThread0" daemon [_thread_in_native, id=14984, stack(0x000000b064400000,0x000000b064500000)]


Current CompileTask:
C2: 127387 6813 %     4       org.gradle.internal.instantiation.generator.AbstractClassGenerator::inspectType @ 107 (560 bytes)

Stack: [0x000000b064400000,0x000000b064500000]
Native frames: (J=compiled Java code, j=interpreted, Vv=VM code, C=native code)
V  [jvm.dll+0x5fbcea]
V  [jvm.dll+0x731905]
V  [jvm.dll+0x732f1d]
V  [jvm.dll+0x7335d3]
V  [jvm.dll+0x247bf8]
V  [jvm.dll+0xc018c]
V  [jvm.dll+0xc06cc]
V  [jvm.dll+0x2bcc04]
V  [jvm.dll+0x5113a8]
V  [jvm.dll+0x208303]
V  [jvm.dll+0x201fe0]
V  [jvm.dll+0x1ff71f]
V  [jvm.dll+0x18868c]
V  [jvm.dll+0x20e0d7]
V  [jvm.dll+0x20c901]
V  [jvm.dll+0x6f9b7f]
V  [jvm.dll+0x6f26a5]
V  [jvm.dll+0x5fabf6]
C  [ucrtbase.dll+0x21bb2]
C  [KERNEL32.DLL+0x17034]
C  [ntdll.dll+0x526a1]


---------------  P R O C E S S  ---------------

Threads class SMR info:
_java_thread_list=0x000001be64ab70b0, length=77, elements={
0x000001be44515800, 0x000001be5e10b800, 0x000001be5e10d000, 0x000001be5e124000,
0x000001be5e125800, 0x000001be5e127800, 0x000001be5e12a800, 0x000001be5e130800,
0x000001be5e131800, 0x000001be5ec18800, 0x000001be5fb81800, 0x000001be612a6800,
0x000001be612ab800, 0x000001be60324800, 0x000001be6168a800, 0x000001be60610800,
0x000001be5fe1a000, 0x000001be5f9a5000, 0x000001be604b9000, 0x000001be604b5000,
0x000001be604ba000, 0x000001be604b8800, 0x000001be604b7800, 0x000001be604b4800,
0x000001be604bb000, 0x000001be604b6000, 0x000001be604b6800, 0x000001be61f0a000,
0x000001be61f0d000, 0x000001be61f0a800, 0x000001be61f0e800, 0x000001be61f0f800,
0x000001be61f0c800, 0x000001be61f13000, 0x000001be61f13800, 0x000001be61f11000,
0x000001be61f15800, 0x000001be61f16000, 0x000001be61f14800, 0x000001be61f10800,
0x000001be61f17000, 0x000001be61f12000, 0x000001be61f2e000, 0x000001be61f31000,
0x000001be61f2b800, 0x000001be61f2e800, 0x000001be61f2c800, 0x000001be61f2d000,
0x000001be61f33800, 0x000001be61f32000, 0x000001be61f35800, 0x000001be61f2f800,
0x000001be61f33000, 0x000001be61f34800, 0x000001be61f30800, 0x000001be61f38800,
0x000001be61f39800, 0x000001be61f36000, 0x000001be61f37800, 0x000001be61f37000,
0x000001be61f3a000, 0x000001be5f8d3000, 0x000001be5f8cd800, 0x000001be5f8cf000,
0x000001be5f8d4000, 0x000001be5f8ce800, 0x000001be5f8d2800, 0x000001be5f8d1000,
0x000001be5f8d5000, 0x000001be5f8d5800, 0x000001be5f8d0000, 0x000001be5f8d6800,
0x000001be5f8d7800, 0x000001be5f8d1800, 0x000001be5f8db800, 0x000001be5f8d9000,
0x000001be5f8d8000
}

Java Threads: ( => current thread )
  0x000001be44515800 JavaThread "main" [_thread_blocked, id=15776, stack(0x000000b063800000,0x000000b063900000)]
  0x000001be5e10b800 JavaThread "Reference Handler" daemon [_thread_blocked, id=17056, stack(0x000000b063f00000,0x000000b064000000)]
  0x000001be5e10d000 JavaThread "Finalizer" daemon [_thread_blocked, id=15244, stack(0x000000b064000000,0x000000b064100000)]
  0x000001be5e124000 JavaThread "Signal Dispatcher" daemon [_thread_blocked, id=13340, stack(0x000000b064100000,0x000000b064200000)]
  0x000001be5e125800 JavaThread "Attach Listener" daemon [_thread_blocked, id=4796, stack(0x000000b064200000,0x000000b064300000)]
  0x000001be5e127800 JavaThread "Service Thread" daemon [_thread_blocked, id=15860, stack(0x000000b064300000,0x000000b064400000)]
=>0x000001be5e12a800 JavaThread "C2 CompilerThread0" daemon [_thread_in_native, id=14984, stack(0x000000b064400000,0x000000b064500000)]
  0x000001be5e130800 JavaThread "C1 CompilerThread0" daemon [_thread_blocked, id=14588, stack(0x000000b064500000,0x000000b064600000)]
  0x000001be5e131800 JavaThread "Sweeper thread" daemon [_thread_blocked, id=12648, stack(0x000000b064600000,0x000000b064700000)]
  0x000001be5ec18800 JavaThread "Common-Cleaner" daemon [_thread_blocked, id=4584, stack(0x000000b064700000,0x000000b064800000)]
  0x000001be5fb81800 JavaThread "Daemon health stats" [_thread_blocked, id=10176, stack(0x000000b063500000,0x000000b063600000)]
  0x000001be612a6800 JavaThread "Incoming local TCP Connector on port 5924" [_thread_in_native, id=9568, stack(0x000000b064b00000,0x000000b064c00000)]
  0x000001be612ab800 JavaThread "Daemon periodic checks" [_thread_blocked, id=17396, stack(0x000000b064c00000,0x000000b064d00000)]
  0x000001be60324800 JavaThread "Daemon" [_thread_blocked, id=6280, stack(0x000000b064e00000,0x000000b064f00000)]
  0x000001be6168a800 JavaThread "Handler for socket connection from /127.0.0.1:5924 to /127.0.0.1:5925" [_thread_in_native, id=13100, stack(0x000000b064f00000,0x000000b065000000)]
  0x000001be60610800 JavaThread "Cancel handler" [_thread_blocked, id=11804, stack(0x000000b065000000,0x000000b065100000)]
  0x000001be5fe1a000 JavaThread "Daemon worker" [_thread_in_Java, id=15472, stack(0x000000b065100000,0x000000b065200000)]
  0x000001be5f9a5000 JavaThread "Asynchronous log dispatcher for DefaultDaemonConnection: socket connection from /127.0.0.1:5924 to /127.0.0.1:5925" [_thread_blocked, id=10256, stack(0x000000b065200000,0x000000b065300000)]
  0x000001be604b9000 JavaThread "Daemon client event forwarder" [_thread_blocked, id=16604, stack(0x000000b065400000,0x000000b065500000)]
  0x000001be604b5000 JavaThread "Cache worker for journal cache (C:\Users\LENOVO\Desktop\GRADLE\gradle-6.1.1\caches\journal-1)" [_thread_blocked, id=10104, stack(0x000000b065500000,0x000000b065600000)]
  0x000001be604ba000 JavaThread "File lock request listener" [_thread_in_native, id=3240, stack(0x000000b065600000,0x000000b065700000)]
  0x000001be604b8800 JavaThread "Cache worker for file hash cache (C:\Users\LENOVO\Desktop\GRADLE\gradle-6.1.1\caches\7.3.3\fileHashes)" [_thread_blocked, id=6196, stack(0x000000b065700000,0x000000b065800000)]
  0x000001be604b7800 JavaThread "Cache worker for file hash cache (D:\Program Files\Grafco3\.gradle\7.3.3\fileHashes)" [_thread_blocked, id=17176, stack(0x000000b065800000,0x000000b065900000)]
  0x000001be604b4800 JavaThread "File watcher server" daemon [_thread_in_native, id=8976, stack(0x000000b065900000,0x000000b065a00000)]
  0x000001be604bb000 JavaThread "File watcher consumer" daemon [_thread_blocked, id=9044, stack(0x000000b065a00000,0x000000b065b00000)]
  0x000001be604b6000 JavaThread "Cache worker for checksums cache (D:\Program Files\Grafco3\.gradle\7.3.3\checksums)" [_thread_blocked, id=7420, stack(0x000000b065b00000,0x000000b065c00000)]
  0x000001be604b6800 JavaThread "Cache worker for cache directory md-supplier (C:\Users\LENOVO\Desktop\GRADLE\gradle-6.1.1\caches\7.3.3\md-supplier)" [_thread_blocked, id=8776, stack(0x000000b065c00000,0x000000b065d00000)]
  0x000001be61f0a000 JavaThread "Cache worker for cache directory md-rule (C:\Users\LENOVO\Desktop\GRADLE\gradle-6.1.1\caches\7.3.3\md-rule)" [_thread_blocked, id=10040, stack(0x000000b065d00000,0x000000b065e00000)]
  0x000001be61f0d000 JavaThread "Cache worker for execution history cache (C:\Users\LENOVO\Desktop\GRADLE\gradle-6.1.1\caches\7.3.3\executionHistory)" [_thread_blocked, id=2836, stack(0x000000b065e00000,0x000000b065f00000)]
  0x000001be61f0a800 JavaThread "jar transforms" [_thread_blocked, id=13592, stack(0x000000b066000000,0x000000b066100000)]
  0x000001be61f0e800 JavaThread "Cache worker for file content cache (C:\Users\LENOVO\Desktop\GRADLE\gradle-6.1.1\caches\7.3.3\fileContent)" [_thread_blocked, id=15436, stack(0x000000b066100000,0x000000b066200000)]
  0x000001be61f0f800 JavaThread "jar transforms Thread 2" [_thread_blocked, id=13940, stack(0x000000b066200000,0x000000b066300000)]
  0x000001be61f0c800 JavaThread "Cache worker for dependencies-accessors (D:\Program Files\Grafco3\.gradle\7.3.3\dependencies-accessors)" [_thread_blocked, id=11948, stack(0x000000b066300000,0x000000b066400000)]
  0x000001be61f13000 JavaThread "jar transforms Thread 3" [_thread_blocked, id=14960, stack(0x000000b066400000,0x000000b066500000)]
  0x000001be61f13800 JavaThread "Cache worker for Build Output Cleanup Cache (D:\Program Files\Grafco3\.gradle\buildOutputCleanup)" [_thread_blocked, id=7944, stack(0x000000b065f00000,0x000000b066000000)]
  0x000001be61f11000 JavaThread "Unconstrained build operations" [_thread_blocked, id=2252, stack(0x000000b066500000,0x000000b066600000)]
  0x000001be61f15800 JavaThread "Unconstrained build operations Thread 2" [_thread_blocked, id=7228, stack(0x000000b066600000,0x000000b066700000)]
  0x000001be61f16000 JavaThread "Unconstrained build operations Thread 3" [_thread_blocked, id=12680, stack(0x000000b066700000,0x000000b066800000)]
  0x000001be61f14800 JavaThread "Unconstrained build operations Thread 4" [_thread_blocked, id=16040, stack(0x000000b066800000,0x000000b066900000)]
  0x000001be61f10800 JavaThread "Unconstrained build operations Thread 5" [_thread_blocked, id=15832, stack(0x000000b066900000,0x000000b066a00000)]
  0x000001be61f17000 JavaThread "Unconstrained build operations Thread 6" [_thread_blocked, id=16712, stack(0x000000b066a00000,0x000000b066b00000)]
  0x000001be61f12000 JavaThread "Unconstrained build operations Thread 7" [_thread_blocked, id=16072, stack(0x000000b066b00000,0x000000b066c00000)]
  0x000001be61f2e000 JavaThread "Unconstrained build operations Thread 8" [_thread_blocked, id=1972, stack(0x000000b066c00000,0x000000b066d00000)]
  0x000001be61f31000 JavaThread "Unconstrained build operations Thread 9" [_thread_blocked, id=8164, stack(0x000000b066d00000,0x000000b066e00000)]
  0x000001be61f2b800 JavaThread "Unconstrained build operations Thread 10" [_thread_blocked, id=8324, stack(0x000000b066e00000,0x000000b066f00000)]
  0x000001be61f2e800 JavaThread "Unconstrained build operations Thread 11" [_thread_blocked, id=14024, stack(0x000000b066f00000,0x000000b067000000)]
  0x000001be61f2c800 JavaThread "Unconstrained build operations Thread 12" [_thread_blocked, id=16056, stack(0x000000b067000000,0x000000b067100000)]
  0x000001be61f2d000 JavaThread "Unconstrained build operations Thread 13" [_thread_blocked, id=12896, stack(0x000000b067100000,0x000000b067200000)]
  0x000001be61f33800 JavaThread "Unconstrained build operations Thread 14" [_thread_blocked, id=5004, stack(0x000000b067200000,0x000000b067300000)]
  0x000001be61f32000 JavaThread "Unconstrained build operations Thread 15" [_thread_blocked, id=8992, stack(0x000000b067300000,0x000000b067400000)]
  0x000001be61f35800 JavaThread "Unconstrained build operations Thread 16" [_thread_blocked, id=3996, stack(0x000000b067400000,0x000000b067500000)]
  0x000001be61f2f800 JavaThread "Unconstrained build operations Thread 17" [_thread_blocked, id=11580, stack(0x000000b067500000,0x000000b067600000)]
  0x000001be61f33000 JavaThread "Unconstrained build operations Thread 18" [_thread_blocked, id=1808, stack(0x000000b067600000,0x000000b067700000)]
  0x000001be61f34800 JavaThread "Unconstrained build operations Thread 19" [_thread_blocked, id=10760, stack(0x000000b067700000,0x000000b067800000)]
  0x000001be61f30800 JavaThread "Unconstrained build operations Thread 20" [_thread_blocked, id=14784, stack(0x000000b067800000,0x000000b067900000)]
  0x000001be61f38800 JavaThread "Unconstrained build operations Thread 21" [_thread_blocked, id=15896, stack(0x000000b067900000,0x000000b067a00000)]
  0x000001be61f39800 JavaThread "Unconstrained build operations Thread 22" [_thread_blocked, id=16076, stack(0x000000b067a00000,0x000000b067b00000)]
  0x000001be61f36000 JavaThread "Unconstrained build operations Thread 23" [_thread_blocked, id=16808, stack(0x000000b067b00000,0x000000b067c00000)]
  0x000001be61f37800 JavaThread "Unconstrained build operations Thread 24" [_thread_blocked, id=17052, stack(0x000000b067c00000,0x000000b067d00000)]
  0x000001be61f37000 JavaThread "Unconstrained build operations Thread 25" [_thread_blocked, id=976, stack(0x000000b067d00000,0x000000b067e00000)]
  0x000001be61f3a000 JavaThread "Unconstrained build operations Thread 26" [_thread_blocked, id=14820, stack(0x000000b067e00000,0x000000b067f00000)]
  0x000001be5f8d3000 JavaThread "Unconstrained build operations Thread 27" [_thread_blocked, id=14316, stack(0x000000b067f00000,0x000000b068000000)]
  0x000001be5f8cd800 JavaThread "Unconstrained build operations Thread 28" [_thread_blocked, id=8568, stack(0x000000b068000000,0x000000b068100000)]
  0x000001be5f8cf000 JavaThread "Unconstrained build operations Thread 29" [_thread_blocked, id=9228, stack(0x000000b068100000,0x000000b068200000)]
  0x000001be5f8d4000 JavaThread "Unconstrained build operations Thread 30" [_thread_blocked, id=4588, stack(0x000000b068200000,0x000000b068300000)]
  0x000001be5f8ce800 JavaThread "Unconstrained build operations Thread 31" [_thread_blocked, id=10612, stack(0x000000b068300000,0x000000b068400000)]
  0x000001be5f8d2800 JavaThread "Unconstrained build operations Thread 32" [_thread_blocked, id=17024, stack(0x000000b068400000,0x000000b068500000)]
  0x000001be5f8d1000 JavaThread "Unconstrained build operations Thread 33" [_thread_blocked, id=13512, stack(0x000000b068500000,0x000000b068600000)]
  0x000001be5f8d5000 JavaThread "Unconstrained build operations Thread 34" [_thread_blocked, id=13544, stack(0x000000b068600000,0x000000b068700000)]
  0x000001be5f8d5800 JavaThread "Unconstrained build operations Thread 35" [_thread_blocked, id=12740, stack(0x000000b068700000,0x000000b068800000)]
  0x000001be5f8d0000 JavaThread "Unconstrained build operations Thread 36" [_thread_blocked, id=4808, stack(0x000000b068800000,0x000000b068900000)]
  0x000001be5f8d6800 JavaThread "Unconstrained build operations Thread 37" [_thread_blocked, id=16468, stack(0x000000b068900000,0x000000b068a00000)]
  0x000001be5f8d7800 JavaThread "Unconstrained build operations Thread 38" [_thread_blocked, id=15820, stack(0x000000b068a00000,0x000000b068b00000)]
  0x000001be5f8d1800 JavaThread "Unconstrained build operations Thread 39" [_thread_blocked, id=11188, stack(0x000000b068b00000,0x000000b068c00000)]
  0x000001be5f8db800 JavaThread "Unconstrained build operations Thread 40" [_thread_blocked, id=8548, stack(0x000000b068c00000,0x000000b068d00000)]
  0x000001be5f8d9000 JavaThread "jar transforms Thread 4" [_thread_blocked, id=9424, stack(0x000000b068d00000,0x000000b068e00000)]
  0x000001be5f8d8000 JavaThread "Memory manager" [_thread_blocked, id=11124, stack(0x000000b063600000,0x000000b063700000)]

Other Threads:
  0x000001be5e108000 VMThread "VM Thread" [stack: 0x000000b063e00000,0x000000b063f00000] [id=17140]
  0x000001be5ec5b000 WatcherThread [stack: 0x000000b064800000,0x000000b064900000] [id=14636]
  0x000001be4452d800 GCTaskThread "GC Thread#0" [stack: 0x000000b063900000,0x000000b063a00000] [id=15992]
  0x000001be5f114000 GCTaskThread "GC Thread#1" [stack: 0x000000b064900000,0x000000b064a00000] [id=11040]
  0x000001be5f114800 GCTaskThread "GC Thread#2" [stack: 0x000000b064a00000,0x000000b064b00000] [id=14496]
  0x000001be6213c000 GCTaskThread "GC Thread#3" [stack: 0x000000b064d00000,0x000000b064e00000] [id=13228]
  0x000001be4455d800 ConcurrentGCThread "G1 Main Marker" [stack: 0x000000b063a00000,0x000000b063b00000] [id=15580]
  0x000001be4455f000 ConcurrentGCThread "G1 Conc#0" [stack: 0x000000b063b00000,0x000000b063c00000] [id=1524]
  0x000001be5df50800 ConcurrentGCThread "G1 Refine#0" [stack: 0x000000b063c00000,0x000000b063d00000] [id=17004]
  0x000001be5df51000 ConcurrentGCThread "G1 Young RemSet Sampling" [stack: 0x000000b063d00000,0x000000b063e00000] [id=13624]

Threads with active compile tasks:
C2 CompilerThread0 129740 6813 %     4       org.gradle.internal.instantiation.generator.AbstractClassGenerator::inspectType @ 107 (560 bytes)

VM state:not at safepoint (normal execution)

VM Mutex/Monitor currently owned by a thread: None

Heap address: 0x0000000080000000, size: 2048 MB, Compressed Oops mode: 32-bit
Narrow klass base: 0x0000000000000000, Narrow klass shift: 3
Compressed class space size: 1073741824 Address: 0x0000000100000000

Heap:
 garbage-first heap   total 131072K, used 67627K [0x0000000080000000, 0x0000000100000000)
  region size 1024K, 19 young (19456K), 6 survivors (6144K)
 Metaspace       used 71297K, capacity 72960K, committed 73168K, reserved 1114112K
  class space    used 9218K, capacity 9846K, committed 9856K, reserved 1048576K
Heap Regions: E=young(eden), S=young(survivor), O=old, HS=humongous(starts), HC=humongous(continues), CS=collection set, F=free, A=archive, TAMS=top-at-mark-start (previous, next)
|   0|0x0000000080000000, 0x0000000080100000, 0x0000000080100000|100%|HS|  |TAMS 0x0000000080100000, 0x0000000080000000| Complete 
|   1|0x0000000080100000, 0x0000000080200000, 0x0000000080200000|100%|HC|  |TAMS 0x0000000080200000, 0x0000000080100000| Complete 
|   2|0x0000000080200000, 0x0000000080300000, 0x0000000080300000|100%|HC|  |TAMS 0x0000000080300000, 0x0000000080200000| Complete 
|   3|0x0000000080300000, 0x0000000080400000, 0x0000000080400000|100%| O|  |TAMS 0x0000000080400000, 0x0000000080300000| Untracked 
|   4|0x0000000080400000, 0x0000000080500000, 0x0000000080500000|100%| O|  |TAMS 0x0000000080500000, 0x0000000080400000| Untracked 
|   5|0x0000000080500000, 0x0000000080600000, 0x0000000080600000|100%| O|  |TAMS 0x0000000080600000, 0x0000000080500000| Untracked 
|   6|0x0000000080600000, 0x0000000080700000, 0x0000000080700000|100%| O|  |TAMS 0x0000000080700000, 0x0000000080600000| Untracked 
|   7|0x0000000080700000, 0x0000000080800000, 0x0000000080800000|100%| O|  |TAMS 0x0000000080800000, 0x0000000080700000| Untracked 
|   8|0x0000000080800000, 0x0000000080900000, 0x0000000080900000|100%| O|  |TAMS 0x0000000080900000, 0x0000000080800000| Untracked 
|   9|0x0000000080900000, 0x0000000080a00000, 0x0000000080a00000|100%| O|  |TAMS 0x0000000080a00000, 0x0000000080900000| Untracked 
|  10|0x0000000080a00000, 0x0000000080b00000, 0x0000000080b00000|100%| O|  |TAMS 0x0000000080b00000, 0x0000000080a00000| Untracked 
|  11|0x0000000080b00000, 0x0000000080c00000, 0x0000000080c00000|100%| O|  |TAMS 0x0000000080c00000, 0x0000000080b00000| Untracked 
|  12|0x0000000080c00000, 0x0000000080d00000, 0x0000000080d00000|100%| O|  |TAMS 0x0000000080d00000, 0x0000000080c00000| Untracked 
|  13|0x0000000080d00000, 0x0000000080e00000, 0x0000000080e00000|100%| O|  |TAMS 0x0000000080e00000, 0x0000000080d00000| Untracked 
|  14|0x0000000080e00000, 0x0000000080f00000, 0x0000000080f00000|100%| O|  |TAMS 0x0000000080f00000, 0x0000000080e00000| Untracked 
|  15|0x0000000080f00000, 0x0000000081000000, 0x0000000081000000|100%| O|  |TAMS 0x0000000081000000, 0x0000000080f00000| Untracked 
|  16|0x0000000081000000, 0x0000000081100000, 0x0000000081100000|100%|HS|  |TAMS 0x0000000081100000, 0x0000000081000000| Complete 
|  17|0x0000000081100000, 0x0000000081200000, 0x0000000081200000|100%| O|  |TAMS 0x0000000081200000, 0x0000000081100000| Untracked 
|  18|0x0000000081200000, 0x0000000081300000, 0x0000000081300000|100%| O|  |TAMS 0x0000000081300000, 0x0000000081200000| Untracked 
|  19|0x0000000081300000, 0x0000000081400000, 0x0000000081400000|100%| O|  |TAMS 0x0000000081400000, 0x0000000081300000| Untracked 
|  20|0x0000000081400000, 0x0000000081500000, 0x0000000081500000|100%| O|  |TAMS 0x0000000081500000, 0x0000000081400000| Untracked 
|  21|0x0000000081500000, 0x0000000081600000, 0x0000000081600000|100%| O|  |TAMS 0x0000000081600000, 0x0000000081500000| Untracked 
|  22|0x0000000081600000, 0x0000000081700000, 0x0000000081700000|100%| O|  |TAMS 0x0000000081700000, 0x0000000081600000| Untracked 
|  23|0x0000000081700000, 0x0000000081800000, 0x0000000081800000|100%| O|  |TAMS 0x0000000081800000, 0x0000000081700000| Untracked 
|  24|0x0000000081800000, 0x0000000081900000, 0x0000000081900000|100%| O|  |TAMS 0x0000000081900000, 0x0000000081800000| Untracked 
|  25|0x0000000081900000, 0x0000000081a00000, 0x0000000081a00000|100%| O|  |TAMS 0x0000000081a00000, 0x0000000081900000| Untracked 
|  26|0x0000000081a00000, 0x0000000081b00000, 0x0000000081b00000|100%| O|  |TAMS 0x0000000081b00000, 0x0000000081a00000| Untracked 
|  27|0x0000000081b00000, 0x0000000081c00000, 0x0000000081c00000|100%|HS|  |TAMS 0x0000000081c00000, 0x0000000081b00000| Complete 
|  28|0x0000000081c00000, 0x0000000081d00000, 0x0000000081d00000|100%|HS|  |TAMS 0x0000000081d00000, 0x0000000081c00000| Complete 
|  29|0x0000000081d00000, 0x0000000081e00000, 0x0000000081e00000|100%|HC|  |TAMS 0x0000000081e00000, 0x0000000081d00000| Complete 
|  30|0x0000000081e00000, 0x0000000081f00000, 0x0000000081f00000|100%| O|  |TAMS 0x0000000081f00000, 0x0000000081e00000| Untracked 
|  31|0x0000000081f00000, 0x0000000082000000, 0x0000000082000000|100%| O|  |TAMS 0x0000000082000000, 0x0000000081f00000| Untracked 
|  32|0x0000000082000000, 0x0000000082100000, 0x0000000082100000|100%| O|  |TAMS 0x0000000082100000, 0x0000000082000000| Untracked 
|  33|0x0000000082100000, 0x0000000082200000, 0x0000000082200000|100%| O|  |TAMS 0x0000000082200000, 0x0000000082100000| Untracked 
|  34|0x0000000082200000, 0x0000000082300000, 0x0000000082300000|100%| O|  |TAMS 0x0000000082300000, 0x0000000082200000| Untracked 
|  35|0x0000000082300000, 0x0000000082400000, 0x0000000082400000|100%| O|  |TAMS 0x0000000082400000, 0x0000000082300000| Untracked 
|  36|0x0000000082400000, 0x0000000082500000, 0x0000000082500000|100%| O|  |TAMS 0x0000000082500000, 0x0000000082400000| Untracked 
|  37|0x0000000082500000, 0x0000000082600000, 0x0000000082600000|100%| O|  |TAMS 0x0000000082600000, 0x0000000082500000| Untracked 
|  38|0x0000000082600000, 0x0000000082700000, 0x0000000082700000|100%| O|  |TAMS 0x0000000082700000, 0x0000000082600000| Untracked 
|  39|0x0000000082700000, 0x0000000082800000, 0x0000000082800000|100%| O|  |TAMS 0x0000000082800000, 0x0000000082700000| Untracked 
|  40|0x0000000082800000, 0x0000000082900000, 0x0000000082900000|100%| O|  |TAMS 0x0000000082900000, 0x0000000082800000| Untracked 
|  41|0x0000000082900000, 0x0000000082a00000, 0x0000000082a00000|100%| O|  |TAMS 0x0000000082a00000, 0x0000000082900000| Untracked 
|  42|0x0000000082a00000, 0x0000000082b00000, 0x0000000082b00000|100%| O|  |TAMS 0x0000000082b00000, 0x0000000082a00000| Untracked 
|  43|0x0000000082b00000, 0x0000000082c00000, 0x0000000082c00000|100%| O|  |TAMS 0x0000000082ba1c00, 0x0000000082b00000| Untracked 
|  44|0x0000000082c00000, 0x0000000082c00000, 0x0000000082d00000|  0%| F|  |TAMS 0x0000000082c00000, 0x0000000082c00000| Untracked 
|  45|0x0000000082d00000, 0x0000000082e00000, 0x0000000082e00000|100%| O|  |TAMS 0x0000000082d00000, 0x0000000082d00000| Untracked 
|  46|0x0000000082e00000, 0x0000000082f00000, 0x0000000082f00000|100%| O|  |TAMS 0x0000000082e00000, 0x0000000082e00000| Untracked 
|  47|0x0000000082f00000, 0x0000000083000000, 0x0000000083000000|100%| O|  |TAMS 0x0000000082f00000, 0x0000000082f00000| Untracked 
|  48|0x0000000083000000, 0x0000000083100000, 0x0000000083100000|100%| O|  |TAMS 0x0000000083000000, 0x0000000083000000| Untracked 
|  49|0x0000000083100000, 0x000000008314d600, 0x0000000083200000| 30%| O|  |TAMS 0x0000000083100000, 0x0000000083100000| Untracked 
|  50|0x0000000083200000, 0x0000000083200000, 0x0000000083300000|  0%| F|  |TAMS 0x0000000083200000, 0x0000000083200000| Untracked 
|  51|0x0000000083300000, 0x0000000083300000, 0x0000000083400000|  0%| F|  |TAMS 0x0000000083300000, 0x0000000083300000| Untracked 
|  52|0x0000000083400000, 0x0000000083400000, 0x0000000083500000|  0%| F|  |TAMS 0x0000000083400000, 0x0000000083400000| Untracked 
|  53|0x0000000083500000, 0x0000000083500000, 0x0000000083600000|  0%| F|  |TAMS 0x0000000083500000, 0x0000000083500000| Untracked 
|  54|0x0000000083600000, 0x0000000083600000, 0x0000000083700000|  0%| F|  |TAMS 0x0000000083600000, 0x0000000083600000| Untracked 
|  55|0x0000000083700000, 0x0000000083700000, 0x0000000083800000|  0%| F|  |TAMS 0x0000000083700000, 0x0000000083700000| Untracked 
|  56|0x0000000083800000, 0x0000000083800000, 0x0000000083900000|  0%| F|  |TAMS 0x0000000083800000, 0x0000000083800000| Untracked 
|  57|0x0000000083900000, 0x0000000083900000, 0x0000000083a00000|  0%| F|  |TAMS 0x0000000083900000, 0x0000000083900000| Untracked 
|  58|0x0000000083a00000, 0x0000000083a00000, 0x0000000083b00000|  0%| F|  |TAMS 0x0000000083a00000, 0x0000000083a00000| Untracked 
|  59|0x0000000083b00000, 0x0000000083b00000, 0x0000000083c00000|  0%| F|  |TAMS 0x0000000083b00000, 0x0000000083b00000| Untracked 
|  60|0x0000000083c00000, 0x0000000083c00000, 0x0000000083d00000|  0%| F|  |TAMS 0x0000000083c00000, 0x0000000083c00000| Untracked 
|  61|0x0000000083d00000, 0x0000000083d00000, 0x0000000083e00000|  0%| F|  |TAMS 0x0000000083d00000, 0x0000000083d00000| Untracked 
|  62|0x0000000083e00000, 0x0000000083e00000, 0x0000000083f00000|  0%| F|  |TAMS 0x0000000083e00000, 0x0000000083e00000| Untracked 
|  63|0x0000000083f00000, 0x0000000083f00000, 0x0000000084000000|  0%| F|  |TAMS 0x0000000083f00000, 0x0000000083f00000| Untracked 
|  64|0x0000000084000000, 0x0000000084000000, 0x0000000084100000|  0%| F|  |TAMS 0x0000000084000000, 0x0000000084000000| Untracked 
|  65|0x0000000084100000, 0x0000000084100000, 0x0000000084200000|  0%| F|  |TAMS 0x0000000084100000, 0x0000000084100000| Untracked 
|  66|0x0000000084200000, 0x0000000084200000, 0x0000000084300000|  0%| F|  |TAMS 0x0000000084200000, 0x0000000084200000| Untracked 
|  67|0x0000000084300000, 0x0000000084300000, 0x0000000084400000|  0%| F|  |TAMS 0x0000000084300000, 0x0000000084300000| Untracked 
|  68|0x0000000084400000, 0x0000000084400000, 0x0000000084500000|  0%| F|  |TAMS 0x0000000084400000, 0x0000000084400000| Untracked 
|  69|0x0000000084500000, 0x0000000084500000, 0x0000000084600000|  0%| F|  |TAMS 0x0000000084500000, 0x0000000084500000| Untracked 
|  70|0x0000000084600000, 0x0000000084600000, 0x0000000084700000|  0%| F|  |TAMS 0x0000000084600000, 0x0000000084600000| Untracked 
|  71|0x0000000084700000, 0x0000000084700000, 0x0000000084800000|  0%| F|  |TAMS 0x0000000084700000, 0x0000000084700000| Untracked 
|  72|0x0000000084800000, 0x0000000084800000, 0x0000000084900000|  0%| F|  |TAMS 0x0000000084800000, 0x0000000084800000| Untracked 
|  73|0x0000000084900000, 0x0000000084900000, 0x0000000084a00000|  0%| F|  |TAMS 0x0000000084900000, 0x0000000084900000| Untracked 
|  74|0x0000000084a00000, 0x0000000084a00000, 0x0000000084b00000|  0%| F|  |TAMS 0x0000000084a00000, 0x0000000084a00000| Untracked 
|  75|0x0000000084b00000, 0x0000000084bbd7e0, 0x0000000084c00000| 74%| S|CS|TAMS 0x0000000084b00000, 0x0000000084b00000| Complete 
|  76|0x0000000084c00000, 0x0000000084c00000, 0x0000000084d00000|  0%| F|  |TAMS 0x0000000084c00000, 0x0000000084c00000| Untracked 
|  77|0x0000000084d00000, 0x0000000084e00000, 0x0000000084e00000|100%| S|CS|TAMS 0x0000000084d00000, 0x0000000084d00000| Complete 
|  78|0x0000000084e00000, 0x0000000084f00000, 0x0000000084f00000|100%| S|CS|TAMS 0x0000000084e00000, 0x0000000084e00000| Complete 
|  79|0x0000000084f00000, 0x0000000085000000, 0x0000000085000000|100%| S|CS|TAMS 0x0000000084f00000, 0x0000000084f00000| Complete 
|  80|0x0000000085000000, 0x0000000085100000, 0x0000000085100000|100%| S|CS|TAMS 0x0000000085000000, 0x0000000085000000| Complete 
|  81|0x0000000085100000, 0x0000000085200000, 0x0000000085200000|100%| S|CS|TAMS 0x0000000085100000, 0x0000000085100000| Complete 
|  82|0x0000000085200000, 0x0000000085200000, 0x0000000085300000|  0%| F|  |TAMS 0x0000000085200000, 0x0000000085200000| Untracked 
|  83|0x0000000085300000, 0x0000000085300000, 0x0000000085400000|  0%| F|  |TAMS 0x0000000085300000, 0x0000000085300000| Untracked 
|  84|0x0000000085400000, 0x0000000085400000, 0x0000000085500000|  0%| F|  |TAMS 0x0000000085400000, 0x0000000085400000| Untracked 
|  85|0x0000000085500000, 0x0000000085500000, 0x0000000085600000|  0%| F|  |TAMS 0x0000000085500000, 0x0000000085500000| Untracked 
|  86|0x0000000085600000, 0x0000000085600000, 0x0000000085700000|  0%| F|  |TAMS 0x0000000085600000, 0x0000000085600000| Untracked 
|  87|0x0000000085700000, 0x0000000085700000, 0x0000000085800000|  0%| F|  |TAMS 0x0000000085700000, 0x0000000085700000| Untracked 
|  88|0x0000000085800000, 0x0000000085800000, 0x0000000085900000|  0%| F|  |TAMS 0x0000000085800000, 0x0000000085800000| Untracked 
|  89|0x0000000085900000, 0x0000000085900000, 0x0000000085a00000|  0%| F|  |TAMS 0x0000000085900000, 0x0000000085900000| Untracked 
|  90|0x0000000085a00000, 0x0000000085a00000, 0x0000000085b00000|  0%| F|  |TAMS 0x0000000085a00000, 0x0000000085a00000| Untracked 
|  91|0x0000000085b00000, 0x0000000085b00000, 0x0000000085c00000|  0%| F|  |TAMS 0x0000000085b00000, 0x0000000085b00000| Untracked 
|  92|0x0000000085c00000, 0x0000000085c00000, 0x0000000085d00000|  0%| F|  |TAMS 0x0000000085c00000, 0x0000000085c00000| Untracked 
|  93|0x0000000085d00000, 0x0000000085d00000, 0x0000000085e00000|  0%| F|  |TAMS 0x0000000085d00000, 0x0000000085d00000| Untracked 
|  94|0x0000000085e00000, 0x0000000085e00000, 0x0000000085f00000|  0%| F|  |TAMS 0x0000000085e00000, 0x0000000085e00000| Untracked 
|  95|0x0000000085f00000, 0x0000000085f00000, 0x0000000086000000|  0%| F|  |TAMS 0x0000000085f00000, 0x0000000085f00000| Untracked 
|  96|0x0000000086000000, 0x0000000086000000, 0x0000000086100000|  0%| F|  |TAMS 0x0000000086000000, 0x0000000086000000| Untracked 
|  97|0x0000000086100000, 0x0000000086100000, 0x0000000086200000|  0%| F|  |TAMS 0x0000000086100000, 0x0000000086100000| Untracked 
|  98|0x0000000086200000, 0x0000000086200000, 0x0000000086300000|  0%| F|  |TAMS 0x0000000086200000, 0x0000000086200000| Untracked 
|  99|0x0000000086300000, 0x0000000086300000, 0x0000000086400000|  0%| F|  |TAMS 0x0000000086300000, 0x0000000086300000| Untracked 
| 100|0x0000000086400000, 0x0000000086400000, 0x0000000086500000|  0%| F|  |TAMS 0x0000000086400000, 0x0000000086400000| Untracked 
| 101|0x0000000086500000, 0x0000000086500000, 0x0000000086600000|  0%| F|  |TAMS 0x0000000086500000, 0x0000000086500000| Untracked 
| 102|0x0000000086600000, 0x0000000086600000, 0x0000000086700000|  0%| F|  |TAMS 0x0000000086600000, 0x0000000086600000| Untracked 
| 103|0x0000000086700000, 0x0000000086700000, 0x0000000086800000|  0%| F|  |TAMS 0x0000000086700000, 0x0000000086700000| Untracked 
| 104|0x0000000086800000, 0x0000000086800000, 0x0000000086900000|  0%| F|  |TAMS 0x0000000086800000, 0x0000000086800000| Untracked 
| 105|0x0000000086900000, 0x0000000086900000, 0x0000000086a00000|  0%| F|  |TAMS 0x0000000086900000, 0x0000000086900000| Untracked 
| 106|0x0000000086a00000, 0x0000000086a00000, 0x0000000086b00000|  0%| F|  |TAMS 0x0000000086a00000, 0x0000000086a00000| Untracked 
| 107|0x0000000086b00000, 0x0000000086b00000, 0x0000000086c00000|  0%| F|  |TAMS 0x0000000086b00000, 0x0000000086b00000| Untracked 
| 108|0x0000000086c00000, 0x0000000086c00000, 0x0000000086d00000|  0%| F|  |TAMS 0x0000000086c00000, 0x0000000086c00000| Untracked 
| 109|0x0000000086d00000, 0x0000000086d00000, 0x0000000086e00000|  0%| F|  |TAMS 0x0000000086d00000, 0x0000000086d00000| Untracked 
| 110|0x0000000086e00000, 0x0000000086e00000, 0x0000000086f00000|  0%| F|  |TAMS 0x0000000086e00000, 0x0000000086e00000| Untracked 
| 111|0x0000000086f00000, 0x0000000086f00000, 0x0000000087000000|  0%| F|  |TAMS 0x0000000086f00000, 0x0000000086f00000| Untracked 
| 112|0x0000000087000000, 0x0000000087000000, 0x0000000087100000|  0%| F|  |TAMS 0x0000000087000000, 0x0000000087000000| Untracked 
| 113|0x0000000087100000, 0x0000000087100000, 0x0000000087200000|  0%| F|  |TAMS 0x0000000087100000, 0x0000000087100000| Untracked 
| 114|0x0000000087200000, 0x0000000087200000, 0x0000000087300000|  0%| F|  |TAMS 0x0000000087200000, 0x0000000087200000| Untracked 
| 115|0x0000000087300000, 0x0000000087400000, 0x0000000087400000|100%| E|  |TAMS 0x0000000087300000, 0x0000000087300000| Complete 
| 116|0x0000000087400000, 0x0000000087500000, 0x0000000087500000|100%| E|CS|TAMS 0x0000000087400000, 0x0000000087400000| Complete 
| 117|0x0000000087500000, 0x0000000087600000, 0x0000000087600000|100%| E|CS|TAMS 0x0000000087500000, 0x0000000087500000| Complete 
| 118|0x0000000087600000, 0x0000000087700000, 0x0000000087700000|100%| E|CS|TAMS 0x0000000087600000, 0x0000000087600000| Complete 
| 119|0x0000000087700000, 0x0000000087800000, 0x0000000087800000|100%| E|CS|TAMS 0x0000000087700000, 0x0000000087700000| Complete 
| 120|0x0000000087800000, 0x0000000087900000, 0x0000000087900000|100%| E|CS|TAMS 0x0000000087800000, 0x0000000087800000| Complete 
| 121|0x0000000087900000, 0x0000000087a00000, 0x0000000087a00000|100%| E|CS|TAMS 0x0000000087900000, 0x0000000087900000| Complete 
| 122|0x0000000087a00000, 0x0000000087b00000, 0x0000000087b00000|100%| E|CS|TAMS 0x0000000087a00000, 0x0000000087a00000| Complete 
| 123|0x0000000087b00000, 0x0000000087c00000, 0x0000000087c00000|100%| E|CS|TAMS 0x0000000087b00000, 0x0000000087b00000| Complete 
| 124|0x0000000087c00000, 0x0000000087d00000, 0x0000000087d00000|100%| E|CS|TAMS 0x0000000087c00000, 0x0000000087c00000| Complete 
| 125|0x0000000087d00000, 0x0000000087e00000, 0x0000000087e00000|100%| E|CS|TAMS 0x0000000087d00000, 0x0000000087d00000| Complete 
| 126|0x0000000087e00000, 0x0000000087f00000, 0x0000000087f00000|100%| E|CS|TAMS 0x0000000087e00000, 0x0000000087e00000| Complete 
| 127|0x0000000087f00000, 0x0000000088000000, 0x0000000088000000|100%| E|CS|TAMS 0x0000000087f00000, 0x0000000087f00000| Complete 

Card table byte_map: [0x000001be57420000,0x000001be57820000] _byte_map_base: 0x000001be57020000

Marking Bits (Prev, Next): (CMBitMap*) 0x000001be445548e0, (CMBitMap*) 0x000001be445548a8
 Prev Bits: [0x000001be59c20000, 0x000001be5bc20000)
 Next Bits: [0x000001be57c20000, 0x000001be59c20000)

Polling page: 0x000001be42520000

Metaspace:

Usage:
  Non-class:     61.70 MB capacity,    60.69 MB ( 98%) used,   860.70 KB (  1%) free+waste,   173.81 KB ( <1%) overhead. 
      Class:      9.62 MB capacity,     9.01 MB ( 94%) used,   536.86 KB (  5%) free+waste,    80.75 KB ( <1%) overhead. 
       Both:     71.32 MB capacity,    69.70 MB ( 98%) used,     1.36 MB (  2%) free+waste,   254.56 KB ( <1%) overhead. 

Virtual space:
  Non-class space:       64.00 MB reserved,      61.83 MB ( 97%) committed 
      Class space:        1.00 GB reserved,       9.63 MB ( <1%) committed 
             Both:        1.06 GB reserved,      71.45 MB (  7%) committed 

Chunk freelists:
   Non-Class:  1.00 KB
       Class:  9.00 KB
        Both:  10.00 KB

MaxMetaspaceSize: 17179869184.00 GB
CompressedClassSpaceSize: 1.00 GB
Initial GC threshold: 20.80 MB
Current GC threshold: 98.67 MB
CDS: off

CodeHeap 'non-profiled nmethods': size=120064Kb used=4106Kb max_used=4106Kb free=115957Kb
 bounds [0x000001be4fae0000, 0x000001be4fef0000, 0x000001be57020000]
CodeHeap 'profiled nmethods': size=120000Kb used=15010Kb max_used=15010Kb free=104989Kb
 bounds [0x000001be485b0000, 0x000001be49460000, 0x000001be4fae0000]
CodeHeap 'non-nmethods': size=5696Kb used=2351Kb max_used=2376Kb free=3344Kb
 bounds [0x000001be48020000, 0x000001be48290000, 0x000001be485b0000]
 total_blobs=7844 nmethods=6983 adapters=771
 compilation: enabled
              stopped_count=0, restarted_count=0
 full_count=0

Compilation events (20 events):
Event: 126.683 Thread 0x000001be5e130800 6835       3       org.gradle.tooling.internal.provider.runner.ToolingApiBuildEventListenerFactory$1::started (1 bytes)
Event: 126.683 Thread 0x000001be5e130800 nmethod 6835 0x000001be493ec990 code [0x000001be493ecb40, 0x000001be493ecc38]
Event: 126.683 Thread 0x000001be5e130800 6837       3       org.gradle.internal.logging.progress.DefaultProgressLoggerFactory$ProgressLoggerImpl::assertRunning (63 bytes)
Event: 126.685 Thread 0x000001be5e130800 nmethod 6837 0x000001be493ecd10 code [0x000001be493ed080, 0x000001be493ee5f8]
Event: 126.685 Thread 0x000001be5e130800 6838       3       org.gradle.internal.logging.events.ProgressCompleteEvent::<init> (27 bytes)
Event: 126.685 Thread 0x000001be5e130800 nmethod 6838 0x000001be493eed10 code [0x000001be493eeee0, 0x000001be493ef158]
Event: 126.685 Thread 0x000001be5e130800 6839       3       org.gradle.tooling.internal.provider.runner.TestTaskExecutionTracker::finished (25 bytes)
Event: 126.686 Thread 0x000001be5e130800 nmethod 6839 0x000001be493ef290 code [0x000001be493ef460, 0x000001be493ef788]
Event: 126.686 Thread 0x000001be5e130800 6836   !   3       jdk.internal.reflect.GeneratedConstructorAccessor20::newInstance (61 bytes)
Event: 126.688 Thread 0x000001be5e130800 nmethod 6836 0x000001be493ef890 code [0x000001be493efba0, 0x000001be493f0dc8]
Event: 126.998 Thread 0x000001be5e130800 6841       1       com.android.build.gradle.internal.publishing.OutputSpecImpl::getOutputType (5 bytes)
Event: 126.999 Thread 0x000001be5e130800 nmethod 6841 0x000001be4fedcb10 code [0x000001be4fedccc0, 0x000001be4fedcd78]
Event: 127.013 Thread 0x000001be5e130800 6842       1       com.android.build.gradle.internal.publishing.OutputSpecImpl::getLibraryElements (5 bytes)
Event: 127.013 Thread 0x000001be5e130800 nmethod 6842 0x000001be4fedce10 code [0x000001be4fedcfc0, 0x000001be4fedd078]
Event: 127.013 Thread 0x000001be5e130800 6843       1       com.android.build.gradle.internal.publishing.OutputSpecImpl::getArtifactType (5 bytes)
Event: 127.014 Thread 0x000001be5e130800 nmethod 6843 0x000001be4fedd110 code [0x000001be4fedd2c0, 0x000001be4fedd378]
Event: 127.014 Thread 0x000001be5e130800 6844       1       com.android.build.gradle.internal.publishing.OutputSpecImpl::getPublishedConfigTypes (5 bytes)
Event: 127.014 Thread 0x000001be5e130800 nmethod 6844 0x000001be4fedd410 code [0x000001be4fedd5c0, 0x000001be4fedd678]
Event: 127.015 Thread 0x000001be5e130800 6845       1       com.google.common.collect.SingletonImmutableList::size (2 bytes)
Event: 127.015 Thread 0x000001be5e130800 nmethod 6845 0x000001be4fedd710 code [0x000001be4fedd8c0, 0x000001be4fedd978]

GC Heap History (20 events):
Event: 69.517 GC heap before
{Heap before GC invocations=3 (full 0):
 garbage-first heap   total 131072K, used 26167K [0x0000000080000000, 0x0000000100000000)
  region size 1024K, 12 young (12288K), 2 survivors (2048K)
 Metaspace       used 20774K, capacity 21233K, committed 21296K, reserved 1069056K
  class space    used 2531K, capacity 2680K, committed 2688K, reserved 1048576K
}
Event: 69.523 GC heap after
{Heap after GC invocations=4 (full 0):
 garbage-first heap   total 131072K, used 17192K [0x0000000080000000, 0x0000000100000000)
  region size 1024K, 2 young (2048K), 2 survivors (2048K)
 Metaspace       used 20774K, capacity 21233K, committed 21296K, reserved 1069056K
  class space    used 2531K, capacity 2680K, committed 2688K, reserved 1048576K
}
Event: 71.791 GC heap before
{Heap before GC invocations=5 (full 0):
 garbage-first heap   total 131072K, used 71464K [0x0000000080000000, 0x0000000100000000)
  region size 1024K, 55 young (56320K), 2 survivors (2048K)
 Metaspace       used 26832K, capacity 27460K, committed 27696K, reserved 1073152K
  class space    used 3472K, capacity 3702K, committed 3712K, reserved 1048576K
}
Event: 71.798 GC heap after
{Heap after GC invocations=6 (full 0):
 garbage-first heap   total 131072K, used 19166K [0x0000000080000000, 0x0000000100000000)
  region size 1024K, 4 young (4096K), 4 survivors (4096K)
 Metaspace       used 26832K, capacity 27460K, committed 27696K, reserved 1073152K
  class space    used 3472K, capacity 3702K, committed 3712K, reserved 1048576K
}
Event: 74.427 GC heap before
{Heap before GC invocations=6 (full 0):
 garbage-first heap   total 131072K, used 73438K [0x0000000080000000, 0x0000000100000000)
  region size 1024K, 58 young (59392K), 4 survivors (4096K)
 Metaspace       used 35061K, capacity 35842K, committed 35920K, reserved 1081344K
  class space    used 4506K, capacity 4839K, committed 4864K, reserved 1048576K
}
Event: 74.439 GC heap after
{Heap after GC invocations=7 (full 0):
 garbage-first heap   total 131072K, used 22246K [0x0000000080000000, 0x0000000100000000)
  region size 1024K, 7 young (7168K), 7 survivors (7168K)
 Metaspace       used 35061K, capacity 35842K, committed 35920K, reserved 1081344K
  class space    used 4506K, capacity 4839K, committed 4864K, reserved 1048576K
}
Event: 77.311 GC heap before
{Heap before GC invocations=8 (full 0):
 garbage-first heap   total 131072K, used 84710K [0x0000000080000000, 0x0000000100000000)
  region size 1024K, 66 young (67584K), 7 survivors (7168K)
 Metaspace       used 40117K, capacity 41027K, committed 41168K, reserved 1085440K
  class space    used 5103K, capacity 5433K, committed 5504K, reserved 1048576K
}
Event: 77.331 GC heap after
{Heap after GC invocations=9 (full 0):
 garbage-first heap   total 131072K, used 27673K [0x0000000080000000, 0x0000000100000000)
  region size 1024K, 9 young (9216K), 9 survivors (9216K)
 Metaspace       used 40117K, capacity 41027K, committed 41168K, reserved 1085440K
  class space    used 5103K, capacity 5433K, committed 5504K, reserved 1048576K
}
Event: 79.829 GC heap before
{Heap before GC invocations=9 (full 0):
 garbage-first heap   total 131072K, used 88089K [0x0000000080000000, 0x0000000100000000)
  region size 1024K, 67 young (68608K), 9 survivors (9216K)
 Metaspace       used 45371K, capacity 46482K, committed 46800K, reserved 1089536K
  class space    used 5806K, capacity 6198K, committed 6272K, reserved 1048576K
}
Event: 79.850 GC heap after
{Heap after GC invocations=10 (full 0):
 garbage-first heap   total 131072K, used 29958K [0x0000000080000000, 0x0000000100000000)
  region size 1024K, 4 young (4096K), 4 survivors (4096K)
 Metaspace       used 45371K, capacity 46482K, committed 46800K, reserved 1089536K
  class space    used 5806K, capacity 6198K, committed 6272K, reserved 1048576K
}
Event: 98.893 GC heap before
{Heap before GC invocations=10 (full 0):
 garbage-first heap   total 131072K, used 92422K [0x0000000080000000, 0x0000000100000000)
  region size 1024K, 64 young (65536K), 4 survivors (4096K)
 Metaspace       used 48778K, capacity 50008K, committed 50384K, reserved 1093632K
  class space    used 6206K, capacity 6662K, committed 6784K, reserved 1048576K
}
Event: 98.906 GC heap after
{Heap after GC invocations=11 (full 0):
 garbage-first heap   total 131072K, used 36654K [0x0000000080000000, 0x0000000100000000)
  region size 1024K, 8 young (8192K), 8 survivors (8192K)
 Metaspace       used 48778K, capacity 50008K, committed 50384K, reserved 1093632K
  class space    used 6206K, capacity 6662K, committed 6784K, reserved 1048576K
}
Event: 116.260 GC heap before
{Heap before GC invocations=11 (full 0):
 garbage-first heap   total 131072K, used 97070K [0x0000000080000000, 0x0000000100000000)
  region size 1024K, 65 young (66560K), 8 survivors (8192K)
 Metaspace       used 55433K, capacity 56860K, committed 57168K, reserved 1099776K
  class space    used 7063K, capacity 7569K, committed 7680K, reserved 1048576K
}
Event: 116.279 GC heap after
{Heap after GC invocations=12 (full 0):
 garbage-first heap   total 131072K, used 44852K [0x0000000080000000, 0x0000000100000000)
  region size 1024K, 6 young (6144K), 6 survivors (6144K)
 Metaspace       used 55433K, capacity 56860K, committed 57168K, reserved 1099776K
  class space    used 7063K, capacity 7569K, committed 7680K, reserved 1048576K
}
Event: 118.506 GC heap before
{Heap before GC invocations=12 (full 0):
 garbage-first heap   total 131072K, used 64308K [0x0000000080000000, 0x0000000100000000)
  region size 1024K, 26 young (26624K), 6 survivors (6144K)
 Metaspace       used 58757K, capacity 60149K, committed 60240K, reserved 1101824K
  class space    used 7412K, capacity 7914K, committed 7936K, reserved 1048576K
}
Event: 118.519 GC heap after
{Heap after GC invocations=13 (full 0):
 garbage-first heap   total 131072K, used 45940K [0x0000000080000000, 0x0000000100000000)
  region size 1024K, 2 young (2048K), 2 survivors (2048K)
 Metaspace       used 58757K, capacity 60149K, committed 60240K, reserved 1101824K
  class space    used 7412K, capacity 7914K, committed 7936K, reserved 1048576K
}
Event: 122.345 GC heap before
{Heap before GC invocations=14 (full 0):
 garbage-first heap   total 131072K, used 89972K [0x0000000080000000, 0x0000000100000000)
  region size 1024K, 46 young (47104K), 2 survivors (2048K)
 Metaspace       used 63856K, capacity 65295K, committed 65616K, reserved 1107968K
  class space    used 8054K, capacity 8581K, committed 8704K, reserved 1048576K
}
Event: 122.355 GC heap after
{Heap after GC invocations=15 (full 0):
 garbage-first heap   total 131072K, used 49654K [0x0000000080000000, 0x0000000100000000)
  region size 1024K, 5 young (5120K), 5 survivors (5120K)
 Metaspace       used 63856K, capacity 65295K, committed 65616K, reserved 1107968K
  class space    used 8054K, capacity 8581K, committed 8704K, reserved 1048576K
}
Event: 125.694 GC heap before
{Heap before GC invocations=15 (full 0):
 garbage-first heap   total 131072K, used 95734K [0x0000000080000000, 0x0000000100000000)
  region size 1024K, 49 young (50176K), 5 survivors (5120K)
 Metaspace       used 66513K, capacity 68035K, committed 68304K, reserved 1110016K
  class space    used 8424K, capacity 8995K, committed 9088K, reserved 1048576K
}
Event: 125.718 GC heap after
{Heap after GC invocations=16 (full 0):
 garbage-first heap   total 131072K, used 52296K [0x0000000080000000, 0x0000000100000000)
  region size 1024K, 3 young (3072K), 3 survivors (3072K)
 Metaspace       used 66513K, capacity 68035K, committed 68304K, reserved 1110016K
  class space    used 8424K, capacity 8995K, committed 9088K, reserved 1048576K
}

Deoptimization events (20 events):
Event: 124.891 Thread 0x000001be5fe1a000 Uncommon trap: trap_request=0xffffff4d fr.pc=0x000001be4fb18694 relative=0x0000000000000454
Event: 124.891 Thread 0x000001be5fe1a000 Uncommon trap: reason=unstable_if action=reinterpret pc=0x000001be4fb18694 method=java.lang.AbstractStringBuilder.putStringAt(ILjava/lang/String;)V @ 8 c2
Event: 124.891 Thread 0x000001be5fe1a000 DEOPT PACKING pc=0x000001be4fb18694 sp=0x000000b0651f6bc0
Event: 124.891 Thread 0x000001be5fe1a000 DEOPT UNPACKING pc=0x000001be4806a1af sp=0x000000b0651f6b20 mode 2
Event: 124.891 Thread 0x000001be5fe1a000 Uncommon trap: trap_request=0xffffff4d fr.pc=0x000001be4fb19a6c relative=0x00000000000000cc
Event: 124.891 Thread 0x000001be5fe1a000 Uncommon trap: reason=unstable_if action=reinterpret pc=0x000001be4fb19a6c method=java.lang.String.getBytes([BIB)V @ 5 c2
Event: 124.891 Thread 0x000001be5fe1a000 DEOPT PACKING pc=0x000001be4fb19a6c sp=0x000000b0651f6ad0
Event: 124.891 Thread 0x000001be5fe1a000 DEOPT UNPACKING pc=0x000001be4806a1af sp=0x000000b0651f6a98 mode 2
Event: 125.527 Thread 0x000001be5fe1a000 Uncommon trap: trap_request=0xffffff4d fr.pc=0x000001be4fc8026c relative=0x000000000000032c
Event: 125.527 Thread 0x000001be5fe1a000 Uncommon trap: reason=unstable_if action=reinterpret pc=0x000001be4fc8026c method=java.util.StringJoiner.add(Ljava/lang/CharSequence;)Ljava/util/StringJoiner; @ 33 c2
Event: 125.527 Thread 0x000001be5fe1a000 DEOPT PACKING pc=0x000001be4fc8026c sp=0x000000b0651f5e60
Event: 125.527 Thread 0x000001be5fe1a000 DEOPT UNPACKING pc=0x000001be4806a1af sp=0x000000b0651f5e10 mode 2
Event: 125.977 Thread 0x000001be5fe1a000 Uncommon trap: trap_request=0xffffff4d fr.pc=0x000001be4fdd7e74 relative=0x0000000000000e14
Event: 125.977 Thread 0x000001be5fe1a000 Uncommon trap: reason=unstable_if action=reinterpret pc=0x000001be4fdd7e74 method=org.codehaus.groovy.runtime.metaclass.MetaMethodIndex.isOverridden(Lgroovy/lang/MetaMethod;Lgroovy/lang/MetaMethod;)Z @ 33 c2
Event: 125.977 Thread 0x000001be5fe1a000 DEOPT PACKING pc=0x000001be4fdd7e74 sp=0x000000b0651f4d30
Event: 125.977 Thread 0x000001be5fe1a000 DEOPT UNPACKING pc=0x000001be4806a1af sp=0x000000b0651f4c88 mode 2
Event: 125.989 Thread 0x000001be5fe1a000 Uncommon trap: trap_request=0xfffffff4 fr.pc=0x000001be4fecb224 relative=0x0000000000000984
Event: 125.989 Thread 0x000001be5fe1a000 Uncommon trap: reason=null_check action=make_not_entrant pc=0x000001be4fecb224 method=com.sun.beans.introspect.MethodInfo$MethodOrder.compare(Ljava/lang/reflect/Method;Ljava/lang/reflect/Method;)I @ 133 c2
Event: 125.989 Thread 0x000001be5fe1a000 DEOPT PACKING pc=0x000001be4fecb224 sp=0x000000b0651f2ac0
Event: 125.989 Thread 0x000001be5fe1a000 DEOPT UNPACKING pc=0x000001be4806a1af sp=0x000000b0651f2a60 mode 2

Classes redefined (0 events):
No events

Internal exceptions (20 events):
Event: 125.989 Thread 0x000001be5fe1a000 Implicit null exception at 0x000001be4fecabc3 to 0x000001be4fecb210
Event: 125.993 Thread 0x000001be5fe1a000 Exception <a 'java/lang/ClassNotFoundException'{0x0000000087067298}: com/android/build/gradle/internal/dsl/BuildTypeCustomizer> (0x0000000087067298) thrown at [./src/hotspot/share/classfile/systemDictionary.cpp, line 231]
Event: 125.997 Thread 0x000001be5fe1a000 Exception <a 'java/lang/ClassNotFoundException'{0x00000000870fce10}: com/android/build/gradle/internal/dsl/BuildType$AgpDecoratedCustomizer> (0x00000000870fce10) thrown at [./src/hotspot/share/classfile/systemDictionary.cpp, line 231]
Event: 126.000 Thread 0x000001be5fe1a000 Exception <a 'java/lang/ClassNotFoundException'{0x0000000086f4d5f0}: com/android/build/gradle/internal/dsl/BuildType$AgpDecorated_DecoratedCustomizer> (0x0000000086f4d5f0) thrown at [./src/hotspot/share/classfile/systemDictionary.cpp, line 231]
Event: 126.011 Thread 0x000001be5fe1a000 Exception <a 'java/lang/ClassNotFoundException'{0x0000000086e1bff0}: build_f1s85rqpg1uiz4xkyqvc7dc7$_run_closure1$_closure4BeanInfo> (0x0000000086e1bff0) thrown at [./src/hotspot/share/classfile/systemDictionary.cpp, line 231]
Event: 126.012 Thread 0x000001be5fe1a000 Exception <a 'java/lang/ClassNotFoundException'{0x0000000086e2ca80}: build_f1s85rqpg1uiz4xkyqvc7dc7$_run_closure1$_closure4Customizer> (0x0000000086e2ca80) thrown at [./src/hotspot/share/classfile/systemDictionary.cpp, line 231]
Event: 126.014 Thread 0x000001be5fe1a000 Exception <a 'java/lang/ClassNotFoundException'{0x0000000086e55a10}: build_f1s85rqpg1uiz4xkyqvc7dc7$_run_closure1BeanInfo> (0x0000000086e55a10) thrown at [./src/hotspot/share/classfile/systemDictionary.cpp, line 231]
Event: 126.015 Thread 0x000001be5fe1a000 Exception <a 'java/lang/ClassNotFoundException'{0x0000000086e65a10}: build_f1s85rqpg1uiz4xkyqvc7dc7$_run_closure1Customizer> (0x0000000086e65a10) thrown at [./src/hotspot/share/classfile/systemDictionary.cpp, line 231]
Event: 126.023 Thread 0x000001be5fe1a000 Exception <a 'java/lang/ClassNotFoundException'{0x0000000086ec1290}: org/gradle/api/JavaVersionBeanInfo> (0x0000000086ec1290) thrown at [./src/hotspot/share/classfile/systemDictionary.cpp, line 231]
Event: 126.025 Thread 0x000001be5fe1a000 Exception <a 'java/lang/ClassNotFoundException'{0x0000000086ee99e8}: org/gradle/api/JavaVersionCustomizer> (0x0000000086ee99e8) thrown at [./src/hotspot/share/classfile/systemDictionary.cpp, line 231]
Event: 126.031 Thread 0x000001be5fe1a000 Exception <a 'java/lang/ClassNotFoundException'{0x0000000086d4fc60}: com/android/build/gradle/internal/CompileOptions$AgpDecorated_DecoratedBeanInfo> (0x0000000086d4fc60) thrown at [./src/hotspot/share/classfile/systemDictionary.cpp, line 231]
Event: 126.032 Thread 0x000001be5fe1a000 Exception <a 'java/lang/ClassNotFoundException'{0x0000000086d6a3a0}: com/android/build/gradle/internal/CompileOptions$AgpDecoratedBeanInfo> (0x0000000086d6a3a0) thrown at [./src/hotspot/share/classfile/systemDictionary.cpp, line 231]
Event: 126.033 Thread 0x000001be5fe1a000 Exception <a 'java/lang/ClassNotFoundException'{0x0000000086d82f00}: com/android/build/gradle/internal/CompileOptionsBeanInfo> (0x0000000086d82f00) thrown at [./src/hotspot/share/classfile/systemDictionary.cpp, line 231]
Event: 126.034 Thread 0x000001be5fe1a000 Exception <a 'java/lang/ClassNotFoundException'{0x0000000086d9bde0}: com/android/build/gradle/internal/CompileOptionsCustomizer> (0x0000000086d9bde0) thrown at [./src/hotspot/share/classfile/systemDictionary.cpp, line 231]
Event: 126.037 Thread 0x000001be5fe1a000 Exception <a 'java/lang/ClassNotFoundException'{0x0000000086dc21d8}: com/android/build/gradle/internal/CompileOptions$AgpDecoratedCustomizer> (0x0000000086dc21d8) thrown at [./src/hotspot/share/classfile/systemDictionary.cpp, line 231]
Event: 126.043 Thread 0x000001be5fe1a000 Exception <a 'java/lang/ClassNotFoundException'{0x0000000086debb38}: com/android/build/gradle/internal/CompileOptions$AgpDecorated_DecoratedCustomizer> (0x0000000086debb38) thrown at [./src/hotspot/share/classfile/systemDictionary.cpp, line 231]
Event: 126.054 Thread 0x000001be5fe1a000 Exception <a 'java/lang/ClassNotFoundException'{0x0000000086ca7c88}: org/gradle/api/internal/artifacts/dsl/dependencies/DefaultDependencyHandler_DecoratedBeanInfo> (0x0000000086ca7c88) thrown at [./src/hotspot/share/classfile/systemDictionary.cpp, line 231]
Event: 126.057 Thread 0x000001be5fe1a000 Exception <a 'java/lang/ClassNotFoundException'{0x0000000086cedaf0}: org/gradle/api/internal/artifacts/dsl/dependencies/DefaultDependencyHandlerBeanInfo> (0x0000000086cedaf0) thrown at [./src/hotspot/share/classfile/systemDictionary.cpp, line 231]
Event: 126.061 Thread 0x000001be5fe1a000 Exception <a 'java/lang/ClassNotFoundException'{0x0000000086b337f8}: org/gradle/api/internal/artifacts/dsl/dependencies/DefaultDependencyHandlerCustomizer> (0x0000000086b337f8) thrown at [./src/hotspot/share/classfile/systemDictionary.cpp, line 231]
Event: 126.064 Thread 0x000001be5fe1a000 Exception <a 'java/lang/ClassNotFoundException'{0x0000000086ba0678}: org/gradle/api/internal/artifacts/dsl/dependencies/DefaultDependencyHandler_DecoratedCustomizer> (0x0000000086ba0678) thrown at [./src/hotspot/share/classfile/systemDictionary.cpp, line 231]

Events (20 events):
Event: 127.202 loading class com/android/build/api/variant/UnitTest
Event: 127.202 loading class com/android/build/api/variant/UnitTest done
Event: 127.202 loading class com/android/build/api/variant/ResValue$Key
Event: 127.202 loading class com/android/build/api/variant/ResValue$Key done
Event: 127.202 loading class com/android/build/api/variant/impl/SourcesImpl
Event: 127.202 loading class com/android/build/api/variant/impl/SourcesImpl done
Event: 127.203 loading class com/android/build/api/variant/Sources
Event: 127.203 loading class com/android/build/api/variant/Sources done
Event: 127.203 loading class com/android/build/api/variant/JavaCompilation
Event: 127.203 loading class com/android/build/api/variant/JavaCompilation done
Event: 127.204 loading class com/android/build/api/variant/impl/VariantOutputConfigurationImpl
Event: 127.204 loading class com/android/build/api/variant/impl/VariantOutputConfigurationImpl done
Event: 127.204 loading class com/android/build/api/variant/VariantOutputConfiguration
Event: 127.204 loading class com/android/build/api/variant/VariantOutputConfiguration done
Event: 127.204 loading class com/android/build/api/variant/impl/VariantOutputImpl
Event: 127.204 loading class com/android/build/api/variant/impl/VariantOutputImpl done
Event: 127.206 loading class com/android/build/api/variant/VariantOutput
Event: 127.206 loading class com/android/build/api/variant/VariantOutput done
Event: 127.207 loading class com/android/build/api/instrumentation/FramesComputationMode
Event: 127.207 loading class com/android/build/api/instrumentation/FramesComputationMode done


Dynamic libraries:
0x00007ff7f2640000 - 0x00007ff7f264a000 	D:\Android Studio\jre\bin\java.exe
0x00007ffec16b0000 - 0x00007ffec18a8000 	C:\WINDOWS\SYSTEM32\ntdll.dll
0x00007ffeb98f0000 - 0x00007ffeb9907000 	C:\Program Files\Avast Software\Avast\aswhook.dll
0x00007ffebf730000 - 0x00007ffebf7ed000 	C:\WINDOWS\System32\KERNEL32.DLL
0x00007ffebeed0000 - 0x00007ffebf19e000 	C:\WINDOWS\System32\KERNELBASE.dll
0x00007ffebedd0000 - 0x00007ffebeed0000 	C:\WINDOWS\System32\ucrtbase.dll
0x00007ffeab0f0000 - 0x00007ffeab109000 	D:\Android Studio\jre\bin\jli.dll
0x00007ffe9c440000 - 0x00007ffe9c457000 	D:\Android Studio\jre\bin\VCRUNTIME140.dll
0x00007ffec0700000 - 0x00007ffec08a0000 	C:\WINDOWS\System32\USER32.dll
0x00007ffebf1d0000 - 0x00007ffebf1f2000 	C:\WINDOWS\System32\win32u.dll
0x00007ffe9e080000 - 0x00007ffe9e31a000 	C:\WINDOWS\WinSxS\amd64_microsoft.windows.common-controls_6595b64144ccf1df_6.0.19041.1110_none_60b5254171f9507e\COMCTL32.dll
0x00007ffec0320000 - 0x00007ffec034a000 	C:\WINDOWS\System32\GDI32.dll
0x00007ffebf500000 - 0x00007ffebf60b000 	C:\WINDOWS\System32\gdi32full.dll
0x00007ffebf7f0000 - 0x00007ffebf88e000 	C:\WINDOWS\System32\msvcrt.dll
0x00007ffebf270000 - 0x00007ffebf30d000 	C:\WINDOWS\System32\msvcp_win.dll
0x00007ffebfe70000 - 0x00007ffebfea0000 	C:\WINDOWS\System32\IMM32.DLL
0x00007ffe7b370000 - 0x00007ffe7b40d000 	D:\Android Studio\jre\bin\msvcp140.dll
0x00007ffe65680000 - 0x00007ffe66165000 	D:\Android Studio\jre\bin\server\jvm.dll
0x00007ffec1520000 - 0x00007ffec15ce000 	C:\WINDOWS\System32\ADVAPI32.dll
0x00007ffebfd00000 - 0x00007ffebfd9c000 	C:\WINDOWS\System32\sechost.dll
0x00007ffebf890000 - 0x00007ffebf9b5000 	C:\WINDOWS\System32\RPCRT4.dll
0x00007ffec15d0000 - 0x00007ffec15d8000 	C:\WINDOWS\System32\PSAPI.DLL
0x00007ffea96f0000 - 0x00007ffea9717000 	C:\WINDOWS\SYSTEM32\WINMM.dll
0x00007ffebd550000 - 0x00007ffebd55a000 	C:\WINDOWS\SYSTEM32\VERSION.dll
0x00007ffeab950000 - 0x00007ffeab959000 	C:\WINDOWS\SYSTEM32\WSOCK32.dll
0x00007ffec0690000 - 0x00007ffec06fb000 	C:\WINDOWS\System32\WS2_32.dll
0x00007ffebd990000 - 0x00007ffebd9a2000 	C:\WINDOWS\SYSTEM32\kernel.appcore.dll
0x00007ffe84030000 - 0x00007ffe84041000 	D:\Android Studio\jre\bin\verify.dll
0x00007ffeb1a30000 - 0x00007ffeb1c14000 	C:\WINDOWS\SYSTEM32\DBGHELP.DLL
0x00007ffeb1a00000 - 0x00007ffeb1a2c000 	C:\WINDOWS\SYSTEM32\dbgcore.DLL
0x00007ffebf310000 - 0x00007ffebf392000 	C:\WINDOWS\System32\bcryptPrimitives.dll
0x00007ffe74f10000 - 0x00007ffe74f39000 	D:\Android Studio\jre\bin\java.dll
0x00007ffebd610000 - 0x00007ffebd61b000 	D:\Android Studio\jre\bin\jimage.dll
0x00007ffe74ef0000 - 0x00007ffe74f08000 	D:\Android Studio\jre\bin\zip.dll
0x00007ffec0d10000 - 0x00007ffec1453000 	C:\WINDOWS\System32\SHELL32.dll
0x00007ffebcd00000 - 0x00007ffebd495000 	C:\WINDOWS\SYSTEM32\windows.storage.dll
0x00007ffebfea0000 - 0x00007ffec01f4000 	C:\WINDOWS\System32\combase.dll
0x00007ffebe7c0000 - 0x00007ffebe7f0000 	C:\WINDOWS\SYSTEM32\Wldp.dll
0x00007ffec05e0000 - 0x00007ffec068d000 	C:\WINDOWS\System32\SHCORE.dll
0x00007ffebfdb0000 - 0x00007ffebfe05000 	C:\WINDOWS\System32\shlwapi.dll
0x00007ffebed10000 - 0x00007ffebed2f000 	C:\WINDOWS\SYSTEM32\profapi.dll
0x00007ffe74ed0000 - 0x00007ffe74eea000 	D:\Android Studio\jre\bin\net.dll
0x00007ffeb1700000 - 0x00007ffeb180a000 	C:\WINDOWS\SYSTEM32\WINHTTP.dll
0x00007ffebe520000 - 0x00007ffebe58a000 	C:\WINDOWS\system32\mswsock.dll
0x00007ffe74eb0000 - 0x00007ffe74ec4000 	D:\Android Studio\jre\bin\nio.dll
0x00007ffeb9a10000 - 0x00007ffeb9a37000 	C:\Users\LENOVO\Desktop\GRADLE\gradle-6.1.1\native\e1d6ef7f7dcc3fd88c89a11ec53ec762bb8ba0a96d01ffa2cd45eb1d1d8dd5c5\windows-amd64\native-platform.dll
0x00007ffe7b5c0000 - 0x00007ffe7b704000 	C:\Users\LENOVO\Desktop\GRADLE\gradle-6.1.1\native\5664cfc778a61ccfe75a443a1ab52a65af34e5dc3c78e0209fed803814484fcb\windows-amd64\native-platform-file-events.dll
0x00007ffeaca70000 - 0x00007ffeaca7a000 	D:\Android Studio\jre\bin\management.dll
0x00007ffe899e0000 - 0x00007ffe899ed000 	D:\Android Studio\jre\bin\management_ext.dll
0x00007ffebe710000 - 0x00007ffebe728000 	C:\WINDOWS\SYSTEM32\CRYPTSP.dll
0x00007ffebde40000 - 0x00007ffebde74000 	C:\WINDOWS\system32\rsaenh.dll
0x00007ffebf1a0000 - 0x00007ffebf1c7000 	C:\WINDOWS\System32\bcrypt.dll
0x00007ffebecd0000 - 0x00007ffebecfe000 	C:\WINDOWS\SYSTEM32\USERENV.dll
0x00007ffebe730000 - 0x00007ffebe73c000 	C:\WINDOWS\SYSTEM32\CRYPTBASE.dll
0x00007ffebe1b0000 - 0x00007ffebe1eb000 	C:\WINDOWS\SYSTEM32\IPHLPAPI.DLL
0x00007ffec03d0000 - 0x00007ffec03d8000 	C:\WINDOWS\System32\NSI.dll
0x00007ffeb5e60000 - 0x00007ffeb5e77000 	C:\WINDOWS\SYSTEM32\dhcpcsvc6.DLL
0x00007ffeb5e40000 - 0x00007ffeb5e5d000 	C:\WINDOWS\SYSTEM32\dhcpcsvc.DLL
0x00007ffebe1f0000 - 0x00007ffebe2ba000 	C:\WINDOWS\SYSTEM32\DNSAPI.dll

dbghelp: loaded successfully - version: 4.0.5 - missing functions: none
symbol engine: initialized successfully - sym options: 0x614 - pdb path: .;D:\Android Studio\jre\bin;C:\WINDOWS\SYSTEM32;C:\Program Files\Avast Software\Avast;C:\WINDOWS\WinSxS\amd64_microsoft.windows.common-controls_6595b64144ccf1df_6.0.19041.1110_none_60b5254171f9507e;D:\Android Studio\jre\bin\server;C:\Users\LENOVO\Desktop\GRADLE\gradle-6.1.1\native\e1d6ef7f7dcc3fd88c89a11ec53ec762bb8ba0a96d01ffa2cd45eb1d1d8dd5c5\windows-amd64;C:\Users\LENOVO\Desktop\GRADLE\gradle-6.1.1\native\5664cfc778a61ccfe75a443a1ab52a65af34e5dc3c78e0209fed803814484fcb\windows-amd64

VM Arguments:
jvm_args: --add-opens=java.base/java.util=ALL-UNNAMED --add-opens=java.base/java.lang=ALL-UNNAMED --add-opens=java.base/java.lang.invoke=ALL-UNNAMED --add-opens=java.base/java.util=ALL-UNNAMED --add-opens=java.prefs/java.util.prefs=ALL-UNNAMED --add-opens=java.prefs/java.util.prefs=ALL-UNNAMED --add-opens=java.base/java.nio.charset=ALL-UNNAMED --add-opens=java.base/java.net=ALL-UNNAMED --add-opens=java.base/java.util.concurrent.atomic=ALL-UNNAMED -Xmx2048m -Dfile.encoding=UTF-8 -Duser.country=FR -Duser.language=fr -Duser.variant 
java_command: org.gradle.launcher.daemon.bootstrap.GradleDaemon 7.3.3
java_class_path (initial): C:\Users\LENOVO\Desktop\GRADLE\gradle-6.1.1\wrapper\dists\gradle-7.3.3-bin\6a41zxkdtcxs8rphpq6y0069z\gradle-7.3.3\lib\gradle-launcher-7.3.3.jar
Launcher Type: SUN_STANDARD

[Global flags]
     intx CICompilerCount                          = 3                                         {product} {ergonomic}
     uint ConcGCThreads                            = 1                                         {product} {ergonomic}
     uint G1ConcRefinementThreads                  = 4                                         {product} {ergonomic}
   size_t G1HeapRegionSize                         = 1048576                                   {product} {ergonomic}
    uintx GCDrainStackTargetSize                   = 64                                        {product} {ergonomic}
   size_t InitialHeapSize                          = 134217728                                 {product} {ergonomic}
   size_t MarkStackSize                            = 4194304                                   {product} {ergonomic}
   size_t MaxHeapSize                              = 2147483648                                {product} {command line}
   size_t MaxNewSize                               = 1287651328                                {product} {ergonomic}
   size_t MinHeapDeltaBytes                        = 1048576                                   {product} {ergonomic}
    uintx NonNMethodCodeHeapSize                   = 5830732                                {pd product} {ergonomic}
    uintx NonProfiledCodeHeapSize                  = 122913754                              {pd product} {ergonomic}
    uintx ProfiledCodeHeapSize                     = 122913754                              {pd product} {ergonomic}
    uintx ReservedCodeCacheSize                    = 251658240                              {pd product} {ergonomic}
     bool SegmentedCodeCache                       = true                                      {product} {ergonomic}
     bool UseCompressedClassPointers               = true                                 {lp64_product} {ergonomic}
     bool UseCompressedOops                        = true                                 {lp64_product} {ergonomic}
     bool UseG1GC                                  = true                                      {product} {ergonomic}
     bool UseLargePagesIndividualAllocation        = false                                  {pd product} {ergonomic}

Logging:
Log output configuration:
 #0: stdout all=warning uptime,level,tags
 #1: stderr all=off uptime,level,tags

Environment Variables:
PATH=C:\Program Files\Eclipse Foundation\jdk-8.0.302.8-hotspot\bin;C:\Program Files\Microsoft\jdk-11.0.12.7-hotspot\bin;D:\flutter vs dart\dart-sdk\bin;C:\Program Files (x86)\Common Files\Intel\Shared Libraries\redist\intel64_win\compiler;C:\ProgramData\Oracle\Java\javapath;C:\WINDOWS\system32;C:\WINDOWS;C:\WINDOWS\System32\Wbem;C:\WINDOWS\System32\WindowsPowerShell\v1.0\;C:\WINDOWS\System32\OpenSSH\;C:\Users\LENOVO\.dnx\bin;C:\Program Files\Microsoft DNX\Dnvm\;C:\Program Files\Microsoft SQL Server\120\Tools\Binn\;C:\Users\LENOVO\Desktop\Programme Java\jdk-17.0.1\bin\;D:\Dart\dart-sdk\bin;C:\Program Files (x86)\Microsoft SQL Server\150\Tools\Binn\;C:\Program Files\Microsoft SQL Server\150\Tools\Binn\;C:\Program Files (x86)\Microsoft SQL Server\150\DTS\Binn\;C:\Program Files\Microsoft SQL Server\150\DTS\Binn\;C:\Program Files\Microsoft SQL Server\Client SDK\ODBC\170\Tools\Binn\;C:\Program Files\Azure Data Studio\bin;D:\flutter vs dart\flutter\bin;C:\Program Files\dotnet\;C:\ProgramData\chocolatey\bin;C:\sqlite;D:\php-8\php-8.1.9-src;C:\Program Files\Git\cmd;C:\Users\LENOVO\.dnx\bin;C:\Users\LENOVO\.dotnet\tools;C:\Users\LENOVO\.dotnet\tools;D:\visual studio code\Microsoft VS Code\bin;D:\;D:\flutter vs dart\flutter\bin;C:\Users\LENOVO\Downloads\android\platform-tools;D:\Intellij Idea\IntelliJ IDEA Community Edition 2022.2.2\bin;;D:\Android Studio\jre\bin;C:\Program Files\Java\jdk1.8.0_341\bin;C:\Program Files\Microsoft\jdk-11.0.12.7-hotspot\bin;C:\Program Files\Java\jre1.8.0_341;C:\Program Files\Microsoft\jdk-11.0.12.7-hotspot\bin\server;C:\Spring boot\spring-2.7.3\bin;;D:\Intellij Idea\IntelliJ IDEA 2022.2.2\bin;;D:\PhpStorm\PhpStorm 2022.2.1\bin;
USERNAME=LENOVO
OS=Windows_NT
PROCESSOR_IDENTIFIER=Intel64 Family 6 Model 142 Stepping 9, GenuineIntel



---------------  S Y S T E M  ---------------

OS: Windows 10 , 64 bit Build 19041 (10.0.19041.1889)
OS uptime: 0 days 18:34 hours

CPU:total 4 (initial active 4) (2 cores per cpu, 2 threads per core) family 6 model 142 stepping 9 microcode 0xb4, cmov, cx8, fxsr, mmx, sse, sse2, sse3, ssse3, sse4.1, sse4.2, popcnt, avx, avx2, aes, clmul, erms, 3dnowpref, lzcnt, ht, tsc, tscinvbit, bmi1, bmi2, adx, fma

Memory: 4k page, system-wide physical 8073M (384M free)
TotalPageFile size 13073M (AvailPageFile size 158M)
current process WorkingSet (physical memory assigned to process): 323M, peak: 323M
current process commit charge ("private bytes"): 357M, peak: 357M

vm_info: OpenJDK 64-Bit Server VM (11.0.12+7-b1504.28-7817840) for windows-amd64 JRE (11.0.12+7-b1504.28-7817840), built on Oct 13 2021 22:12:33 by "builder" with MS VC++ 14.0 (VS2015)

END.
