#
# There is insufficient memory for the Java Runtime Environment to continue.
# Native memory allocation (malloc) failed to allocate 1167056 bytes for Chunk::new
# Possible reasons:
#   The system is out of physical RAM or swap space
#   The process is running with CompressedOops enabled, and the Java Heap may be blocking the growth of the native heap
# Possible solutions:
#   Reduce memory load on the system
#   Increase physical memory or swap space
#   Check if swap backing store is full
#   Decrease Java heap size (-Xmx/-Xms)
#   Decrease number of Java threads
#   Decrease Java thread stack sizes (-Xss)
#   Set larger code cache with -XX:ReservedCodeCacheSize=
#   JVM is running with Unscaled Compressed Oops mode in which the Java heap is
#     placed in the first 4GB address space. The Java Heap base address is the
#     maximum limit for the native heap growth. Please use -XX:HeapBaseMinAddress
#     to set the Java Heap base and to place the Java Heap above 4GB virtual address.
# This output file may be truncated or incomplete.
#
#  Out of Memory Error (./src/hotspot/share/memory/arena.cpp:197), pid=7576, tid=12996
#
# JRE version: OpenJDK Runtime Environment (11.0.12+7) (build 11.0.12+7-b1504.28-7817840)
# Java VM: OpenJDK 64-Bit Server VM (11.0.12+7-b1504.28-7817840, mixed mode, tiered, compressed oops, g1 gc, windows-amd64)
# No core dump will be written. Minidumps are not enabled by default on client versions of Windows
#

---------------  S U M M A R Y ------------

Command Line: --add-opens=java.base/java.util=ALL-UNNAMED --add-opens=java.base/java.lang=ALL-UNNAMED --add-opens=java.base/java.lang.invoke=ALL-UNNAMED --add-opens=java.base/java.util=ALL-UNNAMED --add-opens=java.prefs/java.util.prefs=ALL-UNNAMED --add-opens=java.prefs/java.util.prefs=ALL-UNNAMED --add-opens=java.base/java.nio.charset=ALL-UNNAMED --add-opens=java.base/java.net=ALL-UNNAMED --add-opens=java.base/java.util.concurrent.atomic=ALL-UNNAMED -Xmx2048m -Dfile.encoding=UTF-8 -Duser.country=FR -Duser.language=fr -Duser.variant org.gradle.launcher.daemon.bootstrap.GradleDaemon 7.3.3

Host: Intel(R) Core(TM) i3-7100U CPU @ 2.40GHz, 4 cores, 7G,  Windows 10 , 64 bit Build 19041 (10.0.19041.2251)
Time: Thu Nov 17 14:39:25 2022 Temps universel coordonné elapsed time: 39.155348 seconds (0d 0h 0m 39s)

---------------  T H R E A D  ---------------

Current thread (0x0000015111120800):  JavaThread "C2 CompilerThread1" daemon [_thread_in_native, id=12996, stack(0x0000000f73000000,0x0000000f73100000)]


Current CompileTask:
C2:  39155 13971   !   4       java.io.ObjectOutputStream::writeOrdinaryObject (175 bytes)

Stack: [0x0000000f73000000,0x0000000f73100000]
Native frames: (J=compiled Java code, j=interpreted, Vv=VM code, C=native code)
V  [jvm.dll+0x5fbcea]
V  [jvm.dll+0x731905]
V  [jvm.dll+0x732f1d]
V  [jvm.dll+0x7335d3]
V  [jvm.dll+0x247bf8]
V  [jvm.dll+0xc018c]
V  [jvm.dll+0xc06cc]
V  [jvm.dll+0x35b31d]
V  [jvm.dll+0x19d0bc]
V  [jvm.dll+0x20070e]
V  [jvm.dll+0x1ff794]
V  [jvm.dll+0x18868c]
V  [jvm.dll+0x20e0d7]
V  [jvm.dll+0x20c901]
V  [jvm.dll+0x6f9b7f]
V  [jvm.dll+0x6f26a5]
V  [jvm.dll+0x5fabf6]
C  [ucrtbase.dll+0x21bb2]
C  [KERNEL32.DLL+0x174b4]
C  [ntdll.dll+0x526a1]


---------------  P R O C E S S  ---------------

Threads class SMR info:
_java_thread_list=0x00000151131d37a0, length=87, elements={
0x000001517340c000, 0x000001517dff9000, 0x000001517e004000, 0x000001517e018000,
0x000001517e018800, 0x000001517e019800, 0x000001517e01d000, 0x000001517e020800,
0x000001517e9d4000, 0x000001517eb20800, 0x0000015110499800, 0x000001510f5d0000,
0x000001510fb89800, 0x00000151109c7800, 0x0000015110739000, 0x000001511105d800,
0x000001510f8e6000, 0x000001510f51d000, 0x000001517eefa800, 0x0000015110b01800,
0x0000015110aff000, 0x0000015110afc800, 0x0000015110b02800, 0x0000015110b00800,
0x0000015110b00000, 0x0000015110b03000, 0x0000015110afd800, 0x0000015110afe800,
0x0000015110d77000, 0x0000015110d76000, 0x0000015110d72000, 0x0000015110d72800,
0x0000015110d78800, 0x0000015110d74800, 0x0000015110d7b800, 0x0000015110d7c800,
0x0000015110d80000, 0x0000015110d7f000, 0x0000015110d7a000, 0x0000015110d80800,
0x0000015110d7d800, 0x0000015110d7e000, 0x0000015110d7b000, 0x0000015113043800,
0x0000015113044000, 0x0000015113041800, 0x0000015113045000, 0x0000015113046000,
0x0000015113042800, 0x0000015113046800, 0x0000015113041000, 0x000001511304c800,
0x000001511304a800, 0x000001511304a000, 0x000001511304b800, 0x0000015113049000,
0x000001511304d000, 0x0000015113047800, 0x000001511304e000, 0x0000015113048800,
0x000001511304f000, 0x000001511304f800, 0x0000015113e62800, 0x0000015113e65000,
0x0000015113e63800, 0x0000015113e64800, 0x0000015113e66000, 0x0000015113e62000,
0x0000015113e60000, 0x0000015113e66800, 0x0000015113e61000, 0x0000015113e6a000,
0x0000015113e67800, 0x0000015113e68800, 0x0000015113e69000, 0x0000015113e6c800,
0x0000015113e6e000, 0x0000015113e6b000, 0x0000015113e6b800, 0x00000151133f8000,
0x00000151133f5800, 0x00000151133f9800, 0x00000151133f7000, 0x00000151133f4000,
0x00000151133fd000, 0x00000151133fd800, 0x0000015111120800
}

Java Threads: ( => current thread )
  0x000001517340c000 JavaThread "main" [_thread_blocked, id=16592, stack(0x0000000f70e00000,0x0000000f70f00000)]
  0x000001517dff9000 JavaThread "Reference Handler" daemon [_thread_blocked, id=13448, stack(0x0000000f71500000,0x0000000f71600000)]
  0x000001517e004000 JavaThread "Finalizer" daemon [_thread_blocked, id=19560, stack(0x0000000f71600000,0x0000000f71700000)]
  0x000001517e018000 JavaThread "Signal Dispatcher" daemon [_thread_blocked, id=18556, stack(0x0000000f71700000,0x0000000f71800000)]
  0x000001517e018800 JavaThread "Attach Listener" daemon [_thread_blocked, id=16072, stack(0x0000000f71800000,0x0000000f71900000)]
  0x000001517e019800 JavaThread "Service Thread" daemon [_thread_blocked, id=15148, stack(0x0000000f71900000,0x0000000f71a00000)]
  0x000001517e01d000 JavaThread "C2 CompilerThread0" daemon [_thread_in_native, id=7320, stack(0x0000000f71a00000,0x0000000f71b00000)]
  0x000001517e020800 JavaThread "C1 CompilerThread0" daemon [_thread_blocked, id=17560, stack(0x0000000f71b00000,0x0000000f71c00000)]
  0x000001517e9d4000 JavaThread "Sweeper thread" daemon [_thread_blocked, id=7308, stack(0x0000000f71c00000,0x0000000f71d00000)]
  0x000001517eb20800 JavaThread "Common-Cleaner" daemon [_thread_blocked, id=19208, stack(0x0000000f71d00000,0x0000000f71e00000)]
  0x0000015110499800 JavaThread "Daemon health stats" [_thread_blocked, id=20792, stack(0x0000000f72200000,0x0000000f72300000)]
  0x000001510f5d0000 JavaThread "Incoming local TCP Connector on port 1304" [_thread_in_native, id=10848, stack(0x0000000f71f00000,0x0000000f72000000)]
  0x000001510fb89800 JavaThread "Daemon periodic checks" [_thread_blocked, id=2668, stack(0x0000000f72300000,0x0000000f72400000)]
  0x00000151109c7800 JavaThread "Daemon" [_thread_blocked, id=16340, stack(0x0000000f72400000,0x0000000f72500000)]
  0x0000015110739000 JavaThread "Handler for socket connection from /127.0.0.1:1304 to /127.0.0.1:1305" [_thread_in_native, id=18988, stack(0x0000000f72500000,0x0000000f72600000)]
  0x000001511105d800 JavaThread "Cancel handler" [_thread_blocked, id=9868, stack(0x0000000f72600000,0x0000000f72700000)]
  0x000001510f8e6000 JavaThread "Daemon worker" [_thread_in_vm, id=21308, stack(0x0000000f72700000,0x0000000f72800000)]
  0x000001510f51d000 JavaThread "Asynchronous log dispatcher for DefaultDaemonConnection: socket connection from /127.0.0.1:1304 to /127.0.0.1:1305" [_thread_blocked, id=9960, stack(0x0000000f72800000,0x0000000f72900000)]
  0x000001517eefa800 JavaThread "Stdin handler" [_thread_blocked, id=21412, stack(0x0000000f72900000,0x0000000f72a00000)]
  0x0000015110b01800 JavaThread "Daemon client event forwarder" [_thread_blocked, id=19552, stack(0x0000000f72a00000,0x0000000f72b00000)]
  0x0000015110aff000 JavaThread "Cache worker for journal cache (C:\Users\LENOVO\Desktop\GRADLE\gradle-6.1.1\caches\journal-1)" [_thread_blocked, id=14176, stack(0x0000000f72c00000,0x0000000f72d00000)]
  0x0000015110afc800 JavaThread "File lock request listener" [_thread_in_native, id=11424, stack(0x0000000f72d00000,0x0000000f72e00000)]
  0x0000015110b02800 JavaThread "Cache worker for file hash cache (C:\Users\LENOVO\Desktop\GRADLE\gradle-6.1.1\caches\7.3.3\fileHashes)" [_thread_blocked, id=1112, stack(0x0000000f72e00000,0x0000000f72f00000)]
  0x0000015110b00800 JavaThread "Cache worker for file hash cache (D:\Program Files\Grafco3\.gradle\7.3.3\fileHashes)" [_thread_blocked, id=13804, stack(0x0000000f72f00000,0x0000000f73000000)]
  0x0000015110b00000 JavaThread "File watcher server" daemon [_thread_in_native, id=16848, stack(0x0000000f73100000,0x0000000f73200000)]
  0x0000015110b03000 JavaThread "File watcher consumer" daemon [_thread_blocked, id=15500, stack(0x0000000f73200000,0x0000000f73300000)]
  0x0000015110afd800 JavaThread "Cache worker for checksums cache (D:\Program Files\Grafco3\.gradle\7.3.3\checksums)" [_thread_blocked, id=6884, stack(0x0000000f73300000,0x0000000f73400000)]
  0x0000015110afe800 JavaThread "Cache worker for cache directory md-supplier (C:\Users\LENOVO\Desktop\GRADLE\gradle-6.1.1\caches\7.3.3\md-supplier)" [_thread_blocked, id=11556, stack(0x0000000f73400000,0x0000000f73500000)]
  0x0000015110d77000 JavaThread "Cache worker for cache directory md-rule (C:\Users\LENOVO\Desktop\GRADLE\gradle-6.1.1\caches\7.3.3\md-rule)" [_thread_blocked, id=13580, stack(0x0000000f73500000,0x0000000f73600000)]
  0x0000015110d76000 JavaThread "Cache worker for execution history cache (C:\Users\LENOVO\Desktop\GRADLE\gradle-6.1.1\caches\7.3.3\executionHistory)" [_thread_blocked, id=10056, stack(0x0000000f73600000,0x0000000f73700000)]
  0x0000015110d72000 JavaThread "jar transforms" [_thread_blocked, id=14240, stack(0x0000000f73700000,0x0000000f73800000)]
  0x0000015110d72800 JavaThread "Cache worker for file content cache (C:\Users\LENOVO\Desktop\GRADLE\gradle-6.1.1\caches\7.3.3\fileContent)" [_thread_blocked, id=18696, stack(0x0000000f73800000,0x0000000f73900000)]
  0x0000015110d78800 JavaThread "jar transforms Thread 2" [_thread_blocked, id=20060, stack(0x0000000f73900000,0x0000000f73a00000)]
  0x0000015110d74800 JavaThread "Cache worker for dependencies-accessors (D:\Program Files\Grafco3\.gradle\7.3.3\dependencies-accessors)" [_thread_blocked, id=17700, stack(0x0000000f73a00000,0x0000000f73b00000)]
  0x0000015110d7b800 JavaThread "jar transforms Thread 3" [_thread_blocked, id=17460, stack(0x0000000f73b00000,0x0000000f73c00000)]
  0x0000015110d7c800 JavaThread "Cache worker for Build Output Cleanup Cache (D:\Program Files\Grafco3\.gradle\buildOutputCleanup)" [_thread_blocked, id=15480, stack(0x0000000f73c00000,0x0000000f73d00000)]
  0x0000015110d80000 JavaThread "Unconstrained build operations" [_thread_blocked, id=3344, stack(0x0000000f73d00000,0x0000000f73e00000)]
  0x0000015110d7f000 JavaThread "Unconstrained build operations Thread 2" [_thread_blocked, id=3240, stack(0x0000000f73e00000,0x0000000f73f00000)]
  0x0000015110d7a000 JavaThread "Unconstrained build operations Thread 3" [_thread_blocked, id=9188, stack(0x0000000f73f00000,0x0000000f74000000)]
  0x0000015110d80800 JavaThread "Unconstrained build operations Thread 4" [_thread_blocked, id=17708, stack(0x0000000f74000000,0x0000000f74100000)]
  0x0000015110d7d800 JavaThread "Unconstrained build operations Thread 5" [_thread_blocked, id=17392, stack(0x0000000f74100000,0x0000000f74200000)]
  0x0000015110d7e000 JavaThread "Unconstrained build operations Thread 6" [_thread_blocked, id=12028, stack(0x0000000f74200000,0x0000000f74300000)]
  0x0000015110d7b000 JavaThread "Unconstrained build operations Thread 7" [_thread_blocked, id=17212, stack(0x0000000f74300000,0x0000000f74400000)]
  0x0000015113043800 JavaThread "Unconstrained build operations Thread 8" [_thread_blocked, id=5072, stack(0x0000000f74400000,0x0000000f74500000)]
  0x0000015113044000 JavaThread "Unconstrained build operations Thread 9" [_thread_blocked, id=14800, stack(0x0000000f74500000,0x0000000f74600000)]
  0x0000015113041800 JavaThread "Unconstrained build operations Thread 10" [_thread_blocked, id=14220, stack(0x0000000f74600000,0x0000000f74700000)]
  0x0000015113045000 JavaThread "Unconstrained build operations Thread 11" [_thread_blocked, id=10108, stack(0x0000000f74700000,0x0000000f74800000)]
  0x0000015113046000 JavaThread "Unconstrained build operations Thread 12" [_thread_blocked, id=3996, stack(0x0000000f74800000,0x0000000f74900000)]
  0x0000015113042800 JavaThread "Unconstrained build operations Thread 13" [_thread_blocked, id=21260, stack(0x0000000f74900000,0x0000000f74a00000)]
  0x0000015113046800 JavaThread "Unconstrained build operations Thread 14" [_thread_blocked, id=4364, stack(0x0000000f74a00000,0x0000000f74b00000)]
  0x0000015113041000 JavaThread "Unconstrained build operations Thread 15" [_thread_blocked, id=17876, stack(0x0000000f74b00000,0x0000000f74c00000)]
  0x000001511304c800 JavaThread "Unconstrained build operations Thread 16" [_thread_blocked, id=5660, stack(0x0000000f74c00000,0x0000000f74d00000)]
  0x000001511304a800 JavaThread "Unconstrained build operations Thread 17" [_thread_blocked, id=19948, stack(0x0000000f74d00000,0x0000000f74e00000)]
  0x000001511304a000 JavaThread "Unconstrained build operations Thread 18" [_thread_blocked, id=14392, stack(0x0000000f74e00000,0x0000000f74f00000)]
  0x000001511304b800 JavaThread "Unconstrained build operations Thread 19" [_thread_blocked, id=12652, stack(0x0000000f74f00000,0x0000000f75000000)]
  0x0000015113049000 JavaThread "Unconstrained build operations Thread 20" [_thread_blocked, id=19828, stack(0x0000000f75000000,0x0000000f75100000)]
  0x000001511304d000 JavaThread "Unconstrained build operations Thread 21" [_thread_blocked, id=13860, stack(0x0000000f75100000,0x0000000f75200000)]
  0x0000015113047800 JavaThread "Unconstrained build operations Thread 22" [_thread_blocked, id=11532, stack(0x0000000f75200000,0x0000000f75300000)]
  0x000001511304e000 JavaThread "Unconstrained build operations Thread 23" [_thread_blocked, id=3644, stack(0x0000000f75300000,0x0000000f75400000)]
  0x0000015113048800 JavaThread "Unconstrained build operations Thread 24" [_thread_blocked, id=17324, stack(0x0000000f75400000,0x0000000f75500000)]
  0x000001511304f000 JavaThread "Unconstrained build operations Thread 25" [_thread_blocked, id=13560, stack(0x0000000f75500000,0x0000000f75600000)]
  0x000001511304f800 JavaThread "Unconstrained build operations Thread 26" [_thread_blocked, id=17784, stack(0x0000000f75600000,0x0000000f75700000)]
  0x0000015113e62800 JavaThread "Unconstrained build operations Thread 27" [_thread_blocked, id=12040, stack(0x0000000f75700000,0x0000000f75800000)]
  0x0000015113e65000 JavaThread "Unconstrained build operations Thread 28" [_thread_blocked, id=16872, stack(0x0000000f75800000,0x0000000f75900000)]
  0x0000015113e63800 JavaThread "Unconstrained build operations Thread 29" [_thread_blocked, id=13508, stack(0x0000000f75900000,0x0000000f75a00000)]
  0x0000015113e64800 JavaThread "Unconstrained build operations Thread 30" [_thread_blocked, id=340, stack(0x0000000f75a00000,0x0000000f75b00000)]
  0x0000015113e66000 JavaThread "Unconstrained build operations Thread 31" [_thread_blocked, id=21352, stack(0x0000000f75b00000,0x0000000f75c00000)]
  0x0000015113e62000 JavaThread "Unconstrained build operations Thread 32" [_thread_blocked, id=6812, stack(0x0000000f75c00000,0x0000000f75d00000)]
  0x0000015113e60000 JavaThread "Unconstrained build operations Thread 33" [_thread_blocked, id=18072, stack(0x0000000f75d00000,0x0000000f75e00000)]
  0x0000015113e66800 JavaThread "Unconstrained build operations Thread 34" [_thread_blocked, id=3804, stack(0x0000000f75e00000,0x0000000f75f00000)]
  0x0000015113e61000 JavaThread "Unconstrained build operations Thread 35" [_thread_blocked, id=15628, stack(0x0000000f75f00000,0x0000000f76000000)]
  0x0000015113e6a000 JavaThread "Unconstrained build operations Thread 36" [_thread_blocked, id=3720, stack(0x0000000f76000000,0x0000000f76100000)]
  0x0000015113e67800 JavaThread "Unconstrained build operations Thread 37" [_thread_blocked, id=2152, stack(0x0000000f76100000,0x0000000f76200000)]
  0x0000015113e68800 JavaThread "Unconstrained build operations Thread 38" [_thread_blocked, id=3196, stack(0x0000000f76200000,0x0000000f76300000)]
  0x0000015113e69000 JavaThread "Unconstrained build operations Thread 39" [_thread_blocked, id=21476, stack(0x0000000f76300000,0x0000000f76400000)]
  0x0000015113e6c800 JavaThread "Unconstrained build operations Thread 40" [_thread_blocked, id=19128, stack(0x0000000f76400000,0x0000000f76500000)]
  0x0000015113e6e000 JavaThread "jar transforms Thread 4" [_thread_blocked, id=16952, stack(0x0000000f76500000,0x0000000f76600000)]
  0x0000015113e6b000 JavaThread "Memory manager" [_thread_blocked, id=6688, stack(0x0000000f76600000,0x0000000f76700000)]
  0x0000015113e6b800 JavaThread "build event listener" [_thread_blocked, id=21256, stack(0x0000000f76700000,0x0000000f76800000)]
  0x00000151133f8000 JavaThread "pool-3-thread-1" [_thread_blocked, id=2408, stack(0x0000000f76800000,0x0000000f76900000)]
  0x00000151133f5800 JavaThread "build event listener" [_thread_blocked, id=20516, stack(0x0000000f76900000,0x0000000f76a00000)]
  0x00000151133f9800 JavaThread "Cache worker for execution history cache (D:\Program Files\Grafco3\.gradle\7.3.3\executionHistory)" [_thread_blocked, id=3264, stack(0x0000000f76d00000,0x0000000f76e00000)]
  0x00000151133f7000 JavaThread "WorkerExecutor Queue" [_thread_blocked, id=9432, stack(0x0000000f77000000,0x0000000f77100000)]
  0x00000151133f4000 JavaThread "WorkerExecutor Queue Thread 2" [_thread_blocked, id=5656, stack(0x0000000f77100000,0x0000000f77200000)]
  0x00000151133fd000 JavaThread "WorkerExecutor Queue Thread 3" [_thread_blocked, id=10944, stack(0x0000000f77200000,0x0000000f77300000)]
  0x00000151133fd800 JavaThread "WorkerExecutor Queue Thread 4" [_thread_blocked, id=3788, stack(0x0000000f77300000,0x0000000f77400000)]
=>0x0000015111120800 JavaThread "C2 CompilerThread1" daemon [_thread_in_native, id=12996, stack(0x0000000f73000000,0x0000000f73100000)]

Other Threads:
  0x000001517dff7000 VMThread "VM Thread" [stack: 0x0000000f71400000,0x0000000f71500000] [id=17896]
  0x000001517eb5d800 WatcherThread [stack: 0x0000000f71e00000,0x0000000f71f00000] [id=11512]
  0x000001517341e800 GCTaskThread "GC Thread#0" [stack: 0x0000000f70f00000,0x0000000f71000000] [id=3932]
  0x000001517f17f000 GCTaskThread "GC Thread#1" [stack: 0x0000000f72000000,0x0000000f72100000] [id=11248]
  0x000001517efb9000 GCTaskThread "GC Thread#2" [stack: 0x0000000f72100000,0x0000000f72200000] [id=17472]
  0x000001511105e000 GCTaskThread "GC Thread#3" [stack: 0x0000000f72b00000,0x0000000f72c00000] [id=8616]
  0x0000015173451000 ConcurrentGCThread "G1 Main Marker" [stack: 0x0000000f71000000,0x0000000f71100000] [id=14288]
  0x0000015173452000 ConcurrentGCThread "G1 Conc#0" [stack: 0x0000000f71100000,0x0000000f71200000] [id=19336]
  0x00000151734de000 ConcurrentGCThread "G1 Refine#0" [stack: 0x0000000f71200000,0x0000000f71300000] [id=4876]
  0x00000151105e8000 ConcurrentGCThread "G1 Refine#1" [stack: 0x0000000f76e00000,0x0000000f76f00000] [id=5324]
  0x00000151105ea000 ConcurrentGCThread "G1 Refine#2" [stack: 0x0000000f76f00000,0x0000000f77000000] [id=14580]
  0x000001517de40800 ConcurrentGCThread "G1 Young RemSet Sampling" [stack: 0x0000000f71300000,0x0000000f71400000] [id=11928]

Threads with active compile tasks:
C2 CompilerThread0  39272 14001       4       org.gradle.internal.snapshot.AbstractListChildMap::store (72 bytes)
C2 CompilerThread1  39273 13971   !   4       java.io.ObjectOutputStream::writeOrdinaryObject (175 bytes)

VM state:not at safepoint (normal execution)

VM Mutex/Monitor currently owned by a thread: None

Heap address: 0x0000000080000000, size: 2048 MB, Compressed Oops mode: 32-bit
Narrow klass base: 0x0000000000000000, Narrow klass shift: 3
Compressed class space size: 1073741824 Address: 0x0000000100000000

Heap:
 garbage-first heap   total 227328K, used 122455K [0x0000000080000000, 0x0000000100000000)
  region size 1024K, 24 young (24576K), 7 survivors (7168K)
 Metaspace       used 99071K, capacity 101422K, committed 101616K, reserved 1138688K
  class space    used 12352K, capacity 13166K, committed 13260K, reserved 1048576K
Heap Regions: E=young(eden), S=young(survivor), O=old, HS=humongous(starts), HC=humongous(continues), CS=collection set, F=free, A=archive, TAMS=top-at-mark-start (previous, next)
|   0|0x0000000080000000, 0x0000000080100000, 0x0000000080100000|100%|HS|  |TAMS 0x0000000080100000, 0x0000000080000000| Complete 
|   1|0x0000000080100000, 0x0000000080200000, 0x0000000080200000|100%|HC|  |TAMS 0x0000000080200000, 0x0000000080100000| Complete 
|   2|0x0000000080200000, 0x0000000080300000, 0x0000000080300000|100%|HC|  |TAMS 0x0000000080300000, 0x0000000080200000| Complete 
|   3|0x0000000080300000, 0x0000000080400000, 0x0000000080400000|100%| O|  |TAMS 0x0000000080400000, 0x0000000080300000| Untracked 
|   4|0x0000000080400000, 0x0000000080500000, 0x0000000080500000|100%| O|  |TAMS 0x0000000080500000, 0x0000000080400000| Untracked 
|   5|0x0000000080500000, 0x0000000080600000, 0x0000000080600000|100%| O|  |TAMS 0x0000000080600000, 0x0000000080500000| Untracked 
|   6|0x0000000080600000, 0x0000000080700000, 0x0000000080700000|100%| O|  |TAMS 0x0000000080700000, 0x0000000080600000| Untracked 
|   7|0x0000000080700000, 0x0000000080800000, 0x0000000080800000|100%| O|  |TAMS 0x0000000080800000, 0x0000000080700000| Untracked 
|   8|0x0000000080800000, 0x0000000080900000, 0x0000000080900000|100%| O|  |TAMS 0x0000000080900000, 0x0000000080800000| Untracked 
|   9|0x0000000080900000, 0x0000000080a00000, 0x0000000080a00000|100%| O|  |TAMS 0x0000000080a00000, 0x0000000080900000| Untracked 
|  10|0x0000000080a00000, 0x0000000080b00000, 0x0000000080b00000|100%| O|  |TAMS 0x0000000080b00000, 0x0000000080a00000| Untracked 
|  11|0x0000000080b00000, 0x0000000080c00000, 0x0000000080c00000|100%| O|  |TAMS 0x0000000080c00000, 0x0000000080b00000| Untracked 
|  12|0x0000000080c00000, 0x0000000080d00000, 0x0000000080d00000|100%| O|  |TAMS 0x0000000080d00000, 0x0000000080c00000| Untracked 
|  13|0x0000000080d00000, 0x0000000080e00000, 0x0000000080e00000|100%| O|  |TAMS 0x0000000080e00000, 0x0000000080d00000| Untracked 
|  14|0x0000000080e00000, 0x0000000080f00000, 0x0000000080f00000|100%| O|  |TAMS 0x0000000080f00000, 0x0000000080e00000| Untracked 
|  15|0x0000000080f00000, 0x0000000081000000, 0x0000000081000000|100%| O|  |TAMS 0x0000000081000000, 0x0000000080f00000| Untracked 
|  16|0x0000000081000000, 0x0000000081100000, 0x0000000081100000|100%|HS|  |TAMS 0x0000000081100000, 0x0000000081000000| Complete 
|  17|0x0000000081100000, 0x0000000081200000, 0x0000000081200000|100%| O|  |TAMS 0x0000000081200000, 0x0000000081100000| Untracked 
|  18|0x0000000081200000, 0x0000000081300000, 0x0000000081300000|100%| O|  |TAMS 0x0000000081300000, 0x0000000081200000| Untracked 
|  19|0x0000000081300000, 0x0000000081400000, 0x0000000081400000|100%| O|  |TAMS 0x0000000081400000, 0x0000000081300000| Untracked 
|  20|0x0000000081400000, 0x0000000081500000, 0x0000000081500000|100%| O|  |TAMS 0x0000000081500000, 0x0000000081400000| Untracked 
|  21|0x0000000081500000, 0x0000000081600000, 0x0000000081600000|100%| O|  |TAMS 0x0000000081600000, 0x0000000081500000| Untracked 
|  22|0x0000000081600000, 0x0000000081700000, 0x0000000081700000|100%| O|  |TAMS 0x0000000081700000, 0x0000000081600000| Untracked 
|  23|0x0000000081700000, 0x0000000081800000, 0x0000000081800000|100%| O|  |TAMS 0x0000000081800000, 0x0000000081700000| Untracked 
|  24|0x0000000081800000, 0x0000000081900000, 0x0000000081900000|100%|HS|  |TAMS 0x0000000081900000, 0x0000000081800000| Complete 
|  25|0x0000000081900000, 0x0000000081a00000, 0x0000000081a00000|100%|HS|  |TAMS 0x0000000081a00000, 0x0000000081900000| Complete 
|  26|0x0000000081a00000, 0x0000000081b00000, 0x0000000081b00000|100%|HC|  |TAMS 0x0000000081b00000, 0x0000000081a00000| Complete 
|  27|0x0000000081b00000, 0x0000000081c00000, 0x0000000081c00000|100%| O|  |TAMS 0x0000000081c00000, 0x0000000081b00000| Untracked 
|  28|0x0000000081c00000, 0x0000000081d00000, 0x0000000081d00000|100%| O|  |TAMS 0x0000000081d00000, 0x0000000081c00000| Untracked 
|  29|0x0000000081d00000, 0x0000000081e00000, 0x0000000081e00000|100%| O|  |TAMS 0x0000000081e00000, 0x0000000081d00000| Untracked 
|  30|0x0000000081e00000, 0x0000000081f00000, 0x0000000081f00000|100%| O|  |TAMS 0x0000000081f00000, 0x0000000081e00000| Untracked 
|  31|0x0000000081f00000, 0x0000000082000000, 0x0000000082000000|100%| O|  |TAMS 0x0000000082000000, 0x0000000081f00000| Untracked 
|  32|0x0000000082000000, 0x0000000082100000, 0x0000000082100000|100%| O|  |TAMS 0x0000000082100000, 0x0000000082000000| Untracked 
|  33|0x0000000082100000, 0x0000000082200000, 0x0000000082200000|100%| O|  |TAMS 0x0000000082200000, 0x0000000082100000| Untracked 
|  34|0x0000000082200000, 0x0000000082300000, 0x0000000082300000|100%| O|  |TAMS 0x0000000082300000, 0x0000000082200000| Untracked 
|  35|0x0000000082300000, 0x0000000082400000, 0x0000000082400000|100%| O|  |TAMS 0x0000000082400000, 0x0000000082300000| Untracked 
|  36|0x0000000082400000, 0x0000000082500000, 0x0000000082500000|100%| O|  |TAMS 0x0000000082500000, 0x0000000082400000| Untracked 
|  37|0x0000000082500000, 0x0000000082600000, 0x0000000082600000|100%| O|  |TAMS 0x0000000082600000, 0x0000000082500000| Untracked 
|  38|0x0000000082600000, 0x0000000082700000, 0x0000000082700000|100%| O|  |TAMS 0x0000000082700000, 0x0000000082600000| Untracked 
|  39|0x0000000082700000, 0x0000000082800000, 0x0000000082800000|100%| O|  |TAMS 0x0000000082800000, 0x0000000082700000| Untracked 
|  40|0x0000000082800000, 0x0000000082900000, 0x0000000082900000|100%| O|  |TAMS 0x0000000082900000, 0x0000000082800000| Untracked 
|  41|0x0000000082900000, 0x0000000082a00000, 0x0000000082a00000|100%| O|  |TAMS 0x0000000082a00000, 0x0000000082900000| Untracked 
|  42|0x0000000082a00000, 0x0000000082b00000, 0x0000000082b00000|100%| O|  |TAMS 0x0000000082b00000, 0x0000000082a00000| Untracked 
|  43|0x0000000082b00000, 0x0000000082c00000, 0x0000000082c00000|100%| O|  |TAMS 0x0000000082c00000, 0x0000000082b00000| Untracked 
|  44|0x0000000082c00000, 0x0000000082d00000, 0x0000000082d00000|100%| O|  |TAMS 0x0000000082d00000, 0x0000000082c00000| Untracked 
|  45|0x0000000082d00000, 0x0000000082e00000, 0x0000000082e00000|100%| O|  |TAMS 0x0000000082e00000, 0x0000000082d00000| Untracked 
|  46|0x0000000082e00000, 0x0000000082f00000, 0x0000000082f00000|100%| O|  |TAMS 0x0000000082f00000, 0x0000000082e00000| Untracked 
|  47|0x0000000082f00000, 0x0000000083000000, 0x0000000083000000|100%| O|  |TAMS 0x0000000083000000, 0x0000000082f00000| Untracked 
|  48|0x0000000083000000, 0x0000000083100000, 0x0000000083100000|100%| O|  |TAMS 0x0000000083100000, 0x0000000083000000| Untracked 
|  49|0x0000000083100000, 0x0000000083200000, 0x0000000083200000|100%| O|  |TAMS 0x0000000083200000, 0x0000000083100000| Untracked 
|  50|0x0000000083200000, 0x0000000083300000, 0x0000000083300000|100%| O|  |TAMS 0x0000000083300000, 0x0000000083200000| Untracked 
|  51|0x0000000083300000, 0x0000000083400000, 0x0000000083400000|100%| O|  |TAMS 0x0000000083400000, 0x0000000083300000| Untracked 
|  52|0x0000000083400000, 0x0000000083500000, 0x0000000083500000|100%| O|  |TAMS 0x0000000083500000, 0x0000000083400000| Untracked 
|  53|0x0000000083500000, 0x0000000083600000, 0x0000000083600000|100%| O|  |TAMS 0x0000000083600000, 0x0000000083500000| Untracked 
|  54|0x0000000083600000, 0x0000000083700000, 0x0000000083700000|100%| O|  |TAMS 0x0000000083700000, 0x0000000083600000| Untracked 
|  55|0x0000000083700000, 0x0000000083800000, 0x0000000083800000|100%| O|  |TAMS 0x0000000083800000, 0x0000000083700000| Untracked 
|  56|0x0000000083800000, 0x0000000083900000, 0x0000000083900000|100%| O|  |TAMS 0x0000000083900000, 0x0000000083800000| Untracked 
|  57|0x0000000083900000, 0x0000000083a00000, 0x0000000083a00000|100%| O|  |TAMS 0x0000000083a00000, 0x0000000083900000| Untracked 
|  58|0x0000000083a00000, 0x0000000083b00000, 0x0000000083b00000|100%| O|  |TAMS 0x0000000083b00000, 0x0000000083a00000| Untracked 
|  59|0x0000000083b00000, 0x0000000083c00000, 0x0000000083c00000|100%| O|  |TAMS 0x0000000083c00000, 0x0000000083b00000| Untracked 
|  60|0x0000000083c00000, 0x0000000083d00000, 0x0000000083d00000|100%| O|  |TAMS 0x0000000083d00000, 0x0000000083c00000| Untracked 
|  61|0x0000000083d00000, 0x0000000083e00000, 0x0000000083e00000|100%| O|  |TAMS 0x0000000083e00000, 0x0000000083d00000| Untracked 
|  62|0x0000000083e00000, 0x0000000083f00000, 0x0000000083f00000|100%| O|  |TAMS 0x0000000083f00000, 0x0000000083e00000| Untracked 
|  63|0x0000000083f00000, 0x0000000084000000, 0x0000000084000000|100%| O|  |TAMS 0x0000000084000000, 0x0000000083f00000| Untracked 
|  64|0x0000000084000000, 0x0000000084100000, 0x0000000084100000|100%| O|  |TAMS 0x0000000084100000, 0x0000000084000000| Untracked 
|  65|0x0000000084100000, 0x0000000084200000, 0x0000000084200000|100%| O|  |TAMS 0x0000000084200000, 0x0000000084100000| Untracked 
|  66|0x0000000084200000, 0x0000000084300000, 0x0000000084300000|100%| O|  |TAMS 0x0000000084300000, 0x0000000084200000| Untracked 
|  67|0x0000000084300000, 0x0000000084400000, 0x0000000084400000|100%| O|  |TAMS 0x0000000084400000, 0x0000000084300000| Untracked 
|  68|0x0000000084400000, 0x0000000084500000, 0x0000000084500000|100%| O|  |TAMS 0x0000000084500000, 0x0000000084400000| Untracked 
|  69|0x0000000084500000, 0x0000000084600000, 0x0000000084600000|100%| O|  |TAMS 0x0000000084500000, 0x0000000084500000| Untracked 
|  70|0x0000000084600000, 0x0000000084700000, 0x0000000084700000|100%| O|  |TAMS 0x0000000084600000, 0x0000000084600000| Untracked 
|  71|0x0000000084700000, 0x0000000084800000, 0x0000000084800000|100%| O|  |TAMS 0x0000000084700000, 0x0000000084700000| Untracked 
|  72|0x0000000084800000, 0x0000000084900000, 0x0000000084900000|100%| O|  |TAMS 0x0000000084800000, 0x0000000084800000| Untracked 
|  73|0x0000000084900000, 0x0000000084a00000, 0x0000000084a00000|100%| O|  |TAMS 0x0000000084900000, 0x0000000084900000| Untracked 
|  74|0x0000000084a00000, 0x0000000084b00000, 0x0000000084b00000|100%| O|  |TAMS 0x0000000084a00000, 0x0000000084a00000| Untracked 
|  75|0x0000000084b00000, 0x0000000084c00000, 0x0000000084c00000|100%| O|  |TAMS 0x0000000084b00000, 0x0000000084b00000| Untracked 
|  76|0x0000000084c00000, 0x0000000084c95e00, 0x0000000084d00000| 58%| O|  |TAMS 0x0000000084c00000, 0x0000000084c00000| Untracked 
|  77|0x0000000084d00000, 0x0000000084d00000, 0x0000000084e00000|  0%| F|  |TAMS 0x0000000084d00000, 0x0000000084d00000| Untracked 
|  78|0x0000000084e00000, 0x0000000084e00000, 0x0000000084f00000|  0%| F|  |TAMS 0x0000000084e00000, 0x0000000084e00000| Untracked 
|  79|0x0000000084f00000, 0x0000000084f00000, 0x0000000085000000|  0%| F|  |TAMS 0x0000000084f00000, 0x0000000084f00000| Untracked 
|  80|0x0000000085000000, 0x0000000085000000, 0x0000000085100000|  0%| F|  |TAMS 0x0000000085000000, 0x0000000085000000| Untracked 
|  81|0x0000000085100000, 0x0000000085100000, 0x0000000085200000|  0%| F|  |TAMS 0x0000000085100000, 0x0000000085100000| Untracked 
|  82|0x0000000085200000, 0x0000000085200000, 0x0000000085300000|  0%| F|  |TAMS 0x0000000085200000, 0x0000000085200000| Untracked 
|  83|0x0000000085300000, 0x0000000085400000, 0x0000000085400000|100%| O|  |TAMS 0x0000000085400000, 0x0000000085300000| Untracked 
|  84|0x0000000085400000, 0x0000000085500000, 0x0000000085500000|100%| O|  |TAMS 0x0000000085500000, 0x0000000085400000| Untracked 
|  85|0x0000000085500000, 0x0000000085600000, 0x0000000085600000|100%| O|  |TAMS 0x0000000085600000, 0x0000000085500000| Untracked 
|  86|0x0000000085600000, 0x0000000085600000, 0x0000000085700000|  0%| F|  |TAMS 0x0000000085600000, 0x0000000085600000| Untracked 
|  87|0x0000000085700000, 0x0000000085700000, 0x0000000085800000|  0%| F|  |TAMS 0x0000000085700000, 0x0000000085700000| Untracked 
|  88|0x0000000085800000, 0x0000000085900000, 0x0000000085900000|100%| O|  |TAMS 0x0000000085900000, 0x0000000085800000| Untracked 
|  89|0x0000000085900000, 0x0000000085900000, 0x0000000085a00000|  0%| F|  |TAMS 0x0000000085900000, 0x0000000085900000| Untracked 
|  90|0x0000000085a00000, 0x0000000085b00000, 0x0000000085b00000|100%| O|  |TAMS 0x0000000085b00000, 0x0000000085a00000| Untracked 
|  91|0x0000000085b00000, 0x0000000085c00000, 0x0000000085c00000|100%| O|  |TAMS 0x0000000085c00000, 0x0000000085b00000| Untracked 
|  92|0x0000000085c00000, 0x0000000085d00000, 0x0000000085d00000|100%| O|  |TAMS 0x0000000085d00000, 0x0000000085c00000| Untracked 
|  93|0x0000000085d00000, 0x0000000085d00000, 0x0000000085e00000|  0%| F|  |TAMS 0x0000000085d00000, 0x0000000085d00000| Untracked 
|  94|0x0000000085e00000, 0x0000000085f00000, 0x0000000085f00000|100%| O|  |TAMS 0x0000000085f00000, 0x0000000085e00000| Untracked 
|  95|0x0000000085f00000, 0x0000000086000000, 0x0000000086000000|100%| O|  |TAMS 0x0000000086000000, 0x0000000085f00000| Untracked 
|  96|0x0000000086000000, 0x0000000086100000, 0x0000000086100000|100%| O|  |TAMS 0x0000000086100000, 0x0000000086000000| Untracked 
|  97|0x0000000086100000, 0x0000000086200000, 0x0000000086200000|100%| O|  |TAMS 0x0000000086200000, 0x0000000086100000| Untracked 
|  98|0x0000000086200000, 0x0000000086300000, 0x0000000086300000|100%| O|  |TAMS 0x0000000086300000, 0x0000000086200000| Untracked 
|  99|0x0000000086300000, 0x0000000086400000, 0x0000000086400000|100%| O|  |TAMS 0x0000000086400000, 0x0000000086300000| Untracked 
| 100|0x0000000086400000, 0x0000000086400000, 0x0000000086500000|  0%| F|  |TAMS 0x0000000086400000, 0x0000000086400000| Untracked 
| 101|0x0000000086500000, 0x0000000086500000, 0x0000000086600000|  0%| F|  |TAMS 0x0000000086500000, 0x0000000086500000| Untracked 
| 102|0x0000000086600000, 0x0000000086600000, 0x0000000086700000|  0%| F|  |TAMS 0x0000000086600000, 0x0000000086600000| Untracked 
| 103|0x0000000086700000, 0x0000000086700000, 0x0000000086800000|  0%| F|  |TAMS 0x0000000086700000, 0x0000000086700000| Untracked 
| 104|0x0000000086800000, 0x0000000086900000, 0x0000000086900000|100%| O|  |TAMS 0x0000000086900000, 0x0000000086800000| Untracked 
| 105|0x0000000086900000, 0x0000000086a00000, 0x0000000086a00000|100%| O|  |TAMS 0x0000000086a00000, 0x0000000086900000| Untracked 
| 106|0x0000000086a00000, 0x0000000086b00000, 0x0000000086b00000|100%| O|  |TAMS 0x0000000086b00000, 0x0000000086a00000| Untracked 
| 107|0x0000000086b00000, 0x0000000086c00000, 0x0000000086c00000|100%| O|  |TAMS 0x0000000086bb6200, 0x0000000086b00000| Untracked 
| 108|0x0000000086c00000, 0x0000000086c00000, 0x0000000086d00000|  0%| F|  |TAMS 0x0000000086c00000, 0x0000000086c00000| Untracked 
| 109|0x0000000086d00000, 0x0000000086d00000, 0x0000000086e00000|  0%| F|  |TAMS 0x0000000086d00000, 0x0000000086d00000| Untracked 
| 110|0x0000000086e00000, 0x0000000086e00000, 0x0000000086f00000|  0%| F|  |TAMS 0x0000000086e00000, 0x0000000086e00000| Untracked 
| 111|0x0000000086f00000, 0x0000000086f00000, 0x0000000087000000|  0%| F|  |TAMS 0x0000000086f00000, 0x0000000086f00000| Untracked 
| 112|0x0000000087000000, 0x0000000087000000, 0x0000000087100000|  0%| F|  |TAMS 0x0000000087000000, 0x0000000087000000| Untracked 
| 113|0x0000000087100000, 0x0000000087100000, 0x0000000087200000|  0%| F|  |TAMS 0x0000000087100000, 0x0000000087100000| Untracked 
| 114|0x0000000087200000, 0x0000000087200000, 0x0000000087300000|  0%| F|  |TAMS 0x0000000087200000, 0x0000000087200000| Untracked 
| 115|0x0000000087300000, 0x0000000087300000, 0x0000000087400000|  0%| F|  |TAMS 0x0000000087300000, 0x0000000087300000| Untracked 
| 116|0x0000000087400000, 0x0000000087400000, 0x0000000087500000|  0%| F|  |TAMS 0x0000000087400000, 0x0000000087400000| Untracked 
| 117|0x0000000087500000, 0x0000000087600000, 0x0000000087600000|100%| O|  |TAMS 0x0000000087600000, 0x0000000087500000| Untracked 
| 118|0x0000000087600000, 0x0000000087700000, 0x0000000087700000|100%| O|  |TAMS 0x0000000087700000, 0x0000000087600000| Untracked 
| 119|0x0000000087700000, 0x0000000087800000, 0x0000000087800000|100%| O|  |TAMS 0x0000000087800000, 0x0000000087700000| Untracked 
| 120|0x0000000087800000, 0x0000000087800000, 0x0000000087900000|  0%| F|  |TAMS 0x0000000087800000, 0x0000000087800000| Untracked 
| 121|0x0000000087900000, 0x0000000087a00000, 0x0000000087a00000|100%| O|  |TAMS 0x0000000087a00000, 0x0000000087900000| Untracked 
| 122|0x0000000087a00000, 0x0000000087a00000, 0x0000000087b00000|  0%| F|  |TAMS 0x0000000087a00000, 0x0000000087a00000| Untracked 
| 123|0x0000000087b00000, 0x0000000087b00000, 0x0000000087c00000|  0%| F|  |TAMS 0x0000000087b00000, 0x0000000087b00000| Untracked 
| 124|0x0000000087c00000, 0x0000000087c00000, 0x0000000087d00000|  0%| F|  |TAMS 0x0000000087c00000, 0x0000000087c00000| Untracked 
| 125|0x0000000087d00000, 0x0000000087d00000, 0x0000000087e00000|  0%| F|  |TAMS 0x0000000087d00000, 0x0000000087d00000| Untracked 
| 126|0x0000000087e00000, 0x0000000087e00000, 0x0000000087f00000|  0%| F|  |TAMS 0x0000000087e00000, 0x0000000087e00000| Untracked 
| 127|0x0000000087f00000, 0x0000000087f00000, 0x0000000088000000|  0%| F|  |TAMS 0x0000000087f00000, 0x0000000087f00000| Untracked 
| 128|0x0000000088000000, 0x0000000088000000, 0x0000000088100000|  0%| F|  |TAMS 0x0000000088000000, 0x0000000088000000| Untracked 
| 129|0x0000000088100000, 0x0000000088100000, 0x0000000088200000|  0%| F|  |TAMS 0x0000000088100000, 0x0000000088100000| Untracked 
| 130|0x0000000088200000, 0x0000000088200000, 0x0000000088300000|  0%| F|  |TAMS 0x0000000088200000, 0x0000000088200000| Untracked 
| 131|0x0000000088300000, 0x0000000088300000, 0x0000000088400000|  0%| F|  |TAMS 0x0000000088300000, 0x0000000088300000| Untracked 
| 132|0x0000000088400000, 0x0000000088400000, 0x0000000088500000|  0%| F|  |TAMS 0x0000000088400000, 0x0000000088400000| Untracked 
| 133|0x0000000088500000, 0x0000000088500000, 0x0000000088600000|  0%| F|  |TAMS 0x0000000088500000, 0x0000000088500000| Untracked 
| 134|0x0000000088600000, 0x0000000088600000, 0x0000000088700000|  0%| F|  |TAMS 0x0000000088600000, 0x0000000088600000| Untracked 
| 135|0x0000000088700000, 0x0000000088700000, 0x0000000088800000|  0%| F|  |TAMS 0x0000000088700000, 0x0000000088700000| Untracked 
| 136|0x0000000088800000, 0x0000000088800000, 0x0000000088900000|  0%| F|  |TAMS 0x0000000088800000, 0x0000000088800000| Untracked 
| 137|0x0000000088900000, 0x0000000088900000, 0x0000000088a00000|  0%| F|  |TAMS 0x0000000088900000, 0x0000000088900000| Untracked 
| 138|0x0000000088a00000, 0x0000000088a00000, 0x0000000088b00000|  0%| F|  |TAMS 0x0000000088a00000, 0x0000000088a00000| Untracked 
| 139|0x0000000088b00000, 0x0000000088b00000, 0x0000000088c00000|  0%| F|  |TAMS 0x0000000088b00000, 0x0000000088b00000| Untracked 
| 140|0x0000000088c00000, 0x0000000088c00000, 0x0000000088d00000|  0%| F|  |TAMS 0x0000000088c00000, 0x0000000088c00000| Untracked 
| 141|0x0000000088d00000, 0x0000000088d00000, 0x0000000088e00000|  0%| F|  |TAMS 0x0000000088d00000, 0x0000000088d00000| Untracked 
| 142|0x0000000088e00000, 0x0000000088e00000, 0x0000000088f00000|  0%| F|  |TAMS 0x0000000088e00000, 0x0000000088e00000| Untracked 
| 143|0x0000000088f00000, 0x0000000088f00000, 0x0000000089000000|  0%| F|  |TAMS 0x0000000088f00000, 0x0000000088f00000| Untracked 
| 144|0x0000000089000000, 0x0000000089000000, 0x0000000089100000|  0%| F|  |TAMS 0x0000000089000000, 0x0000000089000000| Untracked 
| 145|0x0000000089100000, 0x0000000089100000, 0x0000000089200000|  0%| F|  |TAMS 0x0000000089100000, 0x0000000089100000| Untracked 
| 146|0x0000000089200000, 0x0000000089300000, 0x0000000089300000|100%| S|CS|TAMS 0x0000000089200000, 0x0000000089200000| Complete 
| 147|0x0000000089300000, 0x0000000089400000, 0x0000000089400000|100%| S|CS|TAMS 0x0000000089300000, 0x0000000089300000| Complete 
| 148|0x0000000089400000, 0x0000000089500000, 0x0000000089500000|100%| S|CS|TAMS 0x0000000089400000, 0x0000000089400000| Complete 
| 149|0x0000000089500000, 0x0000000089600000, 0x0000000089600000|100%| S|CS|TAMS 0x0000000089500000, 0x0000000089500000| Complete 
| 150|0x0000000089600000, 0x0000000089600000, 0x0000000089700000|  0%| F|  |TAMS 0x0000000089600000, 0x0000000089600000| Untracked 
| 151|0x0000000089700000, 0x0000000089700000, 0x0000000089800000|  0%| F|  |TAMS 0x0000000089700000, 0x0000000089700000| Untracked 
| 152|0x0000000089800000, 0x0000000089800000, 0x0000000089900000|  0%| F|  |TAMS 0x0000000089800000, 0x0000000089800000| Untracked 
| 153|0x0000000089900000, 0x0000000089900000, 0x0000000089a00000|  0%| F|  |TAMS 0x0000000089900000, 0x0000000089900000| Untracked 
| 154|0x0000000089a00000, 0x0000000089a00000, 0x0000000089b00000|  0%| F|  |TAMS 0x0000000089a00000, 0x0000000089a00000| Untracked 
| 155|0x0000000089b00000, 0x0000000089b00000, 0x0000000089c00000|  0%| F|  |TAMS 0x0000000089b00000, 0x0000000089b00000| Untracked 
| 156|0x0000000089c00000, 0x0000000089c00000, 0x0000000089d00000|  0%| F|  |TAMS 0x0000000089c00000, 0x0000000089c00000| Untracked 
| 157|0x0000000089d00000, 0x0000000089e00000, 0x0000000089e00000|100%| S|CS|TAMS 0x0000000089d00000, 0x0000000089d00000| Complete 
| 158|0x0000000089e00000, 0x0000000089f00000, 0x0000000089f00000|100%| S|CS|TAMS 0x0000000089e00000, 0x0000000089e00000| Complete 
| 159|0x0000000089f00000, 0x000000008a000000, 0x000000008a000000|100%| S|CS|TAMS 0x0000000089f00000, 0x0000000089f00000| Complete 
| 160|0x000000008a000000, 0x000000008a000000, 0x000000008a100000|  0%| F|  |TAMS 0x000000008a000000, 0x000000008a000000| Untracked 
| 161|0x000000008a100000, 0x000000008a100000, 0x000000008a200000|  0%| F|  |TAMS 0x000000008a100000, 0x000000008a100000| Untracked 
| 162|0x000000008a200000, 0x000000008a200000, 0x000000008a300000|  0%| F|  |TAMS 0x000000008a200000, 0x000000008a200000| Untracked 
| 163|0x000000008a300000, 0x000000008a300000, 0x000000008a400000|  0%| F|  |TAMS 0x000000008a300000, 0x000000008a300000| Untracked 
| 164|0x000000008a400000, 0x000000008a400000, 0x000000008a500000|  0%| F|  |TAMS 0x000000008a400000, 0x000000008a400000| Untracked 
| 165|0x000000008a500000, 0x000000008a500000, 0x000000008a600000|  0%| F|  |TAMS 0x000000008a500000, 0x000000008a500000| Untracked 
| 166|0x000000008a600000, 0x000000008a600000, 0x000000008a700000|  0%| F|  |TAMS 0x000000008a600000, 0x000000008a600000| Untracked 
| 167|0x000000008a700000, 0x000000008a700000, 0x000000008a800000|  0%| F|  |TAMS 0x000000008a700000, 0x000000008a700000| Untracked 
| 168|0x000000008a800000, 0x000000008a800000, 0x000000008a900000|  0%| F|  |TAMS 0x000000008a800000, 0x000000008a800000| Untracked 
| 169|0x000000008a900000, 0x000000008a900000, 0x000000008aa00000|  0%| F|  |TAMS 0x000000008a900000, 0x000000008a900000| Untracked 
| 170|0x000000008aa00000, 0x000000008aa00000, 0x000000008ab00000|  0%| F|  |TAMS 0x000000008aa00000, 0x000000008aa00000| Untracked 
| 171|0x000000008ab00000, 0x000000008ab00000, 0x000000008ac00000|  0%| F|  |TAMS 0x000000008ab00000, 0x000000008ab00000| Untracked 
| 172|0x000000008ac00000, 0x000000008ac00000, 0x000000008ad00000|  0%| F|  |TAMS 0x000000008ac00000, 0x000000008ac00000| Untracked 
| 173|0x000000008ad00000, 0x000000008ad00000, 0x000000008ae00000|  0%| F|  |TAMS 0x000000008ad00000, 0x000000008ad00000| Untracked 
| 174|0x000000008ae00000, 0x000000008ae00000, 0x000000008af00000|  0%| F|  |TAMS 0x000000008ae00000, 0x000000008ae00000| Untracked 
| 175|0x000000008af00000, 0x000000008af00000, 0x000000008b000000|  0%| F|  |TAMS 0x000000008af00000, 0x000000008af00000| Untracked 
| 176|0x000000008b000000, 0x000000008b000000, 0x000000008b100000|  0%| F|  |TAMS 0x000000008b000000, 0x000000008b000000| Untracked 
| 177|0x000000008b100000, 0x000000008b100000, 0x000000008b200000|  0%| F|  |TAMS 0x000000008b100000, 0x000000008b100000| Untracked 
| 178|0x000000008b200000, 0x000000008b200000, 0x000000008b300000|  0%| F|  |TAMS 0x000000008b200000, 0x000000008b200000| Untracked 
| 179|0x000000008b300000, 0x000000008b300000, 0x000000008b400000|  0%| F|  |TAMS 0x000000008b300000, 0x000000008b300000| Untracked 
| 180|0x000000008b400000, 0x000000008b400000, 0x000000008b500000|  0%| F|  |TAMS 0x000000008b400000, 0x000000008b400000| Untracked 
| 181|0x000000008b500000, 0x000000008b500000, 0x000000008b600000|  0%| F|  |TAMS 0x000000008b500000, 0x000000008b500000| Untracked 
| 182|0x000000008b600000, 0x000000008b600000, 0x000000008b700000|  0%| F|  |TAMS 0x000000008b600000, 0x000000008b600000| Untracked 
| 183|0x000000008b700000, 0x000000008b700000, 0x000000008b800000|  0%| F|  |TAMS 0x000000008b700000, 0x000000008b700000| Untracked 
| 184|0x000000008b800000, 0x000000008b800000, 0x000000008b900000|  0%| F|  |TAMS 0x000000008b800000, 0x000000008b800000| Untracked 
| 185|0x000000008b900000, 0x000000008b900000, 0x000000008ba00000|  0%| F|  |TAMS 0x000000008b900000, 0x000000008b900000| Untracked 
| 186|0x000000008ba00000, 0x000000008ba00000, 0x000000008bb00000|  0%| F|  |TAMS 0x000000008ba00000, 0x000000008ba00000| Untracked 
| 187|0x000000008bb00000, 0x000000008bb00000, 0x000000008bc00000|  0%| F|  |TAMS 0x000000008bb00000, 0x000000008bb00000| Untracked 
| 188|0x000000008bc00000, 0x000000008bc00000, 0x000000008bd00000|  0%| F|  |TAMS 0x000000008bc00000, 0x000000008bc00000| Untracked 
| 189|0x000000008bd00000, 0x000000008bd00000, 0x000000008be00000|  0%| F|  |TAMS 0x000000008bd00000, 0x000000008bd00000| Untracked 
| 190|0x000000008be00000, 0x000000008be00000, 0x000000008bf00000|  0%| F|  |TAMS 0x000000008be00000, 0x000000008be00000| Untracked 
| 191|0x000000008bf00000, 0x000000008bf00000, 0x000000008c000000|  0%| F|  |TAMS 0x000000008bf00000, 0x000000008bf00000| Untracked 
| 192|0x000000008c000000, 0x000000008c000000, 0x000000008c100000|  0%| F|  |TAMS 0x000000008c000000, 0x000000008c000000| Untracked 
| 193|0x000000008c100000, 0x000000008c100000, 0x000000008c200000|  0%| F|  |TAMS 0x000000008c100000, 0x000000008c100000| Untracked 
| 194|0x000000008c200000, 0x000000008c200000, 0x000000008c300000|  0%| F|  |TAMS 0x000000008c200000, 0x000000008c200000| Untracked 
| 195|0x000000008c300000, 0x000000008c300000, 0x000000008c400000|  0%| F|  |TAMS 0x000000008c300000, 0x000000008c300000| Untracked 
| 196|0x000000008c400000, 0x000000008c400000, 0x000000008c500000|  0%| F|  |TAMS 0x000000008c400000, 0x000000008c400000| Untracked 
| 197|0x000000008c500000, 0x000000008c500000, 0x000000008c600000|  0%| F|  |TAMS 0x000000008c500000, 0x000000008c500000| Untracked 
| 198|0x000000008c600000, 0x000000008c600000, 0x000000008c700000|  0%| F|  |TAMS 0x000000008c600000, 0x000000008c600000| Untracked 
| 199|0x000000008c700000, 0x000000008c700000, 0x000000008c800000|  0%| F|  |TAMS 0x000000008c700000, 0x000000008c700000| Untracked 
| 200|0x000000008c800000, 0x000000008c800000, 0x000000008c900000|  0%| F|  |TAMS 0x000000008c800000, 0x000000008c800000| Untracked 
| 201|0x000000008c900000, 0x000000008c900000, 0x000000008ca00000|  0%| F|  |TAMS 0x000000008c900000, 0x000000008c900000| Untracked 
| 202|0x000000008ca00000, 0x000000008ca00000, 0x000000008cb00000|  0%| F|  |TAMS 0x000000008ca00000, 0x000000008ca00000| Untracked 
| 203|0x000000008cb00000, 0x000000008cb00000, 0x000000008cc00000|  0%| F|  |TAMS 0x000000008cb00000, 0x000000008cb00000| Untracked 
| 204|0x000000008cc00000, 0x000000008cc00000, 0x000000008cd00000|  0%| F|  |TAMS 0x000000008cc00000, 0x000000008cc00000| Untracked 
| 205|0x000000008cd00000, 0x000000008cdd2ef8, 0x000000008ce00000| 82%| E|  |TAMS 0x000000008cd00000, 0x000000008cd00000| Complete 
| 206|0x000000008ce00000, 0x000000008cf00000, 0x000000008cf00000|100%| E|CS|TAMS 0x000000008ce00000, 0x000000008ce00000| Complete 
| 207|0x000000008cf00000, 0x000000008d000000, 0x000000008d000000|100%| E|CS|TAMS 0x000000008cf00000, 0x000000008cf00000| Complete 
| 208|0x000000008d000000, 0x000000008d100000, 0x000000008d100000|100%| E|CS|TAMS 0x000000008d000000, 0x000000008d000000| Complete 
| 209|0x000000008d100000, 0x000000008d200000, 0x000000008d200000|100%| E|CS|TAMS 0x000000008d100000, 0x000000008d100000| Complete 
| 210|0x000000008d200000, 0x000000008d300000, 0x000000008d300000|100%| E|  |TAMS 0x000000008d200000, 0x000000008d200000| Complete 
| 211|0x000000008d300000, 0x000000008d400000, 0x000000008d400000|100%| E|CS|TAMS 0x000000008d300000, 0x000000008d300000| Complete 
| 212|0x000000008d400000, 0x000000008d500000, 0x000000008d500000|100%| E|CS|TAMS 0x000000008d400000, 0x000000008d400000| Complete 
| 213|0x000000008d500000, 0x000000008d600000, 0x000000008d600000|100%| E|CS|TAMS 0x000000008d500000, 0x000000008d500000| Complete 
| 214|0x000000008d600000, 0x000000008d700000, 0x000000008d700000|100%| E|CS|TAMS 0x000000008d600000, 0x000000008d600000| Complete 
| 215|0x000000008d700000, 0x000000008d800000, 0x000000008d800000|100%| E|CS|TAMS 0x000000008d700000, 0x000000008d700000| Complete 
| 216|0x000000008d800000, 0x000000008d900000, 0x000000008d900000|100%| E|CS|TAMS 0x000000008d800000, 0x000000008d800000| Complete 
| 217|0x000000008d900000, 0x000000008da00000, 0x000000008da00000|100%| E|CS|TAMS 0x000000008d900000, 0x000000008d900000| Complete 
| 218|0x000000008da00000, 0x000000008db00000, 0x000000008db00000|100%| E|CS|TAMS 0x000000008da00000, 0x000000008da00000| Complete 
| 219|0x000000008db00000, 0x000000008dc00000, 0x000000008dc00000|100%| E|CS|TAMS 0x000000008db00000, 0x000000008db00000| Complete 
| 220|0x000000008dc00000, 0x000000008dd00000, 0x000000008dd00000|100%| E|CS|TAMS 0x000000008dc00000, 0x000000008dc00000| Complete 
| 221|0x000000008dd00000, 0x000000008de00000, 0x000000008de00000|100%| E|CS|TAMS 0x000000008dd00000, 0x000000008dd00000| Complete 

Card table byte_map: [0x0000015177310000,0x0000015177710000] _byte_map_base: 0x0000015176f10000

Marking Bits (Prev, Next): (CMBitMap*) 0x0000015173448010, (CMBitMap*) 0x0000015173447fd8
 Prev Bits: [0x0000015179b10000, 0x000001517bb10000)
 Next Bits: [0x0000015177b10000, 0x0000015179b10000)

Polling page: 0x0000015171590000

Metaspace:

Usage:
  Non-class:     86.19 MB capacity,    84.70 MB ( 98%) used,     1.22 MB (  1%) free+waste,   271.69 KB ( <1%) overhead. 
      Class:     12.86 MB capacity,    12.06 MB ( 94%) used,   692.99 KB (  5%) free+waste,   119.63 KB ( <1%) overhead. 
       Both:     99.04 MB capacity,    96.77 MB ( 98%) used,     1.90 MB (  2%) free+waste,   391.31 KB ( <1%) overhead. 

Virtual space:
  Non-class space:       88.00 MB reserved,      86.29 MB ( 98%) committed 
      Class space:        1.00 GB reserved,      12.95 MB (  1%) committed 
             Both:        1.09 GB reserved,      99.23 MB (  9%) committed 

Chunk freelists:
   Non-Class:  36.00 KB
       Class:  0 bytes
        Both:  36.00 KB

MaxMetaspaceSize: 17179869184.00 GB
CompressedClassSpaceSize: 1.00 GB
Initial GC threshold: 20.80 MB
Current GC threshold: 154.14 MB
CDS: off

CodeHeap 'non-profiled nmethods': size=120064Kb used=8875Kb max_used=8875Kb free=111188Kb
 bounds [0x0000015107ac0000, 0x0000015108370000, 0x000001510f000000]
CodeHeap 'profiled nmethods': size=120000Kb used=31480Kb max_used=31480Kb free=88519Kb
 bounds [0x0000015100590000, 0x0000015102450000, 0x0000015107ac0000]
CodeHeap 'non-nmethods': size=5696Kb used=2394Kb max_used=2447Kb free=3301Kb
 bounds [0x0000015100000000, 0x0000015100270000, 0x0000015100590000]
 total_blobs=14830 nmethods=13916 adapters=826
 compilation: enabled
              stopped_count=0, restarted_count=0
 full_count=0

Compilation events (20 events):
Event: 39.063 Thread 0x000001517e020800 14009       3       com.google.protobuf.GeneratedMessageV3$Builder::onBuilt (12 bytes)
Event: 39.063 Thread 0x000001517e020800 nmethod 14009 0x0000015102433510 code [0x00000151024336c0, 0x00000151024338d8]
Event: 39.070 Thread 0x000001517e020800 14011       3       com.google.common.collect.Iterators$ConcatenatedIterator::getTopMetaIterator (64 bytes)
Event: 39.071 Thread 0x000001517e020800 nmethod 14011 0x0000015102433990 code [0x0000015102433ba0, 0x00000151024341c8]
Event: 39.072 Thread 0x000001517e020800 14012       3       org.gradle.internal.operations.DefaultBuildOperationListenerManager$ProgressShieldingBuildOperationListener::progress (25 bytes)
Event: 39.072 Thread 0x000001517e020800 nmethod 14012 0x0000015102434390 code [0x0000015102434560, 0x0000015102434838]
Event: 39.073 Thread 0x000001517e020800 14013       3       java.time.Duration::<init> (15 bytes)
Event: 39.073 Thread 0x000001517e020800 nmethod 14013 0x0000015102434990 code [0x0000015102434b40, 0x0000015102434c98]
Event: 39.073 Thread 0x000001517e020800 14014       1       java.lang.management.MemoryUsage::getUsed (5 bytes)
Event: 39.073 Thread 0x000001517e020800 nmethod 14014 0x0000015108368910 code [0x0000015108368ac0, 0x0000015108368b78]
Event: 39.077 Thread 0x000001517e020800 14016       1       org.gradle.api.internal.tasks.TaskExecutionOutcome::getMessage (5 bytes)
Event: 39.078 Thread 0x000001517e020800 nmethod 14016 0x0000015108368c10 code [0x0000015108368dc0, 0x0000015108368e78]
Event: 39.078 Thread 0x000001517e020800 14017       3       org.gradle.api.internal.tasks.properties.PropertyVisitor$Adapter::<init> (5 bytes)
Event: 39.078 Thread 0x000001517e020800 nmethod 14017 0x0000015102434d90 code [0x0000015102434f40, 0x0000015102435098]
Event: 39.081 Thread 0x000001517e020800 14018       3       java.nio.channels.spi.AbstractSelectableChannel::isBlocking (13 bytes)
Event: 39.082 Thread 0x000001517e020800 nmethod 14018 0x0000015102435190 code [0x0000015102435340, 0x0000015102435498]
Event: 39.085 Thread 0x000001517e020800 14019       3       org.gradle.internal.io.BufferCaster::cast (2 bytes)
Event: 39.085 Thread 0x000001517e020800 nmethod 14019 0x0000015102435510 code [0x00000151024356c0, 0x0000015102435798]
Event: 39.096 Thread 0x000001517e020800 14020       3       sun.nio.ch.SocketChannelImpl::ensureOpenAndConnected (32 bytes)
Event: 39.096 Thread 0x000001517e020800 nmethod 14020 0x0000015102435810 code [0x00000151024359e0, 0x0000015102435c98]

GC Heap History (20 events):
Event: 28.746 GC heap before
{Heap before GC invocations=20 (full 0):
 garbage-first heap   total 189440K, used 146024K [0x0000000080000000, 0x0000000100000000)
  region size 1024K, 74 young (75776K), 5 survivors (5120K)
 Metaspace       used 86953K, capacity 89139K, committed 89456K, reserved 1126400K
  class space    used 11198K, capacity 12006K, committed 12108K, reserved 1048576K
}
Event: 28.781 GC heap after
{Heap after GC invocations=21 (full 0):
 garbage-first heap   total 189440K, used 94108K [0x0000000080000000, 0x0000000100000000)
  region size 1024K, 10 young (10240K), 10 survivors (10240K)
 Metaspace       used 86953K, capacity 89139K, committed 89456K, reserved 1126400K
  class space    used 11198K, capacity 12006K, committed 12108K, reserved 1048576K
}
Event: 29.416 GC heap before
{Heap before GC invocations=21 (full 0):
 garbage-first heap   total 189440K, used 111516K [0x0000000080000000, 0x0000000100000000)
  region size 1024K, 27 young (27648K), 10 survivors (10240K)
 Metaspace       used 87705K, capacity 89879K, committed 89968K, reserved 1128448K
  class space    used 11281K, capacity 12062K, committed 12108K, reserved 1048576K
}
Event: 29.463 GC heap after
{Heap after GC invocations=22 (full 0):
 garbage-first heap   total 227328K, used 97653K [0x0000000080000000, 0x0000000100000000)
  region size 1024K, 2 young (2048K), 2 survivors (2048K)
 Metaspace       used 87705K, capacity 89879K, committed 89968K, reserved 1128448K
  class space    used 11281K, capacity 12062K, committed 12108K, reserved 1048576K
}
Event: 30.814 GC heap before
{Heap before GC invocations=23 (full 0):
 garbage-first heap   total 227328K, used 140661K [0x0000000080000000, 0x0000000100000000)
  region size 1024K, 39 young (39936K), 2 survivors (2048K)
 Metaspace       used 87813K, capacity 90023K, committed 90224K, reserved 1128448K
  class space    used 11271K, capacity 12066K, committed 12108K, reserved 1048576K
}
Event: 30.837 GC heap after
{Heap after GC invocations=24 (full 0):
 garbage-first heap   total 227328K, used 105984K [0x0000000080000000, 0x0000000100000000)
  region size 1024K, 7 young (7168K), 7 survivors (7168K)
 Metaspace       used 87813K, capacity 90023K, committed 90224K, reserved 1128448K
  class space    used 11271K, capacity 12066K, committed 12108K, reserved 1048576K
}
Event: 31.906 GC heap before
{Heap before GC invocations=25 (full 0):
 garbage-first heap   total 227328K, used 172544K [0x0000000080000000, 0x0000000100000000)
  region size 1024K, 56 young (57344K), 7 survivors (7168K)
 Metaspace       used 90652K, capacity 92860K, committed 93040K, reserved 1130496K
  class space    used 11491K, capacity 12307K, committed 12364K, reserved 1048576K
}
Event: 31.941 GC heap after
{Heap after GC invocations=26 (full 0):
 garbage-first heap   total 227328K, used 114688K [0x0000000080000000, 0x0000000100000000)
  region size 1024K, 7 young (7168K), 7 survivors (7168K)
 Metaspace       used 90652K, capacity 92860K, committed 93040K, reserved 1130496K
  class space    used 11491K, capacity 12307K, committed 12364K, reserved 1048576K
}
Event: 32.631 GC heap before
{Heap before GC invocations=26 (full 0):
 garbage-first heap   total 227328K, used 162816K [0x0000000080000000, 0x0000000100000000)
  region size 1024K, 54 young (55296K), 7 survivors (7168K)
 Metaspace       used 92208K, capacity 94432K, committed 94704K, reserved 1132544K
  class space    used 11599K, capacity 12403K, committed 12492K, reserved 1048576K
}
Event: 32.653 GC heap after
{Heap after GC invocations=27 (full 0):
 garbage-first heap   total 227328K, used 124632K [0x0000000080000000, 0x0000000100000000)
  region size 1024K, 7 young (7168K), 7 survivors (7168K)
 Metaspace       used 92208K, capacity 94432K, committed 94704K, reserved 1132544K
  class space    used 11599K, capacity 12403K, committed 12492K, reserved 1048576K
}
Event: 34.167 GC heap before
{Heap before GC invocations=28 (full 0):
 garbage-first heap   total 227328K, used 151256K [0x0000000080000000, 0x0000000100000000)
  region size 1024K, 51 young (52224K), 7 survivors (7168K)
 Metaspace       used 92907K, capacity 95104K, committed 95472K, reserved 1132544K
  class space    used 11641K, capacity 12435K, committed 12492K, reserved 1048576K
}
Event: 34.179 GC heap after
{Heap after GC invocations=29 (full 0):
 garbage-first heap   total 227328K, used 105232K [0x0000000080000000, 0x0000000100000000)
  region size 1024K, 2 young (2048K), 2 survivors (2048K)
 Metaspace       used 92907K, capacity 95104K, committed 95472K, reserved 1132544K
  class space    used 11641K, capacity 12435K, committed 12492K, reserved 1048576K
}
Event: 34.616 GC heap before
{Heap before GC invocations=29 (full 0):
 garbage-first heap   total 227328K, used 113424K [0x0000000080000000, 0x0000000100000000)
  region size 1024K, 11 young (11264K), 2 survivors (2048K)
 Metaspace       used 93236K, capacity 95429K, committed 95600K, reserved 1132544K
  class space    used 11698K, capacity 12497K, committed 12620K, reserved 1048576K
}
Event: 34.623 GC heap after
{Heap after GC invocations=30 (full 0):
 garbage-first heap   total 227328K, used 96477K [0x0000000080000000, 0x0000000100000000)
  region size 1024K, 1 young (1024K), 1 survivors (1024K)
 Metaspace       used 93236K, capacity 95429K, committed 95600K, reserved 1132544K
  class space    used 11698K, capacity 12497K, committed 12620K, reserved 1048576K
}
Event: 36.610 GC heap before
{Heap before GC invocations=30 (full 0):
 garbage-first heap   total 227328K, used 154845K [0x0000000080000000, 0x0000000100000000)
  region size 1024K, 59 young (60416K), 1 survivors (1024K)
 Metaspace       used 94372K, capacity 96636K, committed 96880K, reserved 1134592K
  class space    used 11789K, capacity 12613K, committed 12620K, reserved 1048576K
}
Event: 36.619 GC heap after
{Heap after GC invocations=31 (full 0):
 garbage-first heap   total 227328K, used 100023K [0x0000000080000000, 0x0000000100000000)
  region size 1024K, 5 young (5120K), 5 survivors (5120K)
 Metaspace       used 94372K, capacity 96636K, committed 96880K, reserved 1134592K
  class space    used 11789K, capacity 12613K, committed 12620K, reserved 1048576K
}
Event: 37.658 GC heap before
{Heap before GC invocations=31 (full 0):
 garbage-first heap   total 227328K, used 160439K [0x0000000080000000, 0x0000000100000000)
  region size 1024K, 65 young (66560K), 5 survivors (5120K)
 Metaspace       used 97111K, capacity 99415K, committed 99568K, reserved 1136640K
  class space    used 12131K, capacity 12947K, committed 13004K, reserved 1048576K
}
Event: 37.674 GC heap after
{Heap after GC invocations=32 (full 0):
 garbage-first heap   total 227328K, used 102996K [0x0000000080000000, 0x0000000100000000)
  region size 1024K, 7 young (7168K), 7 survivors (7168K)
 Metaspace       used 97111K, capacity 99415K, committed 99568K, reserved 1136640K
  class space    used 12131K, capacity 12947K, committed 13004K, reserved 1048576K
}
Event: 38.764 GC heap before
{Heap before GC invocations=32 (full 0):
 garbage-first heap   total 227328K, used 165460K [0x0000000080000000, 0x0000000100000000)
  region size 1024K, 69 young (70656K), 7 survivors (7168K)
 Metaspace       used 98922K, capacity 101250K, committed 101360K, reserved 1138688K
  class space    used 12330K, capacity 13154K, committed 13260K, reserved 1048576K
}
Event: 38.785 GC heap after
{Heap after GC invocations=33 (full 0):
 garbage-first heap   total 227328K, used 107095K [0x0000000080000000, 0x0000000100000000)
  region size 1024K, 7 young (7168K), 7 survivors (7168K)
 Metaspace       used 98922K, capacity 101250K, committed 101360K, reserved 1138688K
  class space    used 12330K, capacity 13154K, committed 13260K, reserved 1048576K
}

Deoptimization events (20 events):
Event: 37.647 Thread 0x00000151133f4800 DEOPT PACKING pc=0x00000151083137dc sp=0x0000000f76cfaf00
Event: 37.647 Thread 0x00000151133f4800 DEOPT UNPACKING pc=0x000001510004a1af sp=0x0000000f76cfadd8 mode 2
Event: 37.647 Thread 0x00000151133f4800 Uncommon trap: trap_request=0xffffffd6 fr.pc=0x00000151083137dc relative=0x000000000000167c
Event: 37.647 Thread 0x00000151133f4800 Uncommon trap: reason=array_check action=maybe_recompile pc=0x00000151083137dc method=java.util.TimSort.reverseRange([Ljava/lang/Object;II)V @ 27 c2
Event: 37.647 Thread 0x00000151133f4800 DEOPT PACKING pc=0x00000151083137dc sp=0x0000000f76cfacb0
Event: 37.647 Thread 0x00000151133f4800 DEOPT UNPACKING pc=0x000001510004a1af sp=0x0000000f76cfab88 mode 2
Event: 38.136 Thread 0x00000151133f4800 Uncommon trap: trap_request=0xffffffd6 fr.pc=0x00000151082f8bf0 relative=0x0000000000000c90
Event: 38.137 Thread 0x00000151133f4800 Uncommon trap: reason=array_check action=maybe_recompile pc=0x00000151082f8bf0 method=com.google.common.collect.RegularImmutableMap.fromEntryArray(I[Ljava/util/Map$Entry;)Lcom/google/common/collect/ImmutableMap; @ 157 c2
Event: 38.137 Thread 0x00000151133f4800 DEOPT PACKING pc=0x00000151082f8bf0 sp=0x0000000f76cfa370
Event: 38.137 Thread 0x00000151133f4800 DEOPT UNPACKING pc=0x000001510004a1af sp=0x0000000f76cfa2c0 mode 2
Event: 38.281 Thread 0x0000015113048800 DEOPT PACKING pc=0x0000015100e308a4 sp=0x0000000f754fdce0
Event: 38.281 Thread 0x0000015113048800 DEOPT UNPACKING pc=0x000001510004a95e sp=0x0000000f754fd1a0 mode 0
Event: 38.707 Thread 0x00000151133f4800 Uncommon trap: trap_request=0xffffffd6 fr.pc=0x00000151082f8bf0 relative=0x0000000000000c90
Event: 38.707 Thread 0x00000151133f4800 Uncommon trap: reason=array_check action=maybe_recompile pc=0x00000151082f8bf0 method=com.google.common.collect.RegularImmutableMap.fromEntryArray(I[Ljava/util/Map$Entry;)Lcom/google/common/collect/ImmutableMap; @ 157 c2
Event: 38.707 Thread 0x00000151133f4800 DEOPT PACKING pc=0x00000151082f8bf0 sp=0x0000000f76cfbbd0
Event: 38.707 Thread 0x00000151133f4800 DEOPT UNPACKING pc=0x000001510004a1af sp=0x0000000f76cfbb28 mode 2
Event: 39.076 Thread 0x00000151133f4800 Uncommon trap: trap_request=0xffffffd6 fr.pc=0x00000151082f8bf0 relative=0x0000000000000c90
Event: 39.077 Thread 0x00000151133f4800 Uncommon trap: reason=array_check action=maybe_recompile pc=0x00000151082f8bf0 method=com.google.common.collect.RegularImmutableMap.fromEntryArray(I[Ljava/util/Map$Entry;)Lcom/google/common/collect/ImmutableMap; @ 157 c2
Event: 39.077 Thread 0x00000151133f4800 DEOPT PACKING pc=0x00000151082f8bf0 sp=0x0000000f76cfbf00
Event: 39.077 Thread 0x00000151133f4800 DEOPT UNPACKING pc=0x000001510004a1af sp=0x0000000f76cfbe58 mode 2

Classes redefined (0 events):
No events

Internal exceptions (20 events):
Event: 29.164 Thread 0x00000151133f6800 Exception <a 'java/lang/NoSuchMethodError'{0x000000008af96400}: <clinit>> (0x000000008af96400) thrown at [./src/hotspot/share/prims/jni.cpp, line 1365]
Event: 30.878 Thread 0x00000151133f6800 Implicit null exception at 0x0000015108146b8f to 0x000001510814bddc
Event: 31.042 Thread 0x00000151133f6800 Exception <a 'java/lang/NoSuchMethodError'{0x000000008dbb3318}: <clinit>> (0x000000008dbb3318) thrown at [./src/hotspot/share/prims/jni.cpp, line 1365]
Event: 31.111 Thread 0x00000151133f6800 Exception <a 'java/lang/NoSuchMethodError'{0x000000008d9c2810}: <clinit>> (0x000000008d9c2810) thrown at [./src/hotspot/share/prims/jni.cpp, line 1365]
Event: 31.171 Thread 0x00000151133f6800 Exception <a 'java/lang/NoSuchMethodError'{0x000000008d6e0b90}: <clinit>> (0x000000008d6e0b90) thrown at [./src/hotspot/share/prims/jni.cpp, line 1365]
Event: 34.451 Thread 0x00000151133f4800 Exception <a 'java/lang/NoSuchMethodError'{0x000000008d7a5178}: 'java.lang.Object java.lang.invoke.DirectMethodHandle$Holder.newInvokeSpecial(java.lang.Object, java.lang.Object, java.lang.Object, java.lang.Object)'> (0x000000008d7a5178) thrown at [./src/hotspot/share/interpreter/linkResolver.cpp, line 773]
Event: 35.841 Thread 0x00000151133f8800 Exception <a 'java/lang/NoSuchMethodError'{0x000000008be96e18}: <clinit>> (0x000000008be96e18) thrown at [./src/hotspot/share/prims/jni.cpp, line 1365]
Event: 35.841 Thread 0x00000151133f8800 Exception <a 'java/lang/NoSuchMethodError'{0x000000008be986c0}: <clinit>> (0x000000008be986c0) thrown at [./src/hotspot/share/prims/jni.cpp, line 1365]
Event: 35.841 Thread 0x00000151133f8800 Exception <a 'java/lang/NoSuchMethodError'{0x000000008be9b2c0}: <clinit>> (0x000000008be9b2c0) thrown at [./src/hotspot/share/prims/jni.cpp, line 1365]
Event: 35.843 Thread 0x00000151133f8800 Exception <a 'java/lang/NoSuchMethodError'{0x000000008beb3e98}: <clinit>> (0x000000008beb3e98) thrown at [./src/hotspot/share/prims/jni.cpp, line 1365]
Event: 35.843 Thread 0x00000151133f8800 Exception <a 'java/lang/NoSuchMethodError'{0x000000008beb50d0}: <clinit>> (0x000000008beb50d0) thrown at [./src/hotspot/share/prims/jni.cpp, line 1365]
Event: 36.745 Thread 0x00000151133f8800 Exception <a 'java/lang/NoSuchMethodError'{0x000000008daf19e8}: <clinit>> (0x000000008daf19e8) thrown at [./src/hotspot/share/prims/jni.cpp, line 1365]
Event: 36.748 Thread 0x00000151133f8800 Exception <a 'java/lang/NoSuchMethodError'{0x000000008d925f08}: <clinit>> (0x000000008d925f08) thrown at [./src/hotspot/share/prims/jni.cpp, line 1365]
Event: 36.749 Thread 0x00000151133f8800 Exception <a 'java/lang/NoSuchMethodError'{0x000000008d938ed0}: <clinit>> (0x000000008d938ed0) thrown at [./src/hotspot/share/prims/jni.cpp, line 1365]
Event: 37.584 Thread 0x00000151133f4800 Exception <a 'java/lang/NoSuchMethodError'{0x000000008a8fd860}: 'int java.lang.invoke.DirectMethodHandle$Holder.invokeSpecial(java.lang.Object, java.lang.Object, java.lang.Object, java.lang.Object, java.lang.Object)'> (0x000000008a8fd860) thrown at [./src/hotspot/share/interpreter/linkResolver.cpp, line 773]
Event: 38.749 Thread 0x00000151133f4000 Exception <a 'java/lang/NoSuchMethodError'{0x000000008a114540}: 'void java.lang.invoke.DirectMethodHandle$Holder.invokeStatic(java.lang.Object, long)'> (0x000000008a114540) thrown at [./src/hotspot/share/interpreter/linkResolver.cpp, line 773]
Event: 38.749 Thread 0x00000151133f4000 Exception <a 'java/lang/NoSuchMethodError'{0x000000008a119758}: 'java.lang.Object java.lang.invoke.DirectMethodHandle$Holder.invokeStatic(java.lang.Object, long)'> (0x000000008a119758) thrown at [./src/hotspot/share/interpreter/linkResolver.cpp, line 773]
Event: 38.754 Thread 0x00000151133f4000 Exception <a 'java/lang/NoSuchMethodError'{0x000000008a127ac0}: 'java.lang.Object java.lang.invoke.DirectMethodHandle$Holder.invokeStaticInit(java.lang.Object, java.lang.Object, long, java.lang.Object)'> (0x000000008a127ac0) thrown at [./src/hotspot/share/interpreter/linkResolver.cpp, line 773]
Event: 38.755 Thread 0x00000151133f4000 Exception <a 'java/lang/NoSuchMethodError'{0x000000008a12dc58}: 'java.lang.Object java.lang.invoke.DirectMethodHandle$Holder.invokeStatic(java.lang.Object, java.lang.Object, long)'> (0x000000008a12dc58) thrown at [./src/hotspot/share/interpreter/linkResolver.cpp, line 773]
Event: 38.756 Thread 0x00000151133f4000 Exception <a 'java/lang/NoSuchMethodError'{0x000000008a1341d0}: 'java.lang.Object java.lang.invoke.Invokers$Holder.linkToTargetMethod(java.lang.Object, long, java.lang.Object)'> (0x000000008a1341d0) thrown at [./src/hotspot/share/interpreter/linkResolver.cpp, line 773]

Events (20 events):
Event: 38.822 loading class com/android/utils/GrabProcessOutput$Wait
Event: 38.822 loading class com/android/utils/GrabProcessOutput$Wait done
Event: 38.823 loading class com/android/utils/GrabProcessOutput
Event: 38.823 loading class com/android/utils/GrabProcessOutput done
Event: 38.824 loading class com/android/utils/GrabProcessOutput$1
Event: 38.824 loading class com/android/utils/GrabProcessOutput$1 done
Event: 38.825 loading class com/android/utils/GrabProcessOutput$2
Event: 38.825 loading class com/android/utils/GrabProcessOutput$2 done
Event: 38.826 Thread 0x00000151133fb000 Thread added: 0x00000151133fb000
Event: 38.827 Thread 0x00000151133ff800 Thread added: 0x00000151133ff800
Event: 38.827 loading class com/google/common/util/concurrent/OverflowAvoidingLockSupport
Event: 38.827 loading class com/google/common/util/concurrent/OverflowAvoidingLockSupport done
Event: 38.832 Executing VM operation: RevokeBias
Event: 38.835 Executing VM operation: RevokeBias done
Event: 38.841 Executing VM operation: BulkRevokeBias
Event: 38.844 Executing VM operation: BulkRevokeBias done
Event: 39.053 loading class org/gradle/api/specs/Spec
Event: 39.053 loading class org/gradle/api/specs/Spec done
Event: 39.061 loading class com/android/build/gradle/internal/tasks/ValidateSigningTask$forceRerun$storeFile$1
Event: 39.061 loading class com/android/build/gradle/internal/tasks/ValidateSigningTask$forceRerun$storeFile$1 done


Dynamic libraries:
0x00007ff617560000 - 0x00007ff61756a000 	D:\Android Studio\jre\bin\java.exe
0x00007ffb7b570000 - 0x00007ffb7b768000 	C:\WINDOWS\SYSTEM32\ntdll.dll
0x00007ffb70de0000 - 0x00007ffb70df7000 	C:\Program Files\Avast Software\Avast\aswhook.dll
0x00007ffb7ab80000 - 0x00007ffb7ac3f000 	C:\WINDOWS\System32\KERNEL32.DLL
0x00007ffb78fb0000 - 0x00007ffb79282000 	C:\WINDOWS\System32\KERNELBASE.dll
0x00007ffb78ca0000 - 0x00007ffb78da0000 	C:\WINDOWS\System32\ucrtbase.dll
0x00007ffb745f0000 - 0x00007ffb74609000 	D:\Android Studio\jre\bin\jli.dll
0x00007ffb65e50000 - 0x00007ffb65e67000 	D:\Android Studio\jre\bin\VCRUNTIME140.dll
0x00007ffb7afe0000 - 0x00007ffb7b17d000 	C:\WINDOWS\System32\USER32.dll
0x00007ffb78c70000 - 0x00007ffb78c92000 	C:\WINDOWS\System32\win32u.dll
0x00007ffb56330000 - 0x00007ffb565ca000 	C:\WINDOWS\WinSxS\amd64_microsoft.windows.common-controls_6595b64144ccf1df_6.0.19041.1110_none_60b5254171f9507e\COMCTL32.dll
0x00007ffb7b180000 - 0x00007ffb7b1ab000 	C:\WINDOWS\System32\GDI32.dll
0x00007ffb7ad00000 - 0x00007ffb7ad9e000 	C:\WINDOWS\System32\msvcrt.dll
0x00007ffb78ea0000 - 0x00007ffb78faf000 	C:\WINDOWS\System32\gdi32full.dll
0x00007ffb793f0000 - 0x00007ffb7948d000 	C:\WINDOWS\System32\msvcp_win.dll
0x00007ffb7b4f0000 - 0x00007ffb7b522000 	C:\WINDOWS\System32\IMM32.DLL
0x00007ffb383b0000 - 0x00007ffb3844d000 	D:\Android Studio\jre\bin\msvcp140.dll
0x00007ffb0a440000 - 0x00007ffb0af25000 	D:\Android Studio\jre\bin\server\jvm.dll
0x00007ffb7ac40000 - 0x00007ffb7acee000 	C:\WINDOWS\System32\ADVAPI32.dll
0x00007ffb7a8d0000 - 0x00007ffb7a96c000 	C:\WINDOWS\System32\sechost.dll
0x00007ffb7b210000 - 0x00007ffb7b335000 	C:\WINDOWS\System32\RPCRT4.dll
0x00007ffb7b460000 - 0x00007ffb7b468000 	C:\WINDOWS\System32\PSAPI.DLL
0x00007ffb60500000 - 0x00007ffb60527000 	C:\WINDOWS\SYSTEM32\WINMM.dll
0x00007ffb6ac50000 - 0x00007ffb6ac5a000 	C:\WINDOWS\SYSTEM32\VERSION.dll
0x00007ffb65460000 - 0x00007ffb65469000 	C:\WINDOWS\SYSTEM32\WSOCK32.dll
0x00007ffb7b3f0000 - 0x00007ffb7b45b000 	C:\WINDOWS\System32\WS2_32.dll
0x00007ffb77800000 - 0x00007ffb77812000 	C:\WINDOWS\SYSTEM32\kernel.appcore.dll
0x00007ffb70050000 - 0x00007ffb70061000 	D:\Android Studio\jre\bin\verify.dll
0x00007ffb6a870000 - 0x00007ffb6aa54000 	C:\WINDOWS\SYSTEM32\DBGHELP.DLL
0x00007ffb6a840000 - 0x00007ffb6a86c000 	C:\WINDOWS\SYSTEM32\dbgcore.DLL
0x00007ffb78da0000 - 0x00007ffb78e22000 	C:\WINDOWS\System32\bcryptPrimitives.dll
0x00007ffb46a40000 - 0x00007ffb46a69000 	D:\Android Studio\jre\bin\java.dll
0x00007ffb70040000 - 0x00007ffb7004b000 	D:\Android Studio\jre\bin\jimage.dll
0x00007ffb57da0000 - 0x00007ffb57db8000 	D:\Android Studio\jre\bin\zip.dll
0x00007ffb795c0000 - 0x00007ffb79d03000 	C:\WINDOWS\System32\SHELL32.dll
0x00007ffb76b00000 - 0x00007ffb77292000 	C:\WINDOWS\SYSTEM32\windows.storage.dll
0x00007ffb7a1e0000 - 0x00007ffb7a534000 	C:\WINDOWS\System32\combase.dll
0x00007ffb78660000 - 0x00007ffb78690000 	C:\WINDOWS\SYSTEM32\Wldp.dll
0x00007ffb7aaa0000 - 0x00007ffb7ab4d000 	C:\WINDOWS\System32\SHCORE.dll
0x00007ffb7a540000 - 0x00007ffb7a595000 	C:\WINDOWS\System32\shlwapi.dll
0x00007ffb78bb0000 - 0x00007ffb78bcf000 	C:\WINDOWS\SYSTEM32\profapi.dll
0x00007ffb53650000 - 0x00007ffb5366a000 	D:\Android Studio\jre\bin\net.dll
0x00007ffb70110000 - 0x00007ffb7021c000 	C:\WINDOWS\SYSTEM32\WINHTTP.dll
0x00007ffb78340000 - 0x00007ffb783aa000 	C:\WINDOWS\system32\mswsock.dll
0x00007ffb531b0000 - 0x00007ffb531c4000 	D:\Android Studio\jre\bin\nio.dll
0x00007ffb45fb0000 - 0x00007ffb45fd7000 	C:\Users\LENOVO\Desktop\GRADLE\gradle-6.1.1\native\e1d6ef7f7dcc3fd88c89a11ec53ec762bb8ba0a96d01ffa2cd45eb1d1d8dd5c5\windows-amd64\native-platform.dll
0x00007ffb37bd0000 - 0x00007ffb37d14000 	C:\Users\LENOVO\Desktop\GRADLE\gradle-6.1.1\native\5664cfc778a61ccfe75a443a1ab52a65af34e5dc3c78e0209fed803814484fcb\windows-amd64\native-platform-file-events.dll
0x00007ffb74700000 - 0x00007ffb7470a000 	D:\Android Studio\jre\bin\management.dll
0x00007ffb74580000 - 0x00007ffb7458d000 	D:\Android Studio\jre\bin\management_ext.dll
0x00007ffb785a0000 - 0x00007ffb785b8000 	C:\WINDOWS\SYSTEM32\CRYPTSP.dll
0x00007ffb77c70000 - 0x00007ffb77ca4000 	C:\WINDOWS\system32\rsaenh.dll
0x00007ffb79490000 - 0x00007ffb794b7000 	C:\WINDOWS\System32\bcrypt.dll
0x00007ffb78b70000 - 0x00007ffb78b9e000 	C:\WINDOWS\SYSTEM32\USERENV.dll
0x00007ffb785c0000 - 0x00007ffb785cc000 	C:\WINDOWS\SYSTEM32\CRYPTBASE.dll
0x00007ffb78040000 - 0x00007ffb7807b000 	C:\WINDOWS\SYSTEM32\IPHLPAPI.DLL
0x00007ffb7ab70000 - 0x00007ffb7ab78000 	C:\WINDOWS\System32\NSI.dll
0x00007ffb70500000 - 0x00007ffb70517000 	C:\WINDOWS\SYSTEM32\dhcpcsvc6.DLL
0x00007ffb704e0000 - 0x00007ffb704fd000 	C:\WINDOWS\SYSTEM32\dhcpcsvc.DLL
0x00007ffb78080000 - 0x00007ffb7814a000 	C:\WINDOWS\SYSTEM32\DNSAPI.dll
0x00007ffb77d90000 - 0x00007ffb77dc3000 	C:\WINDOWS\SYSTEM32\ntmarta.dll

dbghelp: loaded successfully - version: 4.0.5 - missing functions: none
symbol engine: initialized successfully - sym options: 0x614 - pdb path: .;D:\Android Studio\jre\bin;C:\WINDOWS\SYSTEM32;C:\Program Files\Avast Software\Avast;C:\WINDOWS\WinSxS\amd64_microsoft.windows.common-controls_6595b64144ccf1df_6.0.19041.1110_none_60b5254171f9507e;D:\Android Studio\jre\bin\server;C:\Users\LENOVO\Desktop\GRADLE\gradle-6.1.1\native\e1d6ef7f7dcc3fd88c89a11ec53ec762bb8ba0a96d01ffa2cd45eb1d1d8dd5c5\windows-amd64;C:\Users\LENOVO\Desktop\GRADLE\gradle-6.1.1\native\5664cfc778a61ccfe75a443a1ab52a65af34e5dc3c78e0209fed803814484fcb\windows-amd64

VM Arguments:
jvm_args: --add-opens=java.base/java.util=ALL-UNNAMED --add-opens=java.base/java.lang=ALL-UNNAMED --add-opens=java.base/java.lang.invoke=ALL-UNNAMED --add-opens=java.base/java.util=ALL-UNNAMED --add-opens=java.prefs/java.util.prefs=ALL-UNNAMED --add-opens=java.prefs/java.util.prefs=ALL-UNNAMED --add-opens=java.base/java.nio.charset=ALL-UNNAMED --add-opens=java.base/java.net=ALL-UNNAMED --add-opens=java.base/java.util.concurrent.atomic=ALL-UNNAMED -Xmx2048m -Dfile.encoding=UTF-8 -Duser.country=FR -Duser.language=fr -Duser.variant 
java_command: org.gradle.launcher.daemon.bootstrap.GradleDaemon 7.3.3
java_class_path (initial): C:\Users\LENOVO\Desktop\GRADLE\gradle-6.1.1\wrapper\dists\gradle-7.3.3-bin\6a41zxkdtcxs8rphpq6y0069z\gradle-7.3.3\lib\gradle-launcher-7.3.3.jar
Launcher Type: SUN_STANDARD

[Global flags]
     intx CICompilerCount                          = 3                                         {product} {ergonomic}
     uint ConcGCThreads                            = 1                                         {product} {ergonomic}
     uint G1ConcRefinementThreads                  = 4                                         {product} {ergonomic}
   size_t G1HeapRegionSize                         = 1048576                                   {product} {ergonomic}
    uintx GCDrainStackTargetSize                   = 64                                        {product} {ergonomic}
   size_t InitialHeapSize                          = 134217728                                 {product} {ergonomic}
   size_t MarkStackSize                            = 4194304                                   {product} {ergonomic}
   size_t MaxHeapSize                              = 2147483648                                {product} {command line}
   size_t MaxNewSize                               = 1287651328                                {product} {ergonomic}
   size_t MinHeapDeltaBytes                        = 1048576                                   {product} {ergonomic}
    uintx NonNMethodCodeHeapSize                   = 5830732                                {pd product} {ergonomic}
    uintx NonProfiledCodeHeapSize                  = 122913754                              {pd product} {ergonomic}
    uintx ProfiledCodeHeapSize                     = 122913754                              {pd product} {ergonomic}
    uintx ReservedCodeCacheSize                    = 251658240                              {pd product} {ergonomic}
     bool SegmentedCodeCache                       = true                                      {product} {ergonomic}
     bool UseCompressedClassPointers               = true                                 {lp64_product} {ergonomic}
     bool UseCompressedOops                        = true                                 {lp64_product} {ergonomic}
     bool UseG1GC                                  = true                                      {product} {ergonomic}
     bool UseLargePagesIndividualAllocation        = false                                  {pd product} {ergonomic}

Logging:
Log output configuration:
 #0: stdout all=warning uptime,level,tags
 #1: stderr all=off uptime,level,tags

Environment Variables:
PATH=C:\Program Files\Eclipse Foundation\jdk-8.0.302.8-hotspot\bin;C:\Program Files\Microsoft\jdk-11.0.12.7-hotspot\bin;D:\flutter vs dart\dart-sdk\bin;C:\Program Files (x86)\Common Files\Intel\Shared Libraries\redist\intel64_win\compiler;C:\ProgramData\Oracle\Java\javapath;C:\WINDOWS\system32;C:\WINDOWS;C:\WINDOWS\System32\Wbem;C:\WINDOWS\System32\WindowsPowerShell\v1.0\;C:\WINDOWS\System32\OpenSSH\;C:\Users\LENOVO\.dnx\bin;C:\Program Files\Microsoft DNX\Dnvm\;C:\Program Files\Microsoft SQL Server\120\Tools\Binn\;C:\Users\LENOVO\Desktop\Programme Java\jdk-17.0.1\bin\;D:\Dart\dart-sdk\bin;C:\Program Files (x86)\Microsoft SQL Server\150\Tools\Binn\;C:\Program Files\Microsoft SQL Server\150\Tools\Binn\;C:\Program Files (x86)\Microsoft SQL Server\150\DTS\Binn\;C:\Program Files\Microsoft SQL Server\150\DTS\Binn\;C:\Program Files\Microsoft SQL Server\Client SDK\ODBC\170\Tools\Binn\;C:\Program Files\Azure Data Studio\bin;D:\flutter vs dart\flutter\bin;C:\Program Files\dotnet\;C:\ProgramData\chocolatey\bin;C:\sqlite;D:\php-8\php-8.1.9-src;C:\Program Files\Git\cmd;C:\Program Files\nodejs\;C:\Users\LENOVO\.dotnet\tools;C:\Users\LENOVO\.dotnet\tools;D:\visual studio code\Microsoft VS Code\bin;D:\;C:\Users\LENOVO\Downloads\android\platform-tools;D:\Intellij Idea\IntelliJ IDEA Community Edition 2022.2.2\bin;D:\Android Studio\jre\bin;C:\Program Files\Java\jdk1.8.0_341\bin;C:\Program Files\Java\jre1.8.0_341;C:\Program Files\Microsoft\jdk-11.0.12.7-hotspot\bin\server;C:\Spring boot\spring-2.7.3\bin;D:\Intellij Idea\IntelliJ IDEA 2022.2.2\bin;D:\PhpStorm\PhpStorm 2022.2.1\bin;C:\Users\LENOVO\AppData\Roaming\npm
USERNAME=LENOVO
OS=Windows_NT
PROCESSOR_IDENTIFIER=Intel64 Family 6 Model 142 Stepping 9, GenuineIntel



---------------  S Y S T E M  ---------------

OS: Windows 10 , 64 bit Build 19041 (10.0.19041.2251)
OS uptime: 2 days 5:46 hours

CPU:total 4 (initial active 4) (2 cores per cpu, 2 threads per core) family 6 model 142 stepping 9 microcode 0xb4, cmov, cx8, fxsr, mmx, sse, sse2, sse3, ssse3, sse4.1, sse4.2, popcnt, avx, avx2, aes, clmul, erms, 3dnowpref, lzcnt, ht, tsc, tscinvbit, bmi1, bmi2, adx, fma

Memory: 4k page, system-wide physical 8073M (531M free)
TotalPageFile size 13073M (AvailPageFile size 9M)
current process WorkingSet (physical memory assigned to process): 515M, peak: 520M
current process commit charge ("private bytes"): 543M, peak: 547M

vm_info: OpenJDK 64-Bit Server VM (11.0.12+7-b1504.28-7817840) for windows-amd64 JRE (11.0.12+7-b1504.28-7817840), built on Oct 13 2021 22:12:33 by "builder" with MS VC++ 14.0 (VS2015)

END.
