#
# There is insufficient memory for the Java Runtime Environment to continue.
# Native memory allocation (malloc) failed to allocate 1101136 bytes for Chunk::new
# Possible reasons:
#   The system is out of physical RAM or swap space
#   The process is running with CompressedOops enabled, and the Java Heap may be blocking the growth of the native heap
# Possible solutions:
#   Reduce memory load on the system
#   Increase physical memory or swap space
#   Check if swap backing store is full
#   Decrease Java heap size (-Xmx/-Xms)
#   Decrease number of Java threads
#   Decrease Java thread stack sizes (-Xss)
#   Set larger code cache with -XX:ReservedCodeCacheSize=
#   JVM is running with Unscaled Compressed Oops mode in which the Java heap is
#     placed in the first 4GB address space. The Java Heap base address is the
#     maximum limit for the native heap growth. Please use -XX:HeapBaseMinAddress
#     to set the Java Heap base and to place the Java Heap above 4GB virtual address.
# This output file may be truncated or incomplete.
#
#  Out of Memory Error (./src/hotspot/share/memory/arena.cpp:197), pid=12908, tid=16492
#
# JRE version: OpenJDK Runtime Environment (11.0.12+7) (build 11.0.12+7-b1504.28-7817840)
# Java VM: OpenJDK 64-Bit Server VM (11.0.12+7-b1504.28-7817840, mixed mode, tiered, compressed oops, g1 gc, windows-amd64)
# No core dump will be written. Minidumps are not enabled by default on client versions of Windows
#

---------------  S U M M A R Y ------------

Command Line: --add-opens=java.base/java.util=ALL-UNNAMED --add-opens=java.base/java.lang=ALL-UNNAMED --add-opens=java.base/java.lang.invoke=ALL-UNNAMED --add-opens=java.base/java.util=ALL-UNNAMED --add-opens=java.prefs/java.util.prefs=ALL-UNNAMED --add-opens=java.prefs/java.util.prefs=ALL-UNNAMED --add-opens=java.base/java.nio.charset=ALL-UNNAMED --add-opens=java.base/java.net=ALL-UNNAMED --add-opens=java.base/java.util.concurrent.atomic=ALL-UNNAMED -Xmx2048m -Dfile.encoding=UTF-8 -Duser.country=FR -Duser.language=fr -Duser.variant org.gradle.launcher.daemon.bootstrap.GradleDaemon 7.3.3

Host: Intel(R) Core(TM) i3-7100U CPU @ 2.40GHz, 4 cores, 11G,  Windows 10 , 64 bit Build 19041 (10.0.19041.2251)
Time: Thu Dec  8 10:12:35 2022 Temps universel coordonné elapsed time: 55.157050 seconds (0d 0h 0m 55s)

---------------  T H R E A D  ---------------

Current thread (0x0000018c7aabb800):  JavaThread "C2 CompilerThread1" daemon [_thread_in_native, id=16492, stack(0x0000003d02600000,0x0000003d02700000)]


Current CompileTask:
C2:  55157 3728       4       java.lang.ClassLoader::defineClass (43 bytes)

Stack: [0x0000003d02600000,0x0000003d02700000]
Native frames: (J=compiled Java code, j=interpreted, Vv=VM code, C=native code)
V  [jvm.dll+0x5fbcea]
V  [jvm.dll+0x731905]
V  [jvm.dll+0x732f1d]
V  [jvm.dll+0x7335d3]
V  [jvm.dll+0x247bf8]
V  [jvm.dll+0xc018c]
V  [jvm.dll+0xc06cc]
V  [jvm.dll+0x35b31d]
V  [jvm.dll+0x328803]
V  [jvm.dll+0x327cfa]
V  [jvm.dll+0x200602]
V  [jvm.dll+0x1ff794]
V  [jvm.dll+0x18868c]
V  [jvm.dll+0x20e0d7]
V  [jvm.dll+0x20c901]
V  [jvm.dll+0x6f9b7f]
V  [jvm.dll+0x6f26a5]
V  [jvm.dll+0x5fabf6]
C  [ucrtbase.dll+0x21bb2]
C  [KERNEL32.DLL+0x174b4]
C  [ntdll.dll+0x526a1]


---------------  P R O C E S S  ---------------

Threads class SMR info:
_java_thread_list=0x0000018c78a771d0, length=36, elements={
0x0000018c59065000, 0x0000018c74be5000, 0x0000018c74be6800, 0x0000018c75457800,
0x0000018c75458800, 0x0000018c7545d000, 0x0000018c75464000, 0x0000018c75466000,
0x0000018c75469000, 0x0000018c755cf800, 0x0000018c76e07000, 0x0000018c7915f000,
0x0000018c77cfc000, 0x0000018c775d5800, 0x0000018c782af800, 0x0000018c767bf800,
0x0000018c77bc4800, 0x0000018c75f43800, 0x0000018c77da5000, 0x0000018c78a14000,
0x0000018c78a12800, 0x0000018c78a13800, 0x0000018c78a11000, 0x0000018c78a10000,
0x0000018c78a15000, 0x0000018c78a16000, 0x0000018c78a16800, 0x0000018c78a12000,
0x0000018c7aab8800, 0x0000018c7aabb000, 0x0000018c7aabb800, 0x0000018c7aabe000,
0x0000018c7aabc800, 0x0000018c7aabf000, 0x0000018c7aac3000, 0x0000018c7aac4000
}

Java Threads: ( => current thread )
  0x0000018c59065000 JavaThread "main" [_thread_blocked, id=18412, stack(0x0000003d7fe00000,0x0000003d7ff00000)]
  0x0000018c74be5000 JavaThread "Reference Handler" daemon [_thread_blocked, id=18436, stack(0x0000003d00500000,0x0000003d00600000)]
  0x0000018c74be6800 JavaThread "Finalizer" daemon [_thread_blocked, id=1592, stack(0x0000003d00600000,0x0000003d00700000)]
  0x0000018c75457800 JavaThread "Signal Dispatcher" daemon [_thread_blocked, id=8912, stack(0x0000003d00700000,0x0000003d00800000)]
  0x0000018c75458800 JavaThread "Attach Listener" daemon [_thread_blocked, id=17272, stack(0x0000003d00800000,0x0000003d00900000)]
  0x0000018c7545d000 JavaThread "Service Thread" daemon [_thread_blocked, id=18132, stack(0x0000003d00900000,0x0000003d00a00000)]
  0x0000018c75464000 JavaThread "C2 CompilerThread0" daemon [_thread_in_native, id=17000, stack(0x0000003d00a00000,0x0000003d00b00000)]
  0x0000018c75466000 JavaThread "C1 CompilerThread0" daemon [_thread_blocked, id=15032, stack(0x0000003d00b00000,0x0000003d00c00000)]
  0x0000018c75469000 JavaThread "Sweeper thread" daemon [_thread_blocked, id=17776, stack(0x0000003d00c00000,0x0000003d00d00000)]
  0x0000018c755cf800 JavaThread "Common-Cleaner" daemon [_thread_blocked, id=14600, stack(0x0000003d00d00000,0x0000003d00e00000)]
  0x0000018c76e07000 JavaThread "Daemon health stats" [_thread_blocked, id=18756, stack(0x0000003d01300000,0x0000003d01400000)]
  0x0000018c7915f000 JavaThread "Incoming local TCP Connector on port 1127" [_thread_in_native, id=7768, stack(0x0000003d01200000,0x0000003d01300000)]
  0x0000018c77cfc000 JavaThread "Daemon periodic checks" [_thread_blocked, id=32, stack(0x0000003d01400000,0x0000003d01500000)]
  0x0000018c775d5800 JavaThread "Daemon" [_thread_blocked, id=14384, stack(0x0000003d01500000,0x0000003d01600000)]
  0x0000018c782af800 JavaThread "Handler for socket connection from /127.0.0.1:1127 to /127.0.0.1:1128" [_thread_in_native, id=5364, stack(0x0000003d01600000,0x0000003d01700000)]
  0x0000018c767bf800 JavaThread "Cancel handler" [_thread_blocked, id=15956, stack(0x0000003d01700000,0x0000003d01800000)]
  0x0000018c77bc4800 JavaThread "Daemon worker" [_thread_in_native, id=18200, stack(0x0000003d01800000,0x0000003d01900000)]
  0x0000018c75f43800 JavaThread "Asynchronous log dispatcher for DefaultDaemonConnection: socket connection from /127.0.0.1:1127 to /127.0.0.1:1128" [_thread_blocked, id=19228, stack(0x0000003d01900000,0x0000003d01a00000)]
  0x0000018c77da5000 JavaThread "Stdin handler" [_thread_blocked, id=16608, stack(0x0000003d01a00000,0x0000003d01b00000)]
  0x0000018c78a14000 JavaThread "Daemon client event forwarder" [_thread_blocked, id=17720, stack(0x0000003d01b00000,0x0000003d01c00000)]
  0x0000018c78a12800 JavaThread "Cache worker for journal cache (C:\Users\LENOVO\Desktop\GRADLE\gradle-6.1.1\caches\journal-1)" [_thread_blocked, id=18056, stack(0x0000003d01c00000,0x0000003d01d00000)]
  0x0000018c78a13800 JavaThread "File lock request listener" [_thread_in_native, id=16632, stack(0x0000003d01d00000,0x0000003d01e00000)]
  0x0000018c78a11000 JavaThread "Cache worker for file hash cache (C:\Users\LENOVO\Desktop\GRADLE\gradle-6.1.1\caches\7.3.3\fileHashes)" [_thread_blocked, id=9764, stack(0x0000003d01e00000,0x0000003d01f00000)]
  0x0000018c78a10000 JavaThread "Cache worker for file hash cache (D:\Program Files\Grafco3\.gradle\7.3.3\fileHashes)" [_thread_blocked, id=17572, stack(0x0000003d02000000,0x0000003d02100000)]
  0x0000018c78a15000 JavaThread "File watcher server" daemon [_thread_in_native, id=18428, stack(0x0000003d02100000,0x0000003d02200000)]
  0x0000018c78a16000 JavaThread "File watcher consumer" daemon [_thread_blocked, id=13668, stack(0x0000003d02200000,0x0000003d02300000)]
  0x0000018c78a16800 JavaThread "Cache worker for checksums cache (D:\Program Files\Grafco3\.gradle\7.3.3\checksums)" [_thread_blocked, id=13592, stack(0x0000003d01f00000,0x0000003d02000000)]
  0x0000018c78a12000 JavaThread "Cache worker for cache directory md-supplier (C:\Users\LENOVO\Desktop\GRADLE\gradle-6.1.1\caches\7.3.3\md-supplier)" [_thread_blocked, id=10996, stack(0x0000003d02300000,0x0000003d02400000)]
  0x0000018c7aab8800 JavaThread "Cache worker for cache directory md-rule (C:\Users\LENOVO\Desktop\GRADLE\gradle-6.1.1\caches\7.3.3\md-rule)" [_thread_blocked, id=11868, stack(0x0000003d02400000,0x0000003d02500000)]
  0x0000018c7aabb000 JavaThread "Cache worker for execution history cache (C:\Users\LENOVO\Desktop\GRADLE\gradle-6.1.1\caches\7.3.3\executionHistory)" [_thread_blocked, id=17600, stack(0x0000003d02500000,0x0000003d02600000)]
=>0x0000018c7aabb800 JavaThread "C2 CompilerThread1" daemon [_thread_in_native, id=16492, stack(0x0000003d02600000,0x0000003d02700000)]
  0x0000018c7aabe000 JavaThread "jar transforms" [_thread_blocked, id=12976, stack(0x0000003d02700000,0x0000003d02800000)]
  0x0000018c7aabc800 JavaThread "Cache worker for file content cache (C:\Users\LENOVO\Desktop\GRADLE\gradle-6.1.1\caches\7.3.3\fileContent)" [_thread_blocked, id=10584, stack(0x0000003d02800000,0x0000003d02900000)]
  0x0000018c7aabf000 JavaThread "jar transforms Thread 2" [_thread_blocked, id=15556, stack(0x0000003d02900000,0x0000003d02a00000)]
  0x0000018c7aac3000 JavaThread "Cache worker for dependencies-accessors (D:\Program Files\Grafco3\.gradle\7.3.3\dependencies-accessors)" [_thread_blocked, id=14756, stack(0x0000003d02a00000,0x0000003d02b00000)]
  0x0000018c7aac4000 JavaThread "jar transforms Thread 3" [_thread_blocked, id=12740, stack(0x0000003d02b00000,0x0000003d02c00000)]

Other Threads:
  0x0000018c75403800 VMThread "VM Thread" [stack: 0x0000003d00400000,0x0000003d00500000] [id=8956]
  0x0000018c755d5000 WatcherThread [stack: 0x0000003d00e00000,0x0000003d00f00000] [id=18104]
  0x0000018c5907e000 GCTaskThread "GC Thread#0" [stack: 0x0000003d7ff00000,0x0000003d80000000] [id=14660]
  0x0000018c75d39000 GCTaskThread "GC Thread#1" [stack: 0x0000003d00f00000,0x0000003d01000000] [id=1812]
  0x0000018c75a2a800 GCTaskThread "GC Thread#2" [stack: 0x0000003d01000000,0x0000003d01100000] [id=11340]
  0x0000018c75a2c000 GCTaskThread "GC Thread#3" [stack: 0x0000003d01100000,0x0000003d01200000] [id=3184]
  0x0000018c590ad800 ConcurrentGCThread "G1 Main Marker" [stack: 0x0000003d00000000,0x0000003d00100000] [id=732]
  0x0000018c590af000 ConcurrentGCThread "G1 Conc#0" [stack: 0x0000003d00100000,0x0000003d00200000] [id=14580]
  0x0000018c74a38800 ConcurrentGCThread "G1 Refine#0" [stack: 0x0000003d00200000,0x0000003d00300000] [id=17320]
  0x0000018c5913d800 ConcurrentGCThread "G1 Young RemSet Sampling" [stack: 0x0000003d00300000,0x0000003d00400000] [id=12536]

Threads with active compile tasks:
C2 CompilerThread0  56196 3864   !   4       java.util.concurrent.ConcurrentHashMap::computeIfAbsent (576 bytes)
C2 CompilerThread1  56196 3728       4       java.lang.ClassLoader::defineClass (43 bytes)

VM state:not at safepoint (normal execution)

VM Mutex/Monitor currently owned by a thread: None

Heap address: 0x0000000080000000, size: 2048 MB, Compressed Oops mode: 32-bit
Narrow klass base: 0x0000000000000000, Narrow klass shift: 3
Compressed class space size: 1073741824 Address: 0x0000000100000000

Heap:
 garbage-first heap   total 196608K, used 42418K [0x0000000080000000, 0x0000000100000000)
  region size 1024K, 27 young (27648K), 13 survivors (13312K)
 Metaspace       used 44678K, capacity 45679K, committed 45852K, reserved 1089536K
  class space    used 5696K, capacity 6059K, committed 6092K, reserved 1048576K
Heap Regions: E=young(eden), S=young(survivor), O=old, HS=humongous(starts), HC=humongous(continues), CS=collection set, F=free, A=archive, TAMS=top-at-mark-start (previous, next)
|   0|0x0000000080000000, 0x0000000080100000, 0x0000000080100000|100%|HS|  |TAMS 0x0000000080100000, 0x0000000080000000| Complete 
|   1|0x0000000080100000, 0x0000000080200000, 0x0000000080200000|100%|HC|  |TAMS 0x0000000080200000, 0x0000000080100000| Complete 
|   2|0x0000000080200000, 0x0000000080300000, 0x0000000080300000|100%|HC|  |TAMS 0x0000000080300000, 0x0000000080200000| Complete 
|   3|0x0000000080300000, 0x0000000080400000, 0x0000000080400000|100%| O|  |TAMS 0x0000000080400000, 0x0000000080300000| Untracked 
|   4|0x0000000080400000, 0x0000000080500000, 0x0000000080500000|100%| O|  |TAMS 0x0000000080500000, 0x0000000080400000| Untracked 
|   5|0x0000000080500000, 0x0000000080600000, 0x0000000080600000|100%| O|  |TAMS 0x0000000080600000, 0x0000000080500000| Untracked 
|   6|0x0000000080600000, 0x0000000080700000, 0x0000000080700000|100%| O|  |TAMS 0x0000000080700000, 0x0000000080600000| Untracked 
|   7|0x0000000080700000, 0x0000000080800000, 0x0000000080800000|100%| O|  |TAMS 0x0000000080800000, 0x0000000080700000| Untracked 
|   8|0x0000000080800000, 0x0000000080900000, 0x0000000080900000|100%| O|  |TAMS 0x0000000080900000, 0x0000000080800000| Untracked 
|   9|0x0000000080900000, 0x0000000080a00000, 0x0000000080a00000|100%| O|  |TAMS 0x0000000080a00000, 0x0000000080900000| Untracked 
|  10|0x0000000080a00000, 0x0000000080b00000, 0x0000000080b00000|100%| O|  |TAMS 0x0000000080b00000, 0x0000000080a00000| Untracked 
|  11|0x0000000080b00000, 0x0000000080c00000, 0x0000000080c00000|100%| O|  |TAMS 0x0000000080c00000, 0x0000000080b00000| Untracked 
|  12|0x0000000080c00000, 0x0000000080d00000, 0x0000000080d00000|100%| O|  |TAMS 0x0000000080d00000, 0x0000000080c00000| Untracked 
|  13|0x0000000080d00000, 0x0000000080e00000, 0x0000000080e00000|100%| O|  |TAMS 0x0000000080e00000, 0x0000000080d00000| Untracked 
|  14|0x0000000080e00000, 0x0000000080f00000, 0x0000000080f00000|100%| O|  |TAMS 0x0000000080f00000, 0x0000000080e00000| Untracked 
|  15|0x0000000080f00000, 0x0000000080fb5200, 0x0000000081000000| 70%| O|  |TAMS 0x0000000080fb5200, 0x0000000080f00000| Untracked 
|  16|0x0000000081000000, 0x0000000081000000, 0x0000000081100000|  0%| F|  |TAMS 0x0000000081000000, 0x0000000081000000| Untracked 
|  17|0x0000000081100000, 0x0000000081100000, 0x0000000081200000|  0%| F|  |TAMS 0x0000000081100000, 0x0000000081100000| Untracked 
|  18|0x0000000081200000, 0x0000000081200000, 0x0000000081300000|  0%| F|  |TAMS 0x0000000081200000, 0x0000000081200000| Untracked 
|  19|0x0000000081300000, 0x0000000081300000, 0x0000000081400000|  0%| F|  |TAMS 0x0000000081300000, 0x0000000081300000| Untracked 
|  20|0x0000000081400000, 0x0000000081400000, 0x0000000081500000|  0%| F|  |TAMS 0x0000000081400000, 0x0000000081400000| Untracked 
|  21|0x0000000081500000, 0x0000000081500000, 0x0000000081600000|  0%| F|  |TAMS 0x0000000081500000, 0x0000000081500000| Untracked 
|  22|0x0000000081600000, 0x0000000081600000, 0x0000000081700000|  0%| F|  |TAMS 0x0000000081600000, 0x0000000081600000| Untracked 
|  23|0x0000000081700000, 0x0000000081700000, 0x0000000081800000|  0%| F|  |TAMS 0x0000000081700000, 0x0000000081700000| Untracked 
|  24|0x0000000081800000, 0x0000000081800000, 0x0000000081900000|  0%| F|  |TAMS 0x0000000081800000, 0x0000000081800000| Untracked 
|  25|0x0000000081900000, 0x0000000081900000, 0x0000000081a00000|  0%| F|  |TAMS 0x0000000081900000, 0x0000000081900000| Untracked 
|  26|0x0000000081a00000, 0x0000000081a00000, 0x0000000081b00000|  0%| F|  |TAMS 0x0000000081a00000, 0x0000000081a00000| Untracked 
|  27|0x0000000081b00000, 0x0000000081b00000, 0x0000000081c00000|  0%| F|  |TAMS 0x0000000081b00000, 0x0000000081b00000| Untracked 
|  28|0x0000000081c00000, 0x0000000081c00000, 0x0000000081d00000|  0%| F|  |TAMS 0x0000000081c00000, 0x0000000081c00000| Untracked 
|  29|0x0000000081d00000, 0x0000000081d00000, 0x0000000081e00000|  0%| F|  |TAMS 0x0000000081d00000, 0x0000000081d00000| Untracked 
|  30|0x0000000081e00000, 0x0000000081e00000, 0x0000000081f00000|  0%| F|  |TAMS 0x0000000081e00000, 0x0000000081e00000| Untracked 
|  31|0x0000000081f00000, 0x0000000081f00000, 0x0000000082000000|  0%| F|  |TAMS 0x0000000081f00000, 0x0000000081f00000| Untracked 
|  32|0x0000000082000000, 0x0000000082000000, 0x0000000082100000|  0%| F|  |TAMS 0x0000000082000000, 0x0000000082000000| Untracked 
|  33|0x0000000082100000, 0x0000000082100000, 0x0000000082200000|  0%| F|  |TAMS 0x0000000082100000, 0x0000000082100000| Untracked 
|  34|0x0000000082200000, 0x0000000082200000, 0x0000000082300000|  0%| F|  |TAMS 0x0000000082200000, 0x0000000082200000| Untracked 
|  35|0x0000000082300000, 0x0000000082300000, 0x0000000082400000|  0%| F|  |TAMS 0x0000000082300000, 0x0000000082300000| Untracked 
|  36|0x0000000082400000, 0x0000000082400000, 0x0000000082500000|  0%| F|  |TAMS 0x0000000082400000, 0x0000000082400000| Untracked 
|  37|0x0000000082500000, 0x0000000082500000, 0x0000000082600000|  0%| F|  |TAMS 0x0000000082500000, 0x0000000082500000| Untracked 
|  38|0x0000000082600000, 0x0000000082600000, 0x0000000082700000|  0%| F|  |TAMS 0x0000000082600000, 0x0000000082600000| Untracked 
|  39|0x0000000082700000, 0x0000000082700000, 0x0000000082800000|  0%| F|  |TAMS 0x0000000082700000, 0x0000000082700000| Untracked 
|  40|0x0000000082800000, 0x0000000082800000, 0x0000000082900000|  0%| F|  |TAMS 0x0000000082800000, 0x0000000082800000| Untracked 
|  41|0x0000000082900000, 0x0000000082900000, 0x0000000082a00000|  0%| F|  |TAMS 0x0000000082900000, 0x0000000082900000| Untracked 
|  42|0x0000000082a00000, 0x0000000082a00000, 0x0000000082b00000|  0%| F|  |TAMS 0x0000000082a00000, 0x0000000082a00000| Untracked 
|  43|0x0000000082b00000, 0x0000000082b00000, 0x0000000082c00000|  0%| F|  |TAMS 0x0000000082b00000, 0x0000000082b00000| Untracked 
|  44|0x0000000082c00000, 0x0000000082c00000, 0x0000000082d00000|  0%| F|  |TAMS 0x0000000082c00000, 0x0000000082c00000| Untracked 
|  45|0x0000000082d00000, 0x0000000082d00000, 0x0000000082e00000|  0%| F|  |TAMS 0x0000000082d00000, 0x0000000082d00000| Untracked 
|  46|0x0000000082e00000, 0x0000000082e00000, 0x0000000082f00000|  0%| F|  |TAMS 0x0000000082e00000, 0x0000000082e00000| Untracked 
|  47|0x0000000082f00000, 0x0000000082f00000, 0x0000000083000000|  0%| F|  |TAMS 0x0000000082f00000, 0x0000000082f00000| Untracked 
|  48|0x0000000083000000, 0x0000000083000000, 0x0000000083100000|  0%| F|  |TAMS 0x0000000083000000, 0x0000000083000000| Untracked 
|  49|0x0000000083100000, 0x0000000083100000, 0x0000000083200000|  0%| F|  |TAMS 0x0000000083100000, 0x0000000083100000| Untracked 
|  50|0x0000000083200000, 0x0000000083200000, 0x0000000083300000|  0%| F|  |TAMS 0x0000000083200000, 0x0000000083200000| Untracked 
|  51|0x0000000083300000, 0x0000000083300000, 0x0000000083400000|  0%| F|  |TAMS 0x0000000083300000, 0x0000000083300000| Untracked 
|  52|0x0000000083400000, 0x0000000083400000, 0x0000000083500000|  0%| F|  |TAMS 0x0000000083400000, 0x0000000083400000| Untracked 
|  53|0x0000000083500000, 0x0000000083500000, 0x0000000083600000|  0%| F|  |TAMS 0x0000000083500000, 0x0000000083500000| Untracked 
|  54|0x0000000083600000, 0x0000000083600000, 0x0000000083700000|  0%| F|  |TAMS 0x0000000083600000, 0x0000000083600000| Untracked 
|  55|0x0000000083700000, 0x0000000083700000, 0x0000000083800000|  0%| F|  |TAMS 0x0000000083700000, 0x0000000083700000| Untracked 
|  56|0x0000000083800000, 0x0000000083800000, 0x0000000083900000|  0%| F|  |TAMS 0x0000000083800000, 0x0000000083800000| Untracked 
|  57|0x0000000083900000, 0x0000000083900000, 0x0000000083a00000|  0%| F|  |TAMS 0x0000000083900000, 0x0000000083900000| Untracked 
|  58|0x0000000083a00000, 0x0000000083a00000, 0x0000000083b00000|  0%| F|  |TAMS 0x0000000083a00000, 0x0000000083a00000| Untracked 
|  59|0x0000000083b00000, 0x0000000083b00000, 0x0000000083c00000|  0%| F|  |TAMS 0x0000000083b00000, 0x0000000083b00000| Untracked 
|  60|0x0000000083c00000, 0x0000000083c00000, 0x0000000083d00000|  0%| F|  |TAMS 0x0000000083c00000, 0x0000000083c00000| Untracked 
|  61|0x0000000083d00000, 0x0000000083d00000, 0x0000000083e00000|  0%| F|  |TAMS 0x0000000083d00000, 0x0000000083d00000| Untracked 
|  62|0x0000000083e00000, 0x0000000083e00000, 0x0000000083f00000|  0%| F|  |TAMS 0x0000000083e00000, 0x0000000083e00000| Untracked 
|  63|0x0000000083f00000, 0x0000000083f00000, 0x0000000084000000|  0%| F|  |TAMS 0x0000000083f00000, 0x0000000083f00000| Untracked 
|  64|0x0000000084000000, 0x0000000084000000, 0x0000000084100000|  0%| F|  |TAMS 0x0000000084000000, 0x0000000084000000| Untracked 
|  65|0x0000000084100000, 0x0000000084100000, 0x0000000084200000|  0%| F|  |TAMS 0x0000000084100000, 0x0000000084100000| Untracked 
|  66|0x0000000084200000, 0x0000000084200000, 0x0000000084300000|  0%| F|  |TAMS 0x0000000084200000, 0x0000000084200000| Untracked 
|  67|0x0000000084300000, 0x0000000084300000, 0x0000000084400000|  0%| F|  |TAMS 0x0000000084300000, 0x0000000084300000| Untracked 
|  68|0x0000000084400000, 0x0000000084400000, 0x0000000084500000|  0%| F|  |TAMS 0x0000000084400000, 0x0000000084400000| Untracked 
|  69|0x0000000084500000, 0x0000000084500000, 0x0000000084600000|  0%| F|  |TAMS 0x0000000084500000, 0x0000000084500000| Untracked 
|  70|0x0000000084600000, 0x0000000084600000, 0x0000000084700000|  0%| F|  |TAMS 0x0000000084600000, 0x0000000084600000| Untracked 
|  71|0x0000000084700000, 0x0000000084700000, 0x0000000084800000|  0%| F|  |TAMS 0x0000000084700000, 0x0000000084700000| Untracked 
|  72|0x0000000084800000, 0x0000000084800000, 0x0000000084900000|  0%| F|  |TAMS 0x0000000084800000, 0x0000000084800000| Untracked 
|  73|0x0000000084900000, 0x0000000084900000, 0x0000000084a00000|  0%| F|  |TAMS 0x0000000084900000, 0x0000000084900000| Untracked 
|  74|0x0000000084a00000, 0x0000000084ab78c8, 0x0000000084b00000| 71%| S|CS|TAMS 0x0000000084a00000, 0x0000000084a00000| Complete 
|  75|0x0000000084b00000, 0x0000000084c00000, 0x0000000084c00000|100%| S|CS|TAMS 0x0000000084b00000, 0x0000000084b00000| Complete 
|  76|0x0000000084c00000, 0x0000000084d00000, 0x0000000084d00000|100%| S|CS|TAMS 0x0000000084c00000, 0x0000000084c00000| Complete 
|  77|0x0000000084d00000, 0x0000000084e00000, 0x0000000084e00000|100%| S|CS|TAMS 0x0000000084d00000, 0x0000000084d00000| Complete 
|  78|0x0000000084e00000, 0x0000000084f00000, 0x0000000084f00000|100%| S|CS|TAMS 0x0000000084e00000, 0x0000000084e00000| Complete 
|  79|0x0000000084f00000, 0x0000000085000000, 0x0000000085000000|100%| S|CS|TAMS 0x0000000084f00000, 0x0000000084f00000| Complete 
|  80|0x0000000085000000, 0x0000000085100000, 0x0000000085100000|100%| S|CS|TAMS 0x0000000085000000, 0x0000000085000000| Complete 
|  81|0x0000000085100000, 0x0000000085200000, 0x0000000085200000|100%| S|CS|TAMS 0x0000000085100000, 0x0000000085100000| Complete 
|  82|0x0000000085200000, 0x0000000085300000, 0x0000000085300000|100%| S|CS|TAMS 0x0000000085200000, 0x0000000085200000| Complete 
|  83|0x0000000085300000, 0x0000000085400000, 0x0000000085400000|100%| S|CS|TAMS 0x0000000085300000, 0x0000000085300000| Complete 
|  84|0x0000000085400000, 0x0000000085500000, 0x0000000085500000|100%| S|CS|TAMS 0x0000000085400000, 0x0000000085400000| Complete 
|  85|0x0000000085500000, 0x0000000085600000, 0x0000000085600000|100%| S|CS|TAMS 0x0000000085500000, 0x0000000085500000| Complete 
|  86|0x0000000085600000, 0x0000000085700000, 0x0000000085700000|100%| S|CS|TAMS 0x0000000085600000, 0x0000000085600000| Complete 
|  87|0x0000000085700000, 0x0000000085700000, 0x0000000085800000|  0%| F|  |TAMS 0x0000000085700000, 0x0000000085700000| Untracked 
|  88|0x0000000085800000, 0x0000000085800000, 0x0000000085900000|  0%| F|  |TAMS 0x0000000085800000, 0x0000000085800000| Untracked 
|  89|0x0000000085900000, 0x0000000085900000, 0x0000000085a00000|  0%| F|  |TAMS 0x0000000085900000, 0x0000000085900000| Untracked 
|  90|0x0000000085a00000, 0x0000000085a00000, 0x0000000085b00000|  0%| F|  |TAMS 0x0000000085a00000, 0x0000000085a00000| Untracked 
|  91|0x0000000085b00000, 0x0000000085b00000, 0x0000000085c00000|  0%| F|  |TAMS 0x0000000085b00000, 0x0000000085b00000| Untracked 
|  92|0x0000000085c00000, 0x0000000085c00000, 0x0000000085d00000|  0%| F|  |TAMS 0x0000000085c00000, 0x0000000085c00000| Untracked 
|  93|0x0000000085d00000, 0x0000000085d00000, 0x0000000085e00000|  0%| F|  |TAMS 0x0000000085d00000, 0x0000000085d00000| Untracked 
|  94|0x0000000085e00000, 0x0000000085e00000, 0x0000000085f00000|  0%| F|  |TAMS 0x0000000085e00000, 0x0000000085e00000| Untracked 
|  95|0x0000000085f00000, 0x0000000085f00000, 0x0000000086000000|  0%| F|  |TAMS 0x0000000085f00000, 0x0000000085f00000| Untracked 
|  96|0x0000000086000000, 0x0000000086000000, 0x0000000086100000|  0%| F|  |TAMS 0x0000000086000000, 0x0000000086000000| Untracked 
|  97|0x0000000086100000, 0x0000000086100000, 0x0000000086200000|  0%| F|  |TAMS 0x0000000086100000, 0x0000000086100000| Untracked 
|  98|0x0000000086200000, 0x0000000086200000, 0x0000000086300000|  0%| F|  |TAMS 0x0000000086200000, 0x0000000086200000| Untracked 
|  99|0x0000000086300000, 0x0000000086300000, 0x0000000086400000|  0%| F|  |TAMS 0x0000000086300000, 0x0000000086300000| Untracked 
| 100|0x0000000086400000, 0x0000000086400000, 0x0000000086500000|  0%| F|  |TAMS 0x0000000086400000, 0x0000000086400000| Untracked 
| 101|0x0000000086500000, 0x0000000086500000, 0x0000000086600000|  0%| F|  |TAMS 0x0000000086500000, 0x0000000086500000| Untracked 
| 102|0x0000000086600000, 0x0000000086600000, 0x0000000086700000|  0%| F|  |TAMS 0x0000000086600000, 0x0000000086600000| Untracked 
| 103|0x0000000086700000, 0x0000000086700000, 0x0000000086800000|  0%| F|  |TAMS 0x0000000086700000, 0x0000000086700000| Untracked 
| 104|0x0000000086800000, 0x0000000086800000, 0x0000000086900000|  0%| F|  |TAMS 0x0000000086800000, 0x0000000086800000| Untracked 
| 105|0x0000000086900000, 0x0000000086900000, 0x0000000086a00000|  0%| F|  |TAMS 0x0000000086900000, 0x0000000086900000| Untracked 
| 106|0x0000000086a00000, 0x0000000086a00000, 0x0000000086b00000|  0%| F|  |TAMS 0x0000000086a00000, 0x0000000086a00000| Untracked 
| 107|0x0000000086b00000, 0x0000000086b00000, 0x0000000086c00000|  0%| F|  |TAMS 0x0000000086b00000, 0x0000000086b00000| Untracked 
| 108|0x0000000086c00000, 0x0000000086c00000, 0x0000000086d00000|  0%| F|  |TAMS 0x0000000086c00000, 0x0000000086c00000| Untracked 
| 109|0x0000000086d00000, 0x0000000086d00000, 0x0000000086e00000|  0%| F|  |TAMS 0x0000000086d00000, 0x0000000086d00000| Untracked 
| 110|0x0000000086e00000, 0x0000000086e00000, 0x0000000086f00000|  0%| F|  |TAMS 0x0000000086e00000, 0x0000000086e00000| Untracked 
| 111|0x0000000086f00000, 0x0000000086f00000, 0x0000000087000000|  0%| F|  |TAMS 0x0000000086f00000, 0x0000000086f00000| Untracked 
| 112|0x0000000087000000, 0x0000000087000000, 0x0000000087100000|  0%| F|  |TAMS 0x0000000087000000, 0x0000000087000000| Untracked 
| 113|0x0000000087100000, 0x0000000087100000, 0x0000000087200000|  0%| F|  |TAMS 0x0000000087100000, 0x0000000087100000| Untracked 
| 114|0x0000000087200000, 0x0000000087200000, 0x0000000087300000|  0%| F|  |TAMS 0x0000000087200000, 0x0000000087200000| Untracked 
| 115|0x0000000087300000, 0x0000000087300000, 0x0000000087400000|  0%| F|  |TAMS 0x0000000087300000, 0x0000000087300000| Untracked 
| 116|0x0000000087400000, 0x0000000087400000, 0x0000000087500000|  0%| F|  |TAMS 0x0000000087400000, 0x0000000087400000| Untracked 
| 117|0x0000000087500000, 0x0000000087500000, 0x0000000087600000|  0%| F|  |TAMS 0x0000000087500000, 0x0000000087500000| Untracked 
| 118|0x0000000087600000, 0x0000000087600000, 0x0000000087700000|  0%| F|  |TAMS 0x0000000087600000, 0x0000000087600000| Untracked 
| 119|0x0000000087700000, 0x0000000087700000, 0x0000000087800000|  0%| F|  |TAMS 0x0000000087700000, 0x0000000087700000| Untracked 
| 120|0x0000000087800000, 0x0000000087800000, 0x0000000087900000|  0%| F|  |TAMS 0x0000000087800000, 0x0000000087800000| Untracked 
| 121|0x0000000087900000, 0x0000000087900000, 0x0000000087a00000|  0%| F|  |TAMS 0x0000000087900000, 0x0000000087900000| Untracked 
| 122|0x0000000087a00000, 0x0000000087a00000, 0x0000000087b00000|  0%| F|  |TAMS 0x0000000087a00000, 0x0000000087a00000| Untracked 
| 123|0x0000000087b00000, 0x0000000087b00000, 0x0000000087c00000|  0%| F|  |TAMS 0x0000000087b00000, 0x0000000087b00000| Untracked 
| 124|0x0000000087c00000, 0x0000000087c00000, 0x0000000087d00000|  0%| F|  |TAMS 0x0000000087c00000, 0x0000000087c00000| Untracked 
| 125|0x0000000087d00000, 0x0000000087d00000, 0x0000000087e00000|  0%| F|  |TAMS 0x0000000087d00000, 0x0000000087d00000| Untracked 
| 126|0x0000000087e00000, 0x0000000087e00000, 0x0000000087f00000|  0%| F|  |TAMS 0x0000000087e00000, 0x0000000087e00000| Untracked 
| 127|0x0000000087f00000, 0x0000000087f00000, 0x0000000088000000|  0%| F|  |TAMS 0x0000000087f00000, 0x0000000087f00000| Untracked 
| 128|0x0000000088000000, 0x0000000088000000, 0x0000000088100000|  0%| F|  |TAMS 0x0000000088000000, 0x0000000088000000| Untracked 
| 129|0x0000000088100000, 0x0000000088100000, 0x0000000088200000|  0%| F|  |TAMS 0x0000000088100000, 0x0000000088100000| Untracked 
| 130|0x0000000088200000, 0x0000000088200000, 0x0000000088300000|  0%| F|  |TAMS 0x0000000088200000, 0x0000000088200000| Untracked 
| 131|0x0000000088300000, 0x0000000088300000, 0x0000000088400000|  0%| F|  |TAMS 0x0000000088300000, 0x0000000088300000| Untracked 
| 132|0x0000000088400000, 0x0000000088400000, 0x0000000088500000|  0%| F|  |TAMS 0x0000000088400000, 0x0000000088400000| Untracked 
| 133|0x0000000088500000, 0x0000000088500000, 0x0000000088600000|  0%| F|  |TAMS 0x0000000088500000, 0x0000000088500000| Untracked 
| 134|0x0000000088600000, 0x0000000088600000, 0x0000000088700000|  0%| F|  |TAMS 0x0000000088600000, 0x0000000088600000| Untracked 
| 135|0x0000000088700000, 0x0000000088700000, 0x0000000088800000|  0%| F|  |TAMS 0x0000000088700000, 0x0000000088700000| Untracked 
| 136|0x0000000088800000, 0x0000000088800000, 0x0000000088900000|  0%| F|  |TAMS 0x0000000088800000, 0x0000000088800000| Untracked 
| 137|0x0000000088900000, 0x0000000088900000, 0x0000000088a00000|  0%| F|  |TAMS 0x0000000088900000, 0x0000000088900000| Untracked 
| 138|0x0000000088a00000, 0x0000000088a00000, 0x0000000088b00000|  0%| F|  |TAMS 0x0000000088a00000, 0x0000000088a00000| Untracked 
| 139|0x0000000088b00000, 0x0000000088b00000, 0x0000000088c00000|  0%| F|  |TAMS 0x0000000088b00000, 0x0000000088b00000| Untracked 
| 140|0x0000000088c00000, 0x0000000088c00000, 0x0000000088d00000|  0%| F|  |TAMS 0x0000000088c00000, 0x0000000088c00000| Untracked 
| 141|0x0000000088d00000, 0x0000000088d00000, 0x0000000088e00000|  0%| F|  |TAMS 0x0000000088d00000, 0x0000000088d00000| Untracked 
| 142|0x0000000088e00000, 0x0000000088e00000, 0x0000000088f00000|  0%| F|  |TAMS 0x0000000088e00000, 0x0000000088e00000| Untracked 
| 143|0x0000000088f00000, 0x0000000088f00000, 0x0000000089000000|  0%| F|  |TAMS 0x0000000088f00000, 0x0000000088f00000| Untracked 
| 144|0x0000000089000000, 0x0000000089000000, 0x0000000089100000|  0%| F|  |TAMS 0x0000000089000000, 0x0000000089000000| Untracked 
| 145|0x0000000089100000, 0x0000000089100000, 0x0000000089200000|  0%| F|  |TAMS 0x0000000089100000, 0x0000000089100000| Untracked 
| 146|0x0000000089200000, 0x0000000089200000, 0x0000000089300000|  0%| F|  |TAMS 0x0000000089200000, 0x0000000089200000| Untracked 
| 147|0x0000000089300000, 0x0000000089300000, 0x0000000089400000|  0%| F|  |TAMS 0x0000000089300000, 0x0000000089300000| Untracked 
| 148|0x0000000089400000, 0x0000000089400000, 0x0000000089500000|  0%| F|  |TAMS 0x0000000089400000, 0x0000000089400000| Untracked 
| 149|0x0000000089500000, 0x0000000089500000, 0x0000000089600000|  0%| F|  |TAMS 0x0000000089500000, 0x0000000089500000| Untracked 
| 150|0x0000000089600000, 0x0000000089600000, 0x0000000089700000|  0%| F|  |TAMS 0x0000000089600000, 0x0000000089600000| Untracked 
| 151|0x0000000089700000, 0x0000000089700000, 0x0000000089800000|  0%| F|  |TAMS 0x0000000089700000, 0x0000000089700000| Untracked 
| 152|0x0000000089800000, 0x0000000089800000, 0x0000000089900000|  0%| F|  |TAMS 0x0000000089800000, 0x0000000089800000| Untracked 
| 153|0x0000000089900000, 0x0000000089900000, 0x0000000089a00000|  0%| F|  |TAMS 0x0000000089900000, 0x0000000089900000| Untracked 
| 154|0x0000000089a00000, 0x0000000089a00000, 0x0000000089b00000|  0%| F|  |TAMS 0x0000000089a00000, 0x0000000089a00000| Untracked 
| 155|0x0000000089b00000, 0x0000000089b00000, 0x0000000089c00000|  0%| F|  |TAMS 0x0000000089b00000, 0x0000000089b00000| Untracked 
| 156|0x0000000089c00000, 0x0000000089c00000, 0x0000000089d00000|  0%| F|  |TAMS 0x0000000089c00000, 0x0000000089c00000| Untracked 
| 157|0x0000000089d00000, 0x0000000089d00000, 0x0000000089e00000|  0%| F|  |TAMS 0x0000000089d00000, 0x0000000089d00000| Untracked 
| 158|0x0000000089e00000, 0x0000000089e00000, 0x0000000089f00000|  0%| F|  |TAMS 0x0000000089e00000, 0x0000000089e00000| Untracked 
| 159|0x0000000089f00000, 0x0000000089f00000, 0x000000008a000000|  0%| F|  |TAMS 0x0000000089f00000, 0x0000000089f00000| Untracked 
| 160|0x000000008a000000, 0x000000008a000000, 0x000000008a100000|  0%| F|  |TAMS 0x000000008a000000, 0x000000008a000000| Untracked 
| 161|0x000000008a100000, 0x000000008a100000, 0x000000008a200000|  0%| F|  |TAMS 0x000000008a100000, 0x000000008a100000| Untracked 
| 162|0x000000008a200000, 0x000000008a200000, 0x000000008a300000|  0%| F|  |TAMS 0x000000008a200000, 0x000000008a200000| Untracked 
| 163|0x000000008a300000, 0x000000008a300000, 0x000000008a400000|  0%| F|  |TAMS 0x000000008a300000, 0x000000008a300000| Untracked 
| 164|0x000000008a400000, 0x000000008a400000, 0x000000008a500000|  0%| F|  |TAMS 0x000000008a400000, 0x000000008a400000| Untracked 
| 165|0x000000008a500000, 0x000000008a500000, 0x000000008a600000|  0%| F|  |TAMS 0x000000008a500000, 0x000000008a500000| Untracked 
| 166|0x000000008a600000, 0x000000008a600000, 0x000000008a700000|  0%| F|  |TAMS 0x000000008a600000, 0x000000008a600000| Untracked 
| 167|0x000000008a700000, 0x000000008a700000, 0x000000008a800000|  0%| F|  |TAMS 0x000000008a700000, 0x000000008a700000| Untracked 
| 168|0x000000008a800000, 0x000000008a800000, 0x000000008a900000|  0%| F|  |TAMS 0x000000008a800000, 0x000000008a800000| Untracked 
| 169|0x000000008a900000, 0x000000008a900000, 0x000000008aa00000|  0%| F|  |TAMS 0x000000008a900000, 0x000000008a900000| Untracked 
| 170|0x000000008aa00000, 0x000000008aa00000, 0x000000008ab00000|  0%| F|  |TAMS 0x000000008aa00000, 0x000000008aa00000| Untracked 
| 171|0x000000008ab00000, 0x000000008ab00000, 0x000000008ac00000|  0%| F|  |TAMS 0x000000008ab00000, 0x000000008ab00000| Untracked 
| 172|0x000000008ac00000, 0x000000008ac00000, 0x000000008ad00000|  0%| F|  |TAMS 0x000000008ac00000, 0x000000008ac00000| Untracked 
| 173|0x000000008ad00000, 0x000000008ad00000, 0x000000008ae00000|  0%| F|  |TAMS 0x000000008ad00000, 0x000000008ad00000| Untracked 
| 174|0x000000008ae00000, 0x000000008ae00000, 0x000000008af00000|  0%| F|  |TAMS 0x000000008ae00000, 0x000000008ae00000| Untracked 
| 175|0x000000008af00000, 0x000000008af00000, 0x000000008b000000|  0%| F|  |TAMS 0x000000008af00000, 0x000000008af00000| Untracked 
| 176|0x000000008b000000, 0x000000008b000000, 0x000000008b100000|  0%| F|  |TAMS 0x000000008b000000, 0x000000008b000000| Untracked 
| 177|0x000000008b100000, 0x000000008b100000, 0x000000008b200000|  0%| F|  |TAMS 0x000000008b100000, 0x000000008b100000| Untracked 
| 178|0x000000008b200000, 0x000000008b300000, 0x000000008b300000|100%| E|  |TAMS 0x000000008b200000, 0x000000008b200000| Complete 
| 179|0x000000008b300000, 0x000000008b400000, 0x000000008b400000|100%| E|CS|TAMS 0x000000008b300000, 0x000000008b300000| Complete 
| 180|0x000000008b400000, 0x000000008b500000, 0x000000008b500000|100%| E|CS|TAMS 0x000000008b400000, 0x000000008b400000| Complete 
| 181|0x000000008b500000, 0x000000008b600000, 0x000000008b600000|100%| E|CS|TAMS 0x000000008b500000, 0x000000008b500000| Complete 
| 182|0x000000008b600000, 0x000000008b700000, 0x000000008b700000|100%| E|CS|TAMS 0x000000008b600000, 0x000000008b600000| Complete 
| 183|0x000000008b700000, 0x000000008b800000, 0x000000008b800000|100%| E|CS|TAMS 0x000000008b700000, 0x000000008b700000| Complete 
| 184|0x000000008b800000, 0x000000008b900000, 0x000000008b900000|100%| E|CS|TAMS 0x000000008b800000, 0x000000008b800000| Complete 
| 185|0x000000008b900000, 0x000000008ba00000, 0x000000008ba00000|100%| E|CS|TAMS 0x000000008b900000, 0x000000008b900000| Complete 
| 186|0x000000008ba00000, 0x000000008bb00000, 0x000000008bb00000|100%| E|CS|TAMS 0x000000008ba00000, 0x000000008ba00000| Complete 
| 187|0x000000008bb00000, 0x000000008bc00000, 0x000000008bc00000|100%| E|CS|TAMS 0x000000008bb00000, 0x000000008bb00000| Complete 
| 188|0x000000008bc00000, 0x000000008bd00000, 0x000000008bd00000|100%| E|CS|TAMS 0x000000008bc00000, 0x000000008bc00000| Complete 
| 189|0x000000008bd00000, 0x000000008be00000, 0x000000008be00000|100%| E|CS|TAMS 0x000000008bd00000, 0x000000008bd00000| Complete 
| 190|0x000000008be00000, 0x000000008bf00000, 0x000000008bf00000|100%| E|CS|TAMS 0x000000008be00000, 0x000000008be00000| Complete 
| 191|0x000000008bf00000, 0x000000008c000000, 0x000000008c000000|100%| E|CS|TAMS 0x000000008bf00000, 0x000000008bf00000| Complete 

Card table byte_map: [0x0000018c6dd60000,0x0000018c6e160000] _byte_map_base: 0x0000018c6d960000

Marking Bits (Prev, Next): (CMBitMap*) 0x0000018c590a4b28, (CMBitMap*) 0x0000018c590a4b60
 Prev Bits: [0x0000018c6e560000, 0x0000018c70560000)
 Next Bits: [0x0000018c70560000, 0x0000018c72560000)

Polling page: 0x0000018c58f30000

Metaspace:

Usage:
  Non-class:     38.69 MB capacity,    38.07 MB ( 98%) used,   532.21 KB (  1%) free+waste,   104.94 KB ( <1%) overhead. 
      Class:      5.92 MB capacity,     5.56 MB ( 94%) used,   312.74 KB (  5%) free+waste,    50.19 KB ( <1%) overhead. 
       Both:     44.61 MB capacity,    43.63 MB ( 98%) used,   844.95 KB (  2%) free+waste,   155.13 KB ( <1%) overhead. 

Virtual space:
  Non-class space:       40.00 MB reserved,      38.83 MB ( 97%) committed 
      Class space:        1.00 GB reserved,       5.95 MB ( <1%) committed 
             Both:        1.04 GB reserved,      44.78 MB (  4%) committed 

Chunk freelists:
   Non-Class:  12.00 KB
       Class:  21.00 KB
        Both:  33.00 KB

MaxMetaspaceSize: 17179869184.00 GB
CompressedClassSpaceSize: 1.00 GB
Initial GC threshold: 20.80 MB
Current GC threshold: 59.00 MB
CDS: off

CodeHeap 'non-profiled nmethods': size=120064Kb used=2243Kb max_used=2243Kb free=117820Kb
 bounds [0x0000018c65df0000, 0x0000018c66060000, 0x0000018c6d330000]
CodeHeap 'profiled nmethods': size=120000Kb used=8432Kb max_used=8432Kb free=111567Kb
 bounds [0x0000018c5e8c0000, 0x0000018c5f100000, 0x0000018c65df0000]
CodeHeap 'non-nmethods': size=5696Kb used=2281Kb max_used=2317Kb free=3414Kb
 bounds [0x0000018c5e330000, 0x0000018c5e5a0000, 0x0000018c5e8c0000]
 total_blobs=4618 nmethods=3848 adapters=682
 compilation: enabled
              stopped_count=0, restarted_count=0
 full_count=0

Compilation events (20 events):
Event: 55.034 Thread 0x0000018c75466000 3739       3       org.gradle.internal.operations.OperationIdentifier::hashCode (14 bytes)
Event: 55.034 Thread 0x0000018c75466000 nmethod 3739 0x0000018c5f0b5c90 code [0x0000018c5f0b5e40, 0x0000018c5f0b5f58]
Event: 55.037 Thread 0x0000018c75466000 3740       3       java.util.HashMap::put (13 bytes)
Event: 55.037 Thread 0x0000018c75466000 nmethod 3740 0x0000018c5f0b6010 code [0x0000018c5f0b61e0, 0x0000018c5f0b64d8]
Event: 55.037 Thread 0x0000018c75466000 3741       3       org.gradle.internal.reflect.PropertyAccessorType::of (95 bytes)
Event: 55.040 Thread 0x0000018c75466000 nmethod 3741 0x0000018c5f0b6610 code [0x0000018c5f0b6940, 0x0000018c5f0b7e58]
Event: 55.040 Thread 0x0000018c75466000 3743       3       java.util.HashMap::putVal (300 bytes)
Event: 55.041 Thread 0x0000018c75466000 nmethod 3743 0x0000018c5f0b8490 code [0x0000018c5f0b8760, 0x0000018c5f0b9918]
Event: 55.041 Thread 0x0000018c75466000 3744       3       java.util.HashMap::getNode (148 bytes)
Event: 55.042 Thread 0x0000018c75466000 nmethod 3744 0x0000018c5f0b9e10 code [0x0000018c5f0ba040, 0x0000018c5f0ba9a8]
Event: 55.042 Thread 0x0000018c75466000 3742       3       java.util.Collections::addAll (43 bytes)
Event: 55.042 Thread 0x0000018c75466000 nmethod 3742 0x0000018c5f0bac10 code [0x0000018c5f0bade0, 0x0000018c5f0bb088]
Event: 55.043 Thread 0x0000018c75466000 3745       3       org.gradle.internal.reflect.PropertyAccessorType::isSetterName (23 bytes)
Event: 55.043 Thread 0x0000018c75466000 nmethod 3745 0x0000018c5f0bb210 code [0x0000018c5f0bb3e0, 0x0000018c5f0bb708]
Event: 55.043 Thread 0x0000018c75466000 3746       3       java.util.LinkedHashMap::get (33 bytes)
Event: 55.043 Thread 0x0000018c75466000 nmethod 3746 0x0000018c5f0bb890 code [0x0000018c5f0bba80, 0x0000018c5f0bbea8]
Event: 55.044 Thread 0x0000018c75466000 3747       3       java.lang.StringBuilder::length (5 bytes)
Event: 55.044 Thread 0x0000018c75466000 nmethod 3747 0x0000018c5f0bc010 code [0x0000018c5f0bc1c0, 0x0000018c5f0bc2d8]
Event: 55.052 Thread 0x0000018c75466000 3748       3       java.lang.ThreadLocal::set (30 bytes)
Event: 55.052 Thread 0x0000018c75466000 nmethod 3748 0x0000018c5f0bc390 code [0x0000018c5f0bc580, 0x0000018c5f0bc8c8]

GC Heap History (14 events):
Event: 21.997 GC heap before
{Heap before GC invocations=0 (full 0):
 garbage-first heap   total 196608K, used 16384K [0x0000000080000000, 0x0000000100000000)
  region size 1024K, 14 young (14336K), 0 survivors (0K)
 Metaspace       used 6722K, capacity 6921K, committed 7168K, reserved 1056768K
  class space    used 582K, capacity 650K, committed 768K, reserved 1048576K
}
Event: 22.001 GC heap after
{Heap after GC invocations=1 (full 0):
 garbage-first heap   total 196608K, used 4165K [0x0000000080000000, 0x0000000100000000)
  region size 1024K, 2 young (2048K), 2 survivors (2048K)
 Metaspace       used 6722K, capacity 6921K, committed 7168K, reserved 1056768K
  class space    used 582K, capacity 650K, committed 768K, reserved 1048576K
}
Event: 24.423 GC heap before
{Heap before GC invocations=1 (full 0):
 garbage-first heap   total 196608K, used 18501K [0x0000000080000000, 0x0000000100000000)
  region size 1024K, 13 young (13312K), 2 survivors (2048K)
 Metaspace       used 10207K, capacity 10485K, committed 10624K, reserved 1058816K
  class space    used 1068K, capacity 1139K, committed 1152K, reserved 1048576K
}
Event: 24.427 GC heap after
{Heap after GC invocations=2 (full 0):
 garbage-first heap   total 196608K, used 9412K [0x0000000080000000, 0x0000000100000000)
  region size 1024K, 2 young (2048K), 2 survivors (2048K)
 Metaspace       used 10207K, capacity 10485K, committed 10624K, reserved 1058816K
  class space    used 1068K, capacity 1139K, committed 1152K, reserved 1048576K
}
Event: 32.300 GC heap before
{Heap before GC invocations=2 (full 0):
 garbage-first heap   total 196608K, used 38084K [0x0000000080000000, 0x0000000100000000)
  region size 1024K, 30 young (30720K), 2 survivors (2048K)
 Metaspace       used 11214K, capacity 11440K, committed 11520K, reserved 1058816K
  class space    used 1172K, capacity 1244K, committed 1280K, reserved 1048576K
}
Event: 32.304 GC heap after
{Heap after GC invocations=3 (full 0):
 garbage-first heap   total 196608K, used 10927K [0x0000000080000000, 0x0000000100000000)
  region size 1024K, 4 young (4096K), 4 survivors (4096K)
 Metaspace       used 11214K, capacity 11440K, committed 11520K, reserved 1058816K
  class space    used 1172K, capacity 1244K, committed 1280K, reserved 1048576K
}
Event: 47.528 GC heap before
{Heap before GC invocations=3 (full 0):
 garbage-first heap   total 196608K, used 53935K [0x0000000080000000, 0x0000000100000000)
  region size 1024K, 46 young (47104K), 4 survivors (4096K)
 Metaspace       used 17307K, capacity 17713K, committed 17792K, reserved 1064960K
  class space    used 2014K, capacity 2147K, committed 2176K, reserved 1048576K
}
Event: 47.539 GC heap after
{Heap after GC invocations=4 (full 0):
 garbage-first heap   total 196608K, used 15805K [0x0000000080000000, 0x0000000100000000)
  region size 1024K, 6 young (6144K), 6 survivors (6144K)
 Metaspace       used 17307K, capacity 17713K, committed 17792K, reserved 1064960K
  class space    used 2014K, capacity 2147K, committed 2176K, reserved 1048576K
}
Event: 48.494 GC heap before
{Heap before GC invocations=4 (full 0):
 garbage-first heap   total 196608K, used 48573K [0x0000000080000000, 0x0000000100000000)
  region size 1024K, 40 young (40960K), 6 survivors (6144K)
 Metaspace       used 20787K, capacity 21229K, committed 21296K, reserved 1069056K
  class space    used 2530K, capacity 2680K, committed 2688K, reserved 1048576K
}
Event: 48.505 GC heap after
{Heap after GC invocations=5 (full 0):
 garbage-first heap   total 196608K, used 17524K [0x0000000080000000, 0x0000000100000000)
  region size 1024K, 2 young (2048K), 2 survivors (2048K)
 Metaspace       used 20787K, capacity 21229K, committed 21296K, reserved 1069056K
  class space    used 2530K, capacity 2680K, committed 2688K, reserved 1048576K
}
Event: 50.298 GC heap before
{Heap before GC invocations=6 (full 0):
 garbage-first heap   total 196608K, used 78964K [0x0000000080000000, 0x0000000100000000)
  region size 1024K, 62 young (63488K), 2 survivors (2048K)
 Metaspace       used 27244K, capacity 27881K, committed 28080K, reserved 1073152K
  class space    used 3531K, capacity 3737K, committed 3840K, reserved 1048576K
}
Event: 50.307 GC heap after
{Heap after GC invocations=7 (full 0):
 garbage-first heap   total 196608K, used 19481K [0x0000000080000000, 0x0000000100000000)
  region size 1024K, 4 young (4096K), 4 survivors (4096K)
 Metaspace       used 27244K, capacity 27881K, committed 28080K, reserved 1073152K
  class space    used 3531K, capacity 3737K, committed 3840K, reserved 1048576K
}
Event: 52.072 GC heap before
{Heap before GC invocations=7 (full 0):
 garbage-first heap   total 196608K, used 70681K [0x0000000080000000, 0x0000000100000000)
  region size 1024K, 55 young (56320K), 4 survivors (4096K)
 Metaspace       used 35062K, capacity 35839K, committed 35920K, reserved 1081344K
  class space    used 4509K, capacity 4839K, committed 4864K, reserved 1048576K
}
Event: 52.090 GC heap after
{Heap after GC invocations=8 (full 0):
 garbage-first heap   total 196608K, used 22368K [0x0000000080000000, 0x0000000100000000)
  region size 1024K, 7 young (7168K), 7 survivors (7168K)
 Metaspace       used 35062K, capacity 35839K, committed 35920K, reserved 1081344K
  class space    used 4509K, capacity 4839K, committed 4864K, reserved 1048576K
}

Deoptimization events (20 events):
Event: 55.031 Thread 0x0000018c77bc4800 Uncommon trap: trap_request=0xffffff4d fr.pc=0x0000018c65ee1910 relative=0x0000000000000250
Event: 55.031 Thread 0x0000018c77bc4800 Uncommon trap: reason=unstable_if action=reinterpret pc=0x0000018c65ee1910 method=java.util.HashMap.hash(Ljava/lang/Object;)I @ 1 c2
Event: 55.031 Thread 0x0000018c77bc4800 DEOPT PACKING pc=0x0000018c65ee1910 sp=0x0000003d018f90c0
Event: 55.031 Thread 0x0000018c77bc4800 DEOPT UNPACKING pc=0x0000018c5e37a1af sp=0x0000003d018f8ff8 mode 2
Event: 55.031 Thread 0x0000018c77bc4800 Uncommon trap: trap_request=0xffffff4d fr.pc=0x0000018c65f3828c relative=0x00000000000001cc
Event: 55.031 Thread 0x0000018c77bc4800 Uncommon trap: reason=unstable_if action=reinterpret pc=0x0000018c65f3828c method=java.util.HashMap.getNode(ILjava/lang/Object;)Ljava/util/HashMap$Node; @ 53 c2
Event: 55.031 Thread 0x0000018c77bc4800 DEOPT PACKING pc=0x0000018c65f3828c sp=0x0000003d018f9040
Event: 55.031 Thread 0x0000018c77bc4800 DEOPT UNPACKING pc=0x0000018c5e37a1af sp=0x0000003d018f8fc8 mode 2
Event: 55.031 Thread 0x0000018c77bc4800 Uncommon trap: trap_request=0xffffff4d fr.pc=0x0000018c65e31094 relative=0x00000000000000d4
Event: 55.031 Thread 0x0000018c77bc4800 Uncommon trap: reason=unstable_if action=reinterpret pc=0x0000018c65e31094 method=java.util.HashMap.hash(Ljava/lang/Object;)I @ 1 c2
Event: 55.031 Thread 0x0000018c77bc4800 DEOPT PACKING pc=0x0000018c65e31094 sp=0x0000003d018f90b0
Event: 55.031 Thread 0x0000018c77bc4800 DEOPT UNPACKING pc=0x0000018c5e37a1af sp=0x0000003d018f8ff0 mode 2
Event: 55.031 Thread 0x0000018c77bc4800 Uncommon trap: trap_request=0xffffff4d fr.pc=0x0000018c65f801c4 relative=0x00000000000006c4
Event: 55.031 Thread 0x0000018c77bc4800 Uncommon trap: reason=unstable_if action=reinterpret pc=0x0000018c65f801c4 method=java.util.HashMap.putVal(ILjava/lang/Object;Ljava/lang/Object;ZZ)Ljava/lang/Object; @ 85 c2
Event: 55.031 Thread 0x0000018c77bc4800 DEOPT PACKING pc=0x0000018c65f801c4 sp=0x0000003d018f8fe0
Event: 55.031 Thread 0x0000018c77bc4800 DEOPT UNPACKING pc=0x0000018c5e37a1af sp=0x0000003d018f8f98 mode 2
Event: 55.037 Thread 0x0000018c77bc4800 Uncommon trap: trap_request=0xffffff4d fr.pc=0x0000018c65f49978 relative=0x0000000000000318
Event: 55.037 Thread 0x0000018c77bc4800 Uncommon trap: reason=unstable_if action=reinterpret pc=0x0000018c65f49978 method=org.gradle.internal.reflect.PropertyAccessorType.isGetGetterName(Ljava/lang/String;)Z @ 14 c2
Event: 55.037 Thread 0x0000018c77bc4800 DEOPT PACKING pc=0x0000018c65f49978 sp=0x0000003d018f9ae0
Event: 55.037 Thread 0x0000018c77bc4800 DEOPT UNPACKING pc=0x0000018c5e37a1af sp=0x0000003d018f9a38 mode 2

Classes redefined (0 events):
No events

Internal exceptions (20 events):
Event: 54.134 Thread 0x0000018c77bc4800 Exception <a 'java/lang/ClassNotFoundException'{0x00000000876e2820}: org/gradle/api/internal/artifacts/repositories/DefaultMavenArtifactRepository_DecoratedBeanInfo> (0x00000000876e2820) thrown at [./src/hotspot/share/classfile/systemDictionary.cpp, line 231]
Event: 54.136 Thread 0x0000018c77bc4800 Exception <a 'java/lang/ClassNotFoundException'{0x00000000875250b0}: org/gradle/api/internal/artifacts/repositories/DefaultMavenArtifactRepositoryBeanInfo> (0x00000000875250b0) thrown at [./src/hotspot/share/classfile/systemDictionary.cpp, line 231]
Event: 54.138 Thread 0x0000018c77bc4800 Exception <a 'java/lang/ClassNotFoundException'{0x000000008756aa70}: org/gradle/api/internal/artifacts/repositories/AbstractAuthenticationSupportedRepositoryBeanInfo> (0x000000008756aa70) thrown at [./src/hotspot/share/classfile/systemDictionary.cpp, line 231]
Event: 54.140 Thread 0x0000018c77bc4800 Exception <a 'java/lang/ClassNotFoundException'{0x00000000875b0810}: org/gradle/api/internal/artifacts/repositories/AbstractResolutionAwareArtifactRepositoryBeanInfo> (0x00000000875b0810) thrown at [./src/hotspot/share/classfile/systemDictionary.cpp, line 231]
Event: 54.141 Thread 0x0000018c77bc4800 Exception <a 'java/lang/ClassNotFoundException'{0x00000000875f0928}: org/gradle/api/internal/artifacts/repositories/AbstractArtifactRepositoryBeanInfo> (0x00000000875f0928) thrown at [./src/hotspot/share/classfile/systemDictionary.cpp, line 231]
Event: 54.143 Thread 0x0000018c77bc4800 Exception <a 'java/lang/ClassNotFoundException'{0x0000000087433320}: org/gradle/api/internal/artifacts/repositories/AbstractArtifactRepositoryCustomizer> (0x0000000087433320) thrown at [./src/hotspot/share/classfile/systemDictionary.cpp, line 231]
Event: 54.149 Thread 0x0000018c77bc4800 Exception <a 'java/lang/ClassNotFoundException'{0x0000000087495b50}: org/gradle/api/internal/artifacts/repositories/AbstractResolutionAwareArtifactRepositoryCustomizer> (0x0000000087495b50) thrown at [./src/hotspot/share/classfile/systemDictionary.cpp, line 231]
Event: 54.151 Thread 0x0000018c77bc4800 Exception <a 'java/lang/ClassNotFoundException'{0x00000000874e4c70}: org/gradle/api/internal/artifacts/repositories/AbstractAuthenticationSupportedRepositoryCustomizer> (0x00000000874e4c70) thrown at [./src/hotspot/share/classfile/systemDictionary.cpp, line 231]
Event: 54.155 Thread 0x0000018c77bc4800 Exception <a 'java/lang/ClassNotFoundException'{0x0000000087338a50}: org/gradle/api/internal/artifacts/repositories/DefaultMavenArtifactRepositoryCustomizer> (0x0000000087338a50) thrown at [./src/hotspot/share/classfile/systemDictionary.cpp, line 231]
Event: 54.159 Thread 0x0000018c77bc4800 Exception <a 'java/lang/ClassNotFoundException'{0x000000008739a7a8}: org/gradle/api/internal/artifacts/repositories/DefaultMavenArtifactRepository_DecoratedCustomizer> (0x000000008739a7a8) thrown at [./src/hotspot/share/classfile/systemDictionary.cpp, line 231]
Event: 54.177 Thread 0x0000018c77bc4800 Exception <a 'java/lang/ClassNotFoundException'{0x0000000087244c00}: org/gradle/initialization/DefaultProjectDescriptorBeanInfo> (0x0000000087244c00) thrown at [./src/hotspot/share/classfile/systemDictionary.cpp, line 231]
Event: 54.178 Thread 0x0000018c77bc4800 Exception <a 'java/lang/ClassNotFoundException'{0x000000008726ab60}: org/gradle/initialization/DefaultProjectDescriptorCustomizer> (0x000000008726ab60) thrown at [./src/hotspot/share/classfile/systemDictionary.cpp, line 231]
Event: 54.187 Thread 0x0000018c77bc4800 Implicit null exception at 0x0000018c65f63a6c to 0x0000018c65f63b14
Event: 54.667 Thread 0x0000018c78a14000 Exception <a 'java/lang/NoSuchMethodError'{0x000000008bf8f478}: <clinit>> (0x000000008bf8f478) thrown at [./src/hotspot/share/prims/jni.cpp, line 1365]
Event: 54.668 Thread 0x0000018c78a14000 Exception <a 'java/lang/NoSuchMethodError'{0x000000008bf90b68}: <clinit>> (0x000000008bf90b68) thrown at [./src/hotspot/share/prims/jni.cpp, line 1365]
Event: 54.671 Thread 0x0000018c78a14000 Exception <a 'java/lang/NoSuchMethodError'{0x000000008bf9fba0}: <clinit>> (0x000000008bf9fba0) thrown at [./src/hotspot/share/prims/jni.cpp, line 1365]
Event: 54.672 Thread 0x0000018c78a14000 Exception <a 'java/lang/NoSuchMethodError'{0x000000008bfa1f28}: <clinit>> (0x000000008bfa1f28) thrown at [./src/hotspot/share/prims/jni.cpp, line 1365]
Event: 54.674 Thread 0x0000018c78a14000 Exception <a 'java/lang/NoSuchMethodError'{0x000000008678fc98}: <clinit>> (0x000000008678fc98) thrown at [./src/hotspot/share/prims/jni.cpp, line 1365]
Event: 55.031 Thread 0x0000018c77bc4800 Implicit null exception at 0x0000018c65ee16f4 to 0x0000018c65ee1904
Event: 55.031 Thread 0x0000018c77bc4800 Implicit null exception at 0x0000018c65e30ff8 to 0x0000018c65e3108a

Events (20 events):
Event: 55.048 loading class org/gradle/configuration/internal/DefaultUserCodeApplicationContext$CurrentApplication$1
Event: 55.048 loading class org/gradle/configuration/internal/DefaultUserCodeApplicationContext$CurrentApplication$1 done
Event: 55.048 loading class org/gradle/api/internal/provider/ChangingValue
Event: 55.048 loading class org/gradle/api/internal/provider/ChangingValue done
Event: 55.048 loading class org/gradle/api/internal/provider/Collectors$ElementFromProvider
Event: 55.048 loading class org/gradle/api/internal/provider/Collectors$ElementFromProvider done
Event: 55.049 loading class org/gradle/api/tasks/diagnostics/ProjectReportTask
Event: 55.049 loading class org/gradle/api/tasks/diagnostics/ProjectReportTask done
Event: 55.050 loading class org/gradle/api/tasks/diagnostics/ProjectBasedReportTask
Event: 55.050 loading class org/gradle/api/tasks/diagnostics/ProjectBasedReportTask done
Event: 55.051 loading class org/gradle/api/tasks/diagnostics/ConventionReportTask
Event: 55.051 loading class org/gradle/api/tasks/diagnostics/ConventionReportTask done
Event: 55.052 loading class org/gradle/api/tasks/diagnostics/TaskReportTask
Event: 55.052 loading class org/gradle/api/tasks/diagnostics/TaskReportTask done
Event: 55.054 loading class org/gradle/api/tasks/diagnostics/PropertyReportTask
Event: 55.054 loading class org/gradle/api/tasks/diagnostics/PropertyReportTask done
Event: 55.055 loading class org/gradle/api/tasks/diagnostics/DependencyInsightReportTask
Event: 55.055 loading class org/gradle/api/tasks/diagnostics/DependencyInsightReportTask done
Event: 55.055 loading class org/objectweb/asm/ClassReader
Event: 55.055 loading class org/objectweb/asm/ClassReader done


Dynamic libraries:
0x00007ff78a640000 - 0x00007ff78a64a000 	D:\Android Studio\jre\bin\java.exe
0x00007ff804ad0000 - 0x00007ff804cc8000 	C:\WINDOWS\SYSTEM32\ntdll.dll
0x00007fffd6e70000 - 0x00007fffd6e87000 	C:\Program Files\Avast Software\Avast\aswhook.dll
0x00007ff802bb0000 - 0x00007ff802c6f000 	C:\WINDOWS\System32\KERNEL32.DLL
0x00007ff8023a0000 - 0x00007ff802672000 	C:\WINDOWS\System32\KERNELBASE.dll
0x00007ff802780000 - 0x00007ff802880000 	C:\WINDOWS\System32\ucrtbase.dll
0x00007fffef100000 - 0x00007fffef117000 	D:\Android Studio\jre\bin\VCRUNTIME140.dll
0x00007fffdfb50000 - 0x00007fffdfb69000 	D:\Android Studio\jre\bin\jli.dll
0x00007ff803730000 - 0x00007ff8038cd000 	C:\WINDOWS\System32\USER32.dll
0x00007ff8022d0000 - 0x00007ff8022f2000 	C:\WINDOWS\System32\win32u.dll
0x00007ff803990000 - 0x00007ff8039bb000 	C:\WINDOWS\System32\GDI32.dll
0x00007ff802a10000 - 0x00007ff802b1f000 	C:\WINDOWS\System32\gdi32full.dll
0x00007ff802300000 - 0x00007ff80239d000 	C:\WINDOWS\System32\msvcp_win.dll
0x00007fffdf010000 - 0x00007fffdf2aa000 	C:\WINDOWS\WinSxS\amd64_microsoft.windows.common-controls_6595b64144ccf1df_6.0.19041.1110_none_60b5254171f9507e\COMCTL32.dll
0x00007ff803aa0000 - 0x00007ff803b3e000 	C:\WINDOWS\System32\msvcrt.dll
0x00007ff8048b0000 - 0x00007ff8048e2000 	C:\WINDOWS\System32\IMM32.DLL
0x00007fffc4ea0000 - 0x00007fffc4f3d000 	D:\Android Studio\jre\bin\msvcp140.dll
0x00007fff69540000 - 0x00007fff6a025000 	D:\Android Studio\jre\bin\server\jvm.dll
0x00007ff803e10000 - 0x00007ff803ebe000 	C:\WINDOWS\System32\ADVAPI32.dll
0x00007ff803b40000 - 0x00007ff803bdc000 	C:\WINDOWS\System32\sechost.dll
0x00007ff803f20000 - 0x00007ff804045000 	C:\WINDOWS\System32\RPCRT4.dll
0x00007ff802fd0000 - 0x00007ff802fd8000 	C:\WINDOWS\System32\PSAPI.DLL
0x00007fffe7ef0000 - 0x00007fffe7f17000 	C:\WINDOWS\SYSTEM32\WINMM.dll
0x00007fffed8c0000 - 0x00007fffed8c9000 	C:\WINDOWS\SYSTEM32\WSOCK32.dll
0x00007ff8048f0000 - 0x00007ff80495b000 	C:\WINDOWS\System32\WS2_32.dll
0x00007ffff4710000 - 0x00007ffff471a000 	C:\WINDOWS\SYSTEM32\VERSION.dll
0x00007ff800980000 - 0x00007ff800992000 	C:\WINDOWS\SYSTEM32\kernel.appcore.dll
0x00007fffe3990000 - 0x00007fffe39a1000 	D:\Android Studio\jre\bin\verify.dll
0x00007ffff3e20000 - 0x00007ffff4004000 	C:\WINDOWS\SYSTEM32\DBGHELP.DLL
0x00007ffff3df0000 - 0x00007ffff3e1c000 	C:\WINDOWS\SYSTEM32\dbgcore.DLL
0x00007ff8026f0000 - 0x00007ff802772000 	C:\WINDOWS\System32\bcryptPrimitives.dll
0x00007fffd9200000 - 0x00007fffd9229000 	D:\Android Studio\jre\bin\java.dll
0x00007ffffd9a0000 - 0x00007ffffd9ab000 	D:\Android Studio\jre\bin\jimage.dll
0x00007fffde900000 - 0x00007fffde918000 	D:\Android Studio\jre\bin\zip.dll
0x00007ff802fe0000 - 0x00007ff803723000 	C:\WINDOWS\System32\SHELL32.dll
0x00007ff800180000 - 0x00007ff800912000 	C:\WINDOWS\SYSTEM32\windows.storage.dll
0x00007ff802c70000 - 0x00007ff802fc4000 	C:\WINDOWS\System32\combase.dll
0x00007ff801bc0000 - 0x00007ff801bf0000 	C:\WINDOWS\SYSTEM32\Wldp.dll
0x00007ff8038e0000 - 0x00007ff80398d000 	C:\WINDOWS\System32\SHCORE.dll
0x00007ff804240000 - 0x00007ff804295000 	C:\WINDOWS\System32\shlwapi.dll
0x00007ff802110000 - 0x00007ff80212f000 	C:\WINDOWS\SYSTEM32\profapi.dll
0x00007fffdd5c0000 - 0x00007fffdd5da000 	D:\Android Studio\jre\bin\net.dll
0x00007ffff3c70000 - 0x00007ffff3d7c000 	C:\WINDOWS\SYSTEM32\WINHTTP.dll
0x00007ff8018b0000 - 0x00007ff80191a000 	C:\WINDOWS\system32\mswsock.dll
0x00007fffdc970000 - 0x00007fffdc984000 	D:\Android Studio\jre\bin\nio.dll
0x00007fffefa30000 - 0x00007fffefa57000 	C:\Users\LENOVO\Desktop\GRADLE\gradle-6.1.1\native\e1d6ef7f7dcc3fd88c89a11ec53ec762bb8ba0a96d01ffa2cd45eb1d1d8dd5c5\windows-amd64\native-platform.dll
0x00007fffbc100000 - 0x00007fffbc244000 	C:\Users\LENOVO\Desktop\GRADLE\gradle-6.1.1\native\5664cfc778a61ccfe75a443a1ab52a65af34e5dc3c78e0209fed803814484fcb\windows-amd64\native-platform-file-events.dll
0x00007ffffa3c0000 - 0x00007ffffa3ca000 	D:\Android Studio\jre\bin\management.dll
0x00007ffff9630000 - 0x00007ffff963d000 	D:\Android Studio\jre\bin\management_ext.dll
0x00007ff801aa0000 - 0x00007ff801ab8000 	C:\WINDOWS\SYSTEM32\CRYPTSP.dll
0x00007ff8011d0000 - 0x00007ff801204000 	C:\WINDOWS\system32\rsaenh.dll
0x00007ff8029e0000 - 0x00007ff802a07000 	C:\WINDOWS\System32\bcrypt.dll
0x00007ff802090000 - 0x00007ff8020be000 	C:\WINDOWS\SYSTEM32\USERENV.dll
0x00007ff801ac0000 - 0x00007ff801acc000 	C:\WINDOWS\SYSTEM32\CRYPTBASE.dll
0x00007ff8015a0000 - 0x00007ff8015db000 	C:\WINDOWS\SYSTEM32\IPHLPAPI.DLL
0x00007ff804050000 - 0x00007ff804058000 	C:\WINDOWS\System32\NSI.dll
0x00007ffff4b20000 - 0x00007ffff4b37000 	C:\WINDOWS\SYSTEM32\dhcpcsvc6.DLL
0x00007ffff4a40000 - 0x00007ffff4a5d000 	C:\WINDOWS\SYSTEM32\dhcpcsvc.DLL
0x00007ff8015e0000 - 0x00007ff8016aa000 	C:\WINDOWS\SYSTEM32\DNSAPI.dll

dbghelp: loaded successfully - version: 4.0.5 - missing functions: none
symbol engine: initialized successfully - sym options: 0x614 - pdb path: .;D:\Android Studio\jre\bin;C:\WINDOWS\SYSTEM32;C:\Program Files\Avast Software\Avast;C:\WINDOWS\WinSxS\amd64_microsoft.windows.common-controls_6595b64144ccf1df_6.0.19041.1110_none_60b5254171f9507e;D:\Android Studio\jre\bin\server;C:\Users\LENOVO\Desktop\GRADLE\gradle-6.1.1\native\e1d6ef7f7dcc3fd88c89a11ec53ec762bb8ba0a96d01ffa2cd45eb1d1d8dd5c5\windows-amd64;C:\Users\LENOVO\Desktop\GRADLE\gradle-6.1.1\native\5664cfc778a61ccfe75a443a1ab52a65af34e5dc3c78e0209fed803814484fcb\windows-amd64

VM Arguments:
jvm_args: --add-opens=java.base/java.util=ALL-UNNAMED --add-opens=java.base/java.lang=ALL-UNNAMED --add-opens=java.base/java.lang.invoke=ALL-UNNAMED --add-opens=java.base/java.util=ALL-UNNAMED --add-opens=java.prefs/java.util.prefs=ALL-UNNAMED --add-opens=java.prefs/java.util.prefs=ALL-UNNAMED --add-opens=java.base/java.nio.charset=ALL-UNNAMED --add-opens=java.base/java.net=ALL-UNNAMED --add-opens=java.base/java.util.concurrent.atomic=ALL-UNNAMED -Xmx2048m -Dfile.encoding=UTF-8 -Duser.country=FR -Duser.language=fr -Duser.variant 
java_command: org.gradle.launcher.daemon.bootstrap.GradleDaemon 7.3.3
java_class_path (initial): C:\Users\LENOVO\Desktop\GRADLE\gradle-6.1.1\wrapper\dists\gradle-7.3.3-bin\6a41zxkdtcxs8rphpq6y0069z\gradle-7.3.3\lib\gradle-launcher-7.3.3.jar
Launcher Type: SUN_STANDARD

[Global flags]
     intx CICompilerCount                          = 3                                         {product} {ergonomic}
     uint ConcGCThreads                            = 1                                         {product} {ergonomic}
     uint G1ConcRefinementThreads                  = 4                                         {product} {ergonomic}
   size_t G1HeapRegionSize                         = 1048576                                   {product} {ergonomic}
    uintx GCDrainStackTargetSize                   = 64                                        {product} {ergonomic}
   size_t InitialHeapSize                          = 201326592                                 {product} {ergonomic}
   size_t MarkStackSize                            = 4194304                                   {product} {ergonomic}
   size_t MaxHeapSize                              = 2147483648                                {product} {command line}
   size_t MaxNewSize                               = 1287651328                                {product} {ergonomic}
   size_t MinHeapDeltaBytes                        = 1048576                                   {product} {ergonomic}
    uintx NonNMethodCodeHeapSize                   = 5830732                                {pd product} {ergonomic}
    uintx NonProfiledCodeHeapSize                  = 122913754                              {pd product} {ergonomic}
    uintx ProfiledCodeHeapSize                     = 122913754                              {pd product} {ergonomic}
    uintx ReservedCodeCacheSize                    = 251658240                              {pd product} {ergonomic}
     bool SegmentedCodeCache                       = true                                      {product} {ergonomic}
     bool UseCompressedClassPointers               = true                                 {lp64_product} {ergonomic}
     bool UseCompressedOops                        = true                                 {lp64_product} {ergonomic}
     bool UseG1GC                                  = true                                      {product} {ergonomic}
     bool UseLargePagesIndividualAllocation        = false                                  {pd product} {ergonomic}

Logging:
Log output configuration:
 #0: stdout all=warning uptime,level,tags
 #1: stderr all=off uptime,level,tags

Environment Variables:
PATH=C:\Program Files\Eclipse Foundation\jdk-8.0.302.8-hotspot\bin;C:\Program Files\Microsoft\jdk-11.0.12.7-hotspot\bin;D:\flutter vs dart\dart-sdk\bin;C:\Program Files (x86)\Common Files\Intel\Shared Libraries\redist\intel64_win\compiler;C:\ProgramData\Oracle\Java\javapath;C:\WINDOWS\system32;C:\WINDOWS;C:\WINDOWS\System32\Wbem;C:\WINDOWS\System32\WindowsPowerShell\v1.0\;C:\WINDOWS\System32\OpenSSH\;C:\Users\LENOVO\.dnx\bin;C:\Program Files\Microsoft DNX\Dnvm\;C:\Program Files\Microsoft SQL Server\120\Tools\Binn\;C:\Users\LENOVO\Desktop\Programme Java\jdk-17.0.1\bin\;D:\Dart\dart-sdk\bin;C:\Program Files (x86)\Microsoft SQL Server\150\Tools\Binn\;C:\Program Files\Microsoft SQL Server\150\Tools\Binn\;C:\Program Files (x86)\Microsoft SQL Server\150\DTS\Binn\;C:\Program Files\Microsoft SQL Server\150\DTS\Binn\;C:\Program Files\Microsoft SQL Server\Client SDK\ODBC\170\Tools\Binn\;C:\Program Files\Azure Data Studio\bin;D:\flutter vs dart\flutter\bin;C:\Program Files\dotnet\;C:\ProgramData\chocolatey\bin;C:\sqlite;D:\php-8\php-8.1.9-src;C:\Program Files\Git\cmd;C:\Program Files\nodejs\;C:\Users\LENOVO\.dnx\bin;C:\Users\LENOVO\.dotnet\tools;C:\Users\LENOVO\.dotnet\tools;D:\visual studio code\Microsoft VS Code\bin;D:\;D:\flutter vs dart\flutter\bin;C:\Users\LENOVO\Downloads\android\platform-tools;D:\Intellij Idea\IntelliJ IDEA Community Edition 2022.2.2\bin;;D:\Android Studio\jre\bin;C:\Program Files\Java\jdk1.8.0_341\bin;C:\Program Files\Microsoft\jdk-11.0.12.7-hotspot\bin;C:\Program Files\Java\jre1.8.0_341;C:\Program Files\Microsoft\jdk-11.0.12.7-hotspot\bin\server;C:\Spring boot\spring-2.7.3\bin;;D:\Intellij Idea\IntelliJ IDEA 2022.2.2\bin;;D:\PhpStorm\PhpStorm 2022.2.1\bin;;C:\Users\LENOVO\AppData\Roaming\npm
USERNAME=LENOVO
OS=Windows_NT
PROCESSOR_IDENTIFIER=Intel64 Family 6 Model 142 Stepping 9, GenuineIntel



---------------  S Y S T E M  ---------------

OS: Windows 10 , 64 bit Build 19041 (10.0.19041.2251)
OS uptime: 0 days 12:46 hours

CPU:total 4 (initial active 4) (2 cores per cpu, 2 threads per core) family 6 model 142 stepping 9 microcode 0xb4, cmov, cx8, fxsr, mmx, sse, sse2, sse3, ssse3, sse4.1, sse4.2, popcnt, avx, avx2, aes, clmul, erms, 3dnowpref, lzcnt, ht, tsc, tscinvbit, bmi1, bmi2, adx, fma

Memory: 4k page, system-wide physical 12169M (1551M free)
TotalPageFile size 17169M (AvailPageFile size 491M)
current process WorkingSet (physical memory assigned to process): 298M, peak: 299M
current process commit charge ("private bytes"): 385M, peak: 386M

vm_info: OpenJDK 64-Bit Server VM (11.0.12+7-b1504.28-7817840) for windows-amd64 JRE (11.0.12+7-b1504.28-7817840), built on Oct 13 2021 22:12:33 by "builder" with MS VC++ 14.0 (VS2015)

END.
