#
# There is insufficient memory for the Java Runtime Environment to continue.
# Native memory allocation (malloc) failed to allocate 1181856 bytes for Chunk::new
# Possible reasons:
#   The system is out of physical RAM or swap space
#   The process is running with CompressedOops enabled, and the Java Heap may be blocking the growth of the native heap
# Possible solutions:
#   Reduce memory load on the system
#   Increase physical memory or swap space
#   Check if swap backing store is full
#   Decrease Java heap size (-Xmx/-Xms)
#   Decrease number of Java threads
#   Decrease Java thread stack sizes (-Xss)
#   Set larger code cache with -XX:ReservedCodeCacheSize=
#   JVM is running with Unscaled Compressed Oops mode in which the Java heap is
#     placed in the first 4GB address space. The Java Heap base address is the
#     maximum limit for the native heap growth. Please use -XX:HeapBaseMinAddress
#     to set the Java Heap base and to place the Java Heap above 4GB virtual address.
# This output file may be truncated or incomplete.
#
#  Out of Memory Error (./src/hotspot/share/memory/arena.cpp:197), pid=9968, tid=16404
#
# JRE version: OpenJDK Runtime Environment (11.0.12+7) (build 11.0.12+7-b1504.28-7817840)
# Java VM: OpenJDK 64-Bit Server VM (11.0.12+7-b1504.28-7817840, mixed mode, tiered, compressed oops, g1 gc, windows-amd64)
# No core dump will be written. Minidumps are not enabled by default on client versions of Windows
#

---------------  S U M M A R Y ------------

Command Line: --add-opens=java.base/java.util=ALL-UNNAMED --add-opens=java.base/java.lang=ALL-UNNAMED --add-opens=java.base/java.lang.invoke=ALL-UNNAMED --add-opens=java.base/java.util=ALL-UNNAMED --add-opens=java.prefs/java.util.prefs=ALL-UNNAMED --add-opens=java.prefs/java.util.prefs=ALL-UNNAMED --add-opens=java.base/java.nio.charset=ALL-UNNAMED --add-opens=java.base/java.net=ALL-UNNAMED --add-opens=java.base/java.util.concurrent.atomic=ALL-UNNAMED -Xmx2048m -Dfile.encoding=UTF-8 -Duser.country=FR -Duser.language=fr -Duser.variant org.gradle.launcher.daemon.bootstrap.GradleDaemon 7.3.3

Host: Intel(R) Core(TM) i3-7100U CPU @ 2.40GHz, 4 cores, 7G,  Windows 10 , 64 bit Build 19041 (10.0.19041.1889)
Time: Thu Oct 13 10:45:07 2022 Temps universel coordonné elapsed time: 15.059809 seconds (0d 0h 0m 15s)

---------------  T H R E A D  ---------------

Current thread (0x000002ba7da4d000):  JavaThread "C2 CompilerThread0" daemon [_thread_in_native, id=16404, stack(0x000000e800e00000,0x000000e800f00000)]


Current CompileTask:
C2:  15059 3544       4       org.objectweb.asm.Frame::execute (2318 bytes)

Stack: [0x000000e800e00000,0x000000e800f00000]
Native frames: (J=compiled Java code, j=interpreted, Vv=VM code, C=native code)
V  [jvm.dll+0x5fbcea]
V  [jvm.dll+0x731905]
V  [jvm.dll+0x732f1d]
V  [jvm.dll+0x7335d3]
V  [jvm.dll+0x247bf8]
V  [jvm.dll+0xc018c]
V  [jvm.dll+0xc06cc]
V  [jvm.dll+0x2bcc04]
V  [jvm.dll+0x5113a8]
V  [jvm.dll+0x208303]
V  [jvm.dll+0x201fe0]
V  [jvm.dll+0x1ff71f]
V  [jvm.dll+0x18868c]
V  [jvm.dll+0x20e0d7]
V  [jvm.dll+0x20c901]
V  [jvm.dll+0x6f9b7f]
V  [jvm.dll+0x6f26a5]
V  [jvm.dll+0x5fabf6]
C  [ucrtbase.dll+0x21bb2]
C  [KERNEL32.DLL+0x17034]
C  [ntdll.dll+0x526a1]


---------------  P R O C E S S  ---------------

Threads class SMR info:
_java_thread_list=0x000002ba102e22a0, length=34, elements={
0x000002ba70ef6000, 0x000002ba7da23800, 0x000002ba7da27800, 0x000002ba7da40000,
0x000002ba7da42800, 0x000002ba7da46000, 0x000002ba7da4d000, 0x000002ba7da52000,
0x000002ba7da55800, 0x000002ba7e527000, 0x000002ba7fd1f800, 0x000002ba1052a800,
0x000002ba7f2e8000, 0x000002ba7f6ba800, 0x000002ba10774800, 0x000002ba10775800,
0x000002ba7febe000, 0x000002ba7febf000, 0x000002ba0f4aa000, 0x000002ba0f675800,
0x000002ba0f677800, 0x000002ba0f676000, 0x000002ba0f677000, 0x000002ba0f679800,
0x000002ba0f67b000, 0x000002ba0f67a000, 0x000002ba0f678800, 0x000002ba0f67c000,
0x000002ba7e909000, 0x000002ba7e90a000, 0x000002ba7e90a800, 0x000002ba7e905000,
0x000002ba1044c000, 0x000002ba7e90b800
}

Java Threads: ( => current thread )
  0x000002ba70ef6000 JavaThread "main" [_thread_blocked, id=14688, stack(0x000000e800200000,0x000000e800300000)]
  0x000002ba7da23800 JavaThread "Reference Handler" daemon [_thread_blocked, id=2500, stack(0x000000e800900000,0x000000e800a00000)]
  0x000002ba7da27800 JavaThread "Finalizer" daemon [_thread_blocked, id=16752, stack(0x000000e800a00000,0x000000e800b00000)]
  0x000002ba7da40000 JavaThread "Signal Dispatcher" daemon [_thread_blocked, id=14608, stack(0x000000e800b00000,0x000000e800c00000)]
  0x000002ba7da42800 JavaThread "Attach Listener" daemon [_thread_blocked, id=16924, stack(0x000000e800c00000,0x000000e800d00000)]
  0x000002ba7da46000 JavaThread "Service Thread" daemon [_thread_blocked, id=9868, stack(0x000000e800d00000,0x000000e800e00000)]
=>0x000002ba7da4d000 JavaThread "C2 CompilerThread0" daemon [_thread_in_native, id=16404, stack(0x000000e800e00000,0x000000e800f00000)]
  0x000002ba7da52000 JavaThread "C1 CompilerThread0" daemon [_thread_blocked, id=15956, stack(0x000000e800f00000,0x000000e801000000)]
  0x000002ba7da55800 JavaThread "Sweeper thread" daemon [_thread_blocked, id=3548, stack(0x000000e801000000,0x000000e801100000)]
  0x000002ba7e527000 JavaThread "Common-Cleaner" daemon [_thread_blocked, id=15740, stack(0x000000e801100000,0x000000e801200000)]
  0x000002ba7fd1f800 JavaThread "Daemon health stats" [_thread_blocked, id=14840, stack(0x000000e801600000,0x000000e801700000)]
  0x000002ba1052a800 JavaThread "Incoming local TCP Connector on port 19032" [_thread_in_native, id=16188, stack(0x000000e801300000,0x000000e801400000)]
  0x000002ba7f2e8000 JavaThread "Daemon periodic checks" [_thread_blocked, id=3996, stack(0x000000e801700000,0x000000e801800000)]
  0x000002ba7f6ba800 JavaThread "Daemon" [_thread_blocked, id=11096, stack(0x000000e801800000,0x000000e801900000)]
  0x000002ba10774800 JavaThread "Handler for socket connection from /127.0.0.1:19032 to /127.0.0.1:19033" [_thread_in_native, id=17036, stack(0x000000e801900000,0x000000e801a00000)]
  0x000002ba10775800 JavaThread "Cancel handler" [_thread_blocked, id=9168, stack(0x000000e801a00000,0x000000e801b00000)]
  0x000002ba7febe000 JavaThread "Daemon worker" [_thread_in_vm, id=16896, stack(0x000000e801b00000,0x000000e801c00000)]
  0x000002ba7febf000 JavaThread "Asynchronous log dispatcher for DefaultDaemonConnection: socket connection from /127.0.0.1:19032 to /127.0.0.1:19033" [_thread_blocked, id=17148, stack(0x000000e801c00000,0x000000e801d00000)]
  0x000002ba0f4aa000 JavaThread "Stdin handler" [_thread_blocked, id=17260, stack(0x000000e801d00000,0x000000e801e00000)]
  0x000002ba0f675800 JavaThread "Daemon client event forwarder" [_thread_blocked, id=16888, stack(0x000000e801e00000,0x000000e801f00000)]
  0x000002ba0f677800 JavaThread "Cache worker for journal cache (C:\Users\LENOVO\Desktop\GRADLE\gradle-6.1.1\caches\journal-1)" [_thread_blocked, id=12260, stack(0x000000e802000000,0x000000e802100000)]
  0x000002ba0f676000 JavaThread "File lock request listener" [_thread_in_native, id=4136, stack(0x000000e802100000,0x000000e802200000)]
  0x000002ba0f677000 JavaThread "Cache worker for file hash cache (C:\Users\LENOVO\Desktop\GRADLE\gradle-6.1.1\caches\7.3.3\fileHashes)" [_thread_blocked, id=13936, stack(0x000000e802200000,0x000000e802300000)]
  0x000002ba0f679800 JavaThread "Cache worker for file hash cache (D:\Program Files\Grafco3\.gradle\7.3.3\fileHashes)" [_thread_blocked, id=15816, stack(0x000000e802400000,0x000000e802500000)]
  0x000002ba0f67b000 JavaThread "File watcher server" daemon [_thread_in_native, id=17176, stack(0x000000e802500000,0x000000e802600000)]
  0x000002ba0f67a000 JavaThread "File watcher consumer" daemon [_thread_blocked, id=16676, stack(0x000000e802600000,0x000000e802700000)]
  0x000002ba0f678800 JavaThread "Cache worker for checksums cache (D:\Program Files\Grafco3\.gradle\7.3.3\checksums)" [_thread_blocked, id=12280, stack(0x000000e802700000,0x000000e802800000)]
  0x000002ba0f67c000 JavaThread "Cache worker for cache directory md-supplier (C:\Users\LENOVO\Desktop\GRADLE\gradle-6.1.1\caches\7.3.3\md-supplier)" [_thread_blocked, id=11804, stack(0x000000e802800000,0x000000e802900000)]
  0x000002ba7e909000 JavaThread "Cache worker for cache directory md-rule (C:\Users\LENOVO\Desktop\GRADLE\gradle-6.1.1\caches\7.3.3\md-rule)" [_thread_blocked, id=16756, stack(0x000000e802900000,0x000000e802a00000)]
  0x000002ba7e90a000 JavaThread "Cache worker for execution history cache (C:\Users\LENOVO\Desktop\GRADLE\gradle-6.1.1\caches\7.3.3\executionHistory)" [_thread_blocked, id=12684, stack(0x000000e802a00000,0x000000e802b00000)]
  0x000002ba7e90a800 JavaThread "jar transforms" [_thread_blocked, id=15612, stack(0x000000e802b00000,0x000000e802c00000)]
  0x000002ba7e905000 JavaThread "Cache worker for file content cache (C:\Users\LENOVO\Desktop\GRADLE\gradle-6.1.1\caches\7.3.3\fileContent)" [_thread_blocked, id=4408, stack(0x000000e802300000,0x000000e802400000)]
  0x000002ba1044c000 JavaThread "C2 CompilerThread1" daemon [_thread_in_native, id=16944, stack(0x000000e802c00000,0x000000e802d00000)]
  0x000002ba7e90b800 JavaThread "jar transforms Thread 2" [_thread_blocked, id=11524, stack(0x000000e802d00000,0x000000e802e00000)]

Other Threads:
  0x000002ba7da21000 VMThread "VM Thread" [stack: 0x000000e800800000,0x000000e800900000] [id=14712]
  0x000002ba7e54a000 WatcherThread [stack: 0x000000e801200000,0x000000e801300000] [id=8548]
  0x000002ba70f0e800 GCTaskThread "GC Thread#0" [stack: 0x000000e800300000,0x000000e800400000] [id=15404]
  0x000002ba7e9c9000 GCTaskThread "GC Thread#1" [stack: 0x000000e801400000,0x000000e801500000] [id=9736]
  0x000002ba7eeb5000 GCTaskThread "GC Thread#2" [stack: 0x000000e801500000,0x000000e801600000] [id=12284]
  0x000002ba0f5de800 GCTaskThread "GC Thread#3" [stack: 0x000000e801f00000,0x000000e802000000] [id=14744]
  0x000002ba70f42000 ConcurrentGCThread "G1 Main Marker" [stack: 0x000000e800400000,0x000000e800500000] [id=16504]
  0x000002ba70f43000 ConcurrentGCThread "G1 Conc#0" [stack: 0x000000e800500000,0x000000e800600000] [id=1540]
  0x000002ba70fce000 ConcurrentGCThread "G1 Refine#0" [stack: 0x000000e800600000,0x000000e800700000] [id=10232]
  0x000002ba7d872800 ConcurrentGCThread "G1 Young RemSet Sampling" [stack: 0x000000e800700000,0x000000e800800000] [id=10832]

Threads with active compile tasks:
C2 CompilerThread0  15333 3544       4       org.objectweb.asm.Frame::execute (2318 bytes)
C2 CompilerThread1  15333 3587       4       org.codehaus.groovy.runtime.metaclass.MetaMethodIndex::addMethodToList (131 bytes)

VM state:not at safepoint (normal execution)

VM Mutex/Monitor currently owned by a thread: None

Heap address: 0x0000000080000000, size: 2048 MB, Compressed Oops mode: 32-bit
Narrow klass base: 0x0000000000000000, Narrow klass shift: 3
Compressed class space size: 1073741824 Address: 0x0000000100000000

Heap:
 garbage-first heap   total 131072K, used 29362K [0x0000000080000000, 0x0000000100000000)
  region size 1024K, 11 young (11264K), 9 survivors (9216K)
 Metaspace       used 40163K, capacity 41027K, committed 41168K, reserved 1085440K
  class space    used 5113K, capacity 5434K, committed 5452K, reserved 1048576K
Heap Regions: E=young(eden), S=young(survivor), O=old, HS=humongous(starts), HC=humongous(continues), CS=collection set, F=free, A=archive, TAMS=top-at-mark-start (previous, next)
|   0|0x0000000080000000, 0x0000000080100000, 0x0000000080100000|100%|HS|  |TAMS 0x0000000080100000, 0x0000000080000000| Complete 
|   1|0x0000000080100000, 0x0000000080200000, 0x0000000080200000|100%|HC|  |TAMS 0x0000000080200000, 0x0000000080100000| Complete 
|   2|0x0000000080200000, 0x0000000080300000, 0x0000000080300000|100%|HC|  |TAMS 0x0000000080300000, 0x0000000080200000| Complete 
|   3|0x0000000080300000, 0x0000000080400000, 0x0000000080400000|100%| O|  |TAMS 0x0000000080400000, 0x0000000080300000| Untracked 
|   4|0x0000000080400000, 0x0000000080500000, 0x0000000080500000|100%| O|  |TAMS 0x0000000080500000, 0x0000000080400000| Untracked 
|   5|0x0000000080500000, 0x0000000080600000, 0x0000000080600000|100%| O|  |TAMS 0x0000000080600000, 0x0000000080500000| Untracked 
|   6|0x0000000080600000, 0x0000000080700000, 0x0000000080700000|100%| O|  |TAMS 0x0000000080700000, 0x0000000080600000| Untracked 
|   7|0x0000000080700000, 0x0000000080800000, 0x0000000080800000|100%| O|  |TAMS 0x0000000080800000, 0x0000000080700000| Untracked 
|   8|0x0000000080800000, 0x0000000080900000, 0x0000000080900000|100%| O|  |TAMS 0x0000000080900000, 0x0000000080800000| Untracked 
|   9|0x0000000080900000, 0x0000000080a00000, 0x0000000080a00000|100%| O|  |TAMS 0x0000000080a00000, 0x0000000080900000| Untracked 
|  10|0x0000000080a00000, 0x0000000080b00000, 0x0000000080b00000|100%| O|  |TAMS 0x0000000080b00000, 0x0000000080a00000| Untracked 
|  11|0x0000000080b00000, 0x0000000080c00000, 0x0000000080c00000|100%| O|  |TAMS 0x0000000080c00000, 0x0000000080b00000| Untracked 
|  12|0x0000000080c00000, 0x0000000080d00000, 0x0000000080d00000|100%| O|  |TAMS 0x0000000080d00000, 0x0000000080c00000| Untracked 
|  13|0x0000000080d00000, 0x0000000080e00000, 0x0000000080e00000|100%| O|  |TAMS 0x0000000080e00000, 0x0000000080d00000| Untracked 
|  14|0x0000000080e00000, 0x0000000080f00000, 0x0000000080f00000|100%| O|  |TAMS 0x0000000080f00000, 0x0000000080e00000| Untracked 
|  15|0x0000000080f00000, 0x0000000081000000, 0x0000000081000000|100%| O|  |TAMS 0x0000000081000000, 0x0000000080f00000| Untracked 
|  16|0x0000000081000000, 0x0000000081100000, 0x0000000081100000|100%| O|  |TAMS 0x0000000081034200, 0x0000000081000000| Untracked 
|  17|0x0000000081100000, 0x0000000081100000, 0x0000000081200000|  0%| F|  |TAMS 0x0000000081100000, 0x0000000081100000| Untracked 
|  18|0x0000000081200000, 0x0000000081200000, 0x0000000081300000|  0%| F|  |TAMS 0x0000000081200000, 0x0000000081200000| Untracked 
|  19|0x0000000081300000, 0x0000000081300000, 0x0000000081400000|  0%| F|  |TAMS 0x0000000081300000, 0x0000000081300000| Untracked 
|  20|0x0000000081400000, 0x0000000081500000, 0x0000000081500000|100%| O|  |TAMS 0x0000000081400000, 0x0000000081400000| Untracked 
|  21|0x0000000081500000, 0x00000000815f6c00, 0x0000000081600000| 96%| O|  |TAMS 0x0000000081500000, 0x0000000081500000| Untracked 
|  22|0x0000000081600000, 0x0000000081600000, 0x0000000081700000|  0%| F|  |TAMS 0x0000000081600000, 0x0000000081600000| Untracked 
|  23|0x0000000081700000, 0x0000000081700000, 0x0000000081800000|  0%| F|  |TAMS 0x0000000081700000, 0x0000000081700000| Untracked 
|  24|0x0000000081800000, 0x0000000081800000, 0x0000000081900000|  0%| F|  |TAMS 0x0000000081800000, 0x0000000081800000| Untracked 
|  25|0x0000000081900000, 0x0000000081900000, 0x0000000081a00000|  0%| F|  |TAMS 0x0000000081900000, 0x0000000081900000| Untracked 
|  26|0x0000000081a00000, 0x0000000081a00000, 0x0000000081b00000|  0%| F|  |TAMS 0x0000000081a00000, 0x0000000081a00000| Untracked 
|  27|0x0000000081b00000, 0x0000000081b00000, 0x0000000081c00000|  0%| F|  |TAMS 0x0000000081b00000, 0x0000000081b00000| Untracked 
|  28|0x0000000081c00000, 0x0000000081c00000, 0x0000000081d00000|  0%| F|  |TAMS 0x0000000081c00000, 0x0000000081c00000| Untracked 
|  29|0x0000000081d00000, 0x0000000081d00000, 0x0000000081e00000|  0%| F|  |TAMS 0x0000000081d00000, 0x0000000081d00000| Untracked 
|  30|0x0000000081e00000, 0x0000000081e00000, 0x0000000081f00000|  0%| F|  |TAMS 0x0000000081e00000, 0x0000000081e00000| Untracked 
|  31|0x0000000081f00000, 0x0000000081f00000, 0x0000000082000000|  0%| F|  |TAMS 0x0000000081f00000, 0x0000000081f00000| Untracked 
|  32|0x0000000082000000, 0x0000000082000000, 0x0000000082100000|  0%| F|  |TAMS 0x0000000082000000, 0x0000000082000000| Untracked 
|  33|0x0000000082100000, 0x0000000082100000, 0x0000000082200000|  0%| F|  |TAMS 0x0000000082100000, 0x0000000082100000| Untracked 
|  34|0x0000000082200000, 0x0000000082200000, 0x0000000082300000|  0%| F|  |TAMS 0x0000000082200000, 0x0000000082200000| Untracked 
|  35|0x0000000082300000, 0x0000000082300000, 0x0000000082400000|  0%| F|  |TAMS 0x0000000082300000, 0x0000000082300000| Untracked 
|  36|0x0000000082400000, 0x0000000082400000, 0x0000000082500000|  0%| F|  |TAMS 0x0000000082400000, 0x0000000082400000| Untracked 
|  37|0x0000000082500000, 0x0000000082500000, 0x0000000082600000|  0%| F|  |TAMS 0x0000000082500000, 0x0000000082500000| Untracked 
|  38|0x0000000082600000, 0x0000000082600000, 0x0000000082700000|  0%| F|  |TAMS 0x0000000082600000, 0x0000000082600000| Untracked 
|  39|0x0000000082700000, 0x0000000082700000, 0x0000000082800000|  0%| F|  |TAMS 0x0000000082700000, 0x0000000082700000| Untracked 
|  40|0x0000000082800000, 0x0000000082800000, 0x0000000082900000|  0%| F|  |TAMS 0x0000000082800000, 0x0000000082800000| Untracked 
|  41|0x0000000082900000, 0x0000000082900000, 0x0000000082a00000|  0%| F|  |TAMS 0x0000000082900000, 0x0000000082900000| Untracked 
|  42|0x0000000082a00000, 0x0000000082a00000, 0x0000000082b00000|  0%| F|  |TAMS 0x0000000082a00000, 0x0000000082a00000| Untracked 
|  43|0x0000000082b00000, 0x0000000082b00000, 0x0000000082c00000|  0%| F|  |TAMS 0x0000000082b00000, 0x0000000082b00000| Untracked 
|  44|0x0000000082c00000, 0x0000000082c00000, 0x0000000082d00000|  0%| F|  |TAMS 0x0000000082c00000, 0x0000000082c00000| Untracked 
|  45|0x0000000082d00000, 0x0000000082d00000, 0x0000000082e00000|  0%| F|  |TAMS 0x0000000082d00000, 0x0000000082d00000| Untracked 
|  46|0x0000000082e00000, 0x0000000082e00000, 0x0000000082f00000|  0%| F|  |TAMS 0x0000000082e00000, 0x0000000082e00000| Untracked 
|  47|0x0000000082f00000, 0x0000000082f00000, 0x0000000083000000|  0%| F|  |TAMS 0x0000000082f00000, 0x0000000082f00000| Untracked 
|  48|0x0000000083000000, 0x0000000083000000, 0x0000000083100000|  0%| F|  |TAMS 0x0000000083000000, 0x0000000083000000| Untracked 
|  49|0x0000000083100000, 0x00000000831b5da8, 0x0000000083200000| 71%| S|CS|TAMS 0x0000000083100000, 0x0000000083100000| Complete 
|  50|0x0000000083200000, 0x0000000083300000, 0x0000000083300000|100%| S|CS|TAMS 0x0000000083200000, 0x0000000083200000| Complete 
|  51|0x0000000083300000, 0x0000000083400000, 0x0000000083400000|100%| S|CS|TAMS 0x0000000083300000, 0x0000000083300000| Complete 
|  52|0x0000000083400000, 0x0000000083500000, 0x0000000083500000|100%| S|CS|TAMS 0x0000000083400000, 0x0000000083400000| Complete 
|  53|0x0000000083500000, 0x0000000083600000, 0x0000000083600000|100%| S|CS|TAMS 0x0000000083500000, 0x0000000083500000| Complete 
|  54|0x0000000083600000, 0x0000000083700000, 0x0000000083700000|100%| S|CS|TAMS 0x0000000083600000, 0x0000000083600000| Complete 
|  55|0x0000000083700000, 0x0000000083800000, 0x0000000083800000|100%| S|CS|TAMS 0x0000000083700000, 0x0000000083700000| Complete 
|  56|0x0000000083800000, 0x0000000083900000, 0x0000000083900000|100%| S|CS|TAMS 0x0000000083800000, 0x0000000083800000| Complete 
|  57|0x0000000083900000, 0x0000000083900000, 0x0000000083a00000|  0%| F|  |TAMS 0x0000000083900000, 0x0000000083900000| Untracked 
|  58|0x0000000083a00000, 0x0000000083a00000, 0x0000000083b00000|  0%| F|  |TAMS 0x0000000083a00000, 0x0000000083a00000| Untracked 
|  59|0x0000000083b00000, 0x0000000083b00000, 0x0000000083c00000|  0%| F|  |TAMS 0x0000000083b00000, 0x0000000083b00000| Untracked 
|  60|0x0000000083c00000, 0x0000000083c00000, 0x0000000083d00000|  0%| F|  |TAMS 0x0000000083c00000, 0x0000000083c00000| Untracked 
|  61|0x0000000083d00000, 0x0000000083d00000, 0x0000000083e00000|  0%| F|  |TAMS 0x0000000083d00000, 0x0000000083d00000| Untracked 
|  62|0x0000000083e00000, 0x0000000083e00000, 0x0000000083f00000|  0%| F|  |TAMS 0x0000000083e00000, 0x0000000083e00000| Untracked 
|  63|0x0000000083f00000, 0x0000000083f00000, 0x0000000084000000|  0%| F|  |TAMS 0x0000000083f00000, 0x0000000083f00000| Untracked 
|  64|0x0000000084000000, 0x0000000084100000, 0x0000000084100000|100%| S|CS|TAMS 0x0000000084000000, 0x0000000084000000| Complete 
|  65|0x0000000084100000, 0x0000000084100000, 0x0000000084200000|  0%| F|  |TAMS 0x0000000084100000, 0x0000000084100000| Untracked 
|  66|0x0000000084200000, 0x0000000084200000, 0x0000000084300000|  0%| F|  |TAMS 0x0000000084200000, 0x0000000084200000| Untracked 
|  67|0x0000000084300000, 0x0000000084300000, 0x0000000084400000|  0%| F|  |TAMS 0x0000000084300000, 0x0000000084300000| Untracked 
|  68|0x0000000084400000, 0x0000000084400000, 0x0000000084500000|  0%| F|  |TAMS 0x0000000084400000, 0x0000000084400000| Untracked 
|  69|0x0000000084500000, 0x0000000084500000, 0x0000000084600000|  0%| F|  |TAMS 0x0000000084500000, 0x0000000084500000| Untracked 
|  70|0x0000000084600000, 0x0000000084600000, 0x0000000084700000|  0%| F|  |TAMS 0x0000000084600000, 0x0000000084600000| Untracked 
|  71|0x0000000084700000, 0x0000000084700000, 0x0000000084800000|  0%| F|  |TAMS 0x0000000084700000, 0x0000000084700000| Untracked 
|  72|0x0000000084800000, 0x0000000084800000, 0x0000000084900000|  0%| F|  |TAMS 0x0000000084800000, 0x0000000084800000| Untracked 
|  73|0x0000000084900000, 0x0000000084900000, 0x0000000084a00000|  0%| F|  |TAMS 0x0000000084900000, 0x0000000084900000| Untracked 
|  74|0x0000000084a00000, 0x0000000084a00000, 0x0000000084b00000|  0%| F|  |TAMS 0x0000000084a00000, 0x0000000084a00000| Untracked 
|  75|0x0000000084b00000, 0x0000000084b00000, 0x0000000084c00000|  0%| F|  |TAMS 0x0000000084b00000, 0x0000000084b00000| Untracked 
|  76|0x0000000084c00000, 0x0000000084c00000, 0x0000000084d00000|  0%| F|  |TAMS 0x0000000084c00000, 0x0000000084c00000| Untracked 
|  77|0x0000000084d00000, 0x0000000084d00000, 0x0000000084e00000|  0%| F|  |TAMS 0x0000000084d00000, 0x0000000084d00000| Untracked 
|  78|0x0000000084e00000, 0x0000000084e00000, 0x0000000084f00000|  0%| F|  |TAMS 0x0000000084e00000, 0x0000000084e00000| Untracked 
|  79|0x0000000084f00000, 0x0000000084f00000, 0x0000000085000000|  0%| F|  |TAMS 0x0000000084f00000, 0x0000000084f00000| Untracked 
|  80|0x0000000085000000, 0x0000000085000000, 0x0000000085100000|  0%| F|  |TAMS 0x0000000085000000, 0x0000000085000000| Untracked 
|  81|0x0000000085100000, 0x0000000085100000, 0x0000000085200000|  0%| F|  |TAMS 0x0000000085100000, 0x0000000085100000| Untracked 
|  82|0x0000000085200000, 0x0000000085200000, 0x0000000085300000|  0%| F|  |TAMS 0x0000000085200000, 0x0000000085200000| Untracked 
|  83|0x0000000085300000, 0x0000000085300000, 0x0000000085400000|  0%| F|  |TAMS 0x0000000085300000, 0x0000000085300000| Untracked 
|  84|0x0000000085400000, 0x0000000085400000, 0x0000000085500000|  0%| F|  |TAMS 0x0000000085400000, 0x0000000085400000| Untracked 
|  85|0x0000000085500000, 0x0000000085500000, 0x0000000085600000|  0%| F|  |TAMS 0x0000000085500000, 0x0000000085500000| Untracked 
|  86|0x0000000085600000, 0x0000000085600000, 0x0000000085700000|  0%| F|  |TAMS 0x0000000085600000, 0x0000000085600000| Untracked 
|  87|0x0000000085700000, 0x0000000085700000, 0x0000000085800000|  0%| F|  |TAMS 0x0000000085700000, 0x0000000085700000| Untracked 
|  88|0x0000000085800000, 0x0000000085800000, 0x0000000085900000|  0%| F|  |TAMS 0x0000000085800000, 0x0000000085800000| Untracked 
|  89|0x0000000085900000, 0x0000000085900000, 0x0000000085a00000|  0%| F|  |TAMS 0x0000000085900000, 0x0000000085900000| Untracked 
|  90|0x0000000085a00000, 0x0000000085a00000, 0x0000000085b00000|  0%| F|  |TAMS 0x0000000085a00000, 0x0000000085a00000| Untracked 
|  91|0x0000000085b00000, 0x0000000085b00000, 0x0000000085c00000|  0%| F|  |TAMS 0x0000000085b00000, 0x0000000085b00000| Untracked 
|  92|0x0000000085c00000, 0x0000000085c00000, 0x0000000085d00000|  0%| F|  |TAMS 0x0000000085c00000, 0x0000000085c00000| Untracked 
|  93|0x0000000085d00000, 0x0000000085d00000, 0x0000000085e00000|  0%| F|  |TAMS 0x0000000085d00000, 0x0000000085d00000| Untracked 
|  94|0x0000000085e00000, 0x0000000085e00000, 0x0000000085f00000|  0%| F|  |TAMS 0x0000000085e00000, 0x0000000085e00000| Untracked 
|  95|0x0000000085f00000, 0x0000000085f00000, 0x0000000086000000|  0%| F|  |TAMS 0x0000000085f00000, 0x0000000085f00000| Untracked 
|  96|0x0000000086000000, 0x0000000086000000, 0x0000000086100000|  0%| F|  |TAMS 0x0000000086000000, 0x0000000086000000| Untracked 
|  97|0x0000000086100000, 0x0000000086100000, 0x0000000086200000|  0%| F|  |TAMS 0x0000000086100000, 0x0000000086100000| Untracked 
|  98|0x0000000086200000, 0x0000000086200000, 0x0000000086300000|  0%| F|  |TAMS 0x0000000086200000, 0x0000000086200000| Untracked 
|  99|0x0000000086300000, 0x0000000086300000, 0x0000000086400000|  0%| F|  |TAMS 0x0000000086300000, 0x0000000086300000| Untracked 
| 100|0x0000000086400000, 0x0000000086400000, 0x0000000086500000|  0%| F|  |TAMS 0x0000000086400000, 0x0000000086400000| Untracked 
| 101|0x0000000086500000, 0x0000000086500000, 0x0000000086600000|  0%| F|  |TAMS 0x0000000086500000, 0x0000000086500000| Untracked 
| 102|0x0000000086600000, 0x0000000086600000, 0x0000000086700000|  0%| F|  |TAMS 0x0000000086600000, 0x0000000086600000| Untracked 
| 103|0x0000000086700000, 0x0000000086700000, 0x0000000086800000|  0%| F|  |TAMS 0x0000000086700000, 0x0000000086700000| Untracked 
| 104|0x0000000086800000, 0x0000000086800000, 0x0000000086900000|  0%| F|  |TAMS 0x0000000086800000, 0x0000000086800000| Untracked 
| 105|0x0000000086900000, 0x0000000086900000, 0x0000000086a00000|  0%| F|  |TAMS 0x0000000086900000, 0x0000000086900000| Untracked 
| 106|0x0000000086a00000, 0x0000000086a00000, 0x0000000086b00000|  0%| F|  |TAMS 0x0000000086a00000, 0x0000000086a00000| Untracked 
| 107|0x0000000086b00000, 0x0000000086b00000, 0x0000000086c00000|  0%| F|  |TAMS 0x0000000086b00000, 0x0000000086b00000| Untracked 
| 108|0x0000000086c00000, 0x0000000086c00000, 0x0000000086d00000|  0%| F|  |TAMS 0x0000000086c00000, 0x0000000086c00000| Untracked 
| 109|0x0000000086d00000, 0x0000000086d00000, 0x0000000086e00000|  0%| F|  |TAMS 0x0000000086d00000, 0x0000000086d00000| Untracked 
| 110|0x0000000086e00000, 0x0000000086e00000, 0x0000000086f00000|  0%| F|  |TAMS 0x0000000086e00000, 0x0000000086e00000| Untracked 
| 111|0x0000000086f00000, 0x0000000086f00000, 0x0000000087000000|  0%| F|  |TAMS 0x0000000086f00000, 0x0000000086f00000| Untracked 
| 112|0x0000000087000000, 0x0000000087000000, 0x0000000087100000|  0%| F|  |TAMS 0x0000000087000000, 0x0000000087000000| Untracked 
| 113|0x0000000087100000, 0x0000000087100000, 0x0000000087200000|  0%| F|  |TAMS 0x0000000087100000, 0x0000000087100000| Untracked 
| 114|0x0000000087200000, 0x0000000087200000, 0x0000000087300000|  0%| F|  |TAMS 0x0000000087200000, 0x0000000087200000| Untracked 
| 115|0x0000000087300000, 0x0000000087300000, 0x0000000087400000|  0%| F|  |TAMS 0x0000000087300000, 0x0000000087300000| Untracked 
| 116|0x0000000087400000, 0x0000000087400000, 0x0000000087500000|  0%| F|  |TAMS 0x0000000087400000, 0x0000000087400000| Untracked 
| 117|0x0000000087500000, 0x0000000087500000, 0x0000000087600000|  0%| F|  |TAMS 0x0000000087500000, 0x0000000087500000| Untracked 
| 118|0x0000000087600000, 0x0000000087600000, 0x0000000087700000|  0%| F|  |TAMS 0x0000000087600000, 0x0000000087600000| Untracked 
| 119|0x0000000087700000, 0x0000000087700000, 0x0000000087800000|  0%| F|  |TAMS 0x0000000087700000, 0x0000000087700000| Untracked 
| 120|0x0000000087800000, 0x0000000087800000, 0x0000000087900000|  0%| F|  |TAMS 0x0000000087800000, 0x0000000087800000| Untracked 
| 121|0x0000000087900000, 0x0000000087900000, 0x0000000087a00000|  0%| F|  |TAMS 0x0000000087900000, 0x0000000087900000| Untracked 
| 122|0x0000000087a00000, 0x0000000087a00000, 0x0000000087b00000|  0%| F|  |TAMS 0x0000000087a00000, 0x0000000087a00000| Untracked 
| 123|0x0000000087b00000, 0x0000000087b00000, 0x0000000087c00000|  0%| F|  |TAMS 0x0000000087b00000, 0x0000000087b00000| Untracked 
| 124|0x0000000087c00000, 0x0000000087c00000, 0x0000000087d00000|  0%| F|  |TAMS 0x0000000087c00000, 0x0000000087c00000| Untracked 
| 125|0x0000000087d00000, 0x0000000087d00000, 0x0000000087e00000|  0%| F|  |TAMS 0x0000000087d00000, 0x0000000087d00000| Untracked 
| 126|0x0000000087e00000, 0x0000000087e80800, 0x0000000087f00000| 50%| E|  |TAMS 0x0000000087e00000, 0x0000000087e00000| Complete 
| 127|0x0000000087f00000, 0x0000000088000000, 0x0000000088000000|100%| E|CS|TAMS 0x0000000087f00000, 0x0000000087f00000| Complete 

Card table byte_map: [0x000002ba76c30000,0x000002ba77030000] _byte_map_base: 0x000002ba76830000

Marking Bits (Prev, Next): (CMBitMap*) 0x000002ba70f38f48, (CMBitMap*) 0x000002ba70f38f80
 Prev Bits: [0x000002ba77430000, 0x000002ba79430000)
 Next Bits: [0x000002ba79430000, 0x000002ba7b430000)

Polling page: 0x000002ba70d50000

Metaspace:

Usage:
  Non-class:     34.82 MB capacity,    34.25 MB ( 98%) used,   489.88 KB (  1%) free+waste,    92.94 KB ( <1%) overhead. 
      Class:      5.31 MB capacity,     5.00 MB ( 94%) used,   271.05 KB (  5%) free+waste,    44.56 KB ( <1%) overhead. 
       Both:     40.13 MB capacity,    39.25 MB ( 98%) used,   760.93 KB (  2%) free+waste,   137.50 KB ( <1%) overhead. 

Virtual space:
  Non-class space:       36.00 MB reserved,      34.88 MB ( 97%) committed 
      Class space:        1.00 GB reserved,       5.32 MB ( <1%) committed 
             Both:        1.04 GB reserved,      40.20 MB (  4%) committed 

Chunk freelists:
   Non-Class:  59.00 KB
       Class:  6.00 KB
        Both:  65.00 KB

MaxMetaspaceSize: 17179869184.00 GB
CompressedClassSpaceSize: 1.00 GB
Initial GC threshold: 20.80 MB
Current GC threshold: 59.09 MB
CDS: off

CodeHeap 'non-profiled nmethods': size=120064Kb used=2055Kb max_used=2055Kb free=118008Kb
 bounds [0x000002ba07ac0000, 0x000002ba07d30000, 0x000002ba0f000000]
CodeHeap 'profiled nmethods': size=120000Kb used=7813Kb max_used=7813Kb free=112186Kb
 bounds [0x000002ba00590000, 0x000002ba00d40000, 0x000002ba07ac0000]
CodeHeap 'non-nmethods': size=5696Kb used=2273Kb max_used=2296Kb free=3422Kb
 bounds [0x000002ba00000000, 0x000002ba00270000, 0x000002ba00590000]
 total_blobs=4368 nmethods=3606 adapters=674
 compilation: enabled
              stopped_count=0, restarted_count=0
 full_count=0

Compilation events (20 events):
Event: 14.905 Thread 0x000002ba7da52000 3562       3       com.google.common.collect.ImmutableCollection::<init> (5 bytes)
Event: 14.905 Thread 0x000002ba7da52000 nmethod 3562 0x000002ba00cf7890 code [0x000002ba00cf7a40, 0x000002ba00cf7bf8]
Event: 14.905 Thread 0x000002ba7da52000 3563       3       com.google.common.cache.LocalCache::discardingQueue (4 bytes)
Event: 14.906 Thread 0x000002ba7da52000 nmethod 3563 0x000002ba00cf7d10 code [0x000002ba00cf7ec0, 0x000002ba00cf7fb8]
Event: 14.919 Thread 0x000002ba7da52000 3564       3       java.util.ArrayDeque::removeFirst (19 bytes)
Event: 14.919 Thread 0x000002ba7da52000 nmethod 3564 0x000002ba00cf8090 code [0x000002ba00cf8260, 0x000002ba00cf8498]
Event: 15.024 Thread 0x000002ba7da52000 3569       1       java.util.ArrayList$ArrayListSpliterator::characteristics (4 bytes)
Event: 15.024 Thread 0x000002ba7da52000 nmethod 3569 0x000002ba07cbd210 code [0x000002ba07cbd3c0, 0x000002ba07cbd478]
Event: 15.024 Thread 0x000002ba1044c000 3548   !   4       jdk.internal.loader.URLClassPath$JarLoader::getResource (353 bytes)
Event: 15.028 Thread 0x000002ba7da52000 3570       3       java.lang.invoke.InnerClassLambdaMetafactory::<init> (240 bytes)
Event: 15.032 Thread 0x000002ba7da52000 nmethod 3570 0x000002ba00cf8590 code [0x000002ba00cf8a00, 0x000002ba00cfaaf8]
Event: 15.032 Thread 0x000002ba7da52000 3573       3       java.lang.invoke.AbstractValidatingLambdaMetafactory::validateMetafactoryArgs (607 bytes)
Event: 15.042 Thread 0x000002ba7da52000 nmethod 3573 0x000002ba00cfb610 code [0x000002ba00cfc160, 0x000002ba00d03b18]
Event: 15.042 Thread 0x000002ba7da52000 3575       3       java.lang.invoke.AbstractValidatingLambdaMetafactory::checkDescriptor (133 bytes)
Event: 15.045 Thread 0x000002ba7da52000 nmethod 3575 0x000002ba00d06510 code [0x000002ba00d06960, 0x000002ba00d08cf8]
Event: 15.045 Thread 0x000002ba7da52000 3571       3       java.lang.invoke.AbstractValidatingLambdaMetafactory::<init> (474 bytes)
Event: 15.052 Thread 0x000002ba7da52000 nmethod 3571 0x000002ba00d09890 code [0x000002ba00d0a1a0, 0x000002ba00d0f638]
Event: 15.052 Thread 0x000002ba7da52000 3572   !   3       java.lang.invoke.MethodHandles$Lookup::revealDirect (209 bytes)
Event: 15.052 Thread 0x000002ba1044c000 nmethod 3548 0x000002ba07cbd510 code [0x000002ba07cbd7c0, 0x000002ba07cbe398]
Event: 15.053 Thread 0x000002ba1044c000 3567       4       java.io.DataInputStream::readFully (63 bytes)

GC Heap History (14 events):
Event: 1.176 GC heap before
{Heap before GC invocations=0 (full 0):
 garbage-first heap   total 131072K, used 16384K [0x0000000080000000, 0x0000000100000000)
  region size 1024K, 14 young (14336K), 0 survivors (0K)
 Metaspace       used 6729K, capacity 6921K, committed 7168K, reserved 1056768K
  class space    used 582K, capacity 650K, committed 768K, reserved 1048576K
}
Event: 1.183 GC heap after
{Heap after GC invocations=1 (full 0):
 garbage-first heap   total 131072K, used 4208K [0x0000000080000000, 0x0000000100000000)
  region size 1024K, 2 young (2048K), 2 survivors (2048K)
 Metaspace       used 6729K, capacity 6921K, committed 7168K, reserved 1056768K
  class space    used 582K, capacity 650K, committed 768K, reserved 1048576K
}
Event: 1.977 GC heap before
{Heap before GC invocations=1 (full 0):
 garbage-first heap   total 131072K, used 19568K [0x0000000080000000, 0x0000000100000000)
  region size 1024K, 14 young (14336K), 2 survivors (2048K)
 Metaspace       used 10242K, capacity 10549K, committed 10624K, reserved 1058816K
  class space    used 1070K, capacity 1139K, committed 1152K, reserved 1048576K
}
Event: 1.982 GC heap after
{Heap after GC invocations=2 (full 0):
 garbage-first heap   total 131072K, used 9384K [0x0000000080000000, 0x0000000100000000)
  region size 1024K, 2 young (2048K), 2 survivors (2048K)
 Metaspace       used 10242K, capacity 10549K, committed 10624K, reserved 1058816K
  class space    used 1070K, capacity 1139K, committed 1152K, reserved 1048576K
}
Event: 2.885 GC heap before
{Heap before GC invocations=2 (full 0):
 garbage-first heap   total 131072K, used 38056K [0x0000000080000000, 0x0000000100000000)
  region size 1024K, 30 young (30720K), 2 survivors (2048K)
 Metaspace       used 11216K, capacity 11504K, committed 11776K, reserved 1060864K
  class space    used 1173K, capacity 1244K, committed 1280K, reserved 1048576K
}
Event: 2.891 GC heap after
{Heap after GC invocations=3 (full 0):
 garbage-first heap   total 131072K, used 11990K [0x0000000080000000, 0x0000000100000000)
  region size 1024K, 4 young (4096K), 4 survivors (4096K)
 Metaspace       used 11216K, capacity 11504K, committed 11776K, reserved 1060864K
  class space    used 1173K, capacity 1244K, committed 1280K, reserved 1048576K
}
Event: 6.402 GC heap before
{Heap before GC invocations=3 (full 0):
 garbage-first heap   total 131072K, used 54998K [0x0000000080000000, 0x0000000100000000)
  region size 1024K, 45 young (46080K), 4 survivors (4096K)
 Metaspace       used 17436K, capacity 17873K, committed 18176K, reserved 1064960K
  class space    used 2040K, capacity 2179K, committed 2304K, reserved 1048576K
}
Event: 6.411 GC heap after
{Heap after GC invocations=4 (full 0):
 garbage-first heap   total 131072K, used 16565K [0x0000000080000000, 0x0000000100000000)
  region size 1024K, 6 young (6144K), 6 survivors (6144K)
 Metaspace       used 17436K, capacity 17873K, committed 18176K, reserved 1064960K
  class space    used 2040K, capacity 2179K, committed 2304K, reserved 1048576K
}
Event: 7.108 GC heap before
{Heap before GC invocations=4 (full 0):
 garbage-first heap   total 131072K, used 48309K [0x0000000080000000, 0x0000000100000000)
  region size 1024K, 38 young (38912K), 6 survivors (6144K)
 Metaspace       used 20796K, capacity 21229K, committed 21296K, reserved 1069056K
  class space    used 2532K, capacity 2680K, committed 2688K, reserved 1048576K
}
Event: 7.117 GC heap after
{Heap after GC invocations=5 (full 0):
 garbage-first heap   total 131072K, used 17776K [0x0000000080000000, 0x0000000100000000)
  region size 1024K, 2 young (2048K), 2 survivors (2048K)
 Metaspace       used 20796K, capacity 21229K, committed 21296K, reserved 1069056K
  class space    used 2532K, capacity 2680K, committed 2688K, reserved 1048576K
}
Event: 8.829 GC heap before
{Heap before GC invocations=6 (full 0):
 garbage-first heap   total 131072K, used 67952K [0x0000000080000000, 0x0000000100000000)
  region size 1024K, 51 young (52224K), 2 survivors (2048K)
 Metaspace       used 26025K, capacity 26641K, committed 26876K, reserved 1073152K
  class space    used 3341K, capacity 3553K, committed 3660K, reserved 1048576K
}
Event: 8.842 GC heap after
{Heap after GC invocations=7 (full 0):
 garbage-first heap   total 131072K, used 19509K [0x0000000080000000, 0x0000000100000000)
  region size 1024K, 3 young (3072K), 3 survivors (3072K)
 Metaspace       used 26025K, capacity 26641K, committed 26876K, reserved 1073152K
  class space    used 3341K, capacity 3553K, committed 3660K, reserved 1048576K
}
Event: 10.954 GC heap before
{Heap before GC invocations=7 (full 0):
 garbage-first heap   total 131072K, used 80949K [0x0000000080000000, 0x0000000100000000)
  region size 1024K, 64 young (65536K), 3 survivors (3072K)
 Metaspace       used 35155K, capacity 35903K, committed 36048K, reserved 1081344K
  class space    used 4532K, capacity 4839K, committed 4940K, reserved 1048576K
}
Event: 10.971 GC heap after
{Heap after GC invocations=8 (full 0):
 garbage-first heap   total 131072K, used 22859K [0x0000000080000000, 0x0000000100000000)
  region size 1024K, 7 young (7168K), 7 survivors (7168K)
 Metaspace       used 35155K, capacity 35903K, committed 36048K, reserved 1081344K
  class space    used 4532K, capacity 4839K, committed 4940K, reserved 1048576K
}

Deoptimization events (20 events):
Event: 13.999 Thread 0x000002ba7febe000 Uncommon trap: trap_request=0xffffffbe fr.pc=0x000002ba07c9bdec relative=0x000000000000070c
Event: 13.999 Thread 0x000002ba7febe000 Uncommon trap: reason=profile_predicate action=maybe_recompile pc=0x000002ba07c9bdec method=java.lang.PublicMethods$MethodList.filter([Ljava/lang/reflect/Method;Ljava/lang/String;[Ljava/lang/Class;Z)Ljava/lang/PublicMethods$MethodList; @ 21 c2
Event: 13.999 Thread 0x000002ba7febe000 DEOPT PACKING pc=0x000002ba07c9bdec sp=0x000000e801bf90c0
Event: 13.999 Thread 0x000002ba7febe000 DEOPT UNPACKING pc=0x000002ba0004a1af sp=0x000000e801bf9078 mode 2
Event: 13.999 Thread 0x000002ba7febe000 Uncommon trap: trap_request=0xffffffbe fr.pc=0x000002ba07c9bdec relative=0x000000000000070c
Event: 13.999 Thread 0x000002ba7febe000 Uncommon trap: reason=profile_predicate action=maybe_recompile pc=0x000002ba07c9bdec method=java.lang.PublicMethods$MethodList.filter([Ljava/lang/reflect/Method;Ljava/lang/String;[Ljava/lang/Class;Z)Ljava/lang/PublicMethods$MethodList; @ 21 c2
Event: 13.999 Thread 0x000002ba7febe000 DEOPT PACKING pc=0x000002ba07c9bdec sp=0x000000e801bf90a0
Event: 13.999 Thread 0x000002ba7febe000 DEOPT UNPACKING pc=0x000002ba0004a1af sp=0x000000e801bf9058 mode 2
Event: 14.458 Thread 0x000002ba7fd1f800 Uncommon trap: trap_request=0xffffffbe fr.pc=0x000002ba07c64f30 relative=0x0000000000000530
Event: 14.458 Thread 0x000002ba7fd1f800 Uncommon trap: reason=profile_predicate action=maybe_recompile pc=0x000002ba07c64f30 method=java.util.stream.ReferencePipeline.forEachWithCancel(Ljava/util/Spliterator;Ljava/util/stream/Sink;)Z @ 8 c2
Event: 14.458 Thread 0x000002ba7fd1f800 DEOPT PACKING pc=0x000002ba07c64f30 sp=0x000000e8016fea60
Event: 14.458 Thread 0x000002ba7fd1f800 DEOPT UNPACKING pc=0x000002ba0004a1af sp=0x000000e8016fea00 mode 2
Event: 15.028 Thread 0x000002ba7febe000 Uncommon trap: trap_request=0xffffffc6 fr.pc=0x000002ba07cb1294 relative=0x0000000000000a94
Event: 15.028 Thread 0x000002ba7febe000 Uncommon trap: reason=bimorphic_or_optimized_type_check action=maybe_recompile pc=0x000002ba07cb1294 method=java.util.stream.AbstractPipeline.copyIntoWithCancel(Ljava/util/stream/Sink;Ljava/util/Spliterator;)Z @ 24 c2
Event: 15.028 Thread 0x000002ba7febe000 DEOPT PACKING pc=0x000002ba07cb1294 sp=0x000000e801bf9230
Event: 15.028 Thread 0x000002ba7febe000 DEOPT UNPACKING pc=0x000002ba0004a1af sp=0x000000e801bf90e8 mode 2
Event: 15.029 Thread 0x000002ba7febe000 Uncommon trap: trap_request=0xffffffbe fr.pc=0x000002ba07c64f30 relative=0x0000000000000530
Event: 15.029 Thread 0x000002ba7febe000 Uncommon trap: reason=profile_predicate action=maybe_recompile pc=0x000002ba07c64f30 method=java.util.stream.ReferencePipeline.forEachWithCancel(Ljava/util/Spliterator;Ljava/util/stream/Sink;)Z @ 8 c2
Event: 15.029 Thread 0x000002ba7febe000 DEOPT PACKING pc=0x000002ba07c64f30 sp=0x000000e801bf90c0
Event: 15.029 Thread 0x000002ba7febe000 DEOPT UNPACKING pc=0x000002ba0004a1af sp=0x000000e801bf9078 mode 2

Classes redefined (0 events):
No events

Internal exceptions (20 events):
Event: 14.266 Thread 0x000002ba7febe000 Exception <a 'java/lang/ClassNotFoundException'{0x00000000853c3518}: org/gradle/internal/metaobject/ConfigureDelegateCustomizer> (0x00000000853c3518) thrown at [./src/hotspot/share/classfile/systemDictionary.cpp, line 231]
Event: 14.278 Thread 0x000002ba7febe000 Exception <a 'java/lang/ClassNotFoundException'{0x0000000085250778}: org/gradle/plugin/management/internal/DefaultPluginManagementSpec_DecoratedBeanInfo> (0x0000000085250778) thrown at [./src/hotspot/share/classfile/systemDictionary.cpp, line 231]
Event: 14.282 Thread 0x000002ba7febe000 Exception <a 'java/lang/ClassNotFoundException'{0x0000000085288388}: org/gradle/plugin/management/internal/DefaultPluginManagementSpecBeanInfo> (0x0000000085288388) thrown at [./src/hotspot/share/classfile/systemDictionary.cpp, line 231]
Event: 14.365 Thread 0x000002ba7febe000 Exception <a 'java/lang/ClassNotFoundException'{0x00000000852c1950}: org/gradle/plugin/management/internal/DefaultPluginManagementSpecCustomizer> (0x00000000852c1950) thrown at [./src/hotspot/share/classfile/systemDictionary.cpp, line 231]
Event: 14.376 Thread 0x000002ba7febe000 Exception <a 'java/lang/ClassNotFoundException'{0x000000008510e638}: org/gradle/plugin/management/internal/DefaultPluginManagementSpec_DecoratedCustomizer> (0x000000008510e638) thrown at [./src/hotspot/share/classfile/systemDictionary.cpp, line 231]
Event: 14.547 Thread 0x000002ba7febe000 Exception <a 'java/lang/ClassNotFoundException'{0x0000000084da4b98}: org/gradle/api/internal/artifacts/dsl/DefaultRepositoryHandler_DecoratedBeanInfo> (0x0000000084da4b98) thrown at [./src/hotspot/share/classfile/systemDictionary.cpp, line 231]
Event: 14.549 Thread 0x000002ba7febe000 Exception <a 'java/lang/ClassNotFoundException'{0x0000000084ddf338}: org/gradle/api/internal/artifacts/dsl/DefaultRepositoryHandlerBeanInfo> (0x0000000084ddf338) thrown at [./src/hotspot/share/classfile/systemDictionary.cpp, line 231]
Event: 14.551 Thread 0x000002ba7febe000 Exception <a 'java/lang/ClassNotFoundException'{0x0000000084c1cb68}: org/gradle/api/internal/artifacts/DefaultArtifactRepositoryContainerBeanInfo> (0x0000000084c1cb68) thrown at [./src/hotspot/share/classfile/systemDictionary.cpp, line 231]
Event: 14.553 Thread 0x000002ba7febe000 Exception <a 'java/lang/ClassNotFoundException'{0x0000000084c47e28}: org/gradle/api/internal/DefaultNamedDomainObjectListBeanInfo> (0x0000000084c47e28) thrown at [./src/hotspot/share/classfile/systemDictionary.cpp, line 231]
Event: 14.555 Thread 0x000002ba7febe000 Exception <a 'java/lang/ClassNotFoundException'{0x0000000084c74658}: org/gradle/api/internal/DefaultNamedDomainObjectCollectionBeanInfo> (0x0000000084c74658) thrown at [./src/hotspot/share/classfile/systemDictionary.cpp, line 231]
Event: 14.556 Thread 0x000002ba7febe000 Exception <a 'java/lang/ClassNotFoundException'{0x0000000084c9ff48}: org/gradle/api/internal/DefaultDomainObjectCollectionBeanInfo> (0x0000000084c9ff48) thrown at [./src/hotspot/share/classfile/systemDictionary.cpp, line 231]
Event: 14.557 Thread 0x000002ba7febe000 Exception <a 'java/lang/ClassNotFoundException'{0x0000000084ca65f0}: java/util/AbstractCollectionBeanInfo> (0x0000000084ca65f0) thrown at [./src/hotspot/share/classfile/systemDictionary.cpp, line 231]
Event: 14.558 Thread 0x000002ba7febe000 Exception <a 'java/lang/ClassNotFoundException'{0x0000000084cacc40}: java/util/AbstractCollectionCustomizer> (0x0000000084cacc40) thrown at [./src/hotspot/share/classfile/systemDictionary.cpp, line 231]
Event: 14.593 Thread 0x000002ba7febe000 Exception <a 'java/lang/ClassNotFoundException'{0x0000000084ce1598}: org/gradle/api/internal/DefaultDomainObjectCollectionCustomizer> (0x0000000084ce1598) thrown at [./src/hotspot/share/classfile/systemDictionary.cpp, line 231]
Event: 14.621 Thread 0x000002ba7febe000 Exception <a 'java/lang/ClassNotFoundException'{0x0000000084b2b8b0}: org/gradle/api/internal/DefaultNamedDomainObjectCollectionCustomizer> (0x0000000084b2b8b0) thrown at [./src/hotspot/share/classfile/systemDictionary.cpp, line 231]
Event: 14.654 Thread 0x000002ba7febe000 Exception <a 'java/lang/ClassNotFoundException'{0x0000000084ba6010}: org/gradle/api/internal/DefaultNamedDomainObjectListCustomizer> (0x0000000084ba6010) thrown at [./src/hotspot/share/classfile/systemDictionary.cpp, line 231]
Event: 14.663 Thread 0x000002ba7febe000 Exception <a 'java/lang/ClassNotFoundException'{0x0000000084bfcf88}: org/gradle/api/internal/artifacts/DefaultArtifactRepositoryContainerCustomizer> (0x0000000084bfcf88) thrown at [./src/hotspot/share/classfile/systemDictionary.cpp, line 231]
Event: 14.667 Thread 0x000002ba7febe000 Exception <a 'java/lang/ClassNotFoundException'{0x0000000084a48938}: org/gradle/api/internal/artifacts/dsl/DefaultRepositoryHandlerCustomizer> (0x0000000084a48938) thrown at [./src/hotspot/share/classfile/systemDictionary.cpp, line 231]
Event: 14.670 Thread 0x000002ba7febe000 Exception <a 'java/lang/ClassNotFoundException'{0x0000000084aa6580}: org/gradle/api/internal/artifacts/dsl/DefaultRepositoryHandler_DecoratedCustomizer> (0x0000000084aa6580) thrown at [./src/hotspot/share/classfile/systemDictionary.cpp, line 231]
Event: 14.900 Thread 0x000002ba7febe000 Exception <a 'java/lang/NoSuchMethodError'{0x00000000846a4638}: 'void java.lang.invoke.DirectMethodHandle$Holder.invokeInterface(java.lang.Object, java.lang.Object)'> (0x00000000846a4638) thrown at [./src/hotspot/share/interpreter/linkResolver.cpp, line 773]

Events (20 events):
Event: 15.024 Thread 0x000002ba1044c000 Thread added: 0x000002ba1044c000
Event: 15.025 loading class org/gradle/internal/snapshot/SingletonChildMap$2
Event: 15.025 loading class org/gradle/internal/snapshot/SingletonChildMap$2 done
Event: 15.025 loading class org/gradle/internal/snapshot/AbstractStorePathRelationshipHandler
Event: 15.025 loading class org/gradle/internal/snapshot/AbstractStorePathRelationshipHandler done
Event: 15.027 loading class org/gradle/internal/snapshot/PathUtil$1
Event: 15.027 loading class org/gradle/internal/snapshot/PathUtil$1 done
Event: 15.027 loading class org/gradle/internal/snapshot/FileSystemNode
Event: 15.027 loading class org/gradle/internal/snapshot/FileSystemNode done
Event: 15.027 loading class org/gradle/internal/snapshot/FileSystemNode
Event: 15.027 loading class org/gradle/internal/snapshot/FileSystemNode done
Event: 15.027 loading class org/gradle/internal/snapshot/AbstractIncompleteFileSystemNode$2
Event: 15.027 loading class org/gradle/internal/snapshot/AbstractIncompleteFileSystemNode$2 done
Event: 15.029 loading class org/gradle/internal/snapshot/MetadataSnapshot
Event: 15.029 loading class org/gradle/internal/snapshot/MetadataSnapshot done
Event: 15.029 loading class org/gradle/internal/snapshot/MetadataSnapshot
Event: 15.029 loading class org/gradle/internal/snapshot/MetadataSnapshot done
Event: 15.029 loading class org/gradle/internal/snapshot/AbstractIncompleteFileSystemNode$2
Event: 15.029 loading class org/gradle/internal/snapshot/AbstractIncompleteFileSystemNode$2 done
Event: 15.030 Thread 0x000002ba7e90b800 Thread added: 0x000002ba7e90b800


Dynamic libraries:
0x00007ff6aa070000 - 0x00007ff6aa07a000 	D:\Android Studio\jre\bin\java.exe
0x00007ffa83490000 - 0x00007ffa83688000 	C:\WINDOWS\SYSTEM32\ntdll.dll
0x00007ffa7b2c0000 - 0x00007ffa7b2d7000 	C:\Program Files\Avast Software\Avast\aswhook.dll
0x00007ffa821b0000 - 0x00007ffa8226d000 	C:\WINDOWS\System32\KERNEL32.DLL
0x00007ffa80c40000 - 0x00007ffa80f0e000 	C:\WINDOWS\System32\KERNELBASE.dll
0x00007ffa81090000 - 0x00007ffa81190000 	C:\WINDOWS\System32\ucrtbase.dll
0x00007ffa5c360000 - 0x00007ffa5c377000 	D:\Android Studio\jre\bin\VCRUNTIME140.dll
0x00007ffa5c340000 - 0x00007ffa5c359000 	D:\Android Studio\jre\bin\jli.dll
0x00007ffa81e80000 - 0x00007ffa82020000 	C:\WINDOWS\System32\USER32.dll
0x00007ffa80f10000 - 0x00007ffa80f32000 	C:\WINDOWS\System32\win32u.dll
0x00007ffa5dec0000 - 0x00007ffa5e15a000 	C:\WINDOWS\WinSxS\amd64_microsoft.windows.common-controls_6595b64144ccf1df_6.0.19041.1110_none_60b5254171f9507e\COMCTL32.dll
0x00007ffa82ed0000 - 0x00007ffa82efa000 	C:\WINDOWS\System32\GDI32.dll
0x00007ffa82d80000 - 0x00007ffa82e1e000 	C:\WINDOWS\System32\msvcrt.dll
0x00007ffa81190000 - 0x00007ffa8129b000 	C:\WINDOWS\System32\gdi32full.dll
0x00007ffa80f40000 - 0x00007ffa80fdd000 	C:\WINDOWS\System32\msvcp_win.dll
0x00007ffa82f00000 - 0x00007ffa82f30000 	C:\WINDOWS\System32\IMM32.DLL
0x00007ffa44560000 - 0x00007ffa445fd000 	D:\Android Studio\jre\bin\msvcp140.dll
0x00007ffa372b0000 - 0x00007ffa37d95000 	D:\Android Studio\jre\bin\server\jvm.dll
0x00007ffa81550000 - 0x00007ffa815fe000 	C:\WINDOWS\System32\ADVAPI32.dll
0x00007ffa82270000 - 0x00007ffa8230c000 	C:\WINDOWS\System32\sechost.dll
0x00007ffa81ba0000 - 0x00007ffa81cc5000 	C:\WINDOWS\System32\RPCRT4.dll
0x00007ffa820f0000 - 0x00007ffa820f8000 	C:\WINDOWS\System32\PSAPI.DLL
0x00007ffa73ca0000 - 0x00007ffa73caa000 	C:\WINDOWS\SYSTEM32\VERSION.dll
0x00007ffa62e30000 - 0x00007ffa62e57000 	C:\WINDOWS\SYSTEM32\WINMM.dll
0x00007ffa6e430000 - 0x00007ffa6e439000 	C:\WINDOWS\SYSTEM32\WSOCK32.dll
0x00007ffa82020000 - 0x00007ffa8208b000 	C:\WINDOWS\System32\WS2_32.dll
0x00007ffa7f770000 - 0x00007ffa7f782000 	C:\WINDOWS\SYSTEM32\kernel.appcore.dll
0x00007ffa7c5c0000 - 0x00007ffa7c5d1000 	D:\Android Studio\jre\bin\verify.dll
0x00007ffa739b0000 - 0x00007ffa73b94000 	C:\WINDOWS\SYSTEM32\DBGHELP.DLL
0x00007ffa74130000 - 0x00007ffa7415c000 	C:\WINDOWS\SYSTEM32\dbgcore.DLL
0x00007ffa80bb0000 - 0x00007ffa80c32000 	C:\WINDOWS\System32\bcryptPrimitives.dll
0x00007ffa7b380000 - 0x00007ffa7b3a9000 	D:\Android Studio\jre\bin\java.dll
0x00007ffa7c800000 - 0x00007ffa7c80b000 	D:\Android Studio\jre\bin\jimage.dll
0x00007ffa7c5a0000 - 0x00007ffa7c5b8000 	D:\Android Studio\jre\bin\zip.dll
0x00007ffa824d0000 - 0x00007ffa82c13000 	C:\WINDOWS\System32\SHELL32.dll
0x00007ffa7ea70000 - 0x00007ffa7f205000 	C:\WINDOWS\SYSTEM32\windows.storage.dll
0x00007ffa83010000 - 0x00007ffa83364000 	C:\WINDOWS\System32\combase.dll
0x00007ffa805a0000 - 0x00007ffa805d0000 	C:\WINDOWS\SYSTEM32\Wldp.dll
0x00007ffa82100000 - 0x00007ffa821ad000 	C:\WINDOWS\System32\SHCORE.dll
0x00007ffa82fb0000 - 0x00007ffa83005000 	C:\WINDOWS\System32\shlwapi.dll
0x00007ffa80af0000 - 0x00007ffa80b0f000 	C:\WINDOWS\SYSTEM32\profapi.dll
0x00007ffa7c530000 - 0x00007ffa7c54a000 	D:\Android Studio\jre\bin\net.dll
0x00007ffa735b0000 - 0x00007ffa736ba000 	C:\WINDOWS\SYSTEM32\WINHTTP.dll
0x00007ffa802a0000 - 0x00007ffa8030a000 	C:\WINDOWS\system32\mswsock.dll
0x00007ffa7b340000 - 0x00007ffa7b354000 	D:\Android Studio\jre\bin\nio.dll
0x00007ffa6cbe0000 - 0x00007ffa6cc07000 	C:\Users\LENOVO\Desktop\GRADLE\gradle-6.1.1\native\e1d6ef7f7dcc3fd88c89a11ec53ec762bb8ba0a96d01ffa2cd45eb1d1d8dd5c5\windows-amd64\native-platform.dll
0x00007ffa42300000 - 0x00007ffa42444000 	C:\Users\LENOVO\Desktop\GRADLE\gradle-6.1.1\native\5664cfc778a61ccfe75a443a1ab52a65af34e5dc3c78e0209fed803814484fcb\windows-amd64\native-platform-file-events.dll
0x00007ffa7c560000 - 0x00007ffa7c56a000 	D:\Android Studio\jre\bin\management.dll
0x00007ffa7c510000 - 0x00007ffa7c51d000 	D:\Android Studio\jre\bin\management_ext.dll
0x00007ffa804f0000 - 0x00007ffa80508000 	C:\WINDOWS\SYSTEM32\CRYPTSP.dll
0x00007ffa7fc20000 - 0x00007ffa7fc54000 	C:\WINDOWS\system32\rsaenh.dll
0x00007ffa814c0000 - 0x00007ffa814e7000 	C:\WINDOWS\System32\bcrypt.dll
0x00007ffa80ab0000 - 0x00007ffa80ade000 	C:\WINDOWS\SYSTEM32\USERENV.dll
0x00007ffa80510000 - 0x00007ffa8051c000 	C:\WINDOWS\SYSTEM32\CRYPTBASE.dll
0x00007ffa7ff90000 - 0x00007ffa7ffcb000 	C:\WINDOWS\SYSTEM32\IPHLPAPI.DLL
0x00007ffa82d50000 - 0x00007ffa82d58000 	C:\WINDOWS\System32\NSI.dll
0x00007ffa74500000 - 0x00007ffa74517000 	C:\WINDOWS\SYSTEM32\dhcpcsvc6.DLL
0x00007ffa744e0000 - 0x00007ffa744fd000 	C:\WINDOWS\SYSTEM32\dhcpcsvc.DLL
0x00007ffa7ffd0000 - 0x00007ffa8009a000 	C:\WINDOWS\SYSTEM32\DNSAPI.dll

dbghelp: loaded successfully - version: 4.0.5 - missing functions: none
symbol engine: initialized successfully - sym options: 0x614 - pdb path: .;D:\Android Studio\jre\bin;C:\WINDOWS\SYSTEM32;C:\Program Files\Avast Software\Avast;C:\WINDOWS\WinSxS\amd64_microsoft.windows.common-controls_6595b64144ccf1df_6.0.19041.1110_none_60b5254171f9507e;D:\Android Studio\jre\bin\server;C:\Users\LENOVO\Desktop\GRADLE\gradle-6.1.1\native\e1d6ef7f7dcc3fd88c89a11ec53ec762bb8ba0a96d01ffa2cd45eb1d1d8dd5c5\windows-amd64;C:\Users\LENOVO\Desktop\GRADLE\gradle-6.1.1\native\5664cfc778a61ccfe75a443a1ab52a65af34e5dc3c78e0209fed803814484fcb\windows-amd64

VM Arguments:
jvm_args: --add-opens=java.base/java.util=ALL-UNNAMED --add-opens=java.base/java.lang=ALL-UNNAMED --add-opens=java.base/java.lang.invoke=ALL-UNNAMED --add-opens=java.base/java.util=ALL-UNNAMED --add-opens=java.prefs/java.util.prefs=ALL-UNNAMED --add-opens=java.prefs/java.util.prefs=ALL-UNNAMED --add-opens=java.base/java.nio.charset=ALL-UNNAMED --add-opens=java.base/java.net=ALL-UNNAMED --add-opens=java.base/java.util.concurrent.atomic=ALL-UNNAMED -Xmx2048m -Dfile.encoding=UTF-8 -Duser.country=FR -Duser.language=fr -Duser.variant 
java_command: org.gradle.launcher.daemon.bootstrap.GradleDaemon 7.3.3
java_class_path (initial): C:\Users\LENOVO\Desktop\GRADLE\gradle-6.1.1\wrapper\dists\gradle-7.3.3-bin\6a41zxkdtcxs8rphpq6y0069z\gradle-7.3.3\lib\gradle-launcher-7.3.3.jar
Launcher Type: SUN_STANDARD

[Global flags]
     intx CICompilerCount                          = 3                                         {product} {ergonomic}
     uint ConcGCThreads                            = 1                                         {product} {ergonomic}
     uint G1ConcRefinementThreads                  = 4                                         {product} {ergonomic}
   size_t G1HeapRegionSize                         = 1048576                                   {product} {ergonomic}
    uintx GCDrainStackTargetSize                   = 64                                        {product} {ergonomic}
   size_t InitialHeapSize                          = 134217728                                 {product} {ergonomic}
   size_t MarkStackSize                            = 4194304                                   {product} {ergonomic}
   size_t MaxHeapSize                              = 2147483648                                {product} {command line}
   size_t MaxNewSize                               = 1287651328                                {product} {ergonomic}
   size_t MinHeapDeltaBytes                        = 1048576                                   {product} {ergonomic}
    uintx NonNMethodCodeHeapSize                   = 5830732                                {pd product} {ergonomic}
    uintx NonProfiledCodeHeapSize                  = 122913754                              {pd product} {ergonomic}
    uintx ProfiledCodeHeapSize                     = 122913754                              {pd product} {ergonomic}
    uintx ReservedCodeCacheSize                    = 251658240                              {pd product} {ergonomic}
     bool SegmentedCodeCache                       = true                                      {product} {ergonomic}
     bool UseCompressedClassPointers               = true                                 {lp64_product} {ergonomic}
     bool UseCompressedOops                        = true                                 {lp64_product} {ergonomic}
     bool UseG1GC                                  = true                                      {product} {ergonomic}
     bool UseLargePagesIndividualAllocation        = false                                  {pd product} {ergonomic}

Logging:
Log output configuration:
 #0: stdout all=warning uptime,level,tags
 #1: stderr all=off uptime,level,tags

Environment Variables:
PATH=C:\Program Files\Eclipse Foundation\jdk-8.0.302.8-hotspot\bin;C:\Program Files\Microsoft\jdk-11.0.12.7-hotspot\bin;D:\flutter vs dart\dart-sdk\bin;C:\Program Files (x86)\Common Files\Intel\Shared Libraries\redist\intel64_win\compiler;C:\ProgramData\Oracle\Java\javapath;C:\WINDOWS\system32;C:\WINDOWS;C:\WINDOWS\System32\Wbem;C:\WINDOWS\System32\WindowsPowerShell\v1.0\;C:\WINDOWS\System32\OpenSSH\;C:\Users\LENOVO\.dnx\bin;C:\Program Files\Microsoft DNX\Dnvm\;C:\Program Files\Microsoft SQL Server\120\Tools\Binn\;C:\Users\LENOVO\Desktop\Programme Java\jdk-17.0.1\bin\;D:\Dart\dart-sdk\bin;C:\Program Files (x86)\Microsoft SQL Server\150\Tools\Binn\;C:\Program Files\Microsoft SQL Server\150\Tools\Binn\;C:\Program Files (x86)\Microsoft SQL Server\150\DTS\Binn\;C:\Program Files\Microsoft SQL Server\150\DTS\Binn\;C:\Program Files\Microsoft SQL Server\Client SDK\ODBC\170\Tools\Binn\;C:\Program Files\Azure Data Studio\bin;D:\flutter vs dart\flutter\bin;C:\Program Files\dotnet\;C:\ProgramData\chocolatey\bin;C:\sqlite;D:\php-8\php-8.1.9-src;C:\Program Files\Git\cmd;C:\Program Files\nodejs\;C:\Users\LENOVO\.dnx\bin;C:\Users\LENOVO\.dotnet\tools;C:\Users\LENOVO\.dotnet\tools;D:\visual studio code\Microsoft VS Code\bin;D:\;D:\flutter vs dart\flutter\bin;C:\Users\LENOVO\Downloads\android\platform-tools;D:\Intellij Idea\IntelliJ IDEA Community Edition 2022.2.2\bin;;D:\Android Studio\jre\bin;C:\Program Files\Java\jdk1.8.0_341\bin;C:\Program Files\Microsoft\jdk-11.0.12.7-hotspot\bin;C:\Program Files\Java\jre1.8.0_341;C:\Program Files\Microsoft\jdk-11.0.12.7-hotspot\bin\server;C:\Spring boot\spring-2.7.3\bin;;D:\Intellij Idea\IntelliJ IDEA 2022.2.2\bin;;D:\PhpStorm\PhpStorm 2022.2.1\bin;;C:\Users\LENOVO\AppData\Roaming\npm
USERNAME=LENOVO
OS=Windows_NT
PROCESSOR_IDENTIFIER=Intel64 Family 6 Model 142 Stepping 9, GenuineIntel



---------------  S Y S T E M  ---------------

OS: Windows 10 , 64 bit Build 19041 (10.0.19041.1889)
OS uptime: 0 days 22:33 hours

CPU:total 4 (initial active 4) (2 cores per cpu, 2 threads per core) family 6 model 142 stepping 9 microcode 0xb4, cmov, cx8, fxsr, mmx, sse, sse2, sse3, ssse3, sse4.1, sse4.2, popcnt, avx, avx2, aes, clmul, erms, 3dnowpref, lzcnt, ht, tsc, tscinvbit, bmi1, bmi2, adx, fma

Memory: 4k page, system-wide physical 8073M (692M free)
TotalPageFile size 13073M (AvailPageFile size 5M)
current process WorkingSet (physical memory assigned to process): 260M, peak: 260M
current process commit charge ("private bytes"): 316M, peak: 319M

vm_info: OpenJDK 64-Bit Server VM (11.0.12+7-b1504.28-7817840) for windows-amd64 JRE (11.0.12+7-b1504.28-7817840), built on Oct 13 2021 22:12:33 by "builder" with MS VC++ 14.0 (VS2015)

END.
