#
# There is insufficient memory for the Java Runtime Environment to continue.
# Native memory allocation (mmap) failed to map 71303168 bytes for Failed to commit area from 0x000000008c900000 to 0x0000000090d00000 of length 71303168.
# Possible reasons:
#   The system is out of physical RAM or swap space
#   The process is running with CompressedOops enabled, and the Java Heap may be blocking the growth of the native heap
# Possible solutions:
#   Reduce memory load on the system
#   Increase physical memory or swap space
#   Check if swap backing store is full
#   Decrease Java heap size (-Xmx/-Xms)
#   Decrease number of Java threads
#   Decrease Java thread stack sizes (-Xss)
#   Set larger code cache with -XX:ReservedCodeCacheSize=
#   JVM is running with Unscaled Compressed Oops mode in which the Java heap is
#     placed in the first 4GB address space. The Java Heap base address is the
#     maximum limit for the native heap growth. Please use -XX:HeapBaseMinAddress
#     to set the Java Heap base and to place the Java Heap above 4GB virtual address.
# This output file may be truncated or incomplete.
#
#  Out of Memory Error (./src/hotspot/os/windows/os_windows.cpp:3521), pid=14188, tid=5628
#
# JRE version: OpenJDK Runtime Environment (11.0.12+7) (build 11.0.12+7-b1504.28-7817840)
# Java VM: OpenJDK 64-Bit Server VM (11.0.12+7-b1504.28-7817840, mixed mode, tiered, compressed oops, g1 gc, windows-amd64)
# No core dump will be written. Minidumps are not enabled by default on client versions of Windows
#

---------------  S U M M A R Y ------------

Command Line: --add-opens=java.base/java.util=ALL-UNNAMED --add-opens=java.base/java.lang=ALL-UNNAMED --add-opens=java.base/java.lang.invoke=ALL-UNNAMED --add-opens=java.base/java.util=ALL-UNNAMED --add-opens=java.prefs/java.util.prefs=ALL-UNNAMED --add-opens=java.prefs/java.util.prefs=ALL-UNNAMED --add-opens=java.base/java.nio.charset=ALL-UNNAMED --add-opens=java.base/java.net=ALL-UNNAMED --add-opens=java.base/java.util.concurrent.atomic=ALL-UNNAMED -Xmx2048m -Dfile.encoding=UTF-8 -Duser.country=FR -Duser.language=fr -Duser.variant org.gradle.launcher.daemon.bootstrap.GradleDaemon 7.3.3

Host: Intel(R) Core(TM) i3-7100U CPU @ 2.40GHz, 4 cores, 7G,  Windows 10 , 64 bit Build 19041 (10.0.19041.1889)
Time: Wed Oct  5 10:10:13 2022 Temps universel coordonné elapsed time: 3993.749896 seconds (0d 1h 6m 33s)

---------------  T H R E A D  ---------------

Current thread (0x000001c77fda3000):  VMThread "VM Thread" [stack: 0x0000000b67f00000,0x0000000b68000000] [id=5628]

Stack: [0x0000000b67f00000,0x0000000b68000000]
[error occurred during error reporting (printing stack bounds), id 0xc0000005, EXCEPTION_ACCESS_VIOLATION (0xc0000005) at pc=0x000001c703a3112d]

Native frames: (J=compiled Java code, j=interpreted, Vv=VM code, C=native code)
V  [jvm.dll+0x5fbcea]
V  [jvm.dll+0x731905]
V  [jvm.dll+0x732f1d]
V  [jvm.dll+0x733535]
V  [jvm.dll+0x7334eb]
V  [jvm.dll+0x5fb080]
V  [jvm.dll+0x5fb818]
C  [ntdll.dll+0xa235f]
C  [ntdll.dll+0x514a4]
C  [ntdll.dll+0xa0e8e]
C  0x000001c703a3112d

VM_Operation (0x0000000b690fe3d0): G1CollectForAllocation, mode: safepoint, requested by thread 0x000001c71ac8f000


---------------  P R O C E S S  ---------------

Threads class SMR info:
_java_thread_list=0x000001c7234f93f0, length=40, elements={
0x000001c77cb0c800, 0x000001c77fda7800, 0x000001c77fda9000, 0x000001c719273000,
0x000001c77fdc5000, 0x000001c77fdc6800, 0x000001c77fdcc000, 0x000001c77fdd3800,
0x000001c77fdd8800, 0x000001c7193c0800, 0x000001c71bfce800, 0x000001c71b155800,
0x000001c71be3c800, 0x000001c719463000, 0x000001c719466800, 0x000001c719464800,
0x000001c719461800, 0x000001c719460800, 0x000001c71b15a000, 0x000001c71b15c000,
0x000001c71b156000, 0x000001c71b157000, 0x000001c71b158000, 0x000001c71ac94800,
0x000001c71ac97000, 0x000001c71ac98000, 0x000001c71c4f3000, 0x000001c721454800,
0x000001c71b160000, 0x000001c71ac8a800, 0x000001c71b15e800, 0x000001c71b921800,
0x000001c71ac8f800, 0x000001c71c4f7800, 0x000001c71ac92000, 0x000001c71ac89000,
0x000001c71ac8a000, 0x000001c71ac90800, 0x000001c71ac8f000, 0x000001c71ac8e000
}

Java Threads: ( => current thread )
  0x000001c77cb0c800 JavaThread "main" [_thread_blocked, id=9180, stack(0x0000000b67900000,0x0000000b67a00000)]
  0x000001c77fda7800 JavaThread "Reference Handler" daemon [_thread_blocked, id=11484, stack(0x0000000b68000000,0x0000000b68100000)]
  0x000001c77fda9000 JavaThread "Finalizer" daemon [_thread_blocked, id=6464, stack(0x0000000b68100000,0x0000000b68200000)]
  0x000001c719273000 JavaThread "Signal Dispatcher" daemon [_thread_blocked, id=12652, stack(0x0000000b68200000,0x0000000b68300000)]
  0x000001c77fdc5000 JavaThread "Attach Listener" daemon [_thread_blocked, id=7324, stack(0x0000000b68300000,0x0000000b68400000)]
  0x000001c77fdc6800 JavaThread "Service Thread" daemon [_thread_blocked, id=2228, stack(0x0000000b68400000,0x0000000b68500000)]
  0x000001c77fdcc000 JavaThread "C2 CompilerThread0" daemon [_thread_blocked, id=1472, stack(0x0000000b68500000,0x0000000b68600000)]
  0x000001c77fdd3800 JavaThread "C1 CompilerThread0" daemon [_thread_blocked, id=14160, stack(0x0000000b68600000,0x0000000b68700000)]
  0x000001c77fdd8800 JavaThread "Sweeper thread" daemon [_thread_blocked, id=14112, stack(0x0000000b68700000,0x0000000b68800000)]
  0x000001c7193c0800 JavaThread "Common-Cleaner" daemon [_thread_blocked, id=14096, stack(0x0000000b68800000,0x0000000b68900000)]
  0x000001c71bfce800 JavaThread "Daemon health stats" [_thread_blocked, id=3236, stack(0x0000000b68c00000,0x0000000b68d00000)]
  0x000001c71b155800 JavaThread "Incoming local TCP Connector on port 1176" [_thread_in_native, id=3628, stack(0x0000000b68d00000,0x0000000b68e00000)]
  0x000001c71be3c800 JavaThread "Daemon periodic checks" [_thread_blocked, id=12300, stack(0x0000000b68e00000,0x0000000b68f00000)]
  0x000001c719463000 JavaThread "Cache worker for journal cache (C:\Users\LENOVO\Desktop\GRADLE\gradle-6.1.1\caches\journal-1)" [_thread_blocked, id=12488, stack(0x0000000b69700000,0x0000000b69800000)]
  0x000001c719466800 JavaThread "File lock request listener" [_thread_in_native, id=11312, stack(0x0000000b69800000,0x0000000b69900000)]
  0x000001c719464800 JavaThread "Cache worker for file hash cache (C:\Users\LENOVO\Desktop\GRADLE\gradle-6.1.1\caches\7.3.3\fileHashes)" [_thread_blocked, id=10308, stack(0x0000000b69900000,0x0000000b69a00000)]
  0x000001c719461800 JavaThread "File watcher server" daemon [_thread_blocked, id=9400, stack(0x0000000b69b00000,0x0000000b69c00000)]
  0x000001c719460800 JavaThread "File watcher consumer" daemon [_thread_blocked, id=8092, stack(0x0000000b69c00000,0x0000000b69d00000)]
  0x000001c71b15a000 JavaThread "Cache worker for execution history cache (C:\Users\LENOVO\Desktop\GRADLE\gradle-6.1.1\caches\7.3.3\executionHistory)" [_thread_blocked, id=5912, stack(0x0000000b6a000000,0x0000000b6a100000)]
  0x000001c71b15c000 JavaThread "jar transforms" [_thread_blocked, id=4164, stack(0x0000000b6a100000,0x0000000b6a200000)]
  0x000001c71b156000 JavaThread "Cache worker for file content cache (C:\Users\LENOVO\Desktop\GRADLE\gradle-6.1.1\caches\7.3.3\fileContent)" [_thread_blocked, id=3672, stack(0x0000000b6a200000,0x0000000b6a300000)]
  0x000001c71b157000 JavaThread "jar transforms Thread 2" [_thread_blocked, id=13200, stack(0x0000000b6a300000,0x0000000b6a400000)]
  0x000001c71b158000 JavaThread "jar transforms Thread 3" [_thread_blocked, id=3320, stack(0x0000000b67700000,0x0000000b67800000)]
  0x000001c71ac94800 JavaThread "jar transforms Thread 4" [_thread_blocked, id=14432, stack(0x0000000b6cf00000,0x0000000b6d000000)]
  0x000001c71ac97000 JavaThread "Memory manager" [_thread_blocked, id=14600, stack(0x0000000b6d100000,0x0000000b6d200000)]
  0x000001c71ac98000 JavaThread "pool-3-thread-1" [_thread_blocked, id=14984, stack(0x0000000b6d200000,0x0000000b6d300000)]
  0x000001c71c4f3000 JavaThread "Cache worker for Java compile cache (C:\Users\LENOVO\Desktop\GRADLE\gradle-6.1.1\caches\7.3.3\javaCompile)" [_thread_blocked, id=15148, stack(0x0000000b6d800000,0x0000000b6d900000)]
  0x000001c721454800 JavaThread "pool-7-thread-1" [_thread_blocked, id=10452, stack(0x0000000b6ce00000,0x0000000b6cf00000)]
  0x000001c71b160000 JavaThread "pool-10-thread-1" [_thread_blocked, id=14140, stack(0x0000000b6d000000,0x0000000b6d100000)]
  0x000001c71ac8a800 JavaThread "pool-14-thread-1" [_thread_blocked, id=11884, stack(0x0000000b6d400000,0x0000000b6d500000)]
  0x000001c71b15e800 JavaThread "pool-18-thread-1" [_thread_blocked, id=1664, stack(0x0000000b6d300000,0x0000000b6d400000)]
  0x000001c71b921800 JavaThread "ForkJoinPool.commonPool-worker-3" daemon [_thread_blocked, id=8168, stack(0x0000000b6ea00000,0x0000000b6eb00000)]
  0x000001c71ac8f800 JavaThread "pool-23-thread-1" [_thread_blocked, id=13492, stack(0x0000000b6d500000,0x0000000b6d600000)]
  0x000001c71c4f7800 JavaThread "pool-27-thread-1" [_thread_blocked, id=10280, stack(0x0000000b6d600000,0x0000000b6d700000)]
  0x000001c71ac92000 JavaThread "pool-30-thread-1" [_thread_blocked, id=14992, stack(0x0000000b6d700000,0x0000000b6d800000)]
  0x000001c71ac89000 JavaThread "Daemon Thread 9" [_thread_blocked, id=9772, stack(0x0000000b67600000,0x0000000b67700000)]
  0x000001c71ac8a000 JavaThread "Handler for socket connection from /127.0.0.1:1176 to /127.0.0.1:22573" [_thread_in_native, id=7240, stack(0x0000000b67800000,0x0000000b67900000)]
  0x000001c71ac90800 JavaThread "Cancel handler" [_thread_blocked, id=12924, stack(0x0000000b68f00000,0x0000000b69000000)]
  0x000001c71ac8f000 JavaThread "Daemon worker Thread 9" [_thread_blocked, id=14684, stack(0x0000000b69000000,0x0000000b69100000)]
  0x000001c71ac8e000 JavaThread "Asynchronous log dispatcher for DefaultDaemonConnection: socket connection from /127.0.0.1:1176 to /127.0.0.1:22573" [_thread_blocked, id=7124, stack(0x0000000b69100000,0x0000000b69200000)]

Other Threads:
=>0x000001c77fda3000 VMThread "VM Thread" [stack: 0x0000000b67f00000,0x0000000b68000000] [id=5628]
  0x000001c7193e2000 WatcherThread [stack: 0x0000000b68900000,0x0000000b68a00000] [id=14100]
  0x000001c77ebfb000 GCTaskThread "GC Thread#0" [stack: 0x0000000b67a00000,0x0000000b67b00000] [id=7052]
  0x000001c719a21800 GCTaskThread "GC Thread#1" [stack: 0x0000000b68a00000,0x0000000b68b00000] [id=476]
  0x000001c719484800 GCTaskThread "GC Thread#2" [stack: 0x0000000b68b00000,0x0000000b68c00000] [id=14040]
  0x000001c71a6ce800 GCTaskThread "GC Thread#3" [stack: 0x0000000b69600000,0x0000000b69700000] [id=11284]
  0x000001c77ec2b000 ConcurrentGCThread "G1 Main Marker" [stack: 0x0000000b67b00000,0x0000000b67c00000] [id=12860]
  0x000001c77ec2c800 ConcurrentGCThread "G1 Conc#0" [stack: 0x0000000b67c00000,0x0000000b67d00000] [id=1432]
  0x000001c77fbf2800 ConcurrentGCThread "G1 Refine#0" [stack: 0x0000000b67d00000,0x0000000b67e00000] [id=8436]
  0x000001c77fbf3000 ConcurrentGCThread "G1 Young RemSet Sampling" [stack: 0x0000000b67e00000,0x0000000b67f00000] [id=12824]

Threads with active compile tasks:

VM state:at safepoint (normal execution)

VM Mutex/Monitor currently owned by a thread:  ([mutex/lock_event])
[0x000001c77cb0a420] Threads_lock - owner thread: 0x000001c77fda3000
[0x000001c77cb0a5d0] Heap_lock - owner thread: 0x000001c71ac8f000

Heap address: 0x0000000080000000, size: 2048 MB, Compressed Oops mode: 32-bit
Narrow klass base: 0x0000000000000000, Narrow klass shift: 3
Compressed class space size: 1073741824 Address: 0x0000000100000000

Heap:
 garbage-first heap   total 275456K, used 150138K [0x0000000080000000, 0x0000000100000000)
  region size 1024K, 1 young (1024K), 1 survivors (1024K)
 Metaspace       used 143244K, capacity 147611K, committed 147840K, reserved 1177600K
  class space    used 17520K, capacity 19103K, committed 19200K, reserved 1048576K
Heap Regions: E=young(eden), S=young(survivor), O=old, HS=humongous(starts), HC=humongous(continues), CS=collection set, F=free, A=archive, TAMS=top-at-mark-start (previous, next)
|   0|0x0000000080000000, 0x0000000080100000, 0x0000000080100000|100%|HS|  |TAMS 0x0000000080100000, 0x0000000080000000| Complete 
|   1|0x0000000080100000, 0x0000000080200000, 0x0000000080200000|100%|HC|  |TAMS 0x0000000080200000, 0x0000000080100000| Complete 
|   2|0x0000000080200000, 0x0000000080300000, 0x0000000080300000|100%|HC|  |TAMS 0x0000000080300000, 0x0000000080200000| Complete 
|   3|0x0000000080300000, 0x0000000080400000, 0x0000000080400000|100%| O|  |TAMS 0x0000000080400000, 0x0000000080300000| Untracked 
|   4|0x0000000080400000, 0x0000000080500000, 0x0000000080500000|100%| O|  |TAMS 0x0000000080500000, 0x0000000080400000| Untracked 
|   5|0x0000000080500000, 0x0000000080600000, 0x0000000080600000|100%| O|  |TAMS 0x0000000080600000, 0x0000000080500000| Untracked 
|   6|0x0000000080600000, 0x0000000080700000, 0x0000000080700000|100%| O|  |TAMS 0x0000000080700000, 0x0000000080600000| Untracked 
|   7|0x0000000080700000, 0x0000000080800000, 0x0000000080800000|100%| O|  |TAMS 0x0000000080800000, 0x0000000080700000| Complete 
|   8|0x0000000080800000, 0x0000000080900000, 0x0000000080900000|100%| O|  |TAMS 0x0000000080900000, 0x0000000080800000| Untracked 
|   9|0x0000000080900000, 0x0000000080a00000, 0x0000000080a00000|100%| O|  |TAMS 0x0000000080a00000, 0x0000000080900000| Untracked 
|  10|0x0000000080a00000, 0x0000000080b00000, 0x0000000080b00000|100%| O|  |TAMS 0x0000000080b00000, 0x0000000080a00000| Untracked 
|  11|0x0000000080b00000, 0x0000000080c00000, 0x0000000080c00000|100%| O|  |TAMS 0x0000000080c00000, 0x0000000080b00000| Untracked 
|  12|0x0000000080c00000, 0x0000000080d00000, 0x0000000080d00000|100%| O|  |TAMS 0x0000000080d00000, 0x0000000080c00000| Complete 
|  13|0x0000000080d00000, 0x0000000080e00000, 0x0000000080e00000|100%| O|  |TAMS 0x0000000080e00000, 0x0000000080d00000| Untracked 
|  14|0x0000000080e00000, 0x0000000080f00000, 0x0000000080f00000|100%| O|  |TAMS 0x0000000080f00000, 0x0000000080e00000| Untracked 
|  15|0x0000000080f00000, 0x0000000081000000, 0x0000000081000000|100%| O|  |TAMS 0x0000000081000000, 0x0000000080f00000| Untracked 
|  16|0x0000000081000000, 0x0000000081100000, 0x0000000081100000|100%| O|  |TAMS 0x0000000081100000, 0x0000000081000000| Complete 
|  17|0x0000000081100000, 0x0000000081200000, 0x0000000081200000|100%|HS|  |TAMS 0x0000000081200000, 0x0000000081100000| Complete 
|  18|0x0000000081200000, 0x0000000081300000, 0x0000000081300000|100%| O|  |TAMS 0x0000000081300000, 0x0000000081200000| Complete 
|  19|0x0000000081300000, 0x0000000081400000, 0x0000000081400000|100%| O|  |TAMS 0x0000000081400000, 0x0000000081300000| Complete 
|  20|0x0000000081400000, 0x0000000081500000, 0x0000000081500000|100%| O|  |TAMS 0x0000000081500000, 0x0000000081400000| Complete 
|  21|0x0000000081500000, 0x0000000081600000, 0x0000000081600000|100%| O|  |TAMS 0x0000000081600000, 0x0000000081500000| Complete 
|  22|0x0000000081600000, 0x0000000081700000, 0x0000000081700000|100%| O|  |TAMS 0x0000000081700000, 0x0000000081600000| Complete 
|  23|0x0000000081700000, 0x0000000081800000, 0x0000000081800000|100%| O|  |TAMS 0x0000000081800000, 0x0000000081700000| Complete 
|  24|0x0000000081800000, 0x0000000081900000, 0x0000000081900000|100%| O|  |TAMS 0x0000000081900000, 0x0000000081800000| Untracked 
|  25|0x0000000081900000, 0x0000000081a00000, 0x0000000081a00000|100%| O|  |TAMS 0x0000000081a00000, 0x0000000081900000| Untracked 
|  26|0x0000000081a00000, 0x0000000081b00000, 0x0000000081b00000|100%| O|  |TAMS 0x0000000081b00000, 0x0000000081a00000| Untracked 
|  27|0x0000000081b00000, 0x0000000081c00000, 0x0000000081c00000|100%|HS|  |TAMS 0x0000000081c00000, 0x0000000081b00000| Complete 
|  28|0x0000000081c00000, 0x0000000081d00000, 0x0000000081d00000|100%|HS|  |TAMS 0x0000000081d00000, 0x0000000081c00000| Complete 
|  29|0x0000000081d00000, 0x0000000081e00000, 0x0000000081e00000|100%|HC|  |TAMS 0x0000000081e00000, 0x0000000081d00000| Complete 
|  30|0x0000000081e00000, 0x0000000081f00000, 0x0000000081f00000|100%| O|  |TAMS 0x0000000081f00000, 0x0000000081e00000| Untracked 
|  31|0x0000000081f00000, 0x0000000082000000, 0x0000000082000000|100%| O|  |TAMS 0x0000000082000000, 0x0000000081f00000| Untracked 
|  32|0x0000000082000000, 0x0000000082100000, 0x0000000082100000|100%| O|  |TAMS 0x0000000082100000, 0x0000000082000000| Complete 
|  33|0x0000000082100000, 0x0000000082200000, 0x0000000082200000|100%| O|  |TAMS 0x0000000082200000, 0x0000000082100000| Untracked 
|  34|0x0000000082200000, 0x0000000082300000, 0x0000000082300000|100%| O|  |TAMS 0x0000000082300000, 0x0000000082200000| Complete 
|  35|0x0000000082300000, 0x0000000082400000, 0x0000000082400000|100%|HS|  |TAMS 0x0000000082400000, 0x0000000082300000| Complete 
|  36|0x0000000082400000, 0x0000000082500000, 0x0000000082500000|100%| O|  |TAMS 0x0000000082500000, 0x0000000082400000| Untracked 
|  37|0x0000000082500000, 0x0000000082600000, 0x0000000082600000|100%| O|  |TAMS 0x0000000082600000, 0x0000000082500000| Complete 
|  38|0x0000000082600000, 0x0000000082700000, 0x0000000082700000|100%| O|  |TAMS 0x0000000082700000, 0x0000000082600000| Untracked 
|  39|0x0000000082700000, 0x0000000082800000, 0x0000000082800000|100%| O|  |TAMS 0x0000000082800000, 0x0000000082700000| Untracked 
|  40|0x0000000082800000, 0x0000000082900000, 0x0000000082900000|100%| O|  |TAMS 0x0000000082900000, 0x0000000082800000| Untracked 
|  41|0x0000000082900000, 0x0000000082a00000, 0x0000000082a00000|100%| O|  |TAMS 0x0000000082a00000, 0x0000000082900000| Untracked 
|  42|0x0000000082a00000, 0x0000000082b00000, 0x0000000082b00000|100%| O|  |TAMS 0x0000000082b00000, 0x0000000082a00000| Complete 
|  43|0x0000000082b00000, 0x0000000082c00000, 0x0000000082c00000|100%|HS|  |TAMS 0x0000000082c00000, 0x0000000082b00000| Complete 
|  44|0x0000000082c00000, 0x0000000082d00000, 0x0000000082d00000|100%| O|  |TAMS 0x0000000082d00000, 0x0000000082c00000| Complete 
|  45|0x0000000082d00000, 0x0000000082e00000, 0x0000000082e00000|100%| O|  |TAMS 0x0000000082e00000, 0x0000000082d00000| Untracked 
|  46|0x0000000082e00000, 0x0000000082f00000, 0x0000000082f00000|100%| O|  |TAMS 0x0000000082f00000, 0x0000000082e00000| Complete 
|  47|0x0000000082f00000, 0x0000000083000000, 0x0000000083000000|100%| O|  |TAMS 0x0000000083000000, 0x0000000082f00000| Complete 
|  48|0x0000000083000000, 0x0000000083100000, 0x0000000083100000|100%| O|  |TAMS 0x0000000083100000, 0x0000000083000000| Untracked 
|  49|0x0000000083100000, 0x0000000083200000, 0x0000000083200000|100%| O|  |TAMS 0x0000000083200000, 0x0000000083100000| Untracked 
|  50|0x0000000083200000, 0x0000000083300000, 0x0000000083300000|100%| O|  |TAMS 0x0000000083300000, 0x0000000083200000| Complete 
|  51|0x0000000083300000, 0x0000000083400000, 0x0000000083400000|100%| O|  |TAMS 0x0000000083400000, 0x0000000083300000| Untracked 
|  52|0x0000000083400000, 0x0000000083500000, 0x0000000083500000|100%| O|  |TAMS 0x0000000083500000, 0x0000000083400000| Untracked 
|  53|0x0000000083500000, 0x0000000083600000, 0x0000000083600000|100%| O|  |TAMS 0x0000000083600000, 0x0000000083500000| Complete 
|  54|0x0000000083600000, 0x0000000083700000, 0x0000000083700000|100%| O|  |TAMS 0x0000000083700000, 0x0000000083600000| Untracked 
|  55|0x0000000083700000, 0x0000000083800000, 0x0000000083800000|100%| O|  |TAMS 0x0000000083800000, 0x0000000083700000| Untracked 
|  56|0x0000000083800000, 0x0000000083900000, 0x0000000083900000|100%| O|  |TAMS 0x0000000083900000, 0x0000000083800000| Untracked 
|  57|0x0000000083900000, 0x0000000083a00000, 0x0000000083a00000|100%| O|  |TAMS 0x0000000083a00000, 0x0000000083900000| Untracked 
|  58|0x0000000083a00000, 0x0000000083b00000, 0x0000000083b00000|100%| O|  |TAMS 0x0000000083b00000, 0x0000000083a00000| Complete 
|  59|0x0000000083b00000, 0x0000000083c00000, 0x0000000083c00000|100%| O|  |TAMS 0x0000000083c00000, 0x0000000083b00000| Complete 
|  60|0x0000000083c00000, 0x0000000083d00000, 0x0000000083d00000|100%| O|  |TAMS 0x0000000083d00000, 0x0000000083c00000| Untracked 
|  61|0x0000000083d00000, 0x0000000083e00000, 0x0000000083e00000|100%| O|  |TAMS 0x0000000083e00000, 0x0000000083d00000| Complete 
|  62|0x0000000083e00000, 0x0000000083f00000, 0x0000000083f00000|100%| O|  |TAMS 0x0000000083f00000, 0x0000000083e00000| Complete 
|  63|0x0000000083f00000, 0x0000000084000000, 0x0000000084000000|100%| O|  |TAMS 0x0000000084000000, 0x0000000083f00000| Complete 
|  64|0x0000000084000000, 0x0000000084100000, 0x0000000084100000|100%| O|  |TAMS 0x0000000084100000, 0x0000000084000000| Untracked 
|  65|0x0000000084100000, 0x0000000084200000, 0x0000000084200000|100%| O|  |TAMS 0x0000000084200000, 0x0000000084100000| Untracked 
|  66|0x0000000084200000, 0x0000000084300000, 0x0000000084300000|100%| O|  |TAMS 0x0000000084300000, 0x0000000084200000| Complete 
|  67|0x0000000084300000, 0x0000000084400000, 0x0000000084400000|100%| O|  |TAMS 0x0000000084400000, 0x0000000084300000| Untracked 
|  68|0x0000000084400000, 0x0000000084500000, 0x0000000084500000|100%| O|  |TAMS 0x0000000084500000, 0x0000000084400000| Untracked 
|  69|0x0000000084500000, 0x0000000084600000, 0x0000000084600000|100%| O|  |TAMS 0x0000000084600000, 0x0000000084500000| Untracked 
|  70|0x0000000084600000, 0x0000000084700000, 0x0000000084700000|100%| O|  |TAMS 0x0000000084700000, 0x0000000084600000| Untracked 
|  71|0x0000000084700000, 0x0000000084751800, 0x0000000084800000| 31%| O|  |TAMS 0x0000000084700000, 0x0000000084700000| Untracked 
|  72|0x0000000084800000, 0x0000000084900000, 0x0000000084900000|100%| O|  |TAMS 0x0000000084900000, 0x0000000084800000| Untracked 
|  73|0x0000000084900000, 0x0000000084a00000, 0x0000000084a00000|100%| O|  |TAMS 0x0000000084a00000, 0x0000000084900000| Complete 
|  74|0x0000000084a00000, 0x0000000084b00000, 0x0000000084b00000|100%| O|  |TAMS 0x0000000084b00000, 0x0000000084a00000| Untracked 
|  75|0x0000000084b00000, 0x0000000084c00000, 0x0000000084c00000|100%| O|  |TAMS 0x0000000084c00000, 0x0000000084b00000| Untracked 
|  76|0x0000000084c00000, 0x0000000084d00000, 0x0000000084d00000|100%|HS|  |TAMS 0x0000000084d00000, 0x0000000084c00000| Complete 
|  77|0x0000000084d00000, 0x0000000084e00000, 0x0000000084e00000|100%|HC|  |TAMS 0x0000000084e00000, 0x0000000084d00000| Complete 
|  78|0x0000000084e00000, 0x0000000084f00000, 0x0000000084f00000|100%| O|  |TAMS 0x0000000084f00000, 0x0000000084e00000| Untracked 
|  79|0x0000000084f00000, 0x0000000085000000, 0x0000000085000000|100%| O|  |TAMS 0x0000000085000000, 0x0000000084f00000| Untracked 
|  80|0x0000000085000000, 0x0000000085100000, 0x0000000085100000|100%|HS|  |TAMS 0x0000000085100000, 0x0000000085000000| Complete 
|  81|0x0000000085100000, 0x0000000085200000, 0x0000000085200000|100%|HC|  |TAMS 0x0000000085200000, 0x0000000085100000| Complete 
|  82|0x0000000085200000, 0x0000000085300000, 0x0000000085300000|100%|HC|  |TAMS 0x0000000085300000, 0x0000000085200000| Complete 
|  83|0x0000000085300000, 0x0000000085400000, 0x0000000085400000|100%| O|  |TAMS 0x0000000085400000, 0x0000000085300000| Untracked 
|  84|0x0000000085400000, 0x0000000085500000, 0x0000000085500000|100%| O|  |TAMS 0x0000000085500000, 0x0000000085400000| Untracked 
|  85|0x0000000085500000, 0x0000000085600000, 0x0000000085600000|100%| O|  |TAMS 0x0000000085600000, 0x0000000085500000| Complete 
|  86|0x0000000085600000, 0x0000000085700000, 0x0000000085700000|100%| O|  |TAMS 0x0000000085700000, 0x0000000085600000| Complete 
|  87|0x0000000085700000, 0x0000000085800000, 0x0000000085800000|100%|HS|  |TAMS 0x0000000085800000, 0x0000000085700000| Complete 
|  88|0x0000000085800000, 0x0000000085900000, 0x0000000085900000|100%| O|  |TAMS 0x0000000085900000, 0x0000000085800000| Untracked 
|  89|0x0000000085900000, 0x0000000085a00000, 0x0000000085a00000|100%| O|  |TAMS 0x0000000085a00000, 0x0000000085900000| Complete 
|  90|0x0000000085a00000, 0x0000000085b00000, 0x0000000085b00000|100%| O|  |TAMS 0x0000000085b00000, 0x0000000085a00000| Complete 
|  91|0x0000000085b00000, 0x0000000085c00000, 0x0000000085c00000|100%| O|  |TAMS 0x0000000085c00000, 0x0000000085b00000| Untracked 
|  92|0x0000000085c00000, 0x0000000085d00000, 0x0000000085d00000|100%| O|  |TAMS 0x0000000085d00000, 0x0000000085c00000| Untracked 
|  93|0x0000000085d00000, 0x0000000085e00000, 0x0000000085e00000|100%| O|  |TAMS 0x0000000085e00000, 0x0000000085d00000| Complete 
|  94|0x0000000085e00000, 0x0000000085f00000, 0x0000000085f00000|100%| O|  |TAMS 0x0000000085e88200, 0x0000000085e00000| Untracked 
|  95|0x0000000085f00000, 0x0000000086000000, 0x0000000086000000|100%| O|  |TAMS 0x0000000086000000, 0x0000000085f00000| Untracked 
|  96|0x0000000086000000, 0x0000000086000000, 0x0000000086100000|  0%| F|  |TAMS 0x0000000086000000, 0x0000000086000000| Untracked 
|  97|0x0000000086100000, 0x0000000086100000, 0x0000000086200000|  0%| F|  |TAMS 0x0000000086100000, 0x0000000086100000| Untracked 
|  98|0x0000000086200000, 0x0000000086300000, 0x0000000086300000|100%| O|  |TAMS 0x0000000086300000, 0x0000000086200000| Complete 
|  99|0x0000000086300000, 0x0000000086400000, 0x0000000086400000|100%| O|  |TAMS 0x0000000086400000, 0x0000000086300000| Untracked 
| 100|0x0000000086400000, 0x0000000086500000, 0x0000000086500000|100%| O|  |TAMS 0x0000000086500000, 0x0000000086400000| Complete 
| 101|0x0000000086500000, 0x0000000086600000, 0x0000000086600000|100%| O|  |TAMS 0x0000000086600000, 0x0000000086500000| Complete 
| 102|0x0000000086600000, 0x0000000086600000, 0x0000000086700000|  0%| F|  |TAMS 0x0000000086600000, 0x0000000086600000| Untracked 
| 103|0x0000000086700000, 0x0000000086700000, 0x0000000086800000|  0%| F|  |TAMS 0x0000000086700000, 0x0000000086700000| Untracked 
| 104|0x0000000086800000, 0x0000000086800000, 0x0000000086900000|  0%| F|  |TAMS 0x0000000086800000, 0x0000000086800000| Untracked 
| 105|0x0000000086900000, 0x0000000086a00000, 0x0000000086a00000|100%| O|  |TAMS 0x0000000086a00000, 0x0000000086900000| Untracked 
| 106|0x0000000086a00000, 0x0000000086b00000, 0x0000000086b00000|100%| O|  |TAMS 0x0000000086b00000, 0x0000000086a00000| Complete 
| 107|0x0000000086b00000, 0x0000000086c00000, 0x0000000086c00000|100%| O|  |TAMS 0x0000000086c00000, 0x0000000086b00000| Untracked 
| 108|0x0000000086c00000, 0x0000000086d00000, 0x0000000086d00000|100%| O|  |TAMS 0x0000000086d00000, 0x0000000086c00000| Untracked 
| 109|0x0000000086d00000, 0x0000000086e00000, 0x0000000086e00000|100%| O|  |TAMS 0x0000000086e00000, 0x0000000086d00000| Untracked 
| 110|0x0000000086e00000, 0x0000000086f00000, 0x0000000086f00000|100%| O|  |TAMS 0x0000000086f00000, 0x0000000086e00000| Complete 
| 111|0x0000000086f00000, 0x0000000087000000, 0x0000000087000000|100%| O|  |TAMS 0x0000000087000000, 0x0000000086f00000| Complete 
| 112|0x0000000087000000, 0x0000000087000000, 0x0000000087100000|  0%| F|  |TAMS 0x0000000087000000, 0x0000000087000000| Untracked 
| 113|0x0000000087100000, 0x0000000087200000, 0x0000000087200000|100%| O|  |TAMS 0x0000000087100000, 0x0000000087100000| Untracked 
| 114|0x0000000087200000, 0x0000000087300000, 0x0000000087300000|100%|HS|  |TAMS 0x0000000087300000, 0x0000000087200000| Complete 
| 115|0x0000000087300000, 0x0000000087400000, 0x0000000087400000|100%|HC|  |TAMS 0x0000000087400000, 0x0000000087300000| Complete 
| 116|0x0000000087400000, 0x0000000087500000, 0x0000000087500000|100%|HC|  |TAMS 0x0000000087500000, 0x0000000087400000| Complete 
| 117|0x0000000087500000, 0x0000000087600000, 0x0000000087600000|100%| O|  |TAMS 0x0000000087600000, 0x0000000087500000| Untracked 
| 118|0x0000000087600000, 0x0000000087700000, 0x0000000087700000|100%| O|  |TAMS 0x0000000087600000, 0x0000000087600000| Untracked 
| 119|0x0000000087700000, 0x0000000087800000, 0x0000000087800000|100%| O|  |TAMS 0x0000000087800000, 0x0000000087700000| Untracked 
| 120|0x0000000087800000, 0x0000000087900000, 0x0000000087900000|100%| O|  |TAMS 0x0000000087900000, 0x0000000087800000| Complete 
| 121|0x0000000087900000, 0x0000000087a00000, 0x0000000087a00000|100%| O|  |TAMS 0x0000000087a00000, 0x0000000087900000| Complete 
| 122|0x0000000087a00000, 0x0000000087b00000, 0x0000000087b00000|100%| O|  |TAMS 0x0000000087b00000, 0x0000000087a00000| Complete 
| 123|0x0000000087b00000, 0x0000000087c00000, 0x0000000087c00000|100%| O|  |TAMS 0x0000000087c00000, 0x0000000087b00000| Complete 
| 124|0x0000000087c00000, 0x0000000087d00000, 0x0000000087d00000|100%| O|  |TAMS 0x0000000087d00000, 0x0000000087c00000| Untracked 
| 125|0x0000000087d00000, 0x0000000087e00000, 0x0000000087e00000|100%| O|  |TAMS 0x0000000087e00000, 0x0000000087d00000| Untracked 
| 126|0x0000000087e00000, 0x0000000087f00000, 0x0000000087f00000|100%|HS|  |TAMS 0x0000000087f00000, 0x0000000087e00000| Complete 
| 127|0x0000000087f00000, 0x0000000088000000, 0x0000000088000000|100%|HC|  |TAMS 0x0000000088000000, 0x0000000087f00000| Complete 
| 128|0x0000000088000000, 0x0000000088100000, 0x0000000088100000|100%|HS|  |TAMS 0x0000000088100000, 0x0000000088000000| Complete 
| 129|0x0000000088100000, 0x0000000088200000, 0x0000000088200000|100%|HC|  |TAMS 0x0000000088200000, 0x0000000088100000| Complete 
| 130|0x0000000088200000, 0x0000000088300000, 0x0000000088300000|100%|HC|  |TAMS 0x0000000088300000, 0x0000000088200000| Complete 
| 131|0x0000000088300000, 0x0000000088400000, 0x0000000088400000|100%|HS|  |TAMS 0x0000000088400000, 0x0000000088300000| Complete 
| 132|0x0000000088400000, 0x0000000088500000, 0x0000000088500000|100%|HC|  |TAMS 0x0000000088500000, 0x0000000088400000| Complete 
| 133|0x0000000088500000, 0x0000000088600000, 0x0000000088600000|100%|HC|  |TAMS 0x0000000088600000, 0x0000000088500000| Complete 
| 134|0x0000000088600000, 0x0000000088700000, 0x0000000088700000|100%|HC|  |TAMS 0x0000000088700000, 0x0000000088600000| Complete 
| 135|0x0000000088700000, 0x0000000088800000, 0x0000000088800000|100%|HS|  |TAMS 0x0000000088800000, 0x0000000088700000| Complete 
| 136|0x0000000088800000, 0x0000000088900000, 0x0000000088900000|100%|HC|  |TAMS 0x0000000088900000, 0x0000000088800000| Complete 
| 137|0x0000000088900000, 0x0000000088a00000, 0x0000000088a00000|100%|HC|  |TAMS 0x0000000088a00000, 0x0000000088900000| Complete 
| 138|0x0000000088a00000, 0x0000000088b00000, 0x0000000088b00000|100%|HC|  |TAMS 0x0000000088b00000, 0x0000000088a00000| Complete 
| 139|0x0000000088b00000, 0x0000000088c00000, 0x0000000088c00000|100%|HS|  |TAMS 0x0000000088c00000, 0x0000000088b00000| Complete 
| 140|0x0000000088c00000, 0x0000000088d00000, 0x0000000088d00000|100%|HC|  |TAMS 0x0000000088d00000, 0x0000000088c00000| Complete 
| 141|0x0000000088d00000, 0x0000000088e00000, 0x0000000088e00000|100%|HC|  |TAMS 0x0000000088e00000, 0x0000000088d00000| Complete 
| 142|0x0000000088e00000, 0x0000000088f00000, 0x0000000088f00000|100%|HC|  |TAMS 0x0000000088f00000, 0x0000000088e00000| Complete 
| 143|0x0000000088f00000, 0x0000000089000000, 0x0000000089000000|100%| O|  |TAMS 0x0000000089000000, 0x0000000088f00000| Complete 
| 144|0x0000000089000000, 0x0000000089100000, 0x0000000089100000|100%| O|  |TAMS 0x0000000089100000, 0x0000000089000000| Complete 
| 145|0x0000000089100000, 0x0000000089200000, 0x0000000089200000|100%| O|  |TAMS 0x0000000089200000, 0x0000000089100000| Complete 
| 146|0x0000000089200000, 0x0000000089200000, 0x0000000089300000|  0%| F|  |TAMS 0x0000000089200000, 0x0000000089200000| Untracked 
| 147|0x0000000089300000, 0x0000000089300000, 0x0000000089400000|  0%| F|  |TAMS 0x0000000089300000, 0x0000000089300000| Untracked 
| 148|0x0000000089400000, 0x0000000089400000, 0x0000000089500000|  0%| F|  |TAMS 0x0000000089400000, 0x0000000089400000| Untracked 
| 149|0x0000000089500000, 0x0000000089500000, 0x0000000089600000|  0%| F|  |TAMS 0x0000000089500000, 0x0000000089500000| Untracked 
| 150|0x0000000089600000, 0x0000000089700000, 0x0000000089700000|100%| O|  |TAMS 0x0000000089600000, 0x0000000089600000| Untracked 
| 151|0x0000000089700000, 0x0000000089700000, 0x0000000089800000|  0%| F|  |TAMS 0x0000000089700000, 0x0000000089700000| Untracked 
| 152|0x0000000089800000, 0x0000000089800000, 0x0000000089900000|  0%| F|  |TAMS 0x0000000089800000, 0x0000000089800000| Untracked 
| 153|0x0000000089900000, 0x0000000089a00000, 0x0000000089a00000|100%| O|  |TAMS 0x0000000089a00000, 0x0000000089900000| Untracked 
| 154|0x0000000089a00000, 0x0000000089b00000, 0x0000000089b00000|100%| O|  |TAMS 0x0000000089b00000, 0x0000000089a00000| Untracked 
| 155|0x0000000089b00000, 0x0000000089b00000, 0x0000000089c00000|  0%| F|  |TAMS 0x0000000089b00000, 0x0000000089b00000| Untracked 
| 156|0x0000000089c00000, 0x0000000089c00000, 0x0000000089d00000|  0%| F|  |TAMS 0x0000000089c00000, 0x0000000089c00000| Untracked 
| 157|0x0000000089d00000, 0x0000000089d00000, 0x0000000089e00000|  0%| F|  |TAMS 0x0000000089d00000, 0x0000000089d00000| Untracked 
| 158|0x0000000089e00000, 0x0000000089e00000, 0x0000000089f00000|  0%| F|  |TAMS 0x0000000089e00000, 0x0000000089e00000| Untracked 
| 159|0x0000000089f00000, 0x0000000089f00000, 0x000000008a000000|  0%| F|  |TAMS 0x0000000089f00000, 0x0000000089f00000| Untracked 
| 160|0x000000008a000000, 0x000000008a000000, 0x000000008a100000|  0%| F|  |TAMS 0x000000008a000000, 0x000000008a000000| Untracked 
| 161|0x000000008a100000, 0x000000008a100000, 0x000000008a200000|  0%| F|  |TAMS 0x000000008a100000, 0x000000008a100000| Untracked 
| 162|0x000000008a200000, 0x000000008a200000, 0x000000008a300000|  0%| F|  |TAMS 0x000000008a200000, 0x000000008a200000| Untracked 
| 163|0x000000008a300000, 0x000000008a300000, 0x000000008a400000|  0%| F|  |TAMS 0x000000008a300000, 0x000000008a300000| Untracked 
| 164|0x000000008a400000, 0x000000008a400000, 0x000000008a500000|  0%| F|  |TAMS 0x000000008a400000, 0x000000008a400000| Untracked 
| 165|0x000000008a500000, 0x000000008a500000, 0x000000008a600000|  0%| F|  |TAMS 0x000000008a500000, 0x000000008a500000| Untracked 
| 166|0x000000008a600000, 0x000000008a600000, 0x000000008a700000|  0%| F|  |TAMS 0x000000008a600000, 0x000000008a600000| Untracked 
| 167|0x000000008a700000, 0x000000008a700000, 0x000000008a800000|  0%| F|  |TAMS 0x000000008a700000, 0x000000008a700000| Untracked 
| 168|0x000000008a800000, 0x000000008a800000, 0x000000008a900000|  0%| F|  |TAMS 0x000000008a800000, 0x000000008a800000| Untracked 
| 169|0x000000008a900000, 0x000000008a900000, 0x000000008aa00000|  0%| F|  |TAMS 0x000000008a900000, 0x000000008a900000| Untracked 
| 170|0x000000008aa00000, 0x000000008aa00000, 0x000000008ab00000|  0%| F|  |TAMS 0x000000008aa00000, 0x000000008aa00000| Untracked 
| 171|0x000000008ab00000, 0x000000008ab00000, 0x000000008ac00000|  0%| F|  |TAMS 0x000000008ab00000, 0x000000008ab00000| Untracked 
| 172|0x000000008ac00000, 0x000000008ac00000, 0x000000008ad00000|  0%| F|  |TAMS 0x000000008ac00000, 0x000000008ac00000| Untracked 
| 173|0x000000008ad00000, 0x000000008ad00000, 0x000000008ae00000|  0%| F|  |TAMS 0x000000008ad00000, 0x000000008ad00000| Untracked 
| 174|0x000000008ae00000, 0x000000008ae00000, 0x000000008af00000|  0%| F|  |TAMS 0x000000008ae00000, 0x000000008ae00000| Untracked 
| 175|0x000000008af00000, 0x000000008af00000, 0x000000008b000000|  0%| F|  |TAMS 0x000000008af00000, 0x000000008af00000| Untracked 
| 176|0x000000008b000000, 0x000000008b000000, 0x000000008b100000|  0%| F|  |TAMS 0x000000008b000000, 0x000000008b000000| Untracked 
| 177|0x000000008b100000, 0x000000008b100000, 0x000000008b200000|  0%| F|  |TAMS 0x000000008b100000, 0x000000008b100000| Untracked 
| 178|0x000000008b200000, 0x000000008b200000, 0x000000008b300000|  0%| F|  |TAMS 0x000000008b200000, 0x000000008b200000| Untracked 
| 179|0x000000008b300000, 0x000000008b300000, 0x000000008b400000|  0%| F|  |TAMS 0x000000008b300000, 0x000000008b300000| Untracked 
| 180|0x000000008b400000, 0x000000008b400000, 0x000000008b500000|  0%| F|  |TAMS 0x000000008b400000, 0x000000008b400000| Untracked 
| 181|0x000000008b500000, 0x000000008b500000, 0x000000008b600000|  0%| F|  |TAMS 0x000000008b500000, 0x000000008b500000| Untracked 
| 182|0x000000008b600000, 0x000000008b600000, 0x000000008b700000|  0%| F|  |TAMS 0x000000008b600000, 0x000000008b600000| Untracked 
| 183|0x000000008b700000, 0x000000008b700000, 0x000000008b800000|  0%| F|  |TAMS 0x000000008b700000, 0x000000008b700000| Untracked 
| 184|0x000000008b800000, 0x000000008b800000, 0x000000008b900000|  0%| F|  |TAMS 0x000000008b800000, 0x000000008b800000| Untracked 
| 185|0x000000008b900000, 0x000000008b900000, 0x000000008ba00000|  0%| F|  |TAMS 0x000000008b900000, 0x000000008b900000| Untracked 
| 186|0x000000008ba00000, 0x000000008ba00000, 0x000000008bb00000|  0%| F|  |TAMS 0x000000008ba00000, 0x000000008ba00000| Untracked 
| 187|0x000000008bb00000, 0x000000008bb4d2a0, 0x000000008bc00000| 30%| S|CS|TAMS 0x000000008bb00000, 0x000000008bb00000| Complete 
| 188|0x000000008bc00000, 0x000000008bc00000, 0x000000008bd00000|  0%| F|  |TAMS 0x000000008bc00000, 0x000000008bc00000| Untracked 
| 189|0x000000008bd00000, 0x000000008bd00000, 0x000000008be00000|  0%| F|  |TAMS 0x000000008bd00000, 0x000000008bd00000| Untracked 
| 190|0x000000008be00000, 0x000000008be00000, 0x000000008bf00000|  0%| F|  |TAMS 0x000000008be00000, 0x000000008be00000| Untracked 
| 191|0x000000008bf00000, 0x000000008bf00000, 0x000000008c000000|  0%| F|  |TAMS 0x000000008bf00000, 0x000000008bf00000| Untracked 
| 192|0x000000008c000000, 0x000000008c000000, 0x000000008c100000|  0%| F|  |TAMS 0x000000008c000000, 0x000000008c000000| Untracked 
| 193|0x000000008c100000, 0x000000008c100000, 0x000000008c200000|  0%| F|  |TAMS 0x000000008c100000, 0x000000008c100000| Untracked 
| 194|0x000000008c200000, 0x000000008c200000, 0x000000008c300000|  0%| F|  |TAMS 0x000000008c200000, 0x000000008c200000| Untracked 
| 195|0x000000008c300000, 0x000000008c400000, 0x000000008c400000|100%| O|  |TAMS 0x000000008c400000, 0x000000008c300000| Untracked 
| 196|0x000000008c400000, 0x000000008c500000, 0x000000008c500000|100%| O|  |TAMS 0x000000008c500000, 0x000000008c400000| Untracked 
| 197|0x000000008c500000, 0x000000008c600000, 0x000000008c600000|100%| O|  |TAMS 0x000000008c600000, 0x000000008c500000| Untracked 
| 198|0x000000008c600000, 0x000000008c700000, 0x000000008c700000|100%| O|  |TAMS 0x000000008c700000, 0x000000008c600000| Untracked 
| 199|0x000000008c700000, 0x000000008c700000, 0x000000008c800000|  0%| F|  |TAMS 0x000000008c700000, 0x000000008c700000| Untracked 
| 200|0x000000008c800000, 0x000000008c800000, 0x000000008c900000|  0%| F|  |TAMS 0x000000008c800000, 0x000000008c800000| Untracked 

Card table byte_map: [0x000001c77f0c0000,0x000001c77f4c0000] _byte_map_base: 0x000001c77ecc0000

Marking Bits (Prev, Next): (CMBitMap*) 0x000001c77ec22308, (CMBitMap*) 0x000001c77ec22340
 Prev Bits: [0x000001c712a30000, 0x000001c714a30000)
 Next Bits: [0x000001c714a30000, 0x000001c716a30000)

Polling page: 0x000001c77cb80000

Metaspace:

Usage:
  Non-class:    125.50 MB capacity,   122.78 MB ( 98%) used,     2.23 MB (  2%) free+waste,   496.69 KB ( <1%) overhead. 
      Class:     18.66 MB capacity,    17.11 MB ( 92%) used,     1.34 MB (  7%) free+waste,   215.38 KB (  1%) overhead. 
       Both:    144.15 MB capacity,   139.89 MB ( 97%) used,     3.57 MB (  2%) free+waste,   712.06 KB ( <1%) overhead. 

Virtual space:
  Non-class space:      126.00 MB reserved,     125.63 MB (>99%) committed 
      Class space:        1.00 GB reserved,      18.75 MB (  2%) committed 
             Both:        1.12 GB reserved,     144.38 MB ( 13%) committed 

Chunk freelists:
   Non-Class:  4.00 KB
       Class:  0 bytes
        Both:  4.00 KB

MaxMetaspaceSize: 17179869184.00 GB
CompressedClassSpaceSize: 1.00 GB
Initial GC threshold: 20.80 MB
Current GC threshold: 240.63 MB
CDS: off

CodeHeap 'non-profiled nmethods': size=120064Kb used=18641Kb max_used=18760Kb free=101423Kb
 bounds [0x000001c70b4f0000, 0x000001c70c760000, 0x000001c712a30000]
CodeHeap 'profiled nmethods': size=120000Kb used=51873Kb max_used=53466Kb free=68126Kb
 bounds [0x000001c703fc0000, 0x000001c707430000, 0x000001c70b4f0000]
CodeHeap 'non-nmethods': size=5696Kb used=2495Kb max_used=2566Kb free=3200Kb
 bounds [0x000001c703a30000, 0x000001c703cd0000, 0x000001c703fc0000]
 total_blobs=23621 nmethods=22597 adapters=934
 compilation: enabled
              stopped_count=0, restarted_count=0
 full_count=0

Compilation events (20 events):
Event: 3852.178 Thread 0x000001c77fdd3800 26080       3       com.google.common.collect.Lists$TransformingSequentialList::listIterator (19 bytes)
Event: 3852.179 Thread 0x000001c77fdd3800 nmethod 26080 0x000001c7046eb610 code [0x000001c7046eb820, 0x000001c7046ebef8]
Event: 3852.179 Thread 0x000001c77fdd3800 26081       3       com.google.common.collect.Lists$TransformingSequentialList$1::<init> (11 bytes)
Event: 3852.179 Thread 0x000001c77fdd3800 nmethod 26081 0x000001c706167210 code [0x000001c706167400, 0x000001c706167928]
Event: 3876.855 Thread 0x000001c77fdcc000 26082       4       com.sun.jmx.mbeanserver.DefaultMXBeanMappingFactory$IdentityMapping::toNonNullOpenValue (2 bytes)
Event: 3876.855 Thread 0x000001c77fdcc000 nmethod 26082 0x000001c70bd7ed10 code [0x000001c70bd7eea0, 0x000001c70bd7eef8]
Event: 3892.185 Thread 0x000001c77fdcc000 26083       4       java.util.concurrent.locks.AbstractQueuedSynchronizer$ConditionObject::awaitNanos (181 bytes)
Event: 3892.253 Thread 0x000001c77fdcc000 nmethod 26083 0x000001c70b642810 code [0x000001c70b642a60, 0x000001c70b644950]
Event: 3896.844 Thread 0x000001c77fdcc000 26084       4       sun.util.calendar.ZoneInfo::getOffsets (342 bytes)
Event: 3896.845 Thread 0x000001c77fdcc000 nmethod 26084 0x000001c70bbf2210 code [0x000001c70bbf23a0, 0x000001c70bbf2478]
Event: 3931.855 Thread 0x000001c77fdd3800 26085       3       java.util.concurrent.locks.ReentrantReadWriteLock$FairSync::readerShouldBlock (5 bytes)
Event: 3931.855 Thread 0x000001c77fdd3800 nmethod 26085 0x000001c704dd0090 code [0x000001c704dd0240, 0x000001c704dd0368]
Event: 3993.662 Thread 0x000001c77fdd3800 26086       1       java.net.InetSocketAddress$InetSocketAddressHolder::getAddress (5 bytes)
Event: 3993.662 Thread 0x000001c77fdd3800 nmethod 26086 0x000001c70bbf1f10 code [0x000001c70bbf20c0, 0x000001c70bbf2178]
Event: 3993.663 Thread 0x000001c77fdd3800 26087       1       java.net.InetAddress$InetAddressHolder::getHostName (5 bytes)
Event: 3993.663 Thread 0x000001c77fdd3800 nmethod 26087 0x000001c70bbf1990 code [0x000001c70bbf1b40, 0x000001c70bbf1bf8]
Event: 3993.673 Thread 0x000001c77fdd3800 26088       1       org.gradle.internal.remote.internal.inet.MultiChoiceAddress::getPort (5 bytes)
Event: 3993.674 Thread 0x000001c77fdd3800 nmethod 26088 0x000001c70b8a0390 code [0x000001c70b8a0540, 0x000001c70b8a05f8]
Event: 3993.674 Thread 0x000001c77fdd3800 26089       3       java.net.Inet4Address::getAddress (59 bytes)
Event: 3993.674 Thread 0x000001c77fdd3800 nmethod 26089 0x000001c7050db390 code [0x000001c7050db540, 0x000001c7050db7d8]

GC Heap History (20 events):
Event: 3743.220 GC heap after
{Heap after GC invocations=169 (full 0):
 garbage-first heap   total 205824K, used 158959K [0x0000000080000000, 0x0000000100000000)
  region size 1024K, 2 young (2048K), 2 survivors (2048K)
 Metaspace       used 143102K, capacity 147434K, committed 147584K, reserved 1177600K
  class space    used 17517K, capacity 19098K, committed 19200K, reserved 1048576K
}
Event: 3743.343 GC heap before
{Heap before GC invocations=169 (full 0):
 garbage-first heap   total 205824K, used 173295K [0x0000000080000000, 0x0000000100000000)
  region size 1024K, 17 young (17408K), 2 survivors (2048K)
 Metaspace       used 143133K, capacity 147502K, committed 147840K, reserved 1177600K
  class space    used 17517K, capacity 19098K, committed 19200K, reserved 1048576K
}
Event: 3743.364 GC heap after
{Heap after GC invocations=170 (full 0):
 garbage-first heap   total 205824K, used 163674K [0x0000000080000000, 0x0000000100000000)
  region size 1024K, 3 young (3072K), 3 survivors (3072K)
 Metaspace       used 143133K, capacity 147502K, committed 147840K, reserved 1177600K
  class space    used 17517K, capacity 19098K, committed 19200K, reserved 1048576K
}
Event: 3743.469 GC heap before
{Heap before GC invocations=170 (full 0):
 garbage-first heap   total 205824K, used 174938K [0x0000000080000000, 0x0000000100000000)
  region size 1024K, 15 young (15360K), 3 survivors (3072K)
 Metaspace       used 143144K, capacity 147509K, committed 147840K, reserved 1177600K
  class space    used 17517K, capacity 19098K, committed 19200K, reserved 1048576K
}
Event: 3743.481 GC heap after
{Heap after GC invocations=171 (full 0):
 garbage-first heap   total 205824K, used 166626K [0x0000000080000000, 0x0000000100000000)
  region size 1024K, 2 young (2048K), 2 survivors (2048K)
 Metaspace       used 143144K, capacity 147509K, committed 147840K, reserved 1177600K
  class space    used 17517K, capacity 19098K, committed 19200K, reserved 1048576K
}
Event: 3743.643 GC heap before
{Heap before GC invocations=171 (full 0):
 garbage-first heap   total 205824K, used 176866K [0x0000000080000000, 0x0000000100000000)
  region size 1024K, 12 young (12288K), 2 survivors (2048K)
 Metaspace       used 143149K, capacity 147511K, committed 147840K, reserved 1177600K
  class space    used 17517K, capacity 19098K, committed 19200K, reserved 1048576K
}
Event: 3743.651 GC heap after
{Heap after GC invocations=172 (full 0):
 garbage-first heap   total 205824K, used 167573K [0x0000000080000000, 0x0000000100000000)
  region size 1024K, 1 young (1024K), 1 survivors (1024K)
 Metaspace       used 143149K, capacity 147511K, committed 147840K, reserved 1177600K
  class space    used 17517K, capacity 19098K, committed 19200K, reserved 1048576K
}
Event: 3743.766 GC heap before
{Heap before GC invocations=172 (full 0):
 garbage-first heap   total 205824K, used 176789K [0x0000000080000000, 0x0000000100000000)
  region size 1024K, 11 young (11264K), 1 survivors (1024K)
 Metaspace       used 143149K, capacity 147511K, committed 147840K, reserved 1177600K
  class space    used 17517K, capacity 19098K, committed 19200K, reserved 1048576K
}
Event: 3743.772 GC heap after
{Heap after GC invocations=173 (full 0):
 garbage-first heap   total 205824K, used 169269K [0x0000000080000000, 0x0000000100000000)
  region size 1024K, 2 young (2048K), 2 survivors (2048K)
 Metaspace       used 143149K, capacity 147511K, committed 147840K, reserved 1177600K
  class space    used 17517K, capacity 19098K, committed 19200K, reserved 1048576K
}
Event: 3743.975 GC heap before
{Heap before GC invocations=173 (full 0):
 garbage-first heap   total 205824K, used 176437K [0x0000000080000000, 0x0000000100000000)
  region size 1024K, 11 young (11264K), 2 survivors (2048K)
 Metaspace       used 143174K, capacity 147513K, committed 147840K, reserved 1177600K
  class space    used 17517K, capacity 19098K, committed 19200K, reserved 1048576K
}
Event: 3743.980 GC heap after
{Heap after GC invocations=174 (full 0):
 garbage-first heap   total 205824K, used 168027K [0x0000000080000000, 0x0000000100000000)
  region size 1024K, 2 young (2048K), 2 survivors (2048K)
 Metaspace       used 143174K, capacity 147513K, committed 147840K, reserved 1177600K
  class space    used 17517K, capacity 19098K, committed 19200K, reserved 1048576K
}
Event: 3744.218 GC heap before
{Heap before GC invocations=175 (full 0):
 garbage-first heap   total 205824K, used 176219K [0x0000000080000000, 0x0000000100000000)
  region size 1024K, 11 young (11264K), 2 survivors (2048K)
 Metaspace       used 143179K, capacity 147515K, committed 147840K, reserved 1177600K
  class space    used 17517K, capacity 19098K, committed 19200K, reserved 1048576K
}
Event: 3744.223 GC heap after
{Heap after GC invocations=176 (full 0):
 garbage-first heap   total 205824K, used 168866K [0x0000000080000000, 0x0000000100000000)
  region size 1024K, 2 young (2048K), 2 survivors (2048K)
 Metaspace       used 143179K, capacity 147515K, committed 147840K, reserved 1177600K
  class space    used 17517K, capacity 19098K, committed 19200K, reserved 1048576K
}
Event: 3744.356 GC heap before
{Heap before GC invocations=176 (full 0):
 garbage-first heap   total 205824K, used 177058K [0x0000000080000000, 0x0000000100000000)
  region size 1024K, 10 young (10240K), 2 survivors (2048K)
 Metaspace       used 143182K, capacity 147515K, committed 147840K, reserved 1177600K
  class space    used 17517K, capacity 19098K, committed 19200K, reserved 1048576K
}
Event: 3744.369 GC heap after
{Heap after GC invocations=177 (full 0):
 garbage-first heap   total 205824K, used 156639K [0x0000000080000000, 0x0000000100000000)
  region size 1024K, 2 young (2048K), 2 survivors (2048K)
 Metaspace       used 143182K, capacity 147515K, committed 147840K, reserved 1177600K
  class space    used 17517K, capacity 19098K, committed 19200K, reserved 1048576K
}
Event: 3744.549 GC heap before
{Heap before GC invocations=177 (full 0):
 garbage-first heap   total 205824K, used 169951K [0x0000000080000000, 0x0000000100000000)
  region size 1024K, 17 young (17408K), 2 survivors (2048K)
 Metaspace       used 143197K, capacity 147580K, committed 147840K, reserved 1177600K
  class space    used 17517K, capacity 19098K, committed 19200K, reserved 1048576K
}
Event: 3744.562 GC heap after
{Heap after GC invocations=178 (full 0):
 garbage-first heap   total 205824K, used 161312K [0x0000000080000000, 0x0000000100000000)
  region size 1024K, 3 young (3072K), 3 survivors (3072K)
 Metaspace       used 143197K, capacity 147580K, committed 147840K, reserved 1177600K
  class space    used 17517K, capacity 19098K, committed 19200K, reserved 1048576K
}
Event: 3745.308 GC heap before
{Heap before GC invocations=179 (full 0):
 garbage-first heap   total 205824K, used 187936K [0x0000000080000000, 0x0000000100000000)
  region size 1024K, 15 young (15360K), 3 survivors (3072K)
 Metaspace       used 143233K, capacity 147605K, committed 147840K, reserved 1177600K
  class space    used 17519K, capacity 19102K, committed 19200K, reserved 1048576K
}
Event: 3745.317 GC heap after
{Heap after GC invocations=180 (full 0):
 garbage-first heap   total 205824K, used 159289K [0x0000000080000000, 0x0000000100000000)
  region size 1024K, 1 young (1024K), 1 survivors (1024K)
 Metaspace       used 143233K, capacity 147605K, committed 147840K, reserved 1177600K
  class space    used 17519K, capacity 19102K, committed 19200K, reserved 1048576K
}
Event: 3993.681 GC heap before
{Heap before GC invocations=180 (full 0):
 garbage-first heap   total 205824K, used 167481K [0x0000000080000000, 0x0000000100000000)
  region size 1024K, 10 young (10240K), 1 survivors (1024K)
 Metaspace       used 143244K, capacity 147611K, committed 147840K, reserved 1177600K
  class space    used 17520K, capacity 19103K, committed 19200K, reserved 1048576K
}

Deoptimization events (20 events):
Event: 3744.176 Thread 0x000001c71ac93000 DEOPT PACKING pc=0x000001c705faff20 sp=0x0000000b6dffcbf0
Event: 3744.176 Thread 0x000001c71ac93000 DEOPT UNPACKING pc=0x000001c703a7a95e sp=0x0000000b6dffc098 mode 0
Event: 3744.215 Thread 0x000001c71ac93000 DEOPT PACKING pc=0x000001c706e463c5 sp=0x0000000b6dffce30
Event: 3744.215 Thread 0x000001c71ac93000 DEOPT UNPACKING pc=0x000001c703a7a95e sp=0x0000000b6dffc398 mode 0
Event: 3744.234 Thread 0x000001c71ac93000 DEOPT PACKING pc=0x000001c705e6bee2 sp=0x0000000b6dffcc50
Event: 3744.234 Thread 0x000001c71ac93000 DEOPT UNPACKING pc=0x000001c703a7a95e sp=0x0000000b6dffc120 mode 0
Event: 3744.534 Thread 0x000001c71b158800 DEOPT PACKING pc=0x000001c706e463c5 sp=0x0000000b6e0fd1f0
Event: 3744.534 Thread 0x000001c71b158800 DEOPT UNPACKING pc=0x000001c703a7a95e sp=0x0000000b6e0fc758 mode 0
Event: 3744.562 Thread 0x000001c71b158800 Uncommon trap: trap_request=0xffffffde fr.pc=0x000001c70bd91b74 relative=0x0000000000001554
Event: 3744.562 Thread 0x000001c71b158800 Uncommon trap: reason=class_check action=maybe_recompile pc=0x000001c70bd91b74 method=com.android.tools.r8.dex.e.c(I)V @ 109 c2
Event: 3744.562 Thread 0x000001c71b158800 DEOPT PACKING pc=0x000001c70bd91b74 sp=0x0000000b6e0fcfc0
Event: 3744.562 Thread 0x000001c71b158800 DEOPT UNPACKING pc=0x000001c703a7a1af sp=0x0000000b6e0fce78 mode 2
Event: 3744.600 Thread 0x000001c71b158800 DEOPT PACKING pc=0x000001c705e6bee2 sp=0x0000000b6e0fd010
Event: 3744.600 Thread 0x000001c71b158800 DEOPT UNPACKING pc=0x000001c703a7a95e sp=0x0000000b6e0fc4e0 mode 0
Event: 3744.601 Thread 0x000001c71b158800 DEOPT PACKING pc=0x000001c705e6bee2 sp=0x0000000b6e0fd010
Event: 3744.601 Thread 0x000001c71b158800 DEOPT UNPACKING pc=0x000001c703a7a95e sp=0x0000000b6e0fc4e0 mode 0
Event: 3744.601 Thread 0x000001c71b158800 Uncommon trap: trap_request=0xffffffde fr.pc=0x000001c70bd8e6b4 relative=0x0000000000000334
Event: 3744.601 Thread 0x000001c71b158800 Uncommon trap: reason=class_check action=maybe_recompile pc=0x000001c70bd8e6b4 method=com.android.tools.r8.dex.e.c(I)V @ 109 c2
Event: 3744.601 Thread 0x000001c71b158800 DEOPT PACKING pc=0x000001c70bd8e6b4 sp=0x0000000b6e0fcf30
Event: 3744.601 Thread 0x000001c71b158800 DEOPT UNPACKING pc=0x000001c703a7a1af sp=0x0000000b6e0fcee8 mode 2

Classes redefined (0 events):
No events

Internal exceptions (20 events):
Event: 3743.372 Thread 0x000001c71b15f000 Exception <a 'sun/nio/fs/WindowsException'{0x000000008c845e40}> (0x000000008c845e40) thrown at [./src/hotspot/share/prims/jni.cpp, line 615]
Event: 3743.495 Thread 0x000001c71b158800 Exception <a 'sun/nio/fs/WindowsException'{0x000000008c8cd840}> (0x000000008c8cd840) thrown at [./src/hotspot/share/prims/jni.cpp, line 615]
Event: 3743.685 Thread 0x000001c71b15f000 Exception <a 'sun/nio/fs/WindowsException'{0x000000008bca0398}> (0x000000008bca0398) thrown at [./src/hotspot/share/prims/jni.cpp, line 615]
Event: 3743.773 Thread 0x000001c71b158800 Exception <a 'sun/nio/fs/WindowsException'{0x000000008c858108}> (0x000000008c858108) thrown at [./src/hotspot/share/prims/jni.cpp, line 615]
Event: 3743.854 Thread 0x000001c71b15f000 Exception <a 'sun/nio/fs/WindowsException'{0x000000008c27d690}> (0x000000008c27d690) thrown at [./src/hotspot/share/prims/jni.cpp, line 615]
Event: 3744.125 Thread 0x000001c71b158800 Exception <a 'sun/nio/fs/WindowsException'{0x000000008c19cfe8}> (0x000000008c19cfe8) thrown at [./src/hotspot/share/prims/jni.cpp, line 615]
Event: 3744.139 Thread 0x000001c71b15f000 Exception <a 'sun/nio/fs/WindowsException'{0x000000008c01c970}> (0x000000008c01c970) thrown at [./src/hotspot/share/prims/jni.cpp, line 615]
Event: 3744.142 Thread 0x000001c71b158800 Exception <a 'sun/nio/fs/WindowsException'{0x000000008bf8e300}> (0x000000008bf8e300) thrown at [./src/hotspot/share/prims/jni.cpp, line 615]
Event: 3744.146 Thread 0x000001c71b15f000 Exception <a 'sun/nio/fs/WindowsException'{0x000000008bfd6c88}> (0x000000008bfd6c88) thrown at [./src/hotspot/share/prims/jni.cpp, line 615]
Event: 3744.149 Thread 0x000001c71b158800 Exception <a 'sun/nio/fs/WindowsException'{0x000000008bfe0158}> (0x000000008bfe0158) thrown at [./src/hotspot/share/prims/jni.cpp, line 615]
Event: 3744.154 Thread 0x000001c71b15f000 Exception <a 'sun/nio/fs/WindowsException'{0x000000008bfea428}> (0x000000008bfea428) thrown at [./src/hotspot/share/prims/jni.cpp, line 615]
Event: 3744.179 Thread 0x000001c71b15f000 Exception <a 'sun/nio/fs/WindowsException'{0x000000008bee1138}> (0x000000008bee1138) thrown at [./src/hotspot/share/prims/jni.cpp, line 615]
Event: 3744.342 Thread 0x000001c71b158800 Exception <a 'sun/nio/fs/WindowsException'{0x000000008c2c8088}> (0x000000008c2c8088) thrown at [./src/hotspot/share/prims/jni.cpp, line 615]
Event: 3744.436 Thread 0x000001c71b15f000 Exception <a 'sun/nio/fs/WindowsException'{0x000000008bdd7978}> (0x000000008bdd7978) thrown at [./src/hotspot/share/prims/jni.cpp, line 615]
Event: 3744.448 Thread 0x000001c71b15f000 Exception <a 'sun/nio/fs/WindowsException'{0x000000008b95d820}> (0x000000008b95d820) thrown at [./src/hotspot/share/prims/jni.cpp, line 615]
Event: 3744.622 Thread 0x000001c71b158800 Exception <a 'sun/nio/fs/WindowsException'{0x000000008c8c0688}> (0x000000008c8c0688) thrown at [./src/hotspot/share/prims/jni.cpp, line 615]
Event: 3745.197 Thread 0x000001c71ac8f000 Exception <a 'sun/nio/fs/WindowsException'{0x000000008ba3e8d0}> (0x000000008ba3e8d0) thrown at [./src/hotspot/share/prims/jni.cpp, line 615]
Event: 3745.198 Thread 0x000001c71c4f2000 Exception <a 'sun/nio/fs/WindowsException'{0x000000008ba3d598}> (0x000000008ba3d598) thrown at [./src/hotspot/share/prims/jni.cpp, line 615]
Event: 3745.198 Thread 0x000001c71c4f2000 Exception <a 'sun/nio/fs/WindowsException'{0x000000008ba3d6e0}> (0x000000008ba3d6e0) thrown at [./src/hotspot/share/prims/jni.cpp, line 615]
Event: 3745.198 Thread 0x000001c71c4f2000 Exception <a 'sun/nio/fs/WindowsException'{0x000000008ba44aa8}> (0x000000008ba44aa8) thrown at [./src/hotspot/share/prims/jni.cpp, line 615]

Events (20 events):
Event: 3745.425 Executing VM operation: RevokeBias done
Event: 3745.426 Executing VM operation: RevokeBias
Event: 3745.426 Executing VM operation: RevokeBias done
Event: 3745.426 Thread 0x000001c71c4ef000 Thread exited: 0x000001c71c4ef000
Event: 3805.126 Executing VM operation: RevokeBias
Event: 3805.126 Executing VM operation: RevokeBias done
Event: 3805.126 Thread 0x000001c719462000 Thread exited: 0x000001c719462000
Event: 3805.376 Thread 0x000001c71c4f2000 Thread exited: 0x000001c71c4f2000
Event: 3805.438 Thread 0x000001c71c4f3800 Thread exited: 0x000001c71c4f3800
Event: 3865.131 Executing VM operation: RevokeBias
Event: 3865.131 Executing VM operation: RevokeBias done
Event: 3865.131 Thread 0x000001c71ac8e000 Thread exited: 0x000001c71ac8e000
Event: 3993.662 Thread 0x000001c71ac89000 Thread added: 0x000001c71ac89000
Event: 3993.663 Thread 0x000001c71ac8a000 Thread added: 0x000001c71ac8a000
Event: 3993.670 Thread 0x000001c71ac90800 Thread added: 0x000001c71ac90800
Event: 3993.675 Thread 0x000001c71ac8f000 Thread added: 0x000001c71ac8f000
Event: 3993.678 Executing VM operation: RevokeBias
Event: 3993.678 Executing VM operation: RevokeBias done
Event: 3993.680 Thread 0x000001c71ac8e000 Thread added: 0x000001c71ac8e000
Event: 3993.680 Executing VM operation: G1CollectForAllocation


Dynamic libraries:
0x00007ff7ae270000 - 0x00007ff7ae27a000 	D:\Android Studio\jre\bin\java.exe
0x00007ffab4af0000 - 0x00007ffab4ce8000 	C:\WINDOWS\SYSTEM32\ntdll.dll
0x00007ffaa3a70000 - 0x00007ffaa3a87000 	C:\Program Files\Avast Software\Avast\aswhook.dll
0x00007ffab3e70000 - 0x00007ffab3f2d000 	C:\WINDOWS\System32\KERNEL32.DLL
0x00007ffab22b0000 - 0x00007ffab257e000 	C:\WINDOWS\System32\KERNELBASE.dll
0x00007ffab2a50000 - 0x00007ffab2b50000 	C:\WINDOWS\System32\ucrtbase.dll
0x00007ffaab210000 - 0x00007ffaab227000 	D:\Android Studio\jre\bin\VCRUNTIME140.dll
0x00007ffa9bb70000 - 0x00007ffa9bb89000 	D:\Android Studio\jre\bin\jli.dll
0x00007ffab4680000 - 0x00007ffab4820000 	C:\WINDOWS\System32\USER32.dll
0x00007ffab28b0000 - 0x00007ffab28d2000 	C:\WINDOWS\System32\win32u.dll
0x00007ffa98920000 - 0x00007ffa98bba000 	C:\WINDOWS\WinSxS\amd64_microsoft.windows.common-controls_6595b64144ccf1df_6.0.19041.1110_none_60b5254171f9507e\COMCTL32.dll
0x00007ffab3a30000 - 0x00007ffab3a5a000 	C:\WINDOWS\System32\GDI32.dll
0x00007ffab3470000 - 0x00007ffab350e000 	C:\WINDOWS\System32\msvcrt.dll
0x00007ffab2580000 - 0x00007ffab268b000 	C:\WINDOWS\System32\gdi32full.dll
0x00007ffab2210000 - 0x00007ffab22ad000 	C:\WINDOWS\System32\msvcp_win.dll
0x00007ffab30f0000 - 0x00007ffab3120000 	C:\WINDOWS\System32\IMM32.DLL
0x00007ffa8c240000 - 0x00007ffa8c2dd000 	D:\Android Studio\jre\bin\msvcp140.dll
0x00007ffa6ada0000 - 0x00007ffa6b885000 	D:\Android Studio\jre\bin\server\jvm.dll
0x00007ffab3310000 - 0x00007ffab33be000 	C:\WINDOWS\System32\ADVAPI32.dll
0x00007ffab3dd0000 - 0x00007ffab3e6c000 	C:\WINDOWS\System32\sechost.dll
0x00007ffab2b50000 - 0x00007ffab2c75000 	C:\WINDOWS\System32\RPCRT4.dll
0x00007ffab39b0000 - 0x00007ffab39b8000 	C:\WINDOWS\System32\PSAPI.DLL
0x00007ffa99cf0000 - 0x00007ffa99d17000 	C:\WINDOWS\SYSTEM32\WINMM.dll
0x00007ffa9fcf0000 - 0x00007ffa9fcf9000 	C:\WINDOWS\SYSTEM32\WSOCK32.dll
0x00007ffab39c0000 - 0x00007ffab3a2b000 	C:\WINDOWS\System32\WS2_32.dll
0x00007ffaa5550000 - 0x00007ffaa555a000 	C:\WINDOWS\SYSTEM32\VERSION.dll
0x00007ffab0ae0000 - 0x00007ffab0af2000 	C:\WINDOWS\SYSTEM32\kernel.appcore.dll
0x00007ffa78a40000 - 0x00007ffa78a51000 	D:\Android Studio\jre\bin\verify.dll
0x00007ffaa50f0000 - 0x00007ffaa52d4000 	C:\WINDOWS\SYSTEM32\DBGHELP.DLL
0x00007ffaa50c0000 - 0x00007ffaa50ec000 	C:\WINDOWS\SYSTEM32\dbgcore.DLL
0x00007ffab2990000 - 0x00007ffab2a12000 	C:\WINDOWS\System32\bcryptPrimitives.dll
0x00007ffa753f0000 - 0x00007ffa75419000 	D:\Android Studio\jre\bin\java.dll
0x00007ffaa3760000 - 0x00007ffaa376b000 	D:\Android Studio\jre\bin\jimage.dll
0x00007ffa73490000 - 0x00007ffa734a8000 	D:\Android Studio\jre\bin\zip.dll
0x00007ffab3f30000 - 0x00007ffab4673000 	C:\WINDOWS\System32\SHELL32.dll
0x00007ffab00d0000 - 0x00007ffab0865000 	C:\WINDOWS\SYSTEM32\windows.storage.dll
0x00007ffab3640000 - 0x00007ffab3994000 	C:\WINDOWS\System32\combase.dll
0x00007ffab1bf0000 - 0x00007ffab1c20000 	C:\WINDOWS\SYSTEM32\Wldp.dll
0x00007ffab3200000 - 0x00007ffab32ad000 	C:\WINDOWS\System32\SHCORE.dll
0x00007ffab3d70000 - 0x00007ffab3dc5000 	C:\WINDOWS\System32\shlwapi.dll
0x00007ffab2150000 - 0x00007ffab216f000 	C:\WINDOWS\SYSTEM32\profapi.dll
0x00007ffa73470000 - 0x00007ffa7348a000 	D:\Android Studio\jre\bin\net.dll
0x00007ffaa4c10000 - 0x00007ffaa4d1a000 	C:\WINDOWS\SYSTEM32\WINHTTP.dll
0x00007ffab1900000 - 0x00007ffab196a000 	C:\WINDOWS\system32\mswsock.dll
0x00007ffa73450000 - 0x00007ffa73464000 	D:\Android Studio\jre\bin\nio.dll
0x00007ffaaaa40000 - 0x00007ffaaaa67000 	C:\Users\LENOVO\Desktop\GRADLE\gradle-6.1.1\native\e1d6ef7f7dcc3fd88c89a11ec53ec762bb8ba0a96d01ffa2cd45eb1d1d8dd5c5\windows-amd64\native-platform.dll
0x00007ffa8c0f0000 - 0x00007ffa8c234000 	C:\Users\LENOVO\Desktop\GRADLE\gradle-6.1.1\native\5664cfc778a61ccfe75a443a1ab52a65af34e5dc3c78e0209fed803814484fcb\windows-amd64\native-platform-file-events.dll
0x00007ffa9b510000 - 0x00007ffa9b51a000 	D:\Android Studio\jre\bin\management.dll
0x00007ffa9b4e0000 - 0x00007ffa9b4ed000 	D:\Android Studio\jre\bin\management_ext.dll
0x00007ffab1af0000 - 0x00007ffab1b08000 	C:\WINDOWS\SYSTEM32\CRYPTSP.dll
0x00007ffab1280000 - 0x00007ffab12b4000 	C:\WINDOWS\system32\rsaenh.dll
0x00007ffab2a20000 - 0x00007ffab2a47000 	C:\WINDOWS\System32\bcrypt.dll
0x00007ffab2110000 - 0x00007ffab213e000 	C:\WINDOWS\SYSTEM32\USERENV.dll
0x00007ffab1fa0000 - 0x00007ffab1fac000 	C:\WINDOWS\SYSTEM32\CRYPTBASE.dll
0x00007ffab15f0000 - 0x00007ffab162b000 	C:\WINDOWS\SYSTEM32\IPHLPAPI.DLL
0x00007ffab39a0000 - 0x00007ffab39a8000 	C:\WINDOWS\System32\NSI.dll
0x00007ffaa5a70000 - 0x00007ffaa5a87000 	C:\WINDOWS\SYSTEM32\dhcpcsvc6.DLL
0x00007ffaa59b0000 - 0x00007ffaa59cd000 	C:\WINDOWS\SYSTEM32\dhcpcsvc.DLL
0x00007ffab1630000 - 0x00007ffab16fa000 	C:\WINDOWS\SYSTEM32\DNSAPI.dll
0x00007ffa7dd60000 - 0x00007ffa7dd87000 	D:\Android Studio\jre\bin\sunec.dll
0x00007ffab0f10000 - 0x00007ffab0f43000 	C:\WINDOWS\SYSTEM32\ntmarta.dll

dbghelp: loaded successfully - version: 4.0.5 - missing functions: none
symbol engine: initialized successfully - sym options: 0x614 - pdb path: .;D:\Android Studio\jre\bin;C:\WINDOWS\SYSTEM32;C:\Program Files\Avast Software\Avast;C:\WINDOWS\WinSxS\amd64_microsoft.windows.common-controls_6595b64144ccf1df_6.0.19041.1110_none_60b5254171f9507e;D:\Android Studio\jre\bin\server;C:\Users\LENOVO\Desktop\GRADLE\gradle-6.1.1\native\e1d6ef7f7dcc3fd88c89a11ec53ec762bb8ba0a96d01ffa2cd45eb1d1d8dd5c5\windows-amd64;C:\Users\LENOVO\Desktop\GRADLE\gradle-6.1.1\native\5664cfc778a61ccfe75a443a1ab52a65af34e5dc3c78e0209fed803814484fcb\windows-amd64

VM Arguments:
jvm_args: --add-opens=java.base/java.util=ALL-UNNAMED --add-opens=java.base/java.lang=ALL-UNNAMED --add-opens=java.base/java.lang.invoke=ALL-UNNAMED --add-opens=java.base/java.util=ALL-UNNAMED --add-opens=java.prefs/java.util.prefs=ALL-UNNAMED --add-opens=java.prefs/java.util.prefs=ALL-UNNAMED --add-opens=java.base/java.nio.charset=ALL-UNNAMED --add-opens=java.base/java.net=ALL-UNNAMED --add-opens=java.base/java.util.concurrent.atomic=ALL-UNNAMED -Xmx2048m -Dfile.encoding=UTF-8 -Duser.country=FR -Duser.language=fr -Duser.variant 
java_command: org.gradle.launcher.daemon.bootstrap.GradleDaemon 7.3.3
java_class_path (initial): C:\Users\LENOVO\Desktop\GRADLE\gradle-6.1.1\wrapper\dists\gradle-7.3.3-bin\6a41zxkdtcxs8rphpq6y0069z\gradle-7.3.3\lib\gradle-launcher-7.3.3.jar
Launcher Type: SUN_STANDARD

[Global flags]
     intx CICompilerCount                          = 3                                         {product} {ergonomic}
     uint ConcGCThreads                            = 1                                         {product} {ergonomic}
     uint G1ConcRefinementThreads                  = 4                                         {product} {ergonomic}
   size_t G1HeapRegionSize                         = 1048576                                   {product} {ergonomic}
    uintx GCDrainStackTargetSize                   = 64                                        {product} {ergonomic}
   size_t InitialHeapSize                          = 134217728                                 {product} {ergonomic}
   size_t MarkStackSize                            = 4194304                                   {product} {ergonomic}
   size_t MaxHeapSize                              = 2147483648                                {product} {command line}
   size_t MaxNewSize                               = 1287651328                                {product} {ergonomic}
   size_t MinHeapDeltaBytes                        = 1048576                                   {product} {ergonomic}
    uintx NonNMethodCodeHeapSize                   = 5830732                                {pd product} {ergonomic}
    uintx NonProfiledCodeHeapSize                  = 122913754                              {pd product} {ergonomic}
    uintx ProfiledCodeHeapSize                     = 122913754                              {pd product} {ergonomic}
    uintx ReservedCodeCacheSize                    = 251658240                              {pd product} {ergonomic}
     bool SegmentedCodeCache                       = true                                      {product} {ergonomic}
     bool UseCompressedClassPointers               = true                                 {lp64_product} {ergonomic}
     bool UseCompressedOops                        = true                                 {lp64_product} {ergonomic}
     bool UseG1GC                                  = true                                      {product} {ergonomic}
     bool UseLargePagesIndividualAllocation        = false                                  {pd product} {ergonomic}

Logging:
Log output configuration:
 #0: stdout all=warning uptime,level,tags
 #1: stderr all=off uptime,level,tags

Environment Variables:
PATH=C:\Program Files\Eclipse Foundation\jdk-8.0.302.8-hotspot\bin;C:\Program Files\Microsoft\jdk-11.0.12.7-hotspot\bin;D:\flutter vs dart\dart-sdk\bin;C:\Program Files (x86)\Common Files\Intel\Shared Libraries\redist\intel64_win\compiler;C:\ProgramData\Oracle\Java\javapath;C:\WINDOWS\system32;C:\WINDOWS;C:\WINDOWS\System32\Wbem;C:\WINDOWS\System32\WindowsPowerShell\v1.0\;C:\WINDOWS\System32\OpenSSH\;C:\Users\LENOVO\.dnx\bin;C:\Program Files\Microsoft DNX\Dnvm\;C:\Program Files\Microsoft SQL Server\120\Tools\Binn\;C:\Users\LENOVO\Desktop\Programme Java\jdk-17.0.1\bin\;D:\Dart\dart-sdk\bin;C:\Program Files (x86)\Microsoft SQL Server\150\Tools\Binn\;C:\Program Files\Microsoft SQL Server\150\Tools\Binn\;C:\Program Files (x86)\Microsoft SQL Server\150\DTS\Binn\;C:\Program Files\Microsoft SQL Server\150\DTS\Binn\;C:\Program Files\Microsoft SQL Server\Client SDK\ODBC\170\Tools\Binn\;C:\Program Files\Azure Data Studio\bin;D:\flutter vs dart\flutter\bin;C:\Program Files\dotnet\;C:\ProgramData\chocolatey\bin;C:\sqlite;D:\php-8\php-8.1.9-src;C:\Program Files\Git\cmd;C:\Program Files\nodejs\;C:\Users\LENOVO\.dnx\bin;C:\Users\LENOVO\.dotnet\tools;C:\Users\LENOVO\.dotnet\tools;D:\visual studio code\Microsoft VS Code\bin;D:\;D:\flutter vs dart\flutter\bin;C:\Users\LENOVO\Downloads\android\platform-tools;D:\Intellij Idea\IntelliJ IDEA Community Edition 2022.2.2\bin;;D:\Android Studio\jre\bin;C:\Program Files\Java\jdk1.8.0_341\bin;C:\Program Files\Microsoft\jdk-11.0.12.7-hotspot\bin;C:\Program Files\Java\jre1.8.0_341;C:\Program Files\Microsoft\jdk-11.0.12.7-hotspot\bin\server;C:\Spring boot\spring-2.7.3\bin;;D:\Intellij Idea\IntelliJ IDEA 2022.2.2\bin;;D:\PhpStorm\PhpStorm 2022.2.1\bin;;C:\Users\LENOVO\AppData\Roaming\npm
USERNAME=LENOVO
OS=Windows_NT
PROCESSOR_IDENTIFIER=Intel64 Family 6 Model 142 Stepping 9, GenuineIntel



---------------  S Y S T E M  ---------------

OS: Windows 10 , 64 bit Build 19041 (10.0.19041.1889)
OS uptime: 0 days 1:51 hours

CPU:total 4 (initial active 4) (2 cores per cpu, 2 threads per core) family 6 model 142 stepping 9 microcode 0xb4, cmov, cx8, fxsr, mmx, sse, sse2, sse3, ssse3, sse4.1, sse4.2, popcnt, avx, avx2, aes, clmul, erms, 3dnowpref, lzcnt, ht, tsc, tscinvbit, bmi1, bmi2, adx, fma

Memory: 4k page, system-wide physical 8073M (589M free)
TotalPageFile size 13073M (AvailPageFile size 20M)
current process WorkingSet (physical memory assigned to process): 541M, peak: 572M
current process commit charge ("private bytes"): 606M, peak: 674M

vm_info: OpenJDK 64-Bit Server VM (11.0.12+7-b1504.28-7817840) for windows-amd64 JRE (11.0.12+7-b1504.28-7817840), built on Oct 13 2021 22:12:33 by "builder" with MS VC++ 14.0 (VS2015)

END.
