#
# There is insufficient memory for the Java Runtime Environment to continue.
# Native memory allocation (mmap) failed to map 102760448 bytes for Failed to commit area from 0x0000000094700000 to 0x000000009a900000 of length 102760448.
# Possible reasons:
#   The system is out of physical RAM or swap space
#   The process is running with CompressedOops enabled, and the Java Heap may be blocking the growth of the native heap
# Possible solutions:
#   Reduce memory load on the system
#   Increase physical memory or swap space
#   Check if swap backing store is full
#   Decrease Java heap size (-Xmx/-Xms)
#   Decrease number of Java threads
#   Decrease Java thread stack sizes (-Xss)
#   Set larger code cache with -XX:ReservedCodeCacheSize=
#   JVM is running with Unscaled Compressed Oops mode in which the Java heap is
#     placed in the first 4GB address space. The Java Heap base address is the
#     maximum limit for the native heap growth. Please use -XX:HeapBaseMinAddress
#     to set the Java Heap base and to place the Java Heap above 4GB virtual address.
# This output file may be truncated or incomplete.
#
#  Out of Memory Error (./src/hotspot/os/windows/os_windows.cpp:3521), pid=6668, tid=15044
#
# JRE version: OpenJDK Runtime Environment (11.0.12+7) (build 11.0.12+7-b1504.28-7817840)
# Java VM: OpenJDK 64-Bit Server VM (11.0.12+7-b1504.28-7817840, mixed mode, tiered, compressed oops, g1 gc, windows-amd64)
# No core dump will be written. Minidumps are not enabled by default on client versions of Windows
#

---------------  S U M M A R Y ------------

Command Line: --add-opens=java.base/java.util=ALL-UNNAMED --add-opens=java.base/java.lang=ALL-UNNAMED --add-opens=java.base/java.lang.invoke=ALL-UNNAMED --add-opens=java.base/java.util=ALL-UNNAMED --add-opens=java.prefs/java.util.prefs=ALL-UNNAMED --add-opens=java.prefs/java.util.prefs=ALL-UNNAMED --add-opens=java.base/java.nio.charset=ALL-UNNAMED --add-opens=java.base/java.net=ALL-UNNAMED --add-opens=java.base/java.util.concurrent.atomic=ALL-UNNAMED -Xmx2048m -Dfile.encoding=UTF-8 -Duser.country=FR -Duser.language=fr -Duser.variant org.gradle.launcher.daemon.bootstrap.GradleDaemon 7.3.3

Host: Intel(R) Core(TM) i3-7100U CPU @ 2.40GHz, 4 cores, 7G,  Windows 10 , 64 bit Build 19041 (10.0.19041.1889)
Time: Thu Sep 29 19:27:17 2022 Temps universel coordonné elapsed time: 15096.672753 seconds (0d 4h 11m 36s)

---------------  T H R E A D  ---------------

Current thread (0x0000013dbf5ba000):  VMThread "VM Thread" [stack: 0x0000001df3600000,0x0000001df3700000] [id=15044]

Stack: [0x0000001df3600000,0x0000001df3700000]
[error occurred during error reporting (printing stack bounds), id 0xc0000005, EXCEPTION_ACCESS_VIOLATION (0xc0000005) at pc=0x0000013da8d6112d]

Native frames: (J=compiled Java code, j=interpreted, Vv=VM code, C=native code)
V  [jvm.dll+0x5fbcea]
V  [jvm.dll+0x731905]
V  [jvm.dll+0x732f1d]
V  [jvm.dll+0x733535]
V  [jvm.dll+0x7334eb]
V  [jvm.dll+0x5fb080]
V  [jvm.dll+0x5fb818]
C  [ntdll.dll+0xa235f]
C  [ntdll.dll+0x514a4]
C  [ntdll.dll+0xa0e8e]
C  0x0000013da8d6112d

VM_Operation (0x0000001df63f9150): G1CollectForAllocation, mode: safepoint, requested by thread 0x0000013dc1665800


---------------  P R O C E S S  ---------------

Threads class SMR info:
_java_thread_list=0x0000013dc0136660, length=105, elements={
0x0000013da3a88000, 0x0000013dbfe22800, 0x0000013dbf601800, 0x0000013dbf61d000,
0x0000013dbf61e800, 0x0000013dbfe27000, 0x0000013dbfe2b800, 0x0000013dbfe30800,
0x0000013dbfe34000, 0x0000013dbffd3800, 0x0000013dc0d7d000, 0x0000013dc32ac800,
0x0000013dc1948000, 0x0000013dc1101000, 0x0000013dc10ff000, 0x0000013dc10ff800,
0x0000013dc265e800, 0x0000013dc265c000, 0x0000013dc265e000, 0x0000013dc2660000,
0x0000013dc2661000, 0x0000013dc265d000, 0x0000013dc2667000, 0x0000013dc2663800,
0x0000013dc2b14000, 0x0000013dc2b16800, 0x0000013dc1667800, 0x0000013dc266a000,
0x0000013dc2669000, 0x0000013dc266b000, 0x0000013dc2668800, 0x0000013dc2b20800,
0x0000013dc06bc000, 0x0000013dc2b1e800, 0x0000013dc9dea000, 0x0000013dc2b1d000,
0x0000013dc9ded800, 0x0000013dc06be800, 0x0000013dc9de3000, 0x0000013dc9de1800,
0x0000013dc9de8000, 0x0000013dc9de5800, 0x0000013dc9de8800, 0x0000013dc9deb000,
0x0000013dc9dec000, 0x0000013dc9df0000, 0x0000013dc9def000, 0x0000013dc9dec800,
0x0000013dc165c800, 0x0000013dc1663000, 0x0000013dc1660800, 0x0000013dc1662000,
0x0000013dc165d000, 0x0000013dc1663800, 0x0000013dc165e000, 0x0000013dc1664800,
0x0000013dc165f000, 0x0000013dc1665800, 0x0000013dc165f800, 0x0000013dc166a000,
0x0000013dc1667000, 0x0000013dc1669800, 0x0000013dc1668800, 0x0000013dc166b000,
0x0000013dc1666000, 0x0000013dc9ba1000, 0x0000013dc9ba2800, 0x0000013dc9ba4800,
0x0000013dc9ba3800, 0x0000013dc9ba2000, 0x0000013dc9bab000, 0x0000013dc9ba8800,
0x0000013dc9ba6800, 0x0000013dc9ba7800, 0x0000013dc9baa000, 0x0000013dc9bab800,
0x0000013dc9ba6000, 0x0000013dc9baf000, 0x0000013dc9bae000, 0x0000013dc9ba9000,
0x0000013dc9bac800, 0x0000013dc9bad800, 0x0000013dc9baf800, 0x0000013dc2b18000,
0x0000013dc2b1a000, 0x0000013dc2b19000, 0x0000013dc2b15000, 0x0000013dc2b1b800,
0x0000013dc2b15800, 0x0000013dc2b1e000, 0x0000013dc2b22000, 0x0000013dc2b1f800,
0x0000013dc2b21000, 0x0000013dc2b1c000, 0x0000013dc2b23000, 0x0000013dc06bf800,
0x0000013dc06c0000, 0x0000013dc06c1000, 0x0000013dc06bd800, 0x0000013dc06c2800,
0x0000013dc2664800, 0x0000013dc2662000, 0x0000013dc265f800, 0x0000013dc2667800,
0x0000013dc06bd000
}

Java Threads: ( => current thread )
  0x0000013da3a88000 JavaThread "main" [_thread_blocked, id=11308, stack(0x0000001df3000000,0x0000001df3100000)]
  0x0000013dbfe22800 JavaThread "Reference Handler" daemon [_thread_blocked, id=12320, stack(0x0000001df3700000,0x0000001df3800000)]
  0x0000013dbf601800 JavaThread "Finalizer" daemon [_thread_blocked, id=13788, stack(0x0000001df3800000,0x0000001df3900000)]
  0x0000013dbf61d000 JavaThread "Signal Dispatcher" daemon [_thread_blocked, id=14572, stack(0x0000001df3900000,0x0000001df3a00000)]
  0x0000013dbf61e800 JavaThread "Attach Listener" daemon [_thread_blocked, id=12592, stack(0x0000001df3a00000,0x0000001df3b00000)]
  0x0000013dbfe27000 JavaThread "Service Thread" daemon [_thread_blocked, id=11304, stack(0x0000001df3b00000,0x0000001df3c00000)]
  0x0000013dbfe2b800 JavaThread "C2 CompilerThread0" daemon [_thread_blocked, id=11152, stack(0x0000001df3c00000,0x0000001df3d00000)]
  0x0000013dbfe30800 JavaThread "C1 CompilerThread0" daemon [_thread_blocked, id=14856, stack(0x0000001df3d00000,0x0000001df3e00000)]
  0x0000013dbfe34000 JavaThread "Sweeper thread" daemon [_thread_blocked, id=10012, stack(0x0000001df3e00000,0x0000001df3f00000)]
  0x0000013dbffd3800 JavaThread "Common-Cleaner" daemon [_thread_blocked, id=17120, stack(0x0000001df3f00000,0x0000001df4000000)]
  0x0000013dc0d7d000 JavaThread "Daemon health stats" [_thread_blocked, id=17360, stack(0x0000001df4400000,0x0000001df4500000)]
  0x0000013dc32ac800 JavaThread "Incoming local TCP Connector on port 1188" [_thread_in_native, id=10128, stack(0x0000001df4100000,0x0000001df4200000)]
  0x0000013dc1948000 JavaThread "Daemon periodic checks" [_thread_blocked, id=11480, stack(0x0000001df4500000,0x0000001df4600000)]
  0x0000013dc1101000 JavaThread "Cache worker for journal cache (C:\Users\LENOVO\Desktop\GRADLE\gradle-6.1.1\caches\journal-1)" [_thread_blocked, id=16780, stack(0x0000001df4f00000,0x0000001df5000000)]
  0x0000013dc10ff000 JavaThread "File lock request listener" [_thread_in_native, id=11420, stack(0x0000001df5000000,0x0000001df5100000)]
  0x0000013dc10ff800 JavaThread "Cache worker for file hash cache (C:\Users\LENOVO\Desktop\GRADLE\gradle-6.1.1\caches\7.3.3\fileHashes)" [_thread_blocked, id=9200, stack(0x0000001df4900000,0x0000001df4a00000)]
  0x0000013dc265e800 JavaThread "File watcher server" daemon [_thread_blocked, id=15976, stack(0x0000001df5300000,0x0000001df5400000)]
  0x0000013dc265c000 JavaThread "File watcher consumer" daemon [_thread_blocked, id=11952, stack(0x0000001df5400000,0x0000001df5500000)]
  0x0000013dc265e000 JavaThread "jar transforms" [_thread_blocked, id=10528, stack(0x0000001df5500000,0x0000001df5600000)]
  0x0000013dc2660000 JavaThread "jar transforms Thread 2" [_thread_blocked, id=15268, stack(0x0000001df5600000,0x0000001df5700000)]
  0x0000013dc2661000 JavaThread "jar transforms Thread 3" [_thread_blocked, id=11980, stack(0x0000001df5700000,0x0000001df5800000)]
  0x0000013dc265d000 JavaThread "jar transforms Thread 4" [_thread_blocked, id=8672, stack(0x0000001df5800000,0x0000001df5900000)]
  0x0000013dc2667000 JavaThread "Cache worker for execution history cache (C:\Users\LENOVO\Desktop\GRADLE\gradle-6.1.1\caches\7.3.3\executionHistory)" [_thread_blocked, id=11676, stack(0x0000001df5c00000,0x0000001df5d00000)]
  0x0000013dc2663800 JavaThread "Cache worker for file content cache (C:\Users\LENOVO\Desktop\GRADLE\gradle-6.1.1\caches\7.3.3\fileContent)" [_thread_blocked, id=9480, stack(0x0000001df5d00000,0x0000001df5e00000)]
  0x0000013dc2b14000 JavaThread "Memory manager" [_thread_blocked, id=10812, stack(0x0000001df8800000,0x0000001df8900000)]
  0x0000013dc2b16800 JavaThread "pool-3-thread-1" [_thread_blocked, id=16512, stack(0x0000001df8b00000,0x0000001df8c00000)]
  0x0000013dc1667800 JavaThread "pool-6-thread-1" [_thread_blocked, id=2440, stack(0x0000001df8600000,0x0000001df8700000)]
  0x0000013dc266a000 JavaThread "pool-9-thread-1" [_thread_blocked, id=12572, stack(0x0000001df8900000,0x0000001df8a00000)]
  0x0000013dc2669000 JavaThread "pool-12-thread-1" [_thread_blocked, id=14340, stack(0x0000001df8700000,0x0000001df8800000)]
  0x0000013dc266b000 JavaThread "pool-15-thread-1" [_thread_blocked, id=8368, stack(0x0000001df8c00000,0x0000001df8d00000)]
  0x0000013dc2668800 JavaThread "pool-18-thread-1" [_thread_blocked, id=7344, stack(0x0000001df8a00000,0x0000001df8b00000)]
  0x0000013dc2b20800 JavaThread "pool-21-thread-1" [_thread_blocked, id=9536, stack(0x0000001df8e00000,0x0000001df8f00000)]
  0x0000013dc06bc000 JavaThread "pool-24-thread-1" [_thread_blocked, id=6072, stack(0x0000001df8d00000,0x0000001df8e00000)]
  0x0000013dc2b1e800 JavaThread "pool-27-thread-1" [_thread_blocked, id=16136, stack(0x0000001df9000000,0x0000001df9100000)]
  0x0000013dc9dea000 JavaThread "Cache worker for Java compile cache (C:\Users\LENOVO\Desktop\GRADLE\gradle-6.1.1\caches\7.3.3\javaCompile)" [_thread_blocked, id=17392, stack(0x0000001df9b00000,0x0000001df9c00000)]
  0x0000013dc2b1d000 JavaThread "pool-32-thread-1" [_thread_blocked, id=8, stack(0x0000001df8500000,0x0000001df8600000)]
  0x0000013dc9ded800 JavaThread "pool-37-thread-1" [_thread_blocked, id=9252, stack(0x0000001df9100000,0x0000001df9200000)]
  0x0000013dc06be800 JavaThread "ForkJoinPool.commonPool-worker-5" daemon [_thread_blocked, id=6908, stack(0x0000001df9a00000,0x0000001df9b00000)]
  0x0000013dc9de3000 JavaThread "Daemon Thread 7" [_thread_blocked, id=15740, stack(0x0000001df2d00000,0x0000001df2e00000)]
  0x0000013dc9de1800 JavaThread "Handler for socket connection from /127.0.0.1:1188 to /127.0.0.1:1092" [_thread_in_native, id=17020, stack(0x0000001df2e00000,0x0000001df2f00000)]
  0x0000013dc9de8000 JavaThread "Cancel handler" [_thread_blocked, id=7460, stack(0x0000001df2f00000,0x0000001df3000000)]
  0x0000013dc9de5800 JavaThread "Daemon worker Thread 7" [_thread_blocked, id=16508, stack(0x0000001df4600000,0x0000001df4700000)]
  0x0000013dc9de8800 JavaThread "Asynchronous log dispatcher for DefaultDaemonConnection: socket connection from /127.0.0.1:1188 to /127.0.0.1:1092" [_thread_blocked, id=5308, stack(0x0000001df4700000,0x0000001df4800000)]
  0x0000013dc9deb000 JavaThread "Daemon client event forwarder" [_thread_blocked, id=772, stack(0x0000001df4b00000,0x0000001df4c00000)]
  0x0000013dc9dec000 JavaThread "Cache worker for file hash cache (D:\Program Files\Grafco3\.gradle\7.3.3\fileHashes)" [_thread_blocked, id=6292, stack(0x0000001df4c00000,0x0000001df4d00000)]
  0x0000013dc9df0000 JavaThread "Cache worker for checksums cache (D:\Program Files\Grafco3\.gradle\7.3.3\checksums)" [_thread_blocked, id=14400, stack(0x0000001df4d00000,0x0000001df4e00000)]
  0x0000013dc9def000 JavaThread "Cache worker for cache directory md-supplier (C:\Users\LENOVO\Desktop\GRADLE\gradle-6.1.1\caches\7.3.3\md-supplier)" [_thread_blocked, id=5240, stack(0x0000001df4e00000,0x0000001df4f00000)]
  0x0000013dc9dec800 JavaThread "Cache worker for cache directory md-rule (C:\Users\LENOVO\Desktop\GRADLE\gradle-6.1.1\caches\7.3.3\md-rule)" [_thread_blocked, id=7632, stack(0x0000001df5100000,0x0000001df5200000)]
  0x0000013dc165c800 JavaThread "Cache worker for dependencies-accessors (D:\Program Files\Grafco3\.gradle\7.3.3\dependencies-accessors)" [_thread_blocked, id=14820, stack(0x0000001df5200000,0x0000001df5300000)]
  0x0000013dc1663000 JavaThread "Cache worker for Build Output Cleanup Cache (D:\Program Files\Grafco3\.gradle\buildOutputCleanup)" [_thread_blocked, id=13432, stack(0x0000001df5900000,0x0000001df5a00000)]
  0x0000013dc1660800 JavaThread "Unconstrained build operations" [_thread_blocked, id=12404, stack(0x0000001df5a00000,0x0000001df5b00000)]
  0x0000013dc1662000 JavaThread "Unconstrained build operations Thread 2" [_thread_blocked, id=15952, stack(0x0000001df5b00000,0x0000001df5c00000)]
  0x0000013dc165d000 JavaThread "Unconstrained build operations Thread 3" [_thread_blocked, id=11700, stack(0x0000001df5e00000,0x0000001df5f00000)]
  0x0000013dc1663800 JavaThread "Unconstrained build operations Thread 4" [_thread_blocked, id=11024, stack(0x0000001df5f00000,0x0000001df6000000)]
  0x0000013dc165e000 JavaThread "Unconstrained build operations Thread 5" [_thread_blocked, id=15220, stack(0x0000001df6000000,0x0000001df6100000)]
  0x0000013dc1664800 JavaThread "Unconstrained build operations Thread 6" [_thread_blocked, id=7984, stack(0x0000001df6100000,0x0000001df6200000)]
  0x0000013dc165f000 JavaThread "Unconstrained build operations Thread 7" [_thread_blocked, id=13152, stack(0x0000001df6200000,0x0000001df6300000)]
  0x0000013dc1665800 JavaThread "Unconstrained build operations Thread 8" [_thread_blocked, id=11144, stack(0x0000001df6300000,0x0000001df6400000)]
  0x0000013dc165f800 JavaThread "Unconstrained build operations Thread 9" [_thread_blocked, id=15592, stack(0x0000001df6400000,0x0000001df6500000)]
  0x0000013dc166a000 JavaThread "Unconstrained build operations Thread 10" [_thread_blocked, id=5628, stack(0x0000001df6500000,0x0000001df6600000)]
  0x0000013dc1667000 JavaThread "Unconstrained build operations Thread 11" [_thread_blocked, id=13172, stack(0x0000001df6600000,0x0000001df6700000)]
  0x0000013dc1669800 JavaThread "Unconstrained build operations Thread 12" [_thread_blocked, id=1552, stack(0x0000001df6700000,0x0000001df6800000)]
  0x0000013dc1668800 JavaThread "Unconstrained build operations Thread 13" [_thread_blocked, id=17108, stack(0x0000001df6800000,0x0000001df6900000)]
  0x0000013dc166b000 JavaThread "Unconstrained build operations Thread 14" [_thread_blocked, id=3588, stack(0x0000001df6900000,0x0000001df6a00000)]
  0x0000013dc1666000 JavaThread "Unconstrained build operations Thread 15" [_thread_blocked, id=8104, stack(0x0000001df6a00000,0x0000001df6b00000)]
  0x0000013dc9ba1000 JavaThread "Unconstrained build operations Thread 16" [_thread_blocked, id=16672, stack(0x0000001df6b00000,0x0000001df6c00000)]
  0x0000013dc9ba2800 JavaThread "Unconstrained build operations Thread 17" [_thread_blocked, id=11640, stack(0x0000001df6c00000,0x0000001df6d00000)]
  0x0000013dc9ba4800 JavaThread "Unconstrained build operations Thread 18" [_thread_blocked, id=8312, stack(0x0000001df6d00000,0x0000001df6e00000)]
  0x0000013dc9ba3800 JavaThread "Unconstrained build operations Thread 19" [_thread_blocked, id=14020, stack(0x0000001df6e00000,0x0000001df6f00000)]
  0x0000013dc9ba2000 JavaThread "Unconstrained build operations Thread 20" [_thread_blocked, id=6300, stack(0x0000001df6f00000,0x0000001df7000000)]
  0x0000013dc9bab000 JavaThread "Unconstrained build operations Thread 21" [_thread_blocked, id=13756, stack(0x0000001df7000000,0x0000001df7100000)]
  0x0000013dc9ba8800 JavaThread "Unconstrained build operations Thread 22" [_thread_blocked, id=11256, stack(0x0000001df7100000,0x0000001df7200000)]
  0x0000013dc9ba6800 JavaThread "Unconstrained build operations Thread 23" [_thread_blocked, id=9244, stack(0x0000001df7200000,0x0000001df7300000)]
  0x0000013dc9ba7800 JavaThread "Unconstrained build operations Thread 24" [_thread_blocked, id=14524, stack(0x0000001df7300000,0x0000001df7400000)]
  0x0000013dc9baa000 JavaThread "Unconstrained build operations Thread 25" [_thread_blocked, id=15416, stack(0x0000001df7400000,0x0000001df7500000)]
  0x0000013dc9bab800 JavaThread "Unconstrained build operations Thread 26" [_thread_blocked, id=15664, stack(0x0000001df7500000,0x0000001df7600000)]
  0x0000013dc9ba6000 JavaThread "Unconstrained build operations Thread 27" [_thread_blocked, id=16832, stack(0x0000001df7600000,0x0000001df7700000)]
  0x0000013dc9baf000 JavaThread "Unconstrained build operations Thread 28" [_thread_blocked, id=3992, stack(0x0000001df7700000,0x0000001df7800000)]
  0x0000013dc9bae000 JavaThread "Unconstrained build operations Thread 29" [_thread_blocked, id=12588, stack(0x0000001df7800000,0x0000001df7900000)]
  0x0000013dc9ba9000 JavaThread "Unconstrained build operations Thread 30" [_thread_blocked, id=14992, stack(0x0000001df7900000,0x0000001df7a00000)]
  0x0000013dc9bac800 JavaThread "Unconstrained build operations Thread 31" [_thread_blocked, id=14256, stack(0x0000001df7a00000,0x0000001df7b00000)]
  0x0000013dc9bad800 JavaThread "Unconstrained build operations Thread 32" [_thread_blocked, id=2416, stack(0x0000001df7b00000,0x0000001df7c00000)]
  0x0000013dc9baf800 JavaThread "Unconstrained build operations Thread 33" [_thread_blocked, id=14800, stack(0x0000001df7c00000,0x0000001df7d00000)]
  0x0000013dc2b18000 JavaThread "Unconstrained build operations Thread 34" [_thread_blocked, id=10032, stack(0x0000001df7d00000,0x0000001df7e00000)]
  0x0000013dc2b1a000 JavaThread "Unconstrained build operations Thread 35" [_thread_blocked, id=10496, stack(0x0000001df7e00000,0x0000001df7f00000)]
  0x0000013dc2b19000 JavaThread "Unconstrained build operations Thread 36" [_thread_blocked, id=16696, stack(0x0000001df7f00000,0x0000001df8000000)]
  0x0000013dc2b15000 JavaThread "Unconstrained build operations Thread 37" [_thread_blocked, id=3316, stack(0x0000001df8000000,0x0000001df8100000)]
  0x0000013dc2b1b800 JavaThread "Unconstrained build operations Thread 38" [_thread_blocked, id=1088, stack(0x0000001df8100000,0x0000001df8200000)]
  0x0000013dc2b15800 JavaThread "Unconstrained build operations Thread 39" [_thread_blocked, id=16332, stack(0x0000001df8200000,0x0000001df8300000)]
  0x0000013dc2b1e000 JavaThread "Unconstrained build operations Thread 40" [_thread_blocked, id=16896, stack(0x0000001df8300000,0x0000001df8400000)]
  0x0000013dc2b22000 JavaThread "build event listener" [_thread_blocked, id=8512, stack(0x0000001df8400000,0x0000001df8500000)]
  0x0000013dc2b1f800 JavaThread "pool-41-thread-1" [_thread_blocked, id=15092, stack(0x0000001df8f00000,0x0000001df9000000)]
  0x0000013dc2b21000 JavaThread "build event listener" [_thread_blocked, id=12824, stack(0x0000001df9200000,0x0000001df9300000)]
  0x0000013dc2b1c000 JavaThread "Execution worker for ':'" [_thread_blocked, id=2712, stack(0x0000001df9300000,0x0000001df9400000)]
  0x0000013dc2b23000 JavaThread "Execution worker for ':' Thread 2" [_thread_blocked, id=7796, stack(0x0000001df9400000,0x0000001df9500000)]
  0x0000013dc06bf800 JavaThread "Execution worker for ':' Thread 3" [_thread_blocked, id=456, stack(0x0000001df9500000,0x0000001df9600000)]
  0x0000013dc06c0000 JavaThread "Cache worker for execution history cache (D:\Program Files\Grafco3\.gradle\7.3.3\executionHistory)" [_thread_blocked, id=3800, stack(0x0000001df9600000,0x0000001df9700000)]
  0x0000013dc06c1000 JavaThread "WorkerExecutor Queue Thread 2" [_thread_blocked, id=10168, stack(0x0000001df9800000,0x0000001df9900000)]
  0x0000013dc06bd800 JavaThread "WorkerExecutor Queue Thread 3" [_thread_blocked, id=14868, stack(0x0000001df9c00000,0x0000001df9d00000)]
  0x0000013dc06c2800 JavaThread "WorkerExecutor Queue Thread 4" [_thread_blocked, id=5532, stack(0x0000001df9700000,0x0000001df9800000)]
  0x0000013dc2664800 JavaThread "WorkerExecutor Queue Thread 5" [_thread_blocked, id=1516, stack(0x0000001df9d00000,0x0000001df9e00000)]
  0x0000013dc2662000 JavaThread "pool-42-thread-1" [_thread_blocked, id=4156, stack(0x0000001df9900000,0x0000001df9a00000)]
  0x0000013dc265f800 JavaThread "stderr" [_thread_in_native, id=9808, stack(0x0000001df9e00000,0x0000001df9f00000)]
  0x0000013dc2667800 JavaThread "stdout" [_thread_in_native, id=10296, stack(0x0000001df9f00000,0x0000001dfa000000)]
  0x0000013dc06bd000 JavaThread "C2 CompilerThread1" daemon [_thread_blocked, id=4520, stack(0x0000001dfa000000,0x0000001dfa100000)]

Other Threads:
=>0x0000013dbf5ba000 VMThread "VM Thread" [stack: 0x0000001df3600000,0x0000001df3700000] [id=15044]
  0x0000013dc0073000 WatcherThread [stack: 0x0000001df4000000,0x0000001df4100000] [id=6816]
  0x0000013da3a9f800 GCTaskThread "GC Thread#0" [stack: 0x0000001df3100000,0x0000001df3200000] [id=16788]
  0x0000013dc0d3f000 GCTaskThread "GC Thread#1" [stack: 0x0000001df4200000,0x0000001df4300000] [id=15676]
  0x0000013dc08f0000 GCTaskThread "GC Thread#2" [stack: 0x0000001df4300000,0x0000001df4400000] [id=11896]
  0x0000013dc2cc1000 GCTaskThread "GC Thread#3" [stack: 0x0000001df4800000,0x0000001df4900000] [id=9988]
  0x0000013da3ad0800 ConcurrentGCThread "G1 Main Marker" [stack: 0x0000001df3200000,0x0000001df3300000] [id=3204]
  0x0000013da3ad2000 ConcurrentGCThread "G1 Conc#0" [stack: 0x0000001df3300000,0x0000001df3400000] [id=15636]
  0x0000013dbf420800 ConcurrentGCThread "G1 Refine#0" [stack: 0x0000001df3400000,0x0000001df3500000] [id=9432]
  0x0000013dbf421800 ConcurrentGCThread "G1 Young RemSet Sampling" [stack: 0x0000001df3500000,0x0000001df3600000] [id=15868]

Threads with active compile tasks:
C2 CompilerThread015097258 34570 %     4       com.android.tools.r8.ir.regalloc.b::c @ 2064 (3963 bytes)
C2 CompilerThread115097259 34567       4       com.android.tools.r8.internal.tJ::a (1305 bytes)

VM state:at safepoint (normal execution)

VM Mutex/Monitor currently owned by a thread:  ([mutex/lock_event])
[0x0000013da3a82570] Threads_lock - owner thread: 0x0000013dbf5ba000
[0x0000013da3a83e30] Heap_lock - owner thread: 0x0000013dc1665800

Heap address: 0x0000000080000000, size: 2048 MB, Compressed Oops mode: 32-bit
Narrow klass base: 0x0000000000000000, Narrow klass shift: 3
Compressed class space size: 1073741824 Address: 0x0000000100000000

Heap:
 garbage-first heap   total 435200K, used 186557K [0x0000000080000000, 0x0000000100000000)
  region size 1024K, 14 young (14336K), 14 survivors (14336K)
 Metaspace       used 162278K, capacity 166778K, committed 170196K, reserved 1198080K
  class space    used 19595K, capacity 21277K, committed 22092K, reserved 1048576K
Heap Regions: E=young(eden), S=young(survivor), O=old, HS=humongous(starts), HC=humongous(continues), CS=collection set, F=free, A=archive, TAMS=top-at-mark-start (previous, next)
|   0|0x0000000080000000, 0x0000000080100000, 0x0000000080100000|100%|HS|  |TAMS 0x0000000080100000, 0x0000000080000000| Complete 
|   1|0x0000000080100000, 0x0000000080200000, 0x0000000080200000|100%|HC|  |TAMS 0x0000000080200000, 0x0000000080100000| Complete 
|   2|0x0000000080200000, 0x0000000080300000, 0x0000000080300000|100%|HC|  |TAMS 0x0000000080300000, 0x0000000080200000| Complete 
|   3|0x0000000080300000, 0x0000000080400000, 0x0000000080400000|100%| O|  |TAMS 0x0000000080400000, 0x0000000080300000| Untracked 
|   4|0x0000000080400000, 0x0000000080500000, 0x0000000080500000|100%| O|  |TAMS 0x0000000080500000, 0x0000000080400000| Untracked 
|   5|0x0000000080500000, 0x0000000080600000, 0x0000000080600000|100%| O|  |TAMS 0x0000000080600000, 0x0000000080500000| Complete 
|   6|0x0000000080600000, 0x0000000080700000, 0x0000000080700000|100%| O|  |TAMS 0x0000000080700000, 0x0000000080600000| Untracked 
|   7|0x0000000080700000, 0x0000000080800000, 0x0000000080800000|100%| O|  |TAMS 0x0000000080800000, 0x0000000080700000| Untracked 
|   8|0x0000000080800000, 0x0000000080900000, 0x0000000080900000|100%| O|  |TAMS 0x0000000080900000, 0x0000000080800000| Complete 
|   9|0x0000000080900000, 0x0000000080a00000, 0x0000000080a00000|100%| O|  |TAMS 0x0000000080a00000, 0x0000000080900000| Complete 
|  10|0x0000000080a00000, 0x0000000080b00000, 0x0000000080b00000|100%| O|  |TAMS 0x0000000080b00000, 0x0000000080a00000| Complete 
|  11|0x0000000080b00000, 0x0000000080c00000, 0x0000000080c00000|100%| O|  |TAMS 0x0000000080c00000, 0x0000000080b00000| Untracked 
|  12|0x0000000080c00000, 0x0000000080d00000, 0x0000000080d00000|100%| O|  |TAMS 0x0000000080d00000, 0x0000000080c00000| Untracked 
|  13|0x0000000080d00000, 0x0000000080e00000, 0x0000000080e00000|100%| O|  |TAMS 0x0000000080e00000, 0x0000000080d00000| Untracked 
|  14|0x0000000080e00000, 0x0000000080f00000, 0x0000000080f00000|100%| O|  |TAMS 0x0000000080f00000, 0x0000000080e00000| Untracked 
|  15|0x0000000080f00000, 0x0000000081000000, 0x0000000081000000|100%| O|  |TAMS 0x0000000081000000, 0x0000000080f00000| Untracked 
|  16|0x0000000081000000, 0x0000000081100000, 0x0000000081100000|100%|HS|  |TAMS 0x0000000081100000, 0x0000000081000000| Complete 
|  17|0x0000000081100000, 0x0000000081200000, 0x0000000081200000|100%|HC|  |TAMS 0x0000000081200000, 0x0000000081100000| Complete 
|  18|0x0000000081200000, 0x0000000081300000, 0x0000000081300000|100%|HS|  |TAMS 0x0000000081300000, 0x0000000081200000| Complete 
|  19|0x0000000081300000, 0x0000000081400000, 0x0000000081400000|100%|HC|  |TAMS 0x0000000081400000, 0x0000000081300000| Complete 
|  20|0x0000000081400000, 0x0000000081500000, 0x0000000081500000|100%|HC|  |TAMS 0x0000000081500000, 0x0000000081400000| Complete 
|  21|0x0000000081500000, 0x0000000081600000, 0x0000000081600000|100%|HS|  |TAMS 0x0000000081600000, 0x0000000081500000| Complete 
|  22|0x0000000081600000, 0x0000000081700000, 0x0000000081700000|100%|HS|  |TAMS 0x0000000081700000, 0x0000000081600000| Complete 
|  23|0x0000000081700000, 0x0000000081800000, 0x0000000081800000|100%|HC|  |TAMS 0x0000000081800000, 0x0000000081700000| Complete 
|  24|0x0000000081800000, 0x0000000081900000, 0x0000000081900000|100%|HC|  |TAMS 0x0000000081900000, 0x0000000081800000| Complete 
|  25|0x0000000081900000, 0x0000000081a00000, 0x0000000081a00000|100%|HC|  |TAMS 0x0000000081a00000, 0x0000000081900000| Complete 
|  26|0x0000000081a00000, 0x0000000081b00000, 0x0000000081b00000|100%| O|  |TAMS 0x0000000081b00000, 0x0000000081a00000| Complete 
|  27|0x0000000081b00000, 0x0000000081c00000, 0x0000000081c00000|100%| O|  |TAMS 0x0000000081c00000, 0x0000000081b00000| Untracked 
|  28|0x0000000081c00000, 0x0000000081d00000, 0x0000000081d00000|100%| O|  |TAMS 0x0000000081d00000, 0x0000000081c00000| Complete 
|  29|0x0000000081d00000, 0x0000000081e00000, 0x0000000081e00000|100%| O|  |TAMS 0x0000000081e00000, 0x0000000081d00000| Untracked 
|  30|0x0000000081e00000, 0x0000000081f00000, 0x0000000081f00000|100%| O|  |TAMS 0x0000000081f00000, 0x0000000081e00000| Untracked 
|  31|0x0000000081f00000, 0x0000000082000000, 0x0000000082000000|100%| O|  |TAMS 0x0000000082000000, 0x0000000081f00000| Complete 
|  32|0x0000000082000000, 0x0000000082100000, 0x0000000082100000|100%| O|  |TAMS 0x0000000082100000, 0x0000000082000000| Complete 
|  33|0x0000000082100000, 0x0000000082200000, 0x0000000082200000|100%| O|  |TAMS 0x0000000082200000, 0x0000000082100000| Complete 
|  34|0x0000000082200000, 0x0000000082300000, 0x0000000082300000|100%| O|  |TAMS 0x0000000082300000, 0x0000000082200000| Complete 
|  35|0x0000000082300000, 0x0000000082400000, 0x0000000082400000|100%| O|  |TAMS 0x0000000082400000, 0x0000000082300000| Complete 
|  36|0x0000000082400000, 0x0000000082500000, 0x0000000082500000|100%|HS|  |TAMS 0x0000000082500000, 0x0000000082400000| Complete 
|  37|0x0000000082500000, 0x0000000082600000, 0x0000000082600000|100%|HS|  |TAMS 0x0000000082600000, 0x0000000082500000| Complete 
|  38|0x0000000082600000, 0x0000000082700000, 0x0000000082700000|100%|HC|  |TAMS 0x0000000082700000, 0x0000000082600000| Complete 
|  39|0x0000000082700000, 0x0000000082800000, 0x0000000082800000|100%|HC|  |TAMS 0x0000000082800000, 0x0000000082700000| Complete 
|  40|0x0000000082800000, 0x0000000082900000, 0x0000000082900000|100%|HS|  |TAMS 0x0000000082900000, 0x0000000082800000| Complete 
|  41|0x0000000082900000, 0x0000000082a00000, 0x0000000082a00000|100%| O|  |TAMS 0x0000000082a00000, 0x0000000082900000| Complete 
|  42|0x0000000082a00000, 0x0000000082b00000, 0x0000000082b00000|100%| O|  |TAMS 0x0000000082b00000, 0x0000000082a00000| Untracked 
|  43|0x0000000082b00000, 0x0000000082c00000, 0x0000000082c00000|100%| O|  |TAMS 0x0000000082c00000, 0x0000000082b00000| Complete 
|  44|0x0000000082c00000, 0x0000000082d00000, 0x0000000082d00000|100%| O|  |TAMS 0x0000000082d00000, 0x0000000082c00000| Untracked 
|  45|0x0000000082d00000, 0x0000000082e00000, 0x0000000082e00000|100%|HS|  |TAMS 0x0000000082e00000, 0x0000000082d00000| Complete 
|  46|0x0000000082e00000, 0x0000000082f00000, 0x0000000082f00000|100%|HC|  |TAMS 0x0000000082f00000, 0x0000000082e00000| Complete 
|  47|0x0000000082f00000, 0x0000000083000000, 0x0000000083000000|100%|HC|  |TAMS 0x0000000083000000, 0x0000000082f00000| Complete 
|  48|0x0000000083000000, 0x0000000083100000, 0x0000000083100000|100%|HC|  |TAMS 0x0000000083100000, 0x0000000083000000| Complete 
|  49|0x0000000083100000, 0x0000000083200000, 0x0000000083200000|100%|HS|  |TAMS 0x0000000083200000, 0x0000000083100000| Complete 
|  50|0x0000000083200000, 0x0000000083300000, 0x0000000083300000|100%|HS|  |TAMS 0x0000000083300000, 0x0000000083200000| Complete 
|  51|0x0000000083300000, 0x0000000083400000, 0x0000000083400000|100%|HC|  |TAMS 0x0000000083400000, 0x0000000083300000| Complete 
|  52|0x0000000083400000, 0x0000000083500000, 0x0000000083500000|100%| O|  |TAMS 0x0000000083500000, 0x0000000083400000| Complete 
|  53|0x0000000083500000, 0x0000000083600000, 0x0000000083600000|100%| O|  |TAMS 0x0000000083600000, 0x0000000083500000| Untracked 
|  54|0x0000000083600000, 0x0000000083700000, 0x0000000083700000|100%| O|  |TAMS 0x0000000083700000, 0x0000000083600000| Complete 
|  55|0x0000000083700000, 0x0000000083700000, 0x0000000083800000|  0%| F|  |TAMS 0x0000000083700000, 0x0000000083700000| Untracked 
|  56|0x0000000083800000, 0x0000000083900000, 0x0000000083900000|100%| O|  |TAMS 0x0000000083900000, 0x0000000083800000| Untracked 
|  57|0x0000000083900000, 0x0000000083a00000, 0x0000000083a00000|100%| O|  |TAMS 0x0000000083a00000, 0x0000000083900000| Complete 
|  58|0x0000000083a00000, 0x0000000083b00000, 0x0000000083b00000|100%| O|  |TAMS 0x0000000083b00000, 0x0000000083a00000| Complete 
|  59|0x0000000083b00000, 0x0000000083c00000, 0x0000000083c00000|100%| O|  |TAMS 0x0000000083c00000, 0x0000000083b00000| Untracked 
|  60|0x0000000083c00000, 0x0000000083d00000, 0x0000000083d00000|100%| O|  |TAMS 0x0000000083d00000, 0x0000000083c00000| Untracked 
|  61|0x0000000083d00000, 0x0000000083e00000, 0x0000000083e00000|100%| O|  |TAMS 0x0000000083e00000, 0x0000000083d00000| Untracked 
|  62|0x0000000083e00000, 0x0000000083f00000, 0x0000000083f00000|100%| O|  |TAMS 0x0000000083f00000, 0x0000000083e00000| Complete 
|  63|0x0000000083f00000, 0x0000000084000000, 0x0000000084000000|100%| O|  |TAMS 0x0000000084000000, 0x0000000083f00000| Complete 
|  64|0x0000000084000000, 0x0000000084100000, 0x0000000084100000|100%| O|  |TAMS 0x0000000084100000, 0x0000000084000000| Untracked 
|  65|0x0000000084100000, 0x0000000084200000, 0x0000000084200000|100%| O|  |TAMS 0x0000000084200000, 0x0000000084100000| Complete 
|  66|0x0000000084200000, 0x0000000084300000, 0x0000000084300000|100%| O|  |TAMS 0x0000000084300000, 0x0000000084200000| Complete 
|  67|0x0000000084300000, 0x0000000084400000, 0x0000000084400000|100%| O|  |TAMS 0x0000000084400000, 0x0000000084300000| Untracked 
|  68|0x0000000084400000, 0x0000000084500000, 0x0000000084500000|100%| O|  |TAMS 0x0000000084500000, 0x0000000084400000| Complete 
|  69|0x0000000084500000, 0x0000000084600000, 0x0000000084600000|100%| O|  |TAMS 0x0000000084600000, 0x0000000084500000| Untracked 
|  70|0x0000000084600000, 0x0000000084700000, 0x0000000084700000|100%|HS|  |TAMS 0x0000000084700000, 0x0000000084600000| Complete 
|  71|0x0000000084700000, 0x0000000084800000, 0x0000000084800000|100%| O|  |TAMS 0x0000000084800000, 0x0000000084700000| Complete 
|  72|0x0000000084800000, 0x0000000084900000, 0x0000000084900000|100%| O|  |TAMS 0x0000000084900000, 0x0000000084800000| Untracked 
|  73|0x0000000084900000, 0x0000000084a00000, 0x0000000084a00000|100%| O|  |TAMS 0x0000000084a00000, 0x0000000084900000| Complete 
|  74|0x0000000084a00000, 0x0000000084b00000, 0x0000000084b00000|100%| O|  |TAMS 0x0000000084b00000, 0x0000000084a00000| Complete 
|  75|0x0000000084b00000, 0x0000000084c00000, 0x0000000084c00000|100%| O|  |TAMS 0x0000000084c00000, 0x0000000084b00000| Complete 
|  76|0x0000000084c00000, 0x0000000084d00000, 0x0000000084d00000|100%|HS|  |TAMS 0x0000000084d00000, 0x0000000084c00000| Complete 
|  77|0x0000000084d00000, 0x0000000084e00000, 0x0000000084e00000|100%|HC|  |TAMS 0x0000000084e00000, 0x0000000084d00000| Complete 
|  78|0x0000000084e00000, 0x0000000084f00000, 0x0000000084f00000|100%|HS|  |TAMS 0x0000000084f00000, 0x0000000084e00000| Complete 
|  79|0x0000000084f00000, 0x0000000085000000, 0x0000000085000000|100%|HC|  |TAMS 0x0000000085000000, 0x0000000084f00000| Complete 
|  80|0x0000000085000000, 0x0000000085100000, 0x0000000085100000|100%|HC|  |TAMS 0x0000000085100000, 0x0000000085000000| Complete 
|  81|0x0000000085100000, 0x0000000085200000, 0x0000000085200000|100%| O|  |TAMS 0x0000000085200000, 0x0000000085100000| Complete 
|  82|0x0000000085200000, 0x0000000085300000, 0x0000000085300000|100%| O|  |TAMS 0x0000000085300000, 0x0000000085200000| Complete 
|  83|0x0000000085300000, 0x0000000085400000, 0x0000000085400000|100%| O|  |TAMS 0x0000000085400000, 0x0000000085300000| Untracked 
|  84|0x0000000085400000, 0x0000000085500000, 0x0000000085500000|100%| O|  |TAMS 0x0000000085500000, 0x0000000085400000| Complete 
|  85|0x0000000085500000, 0x0000000085600000, 0x0000000085600000|100%| O|  |TAMS 0x0000000085600000, 0x0000000085500000| Complete 
|  86|0x0000000085600000, 0x0000000085700000, 0x0000000085700000|100%|HS|  |TAMS 0x0000000085700000, 0x0000000085600000| Complete 
|  87|0x0000000085700000, 0x0000000085800000, 0x0000000085800000|100%|HC|  |TAMS 0x0000000085800000, 0x0000000085700000| Complete 
|  88|0x0000000085800000, 0x0000000085900000, 0x0000000085900000|100%|HC|  |TAMS 0x0000000085900000, 0x0000000085800000| Complete 
|  89|0x0000000085900000, 0x0000000085a00000, 0x0000000085a00000|100%|HC|  |TAMS 0x0000000085a00000, 0x0000000085900000| Complete 
|  90|0x0000000085a00000, 0x0000000085b00000, 0x0000000085b00000|100%| O|  |TAMS 0x0000000085b00000, 0x0000000085a00000| Complete 
|  91|0x0000000085b00000, 0x0000000085c00000, 0x0000000085c00000|100%| O|  |TAMS 0x0000000085c00000, 0x0000000085b00000| Complete 
|  92|0x0000000085c00000, 0x0000000085c00000, 0x0000000085d00000|  0%| F|  |TAMS 0x0000000085c00000, 0x0000000085c00000| Untracked 
|  93|0x0000000085d00000, 0x0000000085e00000, 0x0000000085e00000|100%| O|  |TAMS 0x0000000085e00000, 0x0000000085d00000| Complete 
|  94|0x0000000085e00000, 0x0000000085f00000, 0x0000000085f00000|100%| O|  |TAMS 0x0000000085f00000, 0x0000000085e00000| Untracked 
|  95|0x0000000085f00000, 0x0000000086000000, 0x0000000086000000|100%| O|  |TAMS 0x0000000086000000, 0x0000000085f00000| Complete 
|  96|0x0000000086000000, 0x0000000086100000, 0x0000000086100000|100%| O|  |TAMS 0x0000000086100000, 0x0000000086000000| Complete 
|  97|0x0000000086100000, 0x0000000086200000, 0x0000000086200000|100%| O|  |TAMS 0x0000000086200000, 0x0000000086100000| Untracked 
|  98|0x0000000086200000, 0x0000000086300000, 0x0000000086300000|100%| O|  |TAMS 0x0000000086300000, 0x0000000086200000| Untracked 
|  99|0x0000000086300000, 0x0000000086400000, 0x0000000086400000|100%| O|  |TAMS 0x0000000086400000, 0x0000000086300000| Untracked 
| 100|0x0000000086400000, 0x0000000086500000, 0x0000000086500000|100%| O|  |TAMS 0x0000000086500000, 0x0000000086400000| Complete 
| 101|0x0000000086500000, 0x0000000086600000, 0x0000000086600000|100%| O|  |TAMS 0x0000000086600000, 0x0000000086500000| Untracked 
| 102|0x0000000086600000, 0x0000000086700000, 0x0000000086700000|100%| O|  |TAMS 0x0000000086700000, 0x0000000086600000| Complete 
| 103|0x0000000086700000, 0x0000000086800000, 0x0000000086800000|100%| O|  |TAMS 0x0000000086800000, 0x0000000086700000| Complete 
| 104|0x0000000086800000, 0x0000000086900000, 0x0000000086900000|100%| O|  |TAMS 0x0000000086900000, 0x0000000086800000| Complete 
| 105|0x0000000086900000, 0x0000000086a00000, 0x0000000086a00000|100%| O|  |TAMS 0x0000000086a00000, 0x0000000086900000| Complete 
| 106|0x0000000086a00000, 0x0000000086b00000, 0x0000000086b00000|100%| O|  |TAMS 0x0000000086b00000, 0x0000000086a00000| Untracked 
| 107|0x0000000086b00000, 0x0000000086c00000, 0x0000000086c00000|100%| O|  |TAMS 0x0000000086c00000, 0x0000000086b00000| Untracked 
| 108|0x0000000086c00000, 0x0000000086d00000, 0x0000000086d00000|100%| O|  |TAMS 0x0000000086d00000, 0x0000000086c00000| Untracked 
| 109|0x0000000086d00000, 0x0000000086e00000, 0x0000000086e00000|100%| O|  |TAMS 0x0000000086e00000, 0x0000000086d00000| Complete 
| 110|0x0000000086e00000, 0x0000000086f00000, 0x0000000086f00000|100%| O|  |TAMS 0x0000000086f00000, 0x0000000086e00000| Complete 
| 111|0x0000000086f00000, 0x0000000087000000, 0x0000000087000000|100%| O|  |TAMS 0x0000000087000000, 0x0000000086f00000| Complete 
| 112|0x0000000087000000, 0x0000000087100000, 0x0000000087100000|100%| O|  |TAMS 0x0000000087100000, 0x0000000087000000| Untracked 
| 113|0x0000000087100000, 0x0000000087200000, 0x0000000087200000|100%| O|  |TAMS 0x0000000087200000, 0x0000000087100000| Complete 
| 114|0x0000000087200000, 0x0000000087200000, 0x0000000087300000|  0%| F|  |TAMS 0x0000000087200000, 0x0000000087200000| Untracked 
| 115|0x0000000087300000, 0x0000000087400000, 0x0000000087400000|100%| O|  |TAMS 0x0000000087400000, 0x0000000087300000| Untracked 
| 116|0x0000000087400000, 0x0000000087500000, 0x0000000087500000|100%| O|  |TAMS 0x0000000087500000, 0x0000000087400000| Complete 
| 117|0x0000000087500000, 0x0000000087600000, 0x0000000087600000|100%| O|  |TAMS 0x0000000087600000, 0x0000000087500000| Complete 
| 118|0x0000000087600000, 0x0000000087700000, 0x0000000087700000|100%| O|  |TAMS 0x0000000087700000, 0x0000000087600000| Untracked 
| 119|0x0000000087700000, 0x0000000087800000, 0x0000000087800000|100%| O|  |TAMS 0x0000000087800000, 0x0000000087700000| Complete 
| 120|0x0000000087800000, 0x0000000087900000, 0x0000000087900000|100%| O|  |TAMS 0x0000000087900000, 0x0000000087800000| Untracked 
| 121|0x0000000087900000, 0x0000000087a00000, 0x0000000087a00000|100%| O|  |TAMS 0x0000000087a00000, 0x0000000087900000| Complete 
| 122|0x0000000087a00000, 0x0000000087b00000, 0x0000000087b00000|100%| O|  |TAMS 0x0000000087b00000, 0x0000000087a00000| Untracked 
| 123|0x0000000087b00000, 0x0000000087c00000, 0x0000000087c00000|100%| O|  |TAMS 0x0000000087c00000, 0x0000000087b00000| Untracked 
| 124|0x0000000087c00000, 0x0000000087d00000, 0x0000000087d00000|100%| O|  |TAMS 0x0000000087d00000, 0x0000000087c00000| Complete 
| 125|0x0000000087d00000, 0x0000000087e00000, 0x0000000087e00000|100%| O|  |TAMS 0x0000000087e00000, 0x0000000087d00000| Complete 
| 126|0x0000000087e00000, 0x0000000087f00000, 0x0000000087f00000|100%| O|  |TAMS 0x0000000087f00000, 0x0000000087e00000| Complete 
| 127|0x0000000087f00000, 0x0000000088000000, 0x0000000088000000|100%| O|  |TAMS 0x0000000088000000, 0x0000000087f00000| Complete 
| 128|0x0000000088000000, 0x0000000088100000, 0x0000000088100000|100%| O|  |TAMS 0x0000000088100000, 0x0000000088000000| Untracked 
| 129|0x0000000088100000, 0x0000000088200000, 0x0000000088200000|100%| O|  |TAMS 0x0000000088200000, 0x0000000088100000| Untracked 
| 130|0x0000000088200000, 0x0000000088300000, 0x0000000088300000|100%| O|  |TAMS 0x0000000088300000, 0x0000000088200000| Untracked 
| 131|0x0000000088300000, 0x0000000088400000, 0x0000000088400000|100%| O|  |TAMS 0x0000000088400000, 0x0000000088300000| Untracked 
| 132|0x0000000088400000, 0x0000000088500000, 0x0000000088500000|100%| O|  |TAMS 0x0000000088500000, 0x0000000088400000| Untracked 
| 133|0x0000000088500000, 0x0000000088600000, 0x0000000088600000|100%| O|  |TAMS 0x0000000088600000, 0x0000000088500000| Complete 
| 134|0x0000000088600000, 0x0000000088700000, 0x0000000088700000|100%| O|  |TAMS 0x0000000088700000, 0x0000000088600000| Complete 
| 135|0x0000000088700000, 0x0000000088800000, 0x0000000088800000|100%| O|  |TAMS 0x0000000088800000, 0x0000000088700000| Untracked 
| 136|0x0000000088800000, 0x0000000088900000, 0x0000000088900000|100%| O|  |TAMS 0x0000000088900000, 0x0000000088800000| Complete 
| 137|0x0000000088900000, 0x0000000088900000, 0x0000000088a00000|  0%| F|  |TAMS 0x0000000088900000, 0x0000000088900000| Untracked 
| 138|0x0000000088a00000, 0x0000000088b00000, 0x0000000088b00000|100%| O|  |TAMS 0x0000000088b00000, 0x0000000088a00000| Complete 
| 139|0x0000000088b00000, 0x0000000088b00000, 0x0000000088c00000|  0%| F|  |TAMS 0x0000000088b00000, 0x0000000088b00000| Untracked 
| 140|0x0000000088c00000, 0x0000000088d00000, 0x0000000088d00000|100%| O|  |TAMS 0x0000000088d00000, 0x0000000088c00000| Untracked 
| 141|0x0000000088d00000, 0x0000000088e00000, 0x0000000088e00000|100%| O|  |TAMS 0x0000000088e00000, 0x0000000088d00000| Untracked 
| 142|0x0000000088e00000, 0x0000000088f00000, 0x0000000088f00000|100%| O|  |TAMS 0x0000000088f00000, 0x0000000088e00000| Untracked 
| 143|0x0000000088f00000, 0x0000000088f00000, 0x0000000089000000|  0%| F|  |TAMS 0x0000000088f00000, 0x0000000088f00000| Untracked 
| 144|0x0000000089000000, 0x0000000089100000, 0x0000000089100000|100%| O|  |TAMS 0x0000000089100000, 0x0000000089000000| Untracked 
| 145|0x0000000089100000, 0x0000000089100000, 0x0000000089200000|  0%| F|  |TAMS 0x0000000089100000, 0x0000000089100000| Untracked 
| 146|0x0000000089200000, 0x0000000089300000, 0x0000000089300000|100%| O|  |TAMS 0x0000000089300000, 0x0000000089200000| Complete 
| 147|0x0000000089300000, 0x0000000089400000, 0x0000000089400000|100%| O|  |TAMS 0x0000000089400000, 0x0000000089300000| Untracked 
| 148|0x0000000089400000, 0x0000000089500000, 0x0000000089500000|100%| O|  |TAMS 0x0000000089500000, 0x0000000089400000| Untracked 
| 149|0x0000000089500000, 0x0000000089600000, 0x0000000089600000|100%| O|  |TAMS 0x0000000089600000, 0x0000000089500000| Complete 
| 150|0x0000000089600000, 0x0000000089700000, 0x0000000089700000|100%| O|  |TAMS 0x0000000089700000, 0x0000000089600000| Complete 
| 151|0x0000000089700000, 0x0000000089800000, 0x0000000089800000|100%| O|  |TAMS 0x0000000089800000, 0x0000000089700000| Untracked 
| 152|0x0000000089800000, 0x0000000089900000, 0x0000000089900000|100%| O|  |TAMS 0x0000000089900000, 0x0000000089800000| Untracked 
| 153|0x0000000089900000, 0x0000000089a00000, 0x0000000089a00000|100%| O|  |TAMS 0x0000000089a00000, 0x0000000089900000| Complete 
| 154|0x0000000089a00000, 0x0000000089b00000, 0x0000000089b00000|100%| O|  |TAMS 0x0000000089b00000, 0x0000000089a00000| Complete 
| 155|0x0000000089b00000, 0x0000000089c00000, 0x0000000089c00000|100%| O|  |TAMS 0x0000000089c00000, 0x0000000089b00000| Complete 
| 156|0x0000000089c00000, 0x0000000089d00000, 0x0000000089d00000|100%| O|  |TAMS 0x0000000089d00000, 0x0000000089c00000| Complete 
| 157|0x0000000089d00000, 0x0000000089e00000, 0x0000000089e00000|100%| O|  |TAMS 0x0000000089e00000, 0x0000000089d00000| Untracked 
| 158|0x0000000089e00000, 0x0000000089f00000, 0x0000000089f00000|100%| O|  |TAMS 0x0000000089f00000, 0x0000000089e00000| Complete 
| 159|0x0000000089f00000, 0x000000008a000000, 0x000000008a000000|100%| O|  |TAMS 0x000000008a000000, 0x0000000089f00000| Untracked 
| 160|0x000000008a000000, 0x000000008a100000, 0x000000008a100000|100%| O|  |TAMS 0x000000008a100000, 0x000000008a000000| Untracked 
| 161|0x000000008a100000, 0x000000008a200000, 0x000000008a200000|100%| O|  |TAMS 0x000000008a200000, 0x000000008a100000| Complete 
| 162|0x000000008a200000, 0x000000008a300000, 0x000000008a300000|100%| O|  |TAMS 0x000000008a300000, 0x000000008a200000| Untracked 
| 163|0x000000008a300000, 0x000000008a400000, 0x000000008a400000|100%| O|  |TAMS 0x000000008a400000, 0x000000008a300000| Untracked 
| 164|0x000000008a400000, 0x000000008a500000, 0x000000008a500000|100%| O|  |TAMS 0x000000008a500000, 0x000000008a400000| Complete 
| 165|0x000000008a500000, 0x000000008a600000, 0x000000008a600000|100%| O|  |TAMS 0x000000008a600000, 0x000000008a500000| Complete 
| 166|0x000000008a600000, 0x000000008a700000, 0x000000008a700000|100%| O|  |TAMS 0x000000008a700000, 0x000000008a600000| Untracked 
| 167|0x000000008a700000, 0x000000008a800000, 0x000000008a800000|100%| O|  |TAMS 0x000000008a800000, 0x000000008a700000| Complete 
| 168|0x000000008a800000, 0x000000008a900000, 0x000000008a900000|100%| O|  |TAMS 0x000000008a900000, 0x000000008a800000| Complete 
| 169|0x000000008a900000, 0x000000008a900000, 0x000000008aa00000|  0%| F|  |TAMS 0x000000008a900000, 0x000000008a900000| Untracked 
| 170|0x000000008aa00000, 0x000000008ab00000, 0x000000008ab00000|100%| O|  |TAMS 0x000000008ab00000, 0x000000008aa00000| Complete 
| 171|0x000000008ab00000, 0x000000008ab00000, 0x000000008ac00000|  0%| F|  |TAMS 0x000000008ab00000, 0x000000008ab00000| Untracked 
| 172|0x000000008ac00000, 0x000000008ace7a00, 0x000000008ad00000| 90%| O|  |TAMS 0x000000008ace7a00, 0x000000008ac00000| Untracked 
| 173|0x000000008ad00000, 0x000000008ad00000, 0x000000008ae00000|  0%| F|  |TAMS 0x000000008ad00000, 0x000000008ad00000| Untracked 
| 174|0x000000008ae00000, 0x000000008ae00000, 0x000000008af00000|  0%| F|  |TAMS 0x000000008ae00000, 0x000000008ae00000| Untracked 
| 175|0x000000008af00000, 0x000000008af00000, 0x000000008b000000|  0%| F|  |TAMS 0x000000008af00000, 0x000000008af00000| Untracked 
| 176|0x000000008b000000, 0x000000008b000000, 0x000000008b100000|  0%| F|  |TAMS 0x000000008b000000, 0x000000008b000000| Untracked 
| 177|0x000000008b100000, 0x000000008b200000, 0x000000008b200000|100%| O|  |TAMS 0x000000008b200000, 0x000000008b100000| Complete 
| 178|0x000000008b200000, 0x000000008b300000, 0x000000008b300000|100%| O|  |TAMS 0x000000008b300000, 0x000000008b200000| Complete 
| 179|0x000000008b300000, 0x000000008b300000, 0x000000008b400000|  0%| F|  |TAMS 0x000000008b300000, 0x000000008b300000| Untracked 
| 180|0x000000008b400000, 0x000000008b400000, 0x000000008b500000|  0%| F|  |TAMS 0x000000008b400000, 0x000000008b400000| Untracked 
| 181|0x000000008b500000, 0x000000008b500000, 0x000000008b600000|  0%| F|  |TAMS 0x000000008b500000, 0x000000008b500000| Untracked 
| 182|0x000000008b600000, 0x000000008b700000, 0x000000008b700000|100%| O|  |TAMS 0x000000008b700000, 0x000000008b600000| Complete 
| 183|0x000000008b700000, 0x000000008b700000, 0x000000008b800000|  0%| F|  |TAMS 0x000000008b700000, 0x000000008b700000| Untracked 
| 184|0x000000008b800000, 0x000000008b900000, 0x000000008b900000|100%| O|  |TAMS 0x000000008b900000, 0x000000008b800000| Complete 
| 185|0x000000008b900000, 0x000000008ba00000, 0x000000008ba00000|100%| O|  |TAMS 0x000000008ba00000, 0x000000008b900000| Complete 
| 186|0x000000008ba00000, 0x000000008ba00000, 0x000000008bb00000|  0%| F|  |TAMS 0x000000008ba00000, 0x000000008ba00000| Untracked 
| 187|0x000000008bb00000, 0x000000008bb00000, 0x000000008bc00000|  0%| F|  |TAMS 0x000000008bb00000, 0x000000008bb00000| Untracked 
| 188|0x000000008bc00000, 0x000000008bc00000, 0x000000008bd00000|  0%| F|  |TAMS 0x000000008bc00000, 0x000000008bc00000| Untracked 
| 189|0x000000008bd00000, 0x000000008bd00000, 0x000000008be00000|  0%| F|  |TAMS 0x000000008bd00000, 0x000000008bd00000| Untracked 
| 190|0x000000008be00000, 0x000000008be00000, 0x000000008bf00000|  0%| F|  |TAMS 0x000000008be00000, 0x000000008be00000| Untracked 
| 191|0x000000008bf00000, 0x000000008bf00000, 0x000000008c000000|  0%| F|  |TAMS 0x000000008bf00000, 0x000000008bf00000| Untracked 
| 192|0x000000008c000000, 0x000000008c000000, 0x000000008c100000|  0%| F|  |TAMS 0x000000008c000000, 0x000000008c000000| Untracked 
| 193|0x000000008c100000, 0x000000008c100000, 0x000000008c200000|  0%| F|  |TAMS 0x000000008c100000, 0x000000008c100000| Untracked 
| 194|0x000000008c200000, 0x000000008c200000, 0x000000008c300000|  0%| F|  |TAMS 0x000000008c200000, 0x000000008c200000| Untracked 
| 195|0x000000008c300000, 0x000000008c300000, 0x000000008c400000|  0%| F|  |TAMS 0x000000008c300000, 0x000000008c300000| Untracked 
| 196|0x000000008c400000, 0x000000008c400000, 0x000000008c500000|  0%| F|  |TAMS 0x000000008c400000, 0x000000008c400000| Untracked 
| 197|0x000000008c500000, 0x000000008c500000, 0x000000008c600000|  0%| F|  |TAMS 0x000000008c500000, 0x000000008c500000| Untracked 
| 198|0x000000008c600000, 0x000000008c647d18, 0x000000008c700000| 28%| S|CS|TAMS 0x000000008c600000, 0x000000008c600000| Complete 
| 199|0x000000008c700000, 0x000000008c800000, 0x000000008c800000|100%| S|CS|TAMS 0x000000008c700000, 0x000000008c700000| Complete 
| 200|0x000000008c800000, 0x000000008c900000, 0x000000008c900000|100%| S|CS|TAMS 0x000000008c800000, 0x000000008c800000| Complete 
| 201|0x000000008c900000, 0x000000008ca00000, 0x000000008ca00000|100%| S|CS|TAMS 0x000000008c900000, 0x000000008c900000| Complete 
| 202|0x000000008ca00000, 0x000000008cb00000, 0x000000008cb00000|100%| S|CS|TAMS 0x000000008ca00000, 0x000000008ca00000| Complete 
| 203|0x000000008cb00000, 0x000000008cc00000, 0x000000008cc00000|100%| S|CS|TAMS 0x000000008cb00000, 0x000000008cb00000| Complete 
| 204|0x000000008cc00000, 0x000000008cd00000, 0x000000008cd00000|100%| S|CS|TAMS 0x000000008cc00000, 0x000000008cc00000| Complete 
| 205|0x000000008cd00000, 0x000000008ce00000, 0x000000008ce00000|100%| S|CS|TAMS 0x000000008cd00000, 0x000000008cd00000| Complete 
| 206|0x000000008ce00000, 0x000000008cf00000, 0x000000008cf00000|100%| S|CS|TAMS 0x000000008ce00000, 0x000000008ce00000| Complete 
| 207|0x000000008cf00000, 0x000000008d000000, 0x000000008d000000|100%| S|CS|TAMS 0x000000008cf00000, 0x000000008cf00000| Complete 
| 208|0x000000008d000000, 0x000000008d100000, 0x000000008d100000|100%| S|CS|TAMS 0x000000008d000000, 0x000000008d000000| Complete 
| 209|0x000000008d100000, 0x000000008d200000, 0x000000008d200000|100%| S|CS|TAMS 0x000000008d100000, 0x000000008d100000| Complete 
| 210|0x000000008d200000, 0x000000008d300000, 0x000000008d300000|100%| S|CS|TAMS 0x000000008d200000, 0x000000008d200000| Complete 
| 211|0x000000008d300000, 0x000000008d400000, 0x000000008d400000|100%| S|CS|TAMS 0x000000008d300000, 0x000000008d300000| Complete 
| 212|0x000000008d400000, 0x000000008d400000, 0x000000008d500000|  0%| F|  |TAMS 0x000000008d400000, 0x000000008d400000| Untracked 
| 213|0x000000008d500000, 0x000000008d500000, 0x000000008d600000|  0%| F|  |TAMS 0x000000008d500000, 0x000000008d500000| Untracked 
| 214|0x000000008d600000, 0x000000008d600000, 0x000000008d700000|  0%| F|  |TAMS 0x000000008d600000, 0x000000008d600000| Untracked 
| 215|0x000000008d700000, 0x000000008d700000, 0x000000008d800000|  0%| F|  |TAMS 0x000000008d700000, 0x000000008d700000| Untracked 
| 216|0x000000008d800000, 0x000000008d800000, 0x000000008d900000|  0%| F|  |TAMS 0x000000008d800000, 0x000000008d800000| Untracked 
| 217|0x000000008d900000, 0x000000008d900000, 0x000000008da00000|  0%| F|  |TAMS 0x000000008d900000, 0x000000008d900000| Untracked 
| 218|0x000000008da00000, 0x000000008da00000, 0x000000008db00000|  0%| F|  |TAMS 0x000000008da00000, 0x000000008da00000| Untracked 
| 219|0x000000008db00000, 0x000000008db00000, 0x000000008dc00000|  0%| F|  |TAMS 0x000000008db00000, 0x000000008db00000| Untracked 
| 220|0x000000008dc00000, 0x000000008dc00000, 0x000000008dd00000|  0%| F|  |TAMS 0x000000008dc00000, 0x000000008dc00000| Untracked 
| 221|0x000000008dd00000, 0x000000008dd00000, 0x000000008de00000|  0%| F|  |TAMS 0x000000008dd00000, 0x000000008dd00000| Untracked 
| 222|0x000000008de00000, 0x000000008de00000, 0x000000008df00000|  0%| F|  |TAMS 0x000000008de00000, 0x000000008de00000| Untracked 
| 223|0x000000008df00000, 0x000000008df00000, 0x000000008e000000|  0%| F|  |TAMS 0x000000008df00000, 0x000000008df00000| Untracked 
| 224|0x000000008e000000, 0x000000008e000000, 0x000000008e100000|  0%| F|  |TAMS 0x000000008e000000, 0x000000008e000000| Untracked 
| 225|0x000000008e100000, 0x000000008e100000, 0x000000008e200000|  0%| F|  |TAMS 0x000000008e100000, 0x000000008e100000| Untracked 
| 226|0x000000008e200000, 0x000000008e200000, 0x000000008e300000|  0%| F|  |TAMS 0x000000008e200000, 0x000000008e200000| Untracked 
| 227|0x000000008e300000, 0x000000008e300000, 0x000000008e400000|  0%| F|  |TAMS 0x000000008e300000, 0x000000008e300000| Untracked 
| 228|0x000000008e400000, 0x000000008e400000, 0x000000008e500000|  0%| F|  |TAMS 0x000000008e400000, 0x000000008e400000| Untracked 
| 229|0x000000008e500000, 0x000000008e500000, 0x000000008e600000|  0%| F|  |TAMS 0x000000008e500000, 0x000000008e500000| Untracked 
| 230|0x000000008e600000, 0x000000008e600000, 0x000000008e700000|  0%| F|  |TAMS 0x000000008e600000, 0x000000008e600000| Untracked 
| 231|0x000000008e700000, 0x000000008e700000, 0x000000008e800000|  0%| F|  |TAMS 0x000000008e700000, 0x000000008e700000| Untracked 
| 232|0x000000008e800000, 0x000000008e800000, 0x000000008e900000|  0%| F|  |TAMS 0x000000008e800000, 0x000000008e800000| Untracked 
| 233|0x000000008e900000, 0x000000008e900000, 0x000000008ea00000|  0%| F|  |TAMS 0x000000008e900000, 0x000000008e900000| Untracked 
| 234|0x000000008ea00000, 0x000000008ea00000, 0x000000008eb00000|  0%| F|  |TAMS 0x000000008ea00000, 0x000000008ea00000| Untracked 
| 235|0x000000008eb00000, 0x000000008eb00000, 0x000000008ec00000|  0%| F|  |TAMS 0x000000008eb00000, 0x000000008eb00000| Untracked 
| 236|0x000000008ec00000, 0x000000008ec00000, 0x000000008ed00000|  0%| F|  |TAMS 0x000000008ec00000, 0x000000008ec00000| Untracked 
| 237|0x000000008ed00000, 0x000000008ed00000, 0x000000008ee00000|  0%| F|  |TAMS 0x000000008ed00000, 0x000000008ed00000| Untracked 
| 238|0x000000008ee00000, 0x000000008ee00000, 0x000000008ef00000|  0%| F|  |TAMS 0x000000008ee00000, 0x000000008ee00000| Untracked 
| 239|0x000000008ef00000, 0x000000008ef00000, 0x000000008f000000|  0%| F|  |TAMS 0x000000008ef00000, 0x000000008ef00000| Untracked 
| 240|0x000000008f000000, 0x000000008f000000, 0x000000008f100000|  0%| F|  |TAMS 0x000000008f000000, 0x000000008f000000| Untracked 
| 241|0x000000008f100000, 0x000000008f100000, 0x000000008f200000|  0%| F|  |TAMS 0x000000008f100000, 0x000000008f100000| Untracked 
| 242|0x000000008f200000, 0x000000008f200000, 0x000000008f300000|  0%| F|  |TAMS 0x000000008f200000, 0x000000008f200000| Untracked 
| 243|0x000000008f300000, 0x000000008f300000, 0x000000008f400000|  0%| F|  |TAMS 0x000000008f300000, 0x000000008f300000| Untracked 
| 244|0x000000008f400000, 0x000000008f400000, 0x000000008f500000|  0%| F|  |TAMS 0x000000008f400000, 0x000000008f400000| Untracked 
| 245|0x000000008f500000, 0x000000008f500000, 0x000000008f600000|  0%| F|  |TAMS 0x000000008f500000, 0x000000008f500000| Untracked 
| 246|0x000000008f600000, 0x000000008f600000, 0x000000008f700000|  0%| F|  |TAMS 0x000000008f600000, 0x000000008f600000| Untracked 
| 247|0x000000008f700000, 0x000000008f700000, 0x000000008f800000|  0%| F|  |TAMS 0x000000008f700000, 0x000000008f700000| Untracked 
| 248|0x000000008f800000, 0x000000008f800000, 0x000000008f900000|  0%| F|  |TAMS 0x000000008f800000, 0x000000008f800000| Untracked 
| 249|0x000000008f900000, 0x000000008f900000, 0x000000008fa00000|  0%| F|  |TAMS 0x000000008f900000, 0x000000008f900000| Untracked 
| 250|0x000000008fa00000, 0x000000008fa00000, 0x000000008fb00000|  0%| F|  |TAMS 0x000000008fa00000, 0x000000008fa00000| Untracked 
| 251|0x000000008fb00000, 0x000000008fb00000, 0x000000008fc00000|  0%| F|  |TAMS 0x000000008fb00000, 0x000000008fb00000| Untracked 
| 252|0x000000008fc00000, 0x000000008fc00000, 0x000000008fd00000|  0%| F|  |TAMS 0x000000008fc00000, 0x000000008fc00000| Untracked 
| 253|0x000000008fd00000, 0x000000008fd00000, 0x000000008fe00000|  0%| F|  |TAMS 0x000000008fd00000, 0x000000008fd00000| Untracked 
| 254|0x000000008fe00000, 0x000000008fe00000, 0x000000008ff00000|  0%| F|  |TAMS 0x000000008fe00000, 0x000000008fe00000| Untracked 
| 255|0x000000008ff00000, 0x000000008ff00000, 0x0000000090000000|  0%| F|  |TAMS 0x000000008ff00000, 0x000000008ff00000| Untracked 
| 256|0x0000000090000000, 0x0000000090000000, 0x0000000090100000|  0%| F|  |TAMS 0x0000000090000000, 0x0000000090000000| Untracked 
| 257|0x0000000090100000, 0x0000000090100000, 0x0000000090200000|  0%| F|  |TAMS 0x0000000090100000, 0x0000000090100000| Untracked 
| 258|0x0000000090200000, 0x0000000090200000, 0x0000000090300000|  0%| F|  |TAMS 0x0000000090200000, 0x0000000090200000| Untracked 
| 259|0x0000000090300000, 0x0000000090300000, 0x0000000090400000|  0%| F|  |TAMS 0x0000000090300000, 0x0000000090300000| Untracked 
| 260|0x0000000090400000, 0x0000000090400000, 0x0000000090500000|  0%| F|  |TAMS 0x0000000090400000, 0x0000000090400000| Untracked 
| 261|0x0000000090500000, 0x0000000090500000, 0x0000000090600000|  0%| F|  |TAMS 0x0000000090500000, 0x0000000090500000| Untracked 
| 262|0x0000000090600000, 0x0000000090600000, 0x0000000090700000|  0%| F|  |TAMS 0x0000000090600000, 0x0000000090600000| Untracked 
| 263|0x0000000090700000, 0x0000000090700000, 0x0000000090800000|  0%| F|  |TAMS 0x0000000090700000, 0x0000000090700000| Untracked 
| 264|0x0000000090800000, 0x0000000090800000, 0x0000000090900000|  0%| F|  |TAMS 0x0000000090800000, 0x0000000090800000| Untracked 
| 265|0x0000000090900000, 0x0000000090900000, 0x0000000090a00000|  0%| F|  |TAMS 0x0000000090900000, 0x0000000090900000| Untracked 
| 266|0x0000000090a00000, 0x0000000090a00000, 0x0000000090b00000|  0%| F|  |TAMS 0x0000000090a00000, 0x0000000090a00000| Untracked 
| 267|0x0000000090b00000, 0x0000000090b00000, 0x0000000090c00000|  0%| F|  |TAMS 0x0000000090b00000, 0x0000000090b00000| Untracked 
| 268|0x0000000090c00000, 0x0000000090c00000, 0x0000000090d00000|  0%| F|  |TAMS 0x0000000090c00000, 0x0000000090c00000| Untracked 
| 269|0x0000000090d00000, 0x0000000090d00000, 0x0000000090e00000|  0%| F|  |TAMS 0x0000000090d00000, 0x0000000090d00000| Untracked 
| 270|0x0000000090e00000, 0x0000000090e00000, 0x0000000090f00000|  0%| F|  |TAMS 0x0000000090e00000, 0x0000000090e00000| Untracked 
| 271|0x0000000090f00000, 0x0000000090f00000, 0x0000000091000000|  0%| F|  |TAMS 0x0000000090f00000, 0x0000000090f00000| Untracked 
| 272|0x0000000091000000, 0x0000000091000000, 0x0000000091100000|  0%| F|  |TAMS 0x0000000091000000, 0x0000000091000000| Untracked 
| 273|0x0000000091100000, 0x0000000091100000, 0x0000000091200000|  0%| F|  |TAMS 0x0000000091100000, 0x0000000091100000| Untracked 
| 274|0x0000000091200000, 0x0000000091200000, 0x0000000091300000|  0%| F|  |TAMS 0x0000000091200000, 0x0000000091200000| Untracked 
| 275|0x0000000091300000, 0x0000000091300000, 0x0000000091400000|  0%| F|  |TAMS 0x0000000091300000, 0x0000000091300000| Untracked 
| 276|0x0000000091400000, 0x0000000091400000, 0x0000000091500000|  0%| F|  |TAMS 0x0000000091400000, 0x0000000091400000| Untracked 
| 277|0x0000000091500000, 0x0000000091500000, 0x0000000091600000|  0%| F|  |TAMS 0x0000000091500000, 0x0000000091500000| Untracked 
| 278|0x0000000091600000, 0x0000000091600000, 0x0000000091700000|  0%| F|  |TAMS 0x0000000091600000, 0x0000000091600000| Untracked 
| 279|0x0000000091700000, 0x0000000091700000, 0x0000000091800000|  0%| F|  |TAMS 0x0000000091700000, 0x0000000091700000| Untracked 
| 280|0x0000000091800000, 0x0000000091800000, 0x0000000091900000|  0%| F|  |TAMS 0x0000000091800000, 0x0000000091800000| Untracked 
| 281|0x0000000091900000, 0x0000000091900000, 0x0000000091a00000|  0%| F|  |TAMS 0x0000000091900000, 0x0000000091900000| Untracked 
| 282|0x0000000091a00000, 0x0000000091a00000, 0x0000000091b00000|  0%| F|  |TAMS 0x0000000091a00000, 0x0000000091a00000| Untracked 
| 283|0x0000000091b00000, 0x0000000091b00000, 0x0000000091c00000|  0%| F|  |TAMS 0x0000000091b00000, 0x0000000091b00000| Untracked 
| 284|0x0000000091c00000, 0x0000000091c00000, 0x0000000091d00000|  0%| F|  |TAMS 0x0000000091c00000, 0x0000000091c00000| Untracked 
| 285|0x0000000091d00000, 0x0000000091d00000, 0x0000000091e00000|  0%| F|  |TAMS 0x0000000091d00000, 0x0000000091d00000| Untracked 
| 286|0x0000000091e00000, 0x0000000091e00000, 0x0000000091f00000|  0%| F|  |TAMS 0x0000000091e00000, 0x0000000091e00000| Untracked 
| 287|0x0000000091f00000, 0x0000000091f00000, 0x0000000092000000|  0%| F|  |TAMS 0x0000000091f00000, 0x0000000091f00000| Untracked 
| 288|0x0000000092000000, 0x0000000092000000, 0x0000000092100000|  0%| F|  |TAMS 0x0000000092000000, 0x0000000092000000| Untracked 
| 289|0x0000000092100000, 0x0000000092100000, 0x0000000092200000|  0%| F|  |TAMS 0x0000000092100000, 0x0000000092100000| Untracked 
| 290|0x0000000092200000, 0x0000000092200000, 0x0000000092300000|  0%| F|  |TAMS 0x0000000092200000, 0x0000000092200000| Untracked 
| 291|0x0000000092300000, 0x0000000092300000, 0x0000000092400000|  0%| F|  |TAMS 0x0000000092300000, 0x0000000092300000| Untracked 
| 292|0x0000000092400000, 0x0000000092400000, 0x0000000092500000|  0%| F|  |TAMS 0x0000000092400000, 0x0000000092400000| Untracked 
| 293|0x0000000092500000, 0x0000000092500000, 0x0000000092600000|  0%| F|  |TAMS 0x0000000092500000, 0x0000000092500000| Untracked 
| 294|0x0000000092600000, 0x0000000092600000, 0x0000000092700000|  0%| F|  |TAMS 0x0000000092600000, 0x0000000092600000| Untracked 
| 295|0x0000000092700000, 0x0000000092700000, 0x0000000092800000|  0%| F|  |TAMS 0x0000000092700000, 0x0000000092700000| Untracked 
| 296|0x0000000092800000, 0x0000000092800000, 0x0000000092900000|  0%| F|  |TAMS 0x0000000092800000, 0x0000000092800000| Untracked 
| 297|0x0000000092900000, 0x0000000092900000, 0x0000000092a00000|  0%| F|  |TAMS 0x0000000092900000, 0x0000000092900000| Untracked 
| 298|0x0000000092a00000, 0x0000000092a00000, 0x0000000092b00000|  0%| F|  |TAMS 0x0000000092a00000, 0x0000000092a00000| Untracked 
| 299|0x0000000092b00000, 0x0000000092b00000, 0x0000000092c00000|  0%| F|  |TAMS 0x0000000092b00000, 0x0000000092b00000| Untracked 
| 300|0x0000000092c00000, 0x0000000092c00000, 0x0000000092d00000|  0%| F|  |TAMS 0x0000000092c00000, 0x0000000092c00000| Untracked 
| 301|0x0000000092d00000, 0x0000000092d00000, 0x0000000092e00000|  0%| F|  |TAMS 0x0000000092d00000, 0x0000000092d00000| Untracked 
| 302|0x0000000092e00000, 0x0000000092e00000, 0x0000000092f00000|  0%| F|  |TAMS 0x0000000092e00000, 0x0000000092e00000| Untracked 
| 303|0x0000000092f00000, 0x0000000092f00000, 0x0000000093000000|  0%| F|  |TAMS 0x0000000092f00000, 0x0000000092f00000| Untracked 
| 304|0x0000000093000000, 0x0000000093000000, 0x0000000093100000|  0%| F|  |TAMS 0x0000000093000000, 0x0000000093000000| Untracked 
| 305|0x0000000093100000, 0x0000000093100000, 0x0000000093200000|  0%| F|  |TAMS 0x0000000093100000, 0x0000000093100000| Untracked 
| 306|0x0000000093200000, 0x0000000093200000, 0x0000000093300000|  0%| F|  |TAMS 0x0000000093200000, 0x0000000093200000| Untracked 
| 307|0x0000000093300000, 0x0000000093300000, 0x0000000093400000|  0%| F|  |TAMS 0x0000000093300000, 0x0000000093300000| Untracked 
| 308|0x0000000093400000, 0x0000000093400000, 0x0000000093500000|  0%| F|  |TAMS 0x0000000093400000, 0x0000000093400000| Untracked 
| 309|0x0000000093500000, 0x0000000093500000, 0x0000000093600000|  0%| F|  |TAMS 0x0000000093500000, 0x0000000093500000| Untracked 
| 310|0x0000000093600000, 0x0000000093600000, 0x0000000093700000|  0%| F|  |TAMS 0x0000000093600000, 0x0000000093600000| Untracked 
| 311|0x0000000093700000, 0x0000000093700000, 0x0000000093800000|  0%| F|  |TAMS 0x0000000093700000, 0x0000000093700000| Untracked 
| 312|0x0000000093800000, 0x0000000093800000, 0x0000000093900000|  0%| F|  |TAMS 0x0000000093800000, 0x0000000093800000| Untracked 
| 313|0x0000000093900000, 0x0000000093900000, 0x0000000093a00000|  0%| F|  |TAMS 0x0000000093900000, 0x0000000093900000| Untracked 
| 314|0x0000000093a00000, 0x0000000093a00000, 0x0000000093b00000|  0%| F|  |TAMS 0x0000000093a00000, 0x0000000093a00000| Untracked 
| 315|0x0000000093b00000, 0x0000000093b00000, 0x0000000093c00000|  0%| F|  |TAMS 0x0000000093b00000, 0x0000000093b00000| Untracked 
| 316|0x0000000093c00000, 0x0000000093c00000, 0x0000000093d00000|  0%| F|  |TAMS 0x0000000093c00000, 0x0000000093c00000| Untracked 
| 317|0x0000000093d00000, 0x0000000093d00000, 0x0000000093e00000|  0%| F|  |TAMS 0x0000000093d00000, 0x0000000093d00000| Untracked 
| 318|0x0000000093e00000, 0x0000000093e00000, 0x0000000093f00000|  0%| F|  |TAMS 0x0000000093e00000, 0x0000000093e00000| Untracked 
| 319|0x0000000093f00000, 0x0000000093f00000, 0x0000000094000000|  0%| F|  |TAMS 0x0000000093f00000, 0x0000000093f00000| Untracked 
| 320|0x0000000094000000, 0x0000000094000000, 0x0000000094100000|  0%| F|  |TAMS 0x0000000094000000, 0x0000000094000000| Untracked 
| 321|0x0000000094100000, 0x0000000094100000, 0x0000000094200000|  0%| F|  |TAMS 0x0000000094100000, 0x0000000094100000| Untracked 
| 322|0x0000000094200000, 0x0000000094200000, 0x0000000094300000|  0%| F|  |TAMS 0x0000000094200000, 0x0000000094200000| Untracked 
| 323|0x0000000094300000, 0x0000000094300000, 0x0000000094400000|  0%| F|  |TAMS 0x0000000094300000, 0x0000000094300000| Untracked 
| 324|0x0000000094400000, 0x0000000094400000, 0x0000000094500000|  0%| F|  |TAMS 0x0000000094400000, 0x0000000094400000| Untracked 
| 325|0x0000000094500000, 0x0000000094500000, 0x0000000094600000|  0%| F|  |TAMS 0x0000000094500000, 0x0000000094500000| Untracked 
| 326|0x0000000094600000, 0x0000000094600000, 0x0000000094700000|  0%| F|  |TAMS 0x0000000094600000, 0x0000000094600000| Untracked 

Card table byte_map: [0x0000013db8790000,0x0000013db8b90000] _byte_map_base: 0x0000013db8390000

Marking Bits (Prev, Next): (CMBitMap*) 0x0000013da3ac7eb8, (CMBitMap*) 0x0000013da3ac7ef0
 Prev Bits: [0x0000013db8f90000, 0x0000013dbaf90000)
 Next Bits: [0x0000013dbaf90000, 0x0000013dbcf90000)

Polling page: 0x0000013da3b60000

Metaspace:

Usage:
  Non-class:    142.09 MB capacity,   139.34 MB ( 98%) used,     2.20 MB (  2%) free+waste,   561.50 KB ( <1%) overhead. 
      Class:     20.78 MB capacity,    19.14 MB ( 92%) used,     1.41 MB (  7%) free+waste,   240.69 KB (  1%) overhead. 
       Both:    162.87 MB capacity,   158.48 MB ( 97%) used,     3.61 MB (  2%) free+waste,   802.19 KB ( <1%) overhead. 

Virtual space:
  Non-class space:      146.00 MB reserved,     144.63 MB (>99%) committed 
      Class space:        1.00 GB reserved,      21.57 MB (  2%) committed 
             Both:        1.14 GB reserved,     166.21 MB ( 14%) committed 

Chunk freelists:
   Non-Class:  2.35 MB
       Class:  707.00 KB
        Both:  3.04 MB

MaxMetaspaceSize: 17179869184.00 GB
CompressedClassSpaceSize: 1.00 GB
Initial GC threshold: 20.80 MB
Current GC threshold: 277.01 MB
CDS: off

CodeHeap 'non-profiled nmethods': size=120064Kb used=26443Kb max_used=26443Kb free=93620Kb
 bounds [0x0000013db0820000, 0x0000013db2200000, 0x0000013db7d60000]
CodeHeap 'profiled nmethods': size=120000Kb used=64122Kb max_used=64586Kb free=55877Kb
 bounds [0x0000013da92f0000, 0x0000013dad2c0000, 0x0000013db0820000]
CodeHeap 'non-nmethods': size=5696Kb used=2534Kb max_used=2624Kb free=3161Kb
 bounds [0x0000013da8d60000, 0x0000013da9000000, 0x0000013da92f0000]
 total_blobs=28548 nmethods=27475 adapters=984
 compilation: enabled
              stopped_count=0, restarted_count=0
 full_count=0

Compilation events (20 events):
Event: 15095.675 Thread 0x0000013dbfe30800 34575       2       com.android.tools.r8.graph.D1$j::<init> (6 bytes)
Event: 15095.675 Thread 0x0000013dbfe30800 nmethod 34575 0x0000013dabfdd690 code [0x0000013dabfdd840, 0x0000013dabfdd968]
Event: 15095.683 Thread 0x0000013dbfe2b800 nmethod 34568 0x0000013db21ebe10 code [0x0000013db21ebfc0, 0x0000013db21ec2b8]
Event: 15095.684 Thread 0x0000013dbfe2b800 34570 %     4       com.android.tools.r8.ir.regalloc.b::c @ 2064 (3963 bytes)
Event: 15095.798 Thread 0x0000013dc06bd000 nmethod 33877 0x0000013db21ec690 code [0x0000013db21ecae0, 0x0000013db21f0470]
Event: 15095.799 Thread 0x0000013dc06bd000 34567       4       com.android.tools.r8.internal.tJ::a (1305 bytes)
Event: 15095.806 Thread 0x0000013dbfe30800 34609       2       com.android.tools.r8.internal.cH::<init> (88 bytes)
Event: 15095.807 Thread 0x0000013dbfe30800 nmethod 34609 0x0000013dac209990 code [0x0000013dac209bc0, 0x0000013dac20a148]
Event: 15095.826 Thread 0x0000013dbfe30800 34611       2       com.android.tools.r8.graph.A2::h (20 bytes)
Event: 15095.826 Thread 0x0000013dbfe30800 nmethod 34611 0x0000013dab7e3990 code [0x0000013dab7e3b60, 0x0000013dab7e3cb8]
Event: 15095.844 Thread 0x0000013dbfe30800 34612       2       com.android.tools.r8.graph.w2::a (67 bytes)
Event: 15095.845 Thread 0x0000013dbfe30800 nmethod 34612 0x0000013daa1d5f90 code [0x0000013daa1d61a0, 0x0000013daa1d66d8]
Event: 15095.952 Thread 0x0000013dbfe30800 34621       2       com.android.tools.r8.internal.C8::<init> (36 bytes)
Event: 15095.953 Thread 0x0000013dbfe30800 nmethod 34621 0x0000013dac6cc610 code [0x0000013dac6cc7c0, 0x0000013dac6cca38]
Event: 15096.040 Thread 0x0000013dbfe30800 34624       1       com.android.tools.r8.internal.nE::j2 (3 bytes)
Event: 15096.040 Thread 0x0000013dbfe30800 nmethod 34624 0x0000013db21f2c10 code [0x0000013db21f2dc0, 0x0000013db21f2e78]
Event: 15096.041 Thread 0x0000013dbfe30800 34625       2       com.android.tools.r8.internal.nE::a (189 bytes)
Event: 15096.043 Thread 0x0000013dbfe30800 nmethod 34625 0x0000013dabd10510 code [0x0000013dabd107c0, 0x0000013dabd11128]
Event: 15096.046 Thread 0x0000013dbfe30800 34626       2       java.util.Collections$CopiesList::toArray (68 bytes)
Event: 15096.047 Thread 0x0000013dbfe30800 nmethod 34626 0x0000013dab165610 code [0x0000013dab165800, 0x0000013dab165ab8]

GC Heap History (20 events):
Event: 15086.738 GC heap after
{Heap after GC invocations=191 (full 0):
 garbage-first heap   total 334848K, used 180442K [0x0000000080000000, 0x0000000100000000)
  region size 1024K, 2 young (2048K), 2 survivors (2048K)
 Metaspace       used 161517K, capacity 165845K, committed 170196K, reserved 1198080K
  class space    used 19498K, capacity 21121K, committed 22092K, reserved 1048576K
}
Event: 15087.879 GC heap before
{Heap before GC invocations=192 (full 0):
 garbage-first heap   total 334848K, used 287962K [0x0000000080000000, 0x0000000100000000)
  region size 1024K, 107 young (109568K), 2 survivors (2048K)
 Metaspace       used 161521K, capacity 165909K, committed 170196K, reserved 1198080K
  class space    used 19498K, capacity 21121K, committed 22092K, reserved 1048576K
}
Event: 15088.116 GC heap after
{Heap after GC invocations=193 (full 0):
 garbage-first heap   total 334848K, used 181060K [0x0000000080000000, 0x0000000100000000)
  region size 1024K, 3 young (3072K), 3 survivors (3072K)
 Metaspace       used 161521K, capacity 165909K, committed 170196K, reserved 1198080K
  class space    used 19498K, capacity 21121K, committed 22092K, reserved 1048576K
}
Event: 15088.172 GC heap before
{Heap before GC invocations=193 (full 0):
 garbage-first heap   total 334848K, used 193348K [0x0000000080000000, 0x0000000100000000)
  region size 1024K, 16 young (16384K), 3 survivors (3072K)
 Metaspace       used 161524K, capacity 165909K, committed 170196K, reserved 1198080K
  class space    used 19498K, capacity 21121K, committed 22092K, reserved 1048576K
}
Event: 15088.250 GC heap after
{Heap after GC invocations=194 (full 0):
 garbage-first heap   total 334848K, used 177097K [0x0000000080000000, 0x0000000100000000)
  region size 1024K, 1 young (1024K), 1 survivors (1024K)
 Metaspace       used 161524K, capacity 165909K, committed 170196K, reserved 1198080K
  class space    used 19498K, capacity 21121K, committed 22092K, reserved 1048576K
}
Event: 15088.845 GC heap before
{Heap before GC invocations=194 (full 0):
 garbage-first heap   total 334848K, used 286665K [0x0000000080000000, 0x0000000100000000)
  region size 1024K, 108 young (110592K), 1 survivors (1024K)
 Metaspace       used 161534K, capacity 165910K, committed 170196K, reserved 1198080K
  class space    used 19498K, capacity 21121K, committed 22092K, reserved 1048576K
}
Event: 15088.854 GC heap after
{Heap after GC invocations=195 (full 0):
 garbage-first heap   total 334848K, used 177328K [0x0000000080000000, 0x0000000100000000)
  region size 1024K, 2 young (2048K), 2 survivors (2048K)
 Metaspace       used 161534K, capacity 165910K, committed 170196K, reserved 1198080K
  class space    used 19498K, capacity 21121K, committed 22092K, reserved 1048576K
}
Event: 15090.466 GC heap before
{Heap before GC invocations=196 (full 0):
 garbage-first heap   total 334848K, used 286896K [0x0000000080000000, 0x0000000100000000)
  region size 1024K, 109 young (111616K), 2 survivors (2048K)
 Metaspace       used 161664K, capacity 166002K, committed 170196K, reserved 1198080K
  class space    used 19512K, capacity 21130K, committed 22092K, reserved 1048576K
}
Event: 15090.477 GC heap after
{Heap after GC invocations=197 (full 0):
 garbage-first heap   total 334848K, used 178648K [0x0000000080000000, 0x0000000100000000)
  region size 1024K, 3 young (3072K), 3 survivors (3072K)
 Metaspace       used 161664K, capacity 166002K, committed 170196K, reserved 1198080K
  class space    used 19512K, capacity 21130K, committed 22092K, reserved 1048576K
}
Event: 15090.612 GC heap before
{Heap before GC invocations=197 (full 0):
 garbage-first heap   total 334848K, used 191960K [0x0000000080000000, 0x0000000100000000)
  region size 1024K, 16 young (16384K), 3 survivors (3072K)
 Metaspace       used 161677K, capacity 166002K, committed 170196K, reserved 1198080K
  class space    used 19513K, capacity 21130K, committed 22092K, reserved 1048576K
}
Event: 15090.626 GC heap after
{Heap after GC invocations=198 (full 0):
 garbage-first heap   total 334848K, used 177054K [0x0000000080000000, 0x0000000100000000)
  region size 1024K, 1 young (1024K), 1 survivors (1024K)
 Metaspace       used 161677K, capacity 166002K, committed 170196K, reserved 1198080K
  class space    used 19513K, capacity 21130K, committed 22092K, reserved 1048576K
}
Event: 15091.435 GC heap before
{Heap before GC invocations=198 (full 0):
 garbage-first heap   total 334848K, used 287646K [0x0000000080000000, 0x0000000100000000)
  region size 1024K, 109 young (111616K), 1 survivors (1024K)
 Metaspace       used 161781K, capacity 166185K, committed 170196K, reserved 1198080K
  class space    used 19528K, capacity 21170K, committed 22092K, reserved 1048576K
}
Event: 15091.447 GC heap after
{Heap after GC invocations=199 (full 0):
 garbage-first heap   total 334848K, used 177388K [0x0000000080000000, 0x0000000100000000)
  region size 1024K, 2 young (2048K), 2 survivors (2048K)
 Metaspace       used 161781K, capacity 166185K, committed 170196K, reserved 1198080K
  class space    used 19528K, capacity 21170K, committed 22092K, reserved 1048576K
}
Event: 15092.689 GC heap before
{Heap before GC invocations=200 (full 0):
 garbage-first heap   total 334848K, used 287980K [0x0000000080000000, 0x0000000100000000)
  region size 1024K, 110 young (112640K), 2 survivors (2048K)
 Metaspace       used 161892K, capacity 166297K, committed 170196K, reserved 1198080K
  class space    used 19537K, capacity 21183K, committed 22092K, reserved 1048576K
}
Event: 15092.698 GC heap after
{Heap after GC invocations=201 (full 0):
 garbage-first heap   total 334848K, used 178017K [0x0000000080000000, 0x0000000100000000)
  region size 1024K, 2 young (2048K), 2 survivors (2048K)
 Metaspace       used 161892K, capacity 166297K, committed 170196K, reserved 1198080K
  class space    used 19537K, capacity 21183K, committed 22092K, reserved 1048576K
}
Event: 15092.812 GC heap before
{Heap before GC invocations=201 (full 0):
 garbage-first heap   total 334848K, used 192353K [0x0000000080000000, 0x0000000100000000)
  region size 1024K, 16 young (16384K), 2 survivors (2048K)
 Metaspace       used 161896K, capacity 166297K, committed 170196K, reserved 1198080K
  class space    used 19537K, capacity 21183K, committed 22092K, reserved 1048576K
}
Event: 15092.828 GC heap after
{Heap after GC invocations=202 (full 0):
 garbage-first heap   total 334848K, used 173305K [0x0000000080000000, 0x0000000100000000)
  region size 1024K, 1 young (1024K), 1 survivors (1024K)
 Metaspace       used 161896K, capacity 166297K, committed 170196K, reserved 1198080K
  class space    used 19537K, capacity 21183K, committed 22092K, reserved 1048576K
}
Event: 15094.529 GC heap before
{Heap before GC invocations=202 (full 0):
 garbage-first heap   total 334848K, used 285945K [0x0000000080000000, 0x0000000100000000)
  region size 1024K, 111 young (113664K), 1 survivors (1024K)
 Metaspace       used 162174K, capacity 166625K, committed 170196K, reserved 1198080K
  class space    used 19591K, capacity 21272K, committed 22092K, reserved 1048576K
}
Event: 15094.540 GC heap after
{Heap after GC invocations=203 (full 0):
 garbage-first heap   total 334848K, used 176267K [0x0000000080000000, 0x0000000100000000)
  region size 1024K, 4 young (4096K), 4 survivors (4096K)
 Metaspace       used 162174K, capacity 166625K, committed 170196K, reserved 1198080K
  class space    used 19591K, capacity 21272K, committed 22092K, reserved 1048576K
}
Event: 15096.094 GC heap before
{Heap before GC invocations=204 (full 0):
 garbage-first heap   total 334848K, used 290955K [0x0000000080000000, 0x0000000100000000)
  region size 1024K, 115 young (117760K), 4 survivors (4096K)
 Metaspace       used 162278K, capacity 166778K, committed 170196K, reserved 1198080K
  class space    used 19595K, capacity 21277K, committed 22092K, reserved 1048576K
}

Deoptimization events (20 events):
Event: 15095.471 Thread 0x0000013dc9bad800 DEOPT PACKING pc=0x0000013db0cd4f60 sp=0x0000001df7bf9f70
Event: 15095.471 Thread 0x0000013dc9bad800 DEOPT UNPACKING pc=0x0000013da8daa1af sp=0x0000001df7bf9ef8 mode 2
Event: 15095.556 Thread 0x0000013dc2b1c000 Uncommon trap: trap_request=0xffffff7e fr.pc=0x0000013db21ce9e8 relative=0x00000000000053a8
Event: 15095.556 Thread 0x0000013dc2b1c000 Uncommon trap: reason=predicate action=maybe_recompile pc=0x0000013db21ce9e8 method=com.android.tools.r8.internal.tJ.a(Lcom/android/tools/r8/internal/Tl;Lcom/android/tools/r8/internal/NP;I)V @ 322 c2
Event: 15095.556 Thread 0x0000013dc2b1c000 DEOPT PACKING pc=0x0000013db21ce9e8 sp=0x0000001df93f6a20
Event: 15095.556 Thread 0x0000013dc2b1c000 DEOPT UNPACKING pc=0x0000013da8daa1af sp=0x0000001df93f6a48 mode 2
Event: 15095.672 Thread 0x0000013dc1665800 DEOPT PACKING pc=0x0000013dac39e879 sp=0x0000001df63fa310
Event: 15095.672 Thread 0x0000013dc1665800 DEOPT UNPACKING pc=0x0000013da8daa95e sp=0x0000001df63f9bf8 mode 0
Event: 15095.720 Thread 0x0000013dc1665800 DEOPT PACKING pc=0x0000013dac3ad82c sp=0x0000001df63fa6d0
Event: 15095.720 Thread 0x0000013dc1665800 DEOPT UNPACKING pc=0x0000013da8daa95e sp=0x0000001df63f9bb0 mode 0
Event: 15095.743 Thread 0x0000013dc1665800 DEOPT PACKING pc=0x0000013dac39e879 sp=0x0000001df63fa310
Event: 15095.743 Thread 0x0000013dc1665800 DEOPT UNPACKING pc=0x0000013da8daa95e sp=0x0000001df63f9bf8 mode 0
Event: 15095.888 Thread 0x0000013dc2b1c000 DEOPT PACKING pc=0x0000013dad2a0882 sp=0x0000001df93f6eb0
Event: 15095.888 Thread 0x0000013dc2b1c000 DEOPT UNPACKING pc=0x0000013da8daa95e sp=0x0000001df93f6580 mode 0
Event: 15095.934 Thread 0x0000013dc2b1c000 DEOPT PACKING pc=0x0000013dac5d74bc sp=0x0000001df93f67f0
Event: 15095.934 Thread 0x0000013dc2b1c000 DEOPT UNPACKING pc=0x0000013da8daa95e sp=0x0000001df93f5e90 mode 0
Event: 15095.939 Thread 0x0000013dc1665800 DEOPT PACKING pc=0x0000013dac3ad84d sp=0x0000001df63f9d00
Event: 15095.939 Thread 0x0000013dc1665800 DEOPT UNPACKING pc=0x0000013da8daa95e sp=0x0000001df63f91d0 mode 0
Event: 15096.087 Thread 0x0000013dc1665800 DEOPT PACKING pc=0x0000013daa304d9d sp=0x0000001df63f94f0
Event: 15096.087 Thread 0x0000013dc1665800 DEOPT UNPACKING pc=0x0000013da8daa95e sp=0x0000001df63f8c80 mode 0

Classes redefined (0 events):
No events

Internal exceptions (20 events):
Event: 15066.106 Thread 0x0000013dc06bf800 Exception <a 'sun/nio/fs/WindowsException'{0x000000008fc5dc00}> (0x000000008fc5dc00) thrown at [./src/hotspot/share/prims/jni.cpp, line 615]
Event: 15066.106 Thread 0x0000013dc06bf800 Exception <a 'sun/nio/fs/WindowsException'{0x000000008fc5ea78}> (0x000000008fc5ea78) thrown at [./src/hotspot/share/prims/jni.cpp, line 615]
Event: 15066.106 Thread 0x0000013dc06bf800 Exception <a 'sun/nio/fs/WindowsException'{0x000000008fc5ed50}> (0x000000008fc5ed50) thrown at [./src/hotspot/share/prims/jni.cpp, line 615]
Event: 15066.106 Thread 0x0000013dc06bf800 Exception <a 'sun/nio/fs/WindowsException'{0x000000008fc5fbd8}> (0x000000008fc5fbd8) thrown at [./src/hotspot/share/prims/jni.cpp, line 615]
Event: 15066.107 Thread 0x0000013dc06bf800 Exception <a 'sun/nio/fs/WindowsException'{0x000000008fc5fe50}> (0x000000008fc5fe50) thrown at [./src/hotspot/share/prims/jni.cpp, line 615]
Event: 15066.107 Thread 0x0000013dc06bf800 Exception <a 'sun/nio/fs/WindowsException'{0x000000008fc60ca8}> (0x000000008fc60ca8) thrown at [./src/hotspot/share/prims/jni.cpp, line 615]
Event: 15066.109 Thread 0x0000013dc06bf800 Exception <a 'java/lang/NoSuchMethodError'{0x000000008f606fd0}: <clinit>> (0x000000008f606fd0) thrown at [./src/hotspot/share/prims/jni.cpp, line 1365]
Event: 15066.116 Thread 0x0000013dc06bf800 Exception <a 'java/lang/NoSuchMethodError'{0x000000008f637f98}: <clinit>> (0x000000008f637f98) thrown at [./src/hotspot/share/prims/jni.cpp, line 1365]
Event: 15066.117 Thread 0x0000013dc06bf800 Exception <a 'java/lang/NoSuchMethodError'{0x000000008f64a978}: <clinit>> (0x000000008f64a978) thrown at [./src/hotspot/share/prims/jni.cpp, line 1365]
Event: 15066.471 Thread 0x0000013dc9bad800 Exception <a 'sun/nio/fs/WindowsException'{0x000000008e7276d8}> (0x000000008e7276d8) thrown at [./src/hotspot/share/prims/jni.cpp, line 615]
Event: 15067.039 Thread 0x0000013dc2b1c000 Exception <a 'sun/nio/fs/WindowsException'{0x0000000090911140}> (0x0000000090911140) thrown at [./src/hotspot/share/prims/jni.cpp, line 615]
Event: 15072.000 Thread 0x0000013dc9bad800 Exception <a 'java/lang/NoSuchMethodError'{0x0000000094507cd8}: 'int java.lang.invoke.DirectMethodHandle$Holder.invokeInterface(java.lang.Object, java.lang.Object, int)'> (0x0000000094507cd8) thrown at [./src/hotspot/share/interpreter/linkResolver.cpp, line 773]
Event: 15090.019 Thread 0x0000013dc9bad800 Exception <a 'java/lang/NoSuchMethodError'{0x000000008f89cd08}: 'java.lang.Object java.lang.invoke.DirectMethodHandle$Holder.invokeSpecial(java.lang.Object, java.lang.Object, java.lang.Object, java.lang.Object, java.lang.Object, java.lang.Object, java.lang.Object, java.lang.Object, java.lang.Object, java.lang.Object, java.lang.Object)'> (0x000000008f89cd08) thrown at [./src/hotspot/share/interpreter/linkResolver.cpp, line 773]
Event: 15090.022 Thread 0x0000013dc9bad800 Exception <a 'java/lang/NoSuchMethodError'{0x000000008f8a86a8}: 'java.lang.Object java.lang.invoke.Invokers$Holder.linkToTargetMethod(java.lang.Object, java.lang.Object, java.lang.Object, java.lang.Object, java.lang.Object, java.lang.Object, java.lang.Object, java.lang.Object, java.lang.Object, java.lang.Object)'> (0x000000008f8a86a8) thrown at [./src/hotspot/share/interpreter/linkResolver.cpp, line 773]
Event: 15090.119 Thread 0x0000013dc2b1c000 Implicit null exception at 0x0000013db2146b8f to 0x0000013db214cb38
Event: 15090.312 Thread 0x0000013dc1665800 Exception <a 'sun/nio/fs/WindowsException'{0x000000008de8c798}> (0x000000008de8c798) thrown at [./src/hotspot/share/prims/jni.cpp, line 615]
Event: 15090.799 Thread 0x0000013dc9bad800 Exception <a 'java/lang/IncompatibleClassChangeError'{0x0000000092ff0140}: Found class java.lang.Object, but interface was expected> (0x0000000092ff0140) thrown at [./src/hotspot/share/interpreter/linkResolver.cpp, line 839]
Event: 15092.548 Thread 0x0000013dc1665800 Exception <a 'sun/nio/fs/WindowsException'{0x000000008edb0708}> (0x000000008edb0708) thrown at [./src/hotspot/share/prims/jni.cpp, line 615]
Event: 15094.954 Thread 0x0000013dc1665800 Exception <a 'sun/nio/fs/WindowsException'{0x00000000930b3ae8}> (0x00000000930b3ae8) thrown at [./src/hotspot/share/prims/jni.cpp, line 615]
Event: 15095.677 Thread 0x0000013dc9bad800 Exception <a 'sun/nio/fs/WindowsException'{0x0000000090eb6a28}> (0x0000000090eb6a28) thrown at [./src/hotspot/share/prims/jni.cpp, line 615]

Events (20 events):
Event: 15094.604 loading class com/android/tools/r8/graph/j2 done
Event: 15094.605 loading class com/android/tools/r8/graph/b2
Event: 15094.605 loading class com/android/tools/r8/graph/b2 done
Event: 15094.605 loading class com/android/tools/r8/graph/d2
Event: 15094.605 loading class com/android/tools/r8/graph/d2 done
Event: 15094.605 loading class com/android/tools/r8/graph/j2
Event: 15094.605 loading class com/android/tools/r8/graph/j2 done
Event: 15094.605 loading class com/android/tools/r8/graph/e1
Event: 15094.605 loading class com/android/tools/r8/graph/e1 done
Event: 15094.605 loading class com/android/tools/r8/graph/e1
Event: 15094.605 loading class com/android/tools/r8/graph/e1 done
Event: 15094.605 loading class com/android/tools/r8/graph/W2
Event: 15094.605 loading class com/android/tools/r8/graph/W2 done
Event: 15094.605 loading class com/android/tools/r8/graph/W2
Event: 15094.605 loading class com/android/tools/r8/graph/W2 done
Event: 15095.297 Executing VM operation: CGC_Operation
Event: 15095.331 Executing VM operation: CGC_Operation done
Event: 15095.650 Executing VM operation: CGC_Operation
Event: 15095.665 Executing VM operation: CGC_Operation done
Event: 15096.093 Executing VM operation: G1CollectForAllocation


Dynamic libraries:
0x00007ff733e10000 - 0x00007ff733e1a000 	D:\Android Studio\jre\bin\java.exe
0x00007ffd8e210000 - 0x00007ffd8e408000 	C:\WINDOWS\SYSTEM32\ntdll.dll
0x00007ffd7fa00000 - 0x00007ffd7fa17000 	C:\Program Files\Avast Software\Avast\aswhook.dll
0x00007ffd8c430000 - 0x00007ffd8c4ed000 	C:\WINDOWS\System32\KERNEL32.DLL
0x00007ffd8bd40000 - 0x00007ffd8c00e000 	C:\WINDOWS\System32\KERNELBASE.dll
0x00007ffd8ba70000 - 0x00007ffd8bb70000 	C:\WINDOWS\System32\ucrtbase.dll
0x00007ffd7a1d0000 - 0x00007ffd7a1e9000 	D:\Android Studio\jre\bin\jli.dll
0x00007ffd66aa0000 - 0x00007ffd66ab7000 	D:\Android Studio\jre\bin\VCRUNTIME140.dll
0x00007ffd8c4f0000 - 0x00007ffd8c690000 	C:\WINDOWS\System32\USER32.dll
0x00007ffd8c1a0000 - 0x00007ffd8c1c2000 	C:\WINDOWS\System32\win32u.dll
0x00007ffd63ee0000 - 0x00007ffd6417a000 	C:\WINDOWS\WinSxS\amd64_microsoft.windows.common-controls_6595b64144ccf1df_6.0.19041.1110_none_60b5254171f9507e\COMCTL32.dll
0x00007ffd8d3d0000 - 0x00007ffd8d3fa000 	C:\WINDOWS\System32\GDI32.dll
0x00007ffd8d400000 - 0x00007ffd8d49e000 	C:\WINDOWS\System32\msvcrt.dll
0x00007ffd8b930000 - 0x00007ffd8ba3b000 	C:\WINDOWS\System32\gdi32full.dll
0x00007ffd8c1d0000 - 0x00007ffd8c26d000 	C:\WINDOWS\System32\msvcp_win.dll
0x00007ffd8c400000 - 0x00007ffd8c430000 	C:\WINDOWS\System32\IMM32.DLL
0x00007ffd3f230000 - 0x00007ffd3f2cd000 	D:\Android Studio\jre\bin\msvcp140.dll
0x00007ffd307c0000 - 0x00007ffd312a5000 	D:\Android Studio\jre\bin\server\jvm.dll
0x00007ffd8d800000 - 0x00007ffd8d8ae000 	C:\WINDOWS\System32\ADVAPI32.dll
0x00007ffd8cb00000 - 0x00007ffd8cb9c000 	C:\WINDOWS\System32\sechost.dll
0x00007ffd8d8b0000 - 0x00007ffd8d9d5000 	C:\WINDOWS\System32\RPCRT4.dll
0x00007ffd8df30000 - 0x00007ffd8df38000 	C:\WINDOWS\System32\PSAPI.DLL
0x00007ffd74420000 - 0x00007ffd74447000 	C:\WINDOWS\SYSTEM32\WINMM.dll
0x00007ffd79220000 - 0x00007ffd79229000 	C:\WINDOWS\SYSTEM32\WSOCK32.dll
0x00007ffd7ed70000 - 0x00007ffd7ed7a000 	C:\WINDOWS\SYSTEM32\VERSION.dll
0x00007ffd8cba0000 - 0x00007ffd8cc0b000 	C:\WINDOWS\System32\WS2_32.dll
0x00007ffd8a450000 - 0x00007ffd8a462000 	C:\WINDOWS\SYSTEM32\kernel.appcore.dll
0x00007ffd54d30000 - 0x00007ffd54d41000 	D:\Android Studio\jre\bin\verify.dll
0x00007ffd7e8b0000 - 0x00007ffd7ea94000 	C:\WINDOWS\SYSTEM32\DBGHELP.DLL
0x00007ffd7e880000 - 0x00007ffd7e8ac000 	C:\WINDOWS\SYSTEM32\dbgcore.DLL
0x00007ffd8c010000 - 0x00007ffd8c092000 	C:\WINDOWS\System32\bcryptPrimitives.dll
0x00007ffd53db0000 - 0x00007ffd53dd9000 	D:\Android Studio\jre\bin\java.dll
0x00007ffd66a90000 - 0x00007ffd66a9b000 	D:\Android Studio\jre\bin\jimage.dll
0x00007ffd54d10000 - 0x00007ffd54d28000 	D:\Android Studio\jre\bin\zip.dll
0x00007ffd8cc20000 - 0x00007ffd8d363000 	C:\WINDOWS\System32\SHELL32.dll
0x00007ffd897f0000 - 0x00007ffd89f85000 	C:\WINDOWS\SYSTEM32\windows.storage.dll
0x00007ffd8d4a0000 - 0x00007ffd8d7f4000 	C:\WINDOWS\System32\combase.dll
0x00007ffd8b320000 - 0x00007ffd8b350000 	C:\WINDOWS\SYSTEM32\Wldp.dll
0x00007ffd8c2d0000 - 0x00007ffd8c37d000 	C:\WINDOWS\System32\SHCORE.dll
0x00007ffd8c690000 - 0x00007ffd8c6e5000 	C:\WINDOWS\System32\shlwapi.dll
0x00007ffd8b870000 - 0x00007ffd8b88f000 	C:\WINDOWS\SYSTEM32\profapi.dll
0x00007ffd53170000 - 0x00007ffd5318a000 	D:\Android Studio\jre\bin\net.dll
0x00007ffd7dc20000 - 0x00007ffd7dd2a000 	C:\WINDOWS\SYSTEM32\WINHTTP.dll
0x00007ffd8b020000 - 0x00007ffd8b08a000 	C:\WINDOWS\system32\mswsock.dll
0x00007ffd53150000 - 0x00007ffd53164000 	D:\Android Studio\jre\bin\nio.dll
0x00007ffd7a0d0000 - 0x00007ffd7a0f7000 	C:\Users\LENOVO\Desktop\GRADLE\gradle-6.1.1\native\e1d6ef7f7dcc3fd88c89a11ec53ec762bb8ba0a96d01ffa2cd45eb1d1d8dd5c5\windows-amd64\native-platform.dll
0x00007ffd3ec60000 - 0x00007ffd3eda4000 	C:\Users\LENOVO\Desktop\GRADLE\gradle-6.1.1\native\5664cfc778a61ccfe75a443a1ab52a65af34e5dc3c78e0209fed803814484fcb\windows-amd64\native-platform-file-events.dll
0x00007ffd669a0000 - 0x00007ffd669aa000 	D:\Android Studio\jre\bin\management.dll
0x00007ffd63e40000 - 0x00007ffd63e4d000 	D:\Android Studio\jre\bin\management_ext.dll
0x00007ffd8b270000 - 0x00007ffd8b288000 	C:\WINDOWS\SYSTEM32\CRYPTSP.dll
0x00007ffd8a9a0000 - 0x00007ffd8a9d4000 	C:\WINDOWS\system32\rsaenh.dll
0x00007ffd8ba40000 - 0x00007ffd8ba67000 	C:\WINDOWS\System32\bcrypt.dll
0x00007ffd8b7f0000 - 0x00007ffd8b81e000 	C:\WINDOWS\SYSTEM32\USERENV.dll
0x00007ffd8b290000 - 0x00007ffd8b29c000 	C:\WINDOWS\SYSTEM32\CRYPTBASE.dll
0x00007ffd8ad10000 - 0x00007ffd8ad4b000 	C:\WINDOWS\SYSTEM32\IPHLPAPI.DLL
0x00007ffd8df40000 - 0x00007ffd8df48000 	C:\WINDOWS\System32\NSI.dll
0x00007ffd7ed50000 - 0x00007ffd7ed67000 	C:\WINDOWS\SYSTEM32\dhcpcsvc6.DLL
0x00007ffd7ebc0000 - 0x00007ffd7ebdd000 	C:\WINDOWS\SYSTEM32\dhcpcsvc.DLL
0x00007ffd8ad50000 - 0x00007ffd8ae1a000 	C:\WINDOWS\SYSTEM32\DNSAPI.dll
0x00007ffd5c630000 - 0x00007ffd5c657000 	D:\Android Studio\jre\bin\sunec.dll
0x00007ffd7e460000 - 0x00007ffd7e46a000 	C:\Windows\System32\rasadhlp.dll
0x00007ffd7e180000 - 0x00007ffd7e200000 	C:\WINDOWS\System32\fwpuclnt.dll
0x00007ffd8a630000 - 0x00007ffd8a663000 	C:\WINDOWS\SYSTEM32\ntmarta.dll

dbghelp: loaded successfully - version: 4.0.5 - missing functions: none
symbol engine: initialized successfully - sym options: 0x614 - pdb path: .;D:\Android Studio\jre\bin;C:\WINDOWS\SYSTEM32;C:\Program Files\Avast Software\Avast;C:\WINDOWS\WinSxS\amd64_microsoft.windows.common-controls_6595b64144ccf1df_6.0.19041.1110_none_60b5254171f9507e;D:\Android Studio\jre\bin\server;C:\Users\LENOVO\Desktop\GRADLE\gradle-6.1.1\native\e1d6ef7f7dcc3fd88c89a11ec53ec762bb8ba0a96d01ffa2cd45eb1d1d8dd5c5\windows-amd64;C:\Users\LENOVO\Desktop\GRADLE\gradle-6.1.1\native\5664cfc778a61ccfe75a443a1ab52a65af34e5dc3c78e0209fed803814484fcb\windows-amd64

VM Arguments:
jvm_args: --add-opens=java.base/java.util=ALL-UNNAMED --add-opens=java.base/java.lang=ALL-UNNAMED --add-opens=java.base/java.lang.invoke=ALL-UNNAMED --add-opens=java.base/java.util=ALL-UNNAMED --add-opens=java.prefs/java.util.prefs=ALL-UNNAMED --add-opens=java.prefs/java.util.prefs=ALL-UNNAMED --add-opens=java.base/java.nio.charset=ALL-UNNAMED --add-opens=java.base/java.net=ALL-UNNAMED --add-opens=java.base/java.util.concurrent.atomic=ALL-UNNAMED -Xmx2048m -Dfile.encoding=UTF-8 -Duser.country=FR -Duser.language=fr -Duser.variant 
java_command: org.gradle.launcher.daemon.bootstrap.GradleDaemon 7.3.3
java_class_path (initial): C:\Users\LENOVO\Desktop\GRADLE\gradle-6.1.1\wrapper\dists\gradle-7.3.3-bin\6a41zxkdtcxs8rphpq6y0069z\gradle-7.3.3\lib\gradle-launcher-7.3.3.jar
Launcher Type: SUN_STANDARD

[Global flags]
     intx CICompilerCount                          = 3                                         {product} {ergonomic}
     uint ConcGCThreads                            = 1                                         {product} {ergonomic}
     uint G1ConcRefinementThreads                  = 4                                         {product} {ergonomic}
   size_t G1HeapRegionSize                         = 1048576                                   {product} {ergonomic}
    uintx GCDrainStackTargetSize                   = 64                                        {product} {ergonomic}
   size_t InitialHeapSize                          = 134217728                                 {product} {ergonomic}
   size_t MarkStackSize                            = 4194304                                   {product} {ergonomic}
   size_t MaxHeapSize                              = 2147483648                                {product} {command line}
   size_t MaxNewSize                               = 1287651328                                {product} {ergonomic}
   size_t MinHeapDeltaBytes                        = 1048576                                   {product} {ergonomic}
    uintx NonNMethodCodeHeapSize                   = 5830732                                {pd product} {ergonomic}
    uintx NonProfiledCodeHeapSize                  = 122913754                              {pd product} {ergonomic}
    uintx ProfiledCodeHeapSize                     = 122913754                              {pd product} {ergonomic}
    uintx ReservedCodeCacheSize                    = 251658240                              {pd product} {ergonomic}
     bool SegmentedCodeCache                       = true                                      {product} {ergonomic}
     bool UseCompressedClassPointers               = true                                 {lp64_product} {ergonomic}
     bool UseCompressedOops                        = true                                 {lp64_product} {ergonomic}
     bool UseG1GC                                  = true                                      {product} {ergonomic}
     bool UseLargePagesIndividualAllocation        = false                                  {pd product} {ergonomic}

Logging:
Log output configuration:
 #0: stdout all=warning uptime,level,tags
 #1: stderr all=off uptime,level,tags

Environment Variables:
PATH=C:\Program Files\Eclipse Foundation\jdk-8.0.302.8-hotspot\bin;C:\Program Files\Microsoft\jdk-11.0.12.7-hotspot\bin;D:\flutter vs dart\dart-sdk\bin;C:\Program Files (x86)\Common Files\Intel\Shared Libraries\redist\intel64_win\compiler;C:\ProgramData\Oracle\Java\javapath;C:\WINDOWS\system32;C:\WINDOWS;C:\WINDOWS\System32\Wbem;C:\WINDOWS\System32\WindowsPowerShell\v1.0\;C:\WINDOWS\System32\OpenSSH\;C:\Users\LENOVO\.dnx\bin;C:\Program Files\Microsoft DNX\Dnvm\;C:\Program Files\Microsoft SQL Server\120\Tools\Binn\;C:\Users\LENOVO\Desktop\Programme Java\jdk-17.0.1\bin\;D:\Dart\dart-sdk\bin;C:\Program Files (x86)\Microsoft SQL Server\150\Tools\Binn\;C:\Program Files\Microsoft SQL Server\150\Tools\Binn\;C:\Program Files (x86)\Microsoft SQL Server\150\DTS\Binn\;C:\Program Files\Microsoft SQL Server\150\DTS\Binn\;C:\Program Files\Microsoft SQL Server\Client SDK\ODBC\170\Tools\Binn\;C:\Program Files\Azure Data Studio\bin;D:\flutter vs dart\flutter\bin;C:\Program Files\dotnet\;C:\ProgramData\chocolatey\bin;C:\sqlite;D:\php-8\php-8.1.9-src;C:\Program Files\Git\cmd;C:\Users\LENOVO\.dnx\bin;C:\Users\LENOVO\.dotnet\tools;C:\Users\LENOVO\.dotnet\tools;D:\visual studio code\Microsoft VS Code\bin;D:\;D:\flutter vs dart\flutter\bin;C:\Users\LENOVO\Downloads\android\platform-tools;D:\Intellij Idea\IntelliJ IDEA Community Edition 2022.2.2\bin;;D:\Android Studio\jre\bin;C:\Program Files\Java\jdk1.8.0_341\bin;C:\Program Files\Microsoft\jdk-11.0.12.7-hotspot\bin;C:\Program Files\Java\jre1.8.0_341;C:\Program Files\Microsoft\jdk-11.0.12.7-hotspot\bin\server;C:\Spring boot\spring-2.7.3\bin;;D:\Intellij Idea\IntelliJ IDEA 2022.2.2\bin;;D:\PhpStorm\PhpStorm 2022.2.1\bin;
USERNAME=LENOVO
OS=Windows_NT
PROCESSOR_IDENTIFIER=Intel64 Family 6 Model 142 Stepping 9, GenuineIntel



---------------  S Y S T E M  ---------------

OS: Windows 10 , 64 bit Build 19041 (10.0.19041.1889)
OS uptime: 0 days 11:53 hours

CPU:total 4 (initial active 4) (2 cores per cpu, 2 threads per core) family 6 model 142 stepping 9 microcode 0xb4, cmov, cx8, fxsr, mmx, sse, sse2, sse3, ssse3, sse4.1, sse4.2, popcnt, avx, avx2, aes, clmul, erms, 3dnowpref, lzcnt, ht, tsc, tscinvbit, bmi1, bmi2, adx, fma

Memory: 4k page, system-wide physical 8073M (461M free)
TotalPageFile size 13073M (AvailPageFile size 52M)
current process WorkingSet (physical memory assigned to process): 716M, peak: 721M
current process commit charge ("private bytes"): 870M, peak: 967M

vm_info: OpenJDK 64-Bit Server VM (11.0.12+7-b1504.28-7817840) for windows-amd64 JRE (11.0.12+7-b1504.28-7817840), built on Oct 13 2021 22:12:33 by "builder" with MS VC++ 14.0 (VS2015)

END.
