#
# There is insufficient memory for the Java Runtime Environment to continue.
# Native memory allocation (malloc) failed to allocate 1893456 bytes for Chunk::new
# Possible reasons:
#   The system is out of physical RAM or swap space
#   The process is running with CompressedOops enabled, and the Java Heap may be blocking the growth of the native heap
# Possible solutions:
#   Reduce memory load on the system
#   Increase physical memory or swap space
#   Check if swap backing store is full
#   Decrease Java heap size (-Xmx/-Xms)
#   Decrease number of Java threads
#   Decrease Java thread stack sizes (-Xss)
#   Set larger code cache with -XX:ReservedCodeCacheSize=
#   JVM is running with Unscaled Compressed Oops mode in which the Java heap is
#     placed in the first 4GB address space. The Java Heap base address is the
#     maximum limit for the native heap growth. Please use -XX:HeapBaseMinAddress
#     to set the Java Heap base and to place the Java Heap above 4GB virtual address.
# This output file may be truncated or incomplete.
#
#  Out of Memory Error (./src/hotspot/share/memory/arena.cpp:197), pid=17908, tid=16296
#
# JRE version: OpenJDK Runtime Environment (11.0.12+7) (build 11.0.12+7-b1504.28-7817840)
# Java VM: OpenJDK 64-Bit Server VM (11.0.12+7-b1504.28-7817840, mixed mode, tiered, compressed oops, g1 gc, windows-amd64)
# No core dump will be written. Minidumps are not enabled by default on client versions of Windows
#

---------------  S U M M A R Y ------------

Command Line: --add-opens=java.base/java.util=ALL-UNNAMED --add-opens=java.base/java.lang=ALL-UNNAMED --add-opens=java.base/java.lang.invoke=ALL-UNNAMED --add-opens=java.base/java.util=ALL-UNNAMED --add-opens=java.prefs/java.util.prefs=ALL-UNNAMED --add-opens=java.prefs/java.util.prefs=ALL-UNNAMED --add-opens=java.base/java.nio.charset=ALL-UNNAMED --add-opens=java.base/java.net=ALL-UNNAMED --add-opens=java.base/java.util.concurrent.atomic=ALL-UNNAMED -Xmx2048m -Dfile.encoding=UTF-8 -Duser.country=FR -Duser.language=fr -Duser.variant org.gradle.launcher.daemon.bootstrap.GradleDaemon 7.3.3

Host: Intel(R) Core(TM) i3-7100U CPU @ 2.40GHz, 4 cores, 7G,  Windows 10 , 64 bit Build 19041 (10.0.19041.1889)
Time: Thu Nov 10 23:03:28 2022 Temps universel coordonné elapsed time: 527.784451 seconds (0d 0h 8m 47s)

---------------  T H R E A D  ---------------

Current thread (0x000002ee76046800):  JavaThread "C2 CompilerThread0" daemon [_thread_in_native, id=16296, stack(0x000000f30e500000,0x000000f30e600000)]


Current CompileTask:
C2: 527784 20148       4       org.gradle.internal.execution.steps.IdentifyStep::executeDeferred (13 bytes)

Stack: [0x000000f30e500000,0x000000f30e600000]
Native frames: (J=compiled Java code, j=interpreted, Vv=VM code, C=native code)
V  [jvm.dll+0x5fbcea]
V  [jvm.dll+0x731905]
V  [jvm.dll+0x732f1d]
V  [jvm.dll+0x7335d3]
V  [jvm.dll+0x247bf8]
V  [jvm.dll+0xc018c]
V  [jvm.dll+0xc06cc]
V  [jvm.dll+0x35b31d]
V  [jvm.dll+0x19d0bc]
V  [jvm.dll+0x20070e]
V  [jvm.dll+0x1ff794]
V  [jvm.dll+0x18868c]
V  [jvm.dll+0x20e0d7]
V  [jvm.dll+0x20c901]
V  [jvm.dll+0x6f9b7f]
V  [jvm.dll+0x6f26a5]
V  [jvm.dll+0x5fabf6]
C  [ucrtbase.dll+0x21bb2]
C  [KERNEL32.DLL+0x17034]
C  [ntdll.dll+0x526a1]


---------------  P R O C E S S  ---------------

Threads class SMR info:
_java_thread_list=0x000002ee79e88c70, length=90, elements={
0x000002ee5c424800, 0x000002ee76018800, 0x000002ee76019800, 0x000002ee76032800,
0x000002ee76034800, 0x000002ee76037800, 0x000002ee76046800, 0x000002ee7604c800,
0x000002ee7604d800, 0x000002ee76b35800, 0x000002ee78d4d800, 0x000002ee79ab1000,
0x000002ee79ac6000, 0x000002ee7897b000, 0x000002ee7897f000, 0x000002ee78979000,
0x000002ee7897b800, 0x000002ee7897e000, 0x000002ee7a82e000, 0x000002ee7a82b800,
0x000002ee7a82c800, 0x000002ee7a82a800, 0x000002ee7a833800, 0x000002ee7907b800,
0x000002ee79075800, 0x000002ee7907d000, 0x000002ee7e71e800, 0x000002ee7e72a000,
0x000002ee78ed9800, 0x000002ee78ed7000, 0x000002ee78ed3800, 0x000002ee78ed5000,
0x000002ee78ed1000, 0x000002ee78ed2800, 0x000002ee78ed4800, 0x000002ee78ed6000,
0x000002ee78ed7800, 0x000002ee78ed2000, 0x000002ee7bd4c800, 0x000002ee78edb000,
0x000002ee78edd800, 0x000002ee78ed8800, 0x000002ee78eda000, 0x000002ee78edb800,
0x000002ee78ee0000, 0x000002ee78edc800, 0x000002ee78ede000, 0x000002ee78edf000,
0x000002ee79071800, 0x000002ee79072800, 0x000002ee79070800, 0x000002ee79073000,
0x000002ee7906e800, 0x000002ee7906f000, 0x000002ee79074000, 0x000002ee79075000,
0x000002ee79070000, 0x000002ee79076800, 0x000002ee79077800, 0x000002ee79078000,
0x000002ee79079000, 0x000002ee79079800, 0x000002ee7907a800, 0x000002ee7e71c000,
0x000002ee7e71f800, 0x000002ee7e722800, 0x000002ee7e722000, 0x000002ee7e721000,
0x000002ee7e71d000, 0x000002ee7e720000, 0x000002ee7e723800, 0x000002ee7e71d800,
0x000002ee7e729000, 0x000002ee7e726800, 0x000002ee7e724000, 0x000002ee7e72a800,
0x000002ee7e725000, 0x000002ee7a82d000, 0x000002ee7a829000, 0x000002ee7a831800,
0x000002ee7a832000, 0x000002ee7a834800, 0x000002ee7a835800, 0x000002ee7a82f800,
0x000002ee7a830800, 0x000002ee7a833000, 0x000002ee7a836000, 0x000002ee7a837000,
0x000002ee7a838000, 0x000002ee7897c800
}

Java Threads: ( => current thread )
  0x000002ee5c424800 JavaThread "main" [_thread_blocked, id=15572, stack(0x000000f30d900000,0x000000f30da00000)]
  0x000002ee76018800 JavaThread "Reference Handler" daemon [_thread_blocked, id=9044, stack(0x000000f30e000000,0x000000f30e100000)]
  0x000002ee76019800 JavaThread "Finalizer" daemon [_thread_blocked, id=16848, stack(0x000000f30e100000,0x000000f30e200000)]
  0x000002ee76032800 JavaThread "Signal Dispatcher" daemon [_thread_blocked, id=20460, stack(0x000000f30e200000,0x000000f30e300000)]
  0x000002ee76034800 JavaThread "Attach Listener" daemon [_thread_blocked, id=15076, stack(0x000000f30e300000,0x000000f30e400000)]
  0x000002ee76037800 JavaThread "Service Thread" daemon [_thread_blocked, id=15824, stack(0x000000f30e400000,0x000000f30e500000)]
=>0x000002ee76046800 JavaThread "C2 CompilerThread0" daemon [_thread_in_native, id=16296, stack(0x000000f30e500000,0x000000f30e600000)]
  0x000002ee7604c800 JavaThread "C1 CompilerThread0" daemon [_thread_blocked, id=14936, stack(0x000000f30e600000,0x000000f30e700000)]
  0x000002ee7604d800 JavaThread "Sweeper thread" daemon [_thread_blocked, id=1484, stack(0x000000f30e700000,0x000000f30e800000)]
  0x000002ee76b35800 JavaThread "Common-Cleaner" daemon [_thread_blocked, id=11656, stack(0x000000f30e800000,0x000000f30e900000)]
  0x000002ee78d4d800 JavaThread "Daemon health stats" [_thread_blocked, id=15596, stack(0x000000f30ed00000,0x000000f30ee00000)]
  0x000002ee79ab1000 JavaThread "Incoming local TCP Connector on port 1195" [_thread_in_native, id=13236, stack(0x000000f30ec00000,0x000000f30ed00000)]
  0x000002ee79ac6000 JavaThread "Daemon periodic checks" [_thread_blocked, id=9548, stack(0x000000f30ee00000,0x000000f30ef00000)]
  0x000002ee7897b000 JavaThread "Cache worker for journal cache (C:\Users\LENOVO\Desktop\GRADLE\gradle-6.1.1\caches\journal-1)" [_thread_blocked, id=20284, stack(0x000000f30f700000,0x000000f30f800000)]
  0x000002ee7897f000 JavaThread "File lock request listener" [_thread_in_native, id=16132, stack(0x000000f30f800000,0x000000f30f900000)]
  0x000002ee78979000 JavaThread "Cache worker for file hash cache (C:\Users\LENOVO\Desktop\GRADLE\gradle-6.1.1\caches\7.3.3\fileHashes)" [_thread_blocked, id=4852, stack(0x000000f30f900000,0x000000f30fa00000)]
  0x000002ee7897b800 JavaThread "File watcher server" daemon [_thread_in_native, id=18716, stack(0x000000f30d700000,0x000000f30d800000)]
  0x000002ee7897e000 JavaThread "File watcher consumer" daemon [_thread_blocked, id=4632, stack(0x000000f30fb00000,0x000000f30fc00000)]
  0x000002ee7a82e000 JavaThread "Cache worker for execution history cache (C:\Users\LENOVO\Desktop\GRADLE\gradle-6.1.1\caches\7.3.3\executionHistory)" [_thread_blocked, id=19280, stack(0x000000f30ff00000,0x000000f310000000)]
  0x000002ee7a82b800 JavaThread "jar transforms" [_thread_blocked, id=12576, stack(0x000000f310000000,0x000000f310100000)]
  0x000002ee7a82c800 JavaThread "Cache worker for file content cache (C:\Users\LENOVO\Desktop\GRADLE\gradle-6.1.1\caches\7.3.3\fileContent)" [_thread_blocked, id=17196, stack(0x000000f310100000,0x000000f310200000)]
  0x000002ee7a82a800 JavaThread "jar transforms Thread 2" [_thread_blocked, id=11300, stack(0x000000f310200000,0x000000f310300000)]
  0x000002ee7a833800 JavaThread "jar transforms Thread 3" [_thread_blocked, id=15740, stack(0x000000f310400000,0x000000f310500000)]
  0x000002ee7907b800 JavaThread "jar transforms Thread 4" [_thread_blocked, id=19400, stack(0x000000f310500000,0x000000f310600000)]
  0x000002ee79075800 JavaThread "Memory manager" [_thread_blocked, id=9500, stack(0x000000f312e00000,0x000000f312f00000)]
  0x000002ee7907d000 JavaThread "pool-3-thread-1" [_thread_blocked, id=16212, stack(0x000000f313200000,0x000000f313300000)]
  0x000002ee7e71e800 JavaThread "Cache worker for Java compile cache (C:\Users\LENOVO\Desktop\GRADLE\gradle-6.1.1\caches\7.3.3\javaCompile)" [_thread_blocked, id=13492, stack(0x000000f313f00000,0x000000f314000000)]
  0x000002ee7e72a000 JavaThread "ForkJoinPool.commonPool-worker-5" daemon [_thread_blocked, id=13340, stack(0x000000f313b00000,0x000000f313c00000)]
  0x000002ee78ed9800 JavaThread "pool-8-thread-1" [_thread_blocked, id=17720, stack(0x000000f313000000,0x000000f313100000)]
  0x000002ee78ed7000 JavaThread "Daemon Thread 3" [_thread_blocked, id=1796, stack(0x000000f30d600000,0x000000f30d700000)]
  0x000002ee78ed3800 JavaThread "Handler for socket connection from /127.0.0.1:1195 to /127.0.0.1:1315" [_thread_in_native, id=13072, stack(0x000000f30d800000,0x000000f30d900000)]
  0x000002ee78ed5000 JavaThread "Cancel handler" [_thread_blocked, id=15456, stack(0x000000f30f000000,0x000000f30f100000)]
  0x000002ee78ed1000 JavaThread "Daemon worker Thread 3" [_thread_blocked, id=18980, stack(0x000000f30f100000,0x000000f30f200000)]
  0x000002ee78ed2800 JavaThread "Asynchronous log dispatcher for DefaultDaemonConnection: socket connection from /127.0.0.1:1195 to /127.0.0.1:1315" [_thread_blocked, id=16492, stack(0x000000f30f200000,0x000000f30f300000)]
  0x000002ee78ed4800 JavaThread "Stdin handler" [_thread_blocked, id=17656, stack(0x000000f30f300000,0x000000f30f400000)]
  0x000002ee78ed6000 JavaThread "Daemon client event forwarder" [_thread_blocked, id=16364, stack(0x000000f30f400000,0x000000f30f500000)]
  0x000002ee78ed7800 JavaThread "Cache worker for file hash cache (D:\Program Files\Grafco3\.gradle\7.3.3\fileHashes)" [_thread_blocked, id=18212, stack(0x000000f30f500000,0x000000f30f600000)]
  0x000002ee78ed2000 JavaThread "Cache worker for checksums cache (D:\Program Files\Grafco3\.gradle\7.3.3\checksums)" [_thread_blocked, id=18172, stack(0x000000f30f600000,0x000000f30f700000)]
  0x000002ee7bd4c800 JavaThread "C2 CompilerThread1" daemon [_thread_blocked, id=6296, stack(0x000000f30fa00000,0x000000f30fb00000)]
  0x000002ee78edb000 JavaThread "Cache worker for cache directory md-supplier (C:\Users\LENOVO\Desktop\GRADLE\gradle-6.1.1\caches\7.3.3\md-supplier)" [_thread_blocked, id=3808, stack(0x000000f30fc00000,0x000000f30fd00000)]
  0x000002ee78edd800 JavaThread "Cache worker for cache directory md-rule (C:\Users\LENOVO\Desktop\GRADLE\gradle-6.1.1\caches\7.3.3\md-rule)" [_thread_blocked, id=9416, stack(0x000000f30fd00000,0x000000f30fe00000)]
  0x000002ee78ed8800 JavaThread "Cache worker for dependencies-accessors (D:\Program Files\Grafco3\.gradle\7.3.3\dependencies-accessors)" [_thread_blocked, id=9708, stack(0x000000f30fe00000,0x000000f30ff00000)]
  0x000002ee78eda000 JavaThread "Cache worker for Build Output Cleanup Cache (D:\Program Files\Grafco3\.gradle\buildOutputCleanup)" [_thread_blocked, id=6320, stack(0x000000f310300000,0x000000f310400000)]
  0x000002ee78edb800 JavaThread "Unconstrained build operations" [_thread_blocked, id=20240, stack(0x000000f310600000,0x000000f310700000)]
  0x000002ee78ee0000 JavaThread "Unconstrained build operations Thread 2" [_thread_blocked, id=252, stack(0x000000f310700000,0x000000f310800000)]
  0x000002ee78edc800 JavaThread "Unconstrained build operations Thread 3" [_thread_blocked, id=1832, stack(0x000000f310800000,0x000000f310900000)]
  0x000002ee78ede000 JavaThread "Unconstrained build operations Thread 4" [_thread_blocked, id=844, stack(0x000000f310900000,0x000000f310a00000)]
  0x000002ee78edf000 JavaThread "Unconstrained build operations Thread 5" [_thread_blocked, id=15756, stack(0x000000f310a00000,0x000000f310b00000)]
  0x000002ee79071800 JavaThread "Unconstrained build operations Thread 6" [_thread_blocked, id=9692, stack(0x000000f310b00000,0x000000f310c00000)]
  0x000002ee79072800 JavaThread "Unconstrained build operations Thread 7" [_thread_blocked, id=14276, stack(0x000000f310c00000,0x000000f310d00000)]
  0x000002ee79070800 JavaThread "Unconstrained build operations Thread 8" [_thread_blocked, id=15136, stack(0x000000f310d00000,0x000000f310e00000)]
  0x000002ee79073000 JavaThread "Unconstrained build operations Thread 9" [_thread_blocked, id=10280, stack(0x000000f310e00000,0x000000f310f00000)]
  0x000002ee7906e800 JavaThread "Unconstrained build operations Thread 10" [_thread_blocked, id=12704, stack(0x000000f310f00000,0x000000f311000000)]
  0x000002ee7906f000 JavaThread "Unconstrained build operations Thread 11" [_thread_blocked, id=1712, stack(0x000000f311000000,0x000000f311100000)]
  0x000002ee79074000 JavaThread "Unconstrained build operations Thread 12" [_thread_blocked, id=12808, stack(0x000000f311100000,0x000000f311200000)]
  0x000002ee79075000 JavaThread "Unconstrained build operations Thread 13" [_thread_blocked, id=16064, stack(0x000000f311200000,0x000000f311300000)]
  0x000002ee79070000 JavaThread "Unconstrained build operations Thread 14" [_thread_blocked, id=17668, stack(0x000000f311300000,0x000000f311400000)]
  0x000002ee79076800 JavaThread "Unconstrained build operations Thread 15" [_thread_blocked, id=5112, stack(0x000000f311400000,0x000000f311500000)]
  0x000002ee79077800 JavaThread "Unconstrained build operations Thread 16" [_thread_blocked, id=15584, stack(0x000000f311500000,0x000000f311600000)]
  0x000002ee79078000 JavaThread "Unconstrained build operations Thread 17" [_thread_blocked, id=15992, stack(0x000000f311600000,0x000000f311700000)]
  0x000002ee79079000 JavaThread "Unconstrained build operations Thread 18" [_thread_blocked, id=13676, stack(0x000000f311700000,0x000000f311800000)]
  0x000002ee79079800 JavaThread "Unconstrained build operations Thread 19" [_thread_blocked, id=7012, stack(0x000000f311800000,0x000000f311900000)]
  0x000002ee7907a800 JavaThread "Unconstrained build operations Thread 20" [_thread_blocked, id=13272, stack(0x000000f311900000,0x000000f311a00000)]
  0x000002ee7e71c000 JavaThread "Unconstrained build operations Thread 21" [_thread_blocked, id=6868, stack(0x000000f311a00000,0x000000f311b00000)]
  0x000002ee7e71f800 JavaThread "Unconstrained build operations Thread 22" [_thread_blocked, id=4348, stack(0x000000f311b00000,0x000000f311c00000)]
  0x000002ee7e722800 JavaThread "Unconstrained build operations Thread 23" [_thread_blocked, id=13736, stack(0x000000f311c00000,0x000000f311d00000)]
  0x000002ee7e722000 JavaThread "Unconstrained build operations Thread 24" [_thread_blocked, id=12500, stack(0x000000f311d00000,0x000000f311e00000)]
  0x000002ee7e721000 JavaThread "Unconstrained build operations Thread 25" [_thread_blocked, id=4212, stack(0x000000f311e00000,0x000000f311f00000)]
  0x000002ee7e71d000 JavaThread "Unconstrained build operations Thread 26" [_thread_blocked, id=2388, stack(0x000000f311f00000,0x000000f312000000)]
  0x000002ee7e720000 JavaThread "Unconstrained build operations Thread 27" [_thread_blocked, id=7280, stack(0x000000f312000000,0x000000f312100000)]
  0x000002ee7e723800 JavaThread "Unconstrained build operations Thread 28" [_thread_blocked, id=19520, stack(0x000000f312100000,0x000000f312200000)]
  0x000002ee7e71d800 JavaThread "Unconstrained build operations Thread 29" [_thread_blocked, id=19120, stack(0x000000f312200000,0x000000f312300000)]
  0x000002ee7e729000 JavaThread "Unconstrained build operations Thread 30" [_thread_blocked, id=14692, stack(0x000000f312300000,0x000000f312400000)]
  0x000002ee7e726800 JavaThread "Unconstrained build operations Thread 31" [_thread_blocked, id=15008, stack(0x000000f312400000,0x000000f312500000)]
  0x000002ee7e724000 JavaThread "Unconstrained build operations Thread 32" [_thread_blocked, id=10596, stack(0x000000f312500000,0x000000f312600000)]
  0x000002ee7e72a800 JavaThread "Unconstrained build operations Thread 33" [_thread_blocked, id=16136, stack(0x000000f312600000,0x000000f312700000)]
  0x000002ee7e725000 JavaThread "Unconstrained build operations Thread 34" [_thread_blocked, id=16856, stack(0x000000f312700000,0x000000f312800000)]
  0x000002ee7a82d000 JavaThread "Unconstrained build operations Thread 35" [_thread_blocked, id=2436, stack(0x000000f312800000,0x000000f312900000)]
  0x000002ee7a829000 JavaThread "Unconstrained build operations Thread 36" [_thread_blocked, id=11188, stack(0x000000f312900000,0x000000f312a00000)]
  0x000002ee7a831800 JavaThread "Unconstrained build operations Thread 37" [_thread_blocked, id=16880, stack(0x000000f312a00000,0x000000f312b00000)]
  0x000002ee7a832000 JavaThread "Unconstrained build operations Thread 38" [_thread_blocked, id=20344, stack(0x000000f312b00000,0x000000f312c00000)]
  0x000002ee7a834800 JavaThread "Unconstrained build operations Thread 39" [_thread_blocked, id=6884, stack(0x000000f312c00000,0x000000f312d00000)]
  0x000002ee7a835800 JavaThread "Unconstrained build operations Thread 40" [_thread_blocked, id=9532, stack(0x000000f312d00000,0x000000f312e00000)]
  0x000002ee7a82f800 JavaThread "build event listener" [_thread_blocked, id=17320, stack(0x000000f312f00000,0x000000f313000000)]
  0x000002ee7a830800 JavaThread "pool-11-thread-1" [_thread_blocked, id=3508, stack(0x000000f313100000,0x000000f313200000)]
  0x000002ee7a833000 JavaThread "build event listener" [_thread_blocked, id=14712, stack(0x000000f313300000,0x000000f313400000)]
  0x000002ee7a836000 JavaThread "Execution worker for ':'" [_thread_in_native, id=220, stack(0x000000f313400000,0x000000f313500000)]
  0x000002ee7a837000 JavaThread "Execution worker for ':' Thread 2" [_thread_blocked, id=10724, stack(0x000000f313500000,0x000000f313600000)]
  0x000002ee7a838000 JavaThread "Execution worker for ':' Thread 3" [_thread_blocked, id=984, stack(0x000000f313600000,0x000000f313700000)]
  0x000002ee7897c800 JavaThread "Cache worker for execution history cache (D:\Program Files\Grafco3\.gradle\7.3.3\executionHistory)" [_thread_blocked, id=13180, stack(0x000000f313700000,0x000000f313800000)]

Other Threads:
  0x000002ee76014800 VMThread "VM Thread" [stack: 0x000000f30df00000,0x000000f30e000000] [id=9276]
  0x000002ee76b8e800 WatcherThread [stack: 0x000000f30e900000,0x000000f30ea00000] [id=20212]
  0x000002ee5c43d000 GCTaskThread "GC Thread#0" [stack: 0x000000f30da00000,0x000000f30db00000] [id=5128]
  0x000002ee77149000 GCTaskThread "GC Thread#1" [stack: 0x000000f30ea00000,0x000000f30eb00000] [id=19856]
  0x000002ee76eec000 GCTaskThread "GC Thread#2" [stack: 0x000000f30eb00000,0x000000f30ec00000] [id=17428]
  0x000002ee79c6c800 GCTaskThread "GC Thread#3" [stack: 0x000000f30ef00000,0x000000f30f000000] [id=15060]
  0x000002ee5c46e800 ConcurrentGCThread "G1 Main Marker" [stack: 0x000000f30db00000,0x000000f30dc00000] [id=5816]
  0x000002ee5c470000 ConcurrentGCThread "G1 Conc#0" [stack: 0x000000f30dc00000,0x000000f30dd00000] [id=20372]
  0x000002ee75e70800 ConcurrentGCThread "G1 Refine#0" [stack: 0x000000f30dd00000,0x000000f30de00000] [id=15868]
  0x000002ee75e71800 ConcurrentGCThread "G1 Young RemSet Sampling" [stack: 0x000000f30de00000,0x000000f30df00000] [id=12612]

Threads with active compile tasks:
C2 CompilerThread0 527921 20148       4       org.gradle.internal.execution.steps.IdentifyStep::executeDeferred (13 bytes)

VM state:not at safepoint (normal execution)

VM Mutex/Monitor currently owned by a thread: None

Heap address: 0x0000000080000000, size: 2048 MB, Compressed Oops mode: 32-bit
Narrow klass base: 0x0000000000000000, Narrow klass shift: 3
Compressed class space size: 1073741824 Address: 0x0000000100000000

Heap:
 garbage-first heap   total 189440K, used 140886K [0x0000000080000000, 0x0000000100000000)
  region size 1024K, 28 young (28672K), 3 survivors (3072K)
 Metaspace       used 126654K, capacity 130156K, committed 130856K, reserved 1163264K
  class space    used 15767K, capacity 17091K, committed 17356K, reserved 1048576K
Heap Regions: E=young(eden), S=young(survivor), O=old, HS=humongous(starts), HC=humongous(continues), CS=collection set, F=free, A=archive, TAMS=top-at-mark-start (previous, next)
|   0|0x0000000080000000, 0x0000000080100000, 0x0000000080100000|100%|HS|  |TAMS 0x0000000080100000, 0x0000000080000000| Complete 
|   1|0x0000000080100000, 0x0000000080200000, 0x0000000080200000|100%|HC|  |TAMS 0x0000000080200000, 0x0000000080100000| Complete 
|   2|0x0000000080200000, 0x0000000080300000, 0x0000000080300000|100%|HC|  |TAMS 0x0000000080300000, 0x0000000080200000| Complete 
|   3|0x0000000080300000, 0x0000000080400000, 0x0000000080400000|100%| O|  |TAMS 0x0000000080400000, 0x0000000080300000| Untracked 
|   4|0x0000000080400000, 0x0000000080500000, 0x0000000080500000|100%| O|  |TAMS 0x0000000080500000, 0x0000000080400000| Untracked 
|   5|0x0000000080500000, 0x0000000080600000, 0x0000000080600000|100%| O|  |TAMS 0x0000000080600000, 0x0000000080500000| Untracked 
|   6|0x0000000080600000, 0x0000000080700000, 0x0000000080700000|100%| O|  |TAMS 0x0000000080700000, 0x0000000080600000| Untracked 
|   7|0x0000000080700000, 0x0000000080800000, 0x0000000080800000|100%| O|  |TAMS 0x0000000080800000, 0x0000000080700000| Untracked 
|   8|0x0000000080800000, 0x0000000080900000, 0x0000000080900000|100%| O|  |TAMS 0x0000000080900000, 0x0000000080800000| Untracked 
|   9|0x0000000080900000, 0x0000000080a00000, 0x0000000080a00000|100%| O|  |TAMS 0x0000000080a00000, 0x0000000080900000| Untracked 
|  10|0x0000000080a00000, 0x0000000080b00000, 0x0000000080b00000|100%| O|  |TAMS 0x0000000080b00000, 0x0000000080a00000| Untracked 
|  11|0x0000000080b00000, 0x0000000080c00000, 0x0000000080c00000|100%| O|  |TAMS 0x0000000080c00000, 0x0000000080b00000| Untracked 
|  12|0x0000000080c00000, 0x0000000080d00000, 0x0000000080d00000|100%| O|  |TAMS 0x0000000080d00000, 0x0000000080c00000| Untracked 
|  13|0x0000000080d00000, 0x0000000080e00000, 0x0000000080e00000|100%| O|  |TAMS 0x0000000080e00000, 0x0000000080d00000| Untracked 
|  14|0x0000000080e00000, 0x0000000080f00000, 0x0000000080f00000|100%| O|  |TAMS 0x0000000080f00000, 0x0000000080e00000| Untracked 
|  15|0x0000000080f00000, 0x0000000081000000, 0x0000000081000000|100%| O|  |TAMS 0x0000000081000000, 0x0000000080f00000| Untracked 
|  16|0x0000000081000000, 0x0000000081100000, 0x0000000081100000|100%|HS|  |TAMS 0x0000000081100000, 0x0000000081000000| Complete 
|  17|0x0000000081100000, 0x0000000081200000, 0x0000000081200000|100%| O|  |TAMS 0x0000000081200000, 0x0000000081100000| Untracked 
|  18|0x0000000081200000, 0x0000000081300000, 0x0000000081300000|100%| O|  |TAMS 0x0000000081300000, 0x0000000081200000| Untracked 
|  19|0x0000000081300000, 0x0000000081400000, 0x0000000081400000|100%| O|  |TAMS 0x0000000081400000, 0x0000000081300000| Untracked 
|  20|0x0000000081400000, 0x0000000081500000, 0x0000000081500000|100%| O|  |TAMS 0x0000000081500000, 0x0000000081400000| Untracked 
|  21|0x0000000081500000, 0x0000000081600000, 0x0000000081600000|100%| O|  |TAMS 0x0000000081600000, 0x0000000081500000| Untracked 
|  22|0x0000000081600000, 0x0000000081700000, 0x0000000081700000|100%| O|  |TAMS 0x0000000081700000, 0x0000000081600000| Untracked 
|  23|0x0000000081700000, 0x0000000081800000, 0x0000000081800000|100%| O|  |TAMS 0x0000000081800000, 0x0000000081700000| Untracked 
|  24|0x0000000081800000, 0x0000000081900000, 0x0000000081900000|100%| O|  |TAMS 0x0000000081900000, 0x0000000081800000| Untracked 
|  25|0x0000000081900000, 0x0000000081a00000, 0x0000000081a00000|100%| O|  |TAMS 0x0000000081a00000, 0x0000000081900000| Untracked 
|  26|0x0000000081a00000, 0x0000000081b00000, 0x0000000081b00000|100%| O|  |TAMS 0x0000000081b00000, 0x0000000081a00000| Untracked 
|  27|0x0000000081b00000, 0x0000000081c00000, 0x0000000081c00000|100%|HS|  |TAMS 0x0000000081c00000, 0x0000000081b00000| Complete 
|  28|0x0000000081c00000, 0x0000000081d00000, 0x0000000081d00000|100%|HS|  |TAMS 0x0000000081d00000, 0x0000000081c00000| Complete 
|  29|0x0000000081d00000, 0x0000000081e00000, 0x0000000081e00000|100%|HC|  |TAMS 0x0000000081e00000, 0x0000000081d00000| Complete 
|  30|0x0000000081e00000, 0x0000000081f00000, 0x0000000081f00000|100%| O|  |TAMS 0x0000000081f00000, 0x0000000081e00000| Untracked 
|  31|0x0000000081f00000, 0x0000000082000000, 0x0000000082000000|100%| O|  |TAMS 0x0000000082000000, 0x0000000081f00000| Untracked 
|  32|0x0000000082000000, 0x0000000082100000, 0x0000000082100000|100%| O|  |TAMS 0x0000000082100000, 0x0000000082000000| Untracked 
|  33|0x0000000082100000, 0x0000000082200000, 0x0000000082200000|100%| O|  |TAMS 0x0000000082200000, 0x0000000082100000| Untracked 
|  34|0x0000000082200000, 0x0000000082300000, 0x0000000082300000|100%| O|  |TAMS 0x0000000082300000, 0x0000000082200000| Untracked 
|  35|0x0000000082300000, 0x0000000082400000, 0x0000000082400000|100%| O|  |TAMS 0x0000000082400000, 0x0000000082300000| Untracked 
|  36|0x0000000082400000, 0x0000000082500000, 0x0000000082500000|100%| O|  |TAMS 0x0000000082500000, 0x0000000082400000| Untracked 
|  37|0x0000000082500000, 0x0000000082600000, 0x0000000082600000|100%| O|  |TAMS 0x0000000082600000, 0x0000000082500000| Untracked 
|  38|0x0000000082600000, 0x0000000082700000, 0x0000000082700000|100%| O|  |TAMS 0x0000000082700000, 0x0000000082600000| Untracked 
|  39|0x0000000082700000, 0x0000000082800000, 0x0000000082800000|100%| O|  |TAMS 0x0000000082800000, 0x0000000082700000| Untracked 
|  40|0x0000000082800000, 0x0000000082900000, 0x0000000082900000|100%| O|  |TAMS 0x0000000082900000, 0x0000000082800000| Untracked 
|  41|0x0000000082900000, 0x0000000082a00000, 0x0000000082a00000|100%| O|  |TAMS 0x0000000082a00000, 0x0000000082900000| Untracked 
|  42|0x0000000082a00000, 0x0000000082b00000, 0x0000000082b00000|100%| O|  |TAMS 0x0000000082b00000, 0x0000000082a00000| Untracked 
|  43|0x0000000082b00000, 0x0000000082c00000, 0x0000000082c00000|100%| O|  |TAMS 0x0000000082c00000, 0x0000000082b00000| Untracked 
|  44|0x0000000082c00000, 0x0000000082d00000, 0x0000000082d00000|100%| O|  |TAMS 0x0000000082d00000, 0x0000000082c00000| Untracked 
|  45|0x0000000082d00000, 0x0000000082e00000, 0x0000000082e00000|100%| O|  |TAMS 0x0000000082e00000, 0x0000000082d00000| Untracked 
|  46|0x0000000082e00000, 0x0000000082f00000, 0x0000000082f00000|100%| O|  |TAMS 0x0000000082f00000, 0x0000000082e00000| Untracked 
|  47|0x0000000082f00000, 0x0000000083000000, 0x0000000083000000|100%| O|  |TAMS 0x0000000083000000, 0x0000000082f00000| Untracked 
|  48|0x0000000083000000, 0x0000000083100000, 0x0000000083100000|100%| O|  |TAMS 0x0000000083100000, 0x0000000083000000| Untracked 
|  49|0x0000000083100000, 0x0000000083200000, 0x0000000083200000|100%| O|  |TAMS 0x0000000083200000, 0x0000000083100000| Untracked 
|  50|0x0000000083200000, 0x0000000083300000, 0x0000000083300000|100%| O|  |TAMS 0x0000000083300000, 0x0000000083200000| Untracked 
|  51|0x0000000083300000, 0x0000000083400000, 0x0000000083400000|100%| O|  |TAMS 0x0000000083400000, 0x0000000083300000| Untracked 
|  52|0x0000000083400000, 0x0000000083500000, 0x0000000083500000|100%| O|  |TAMS 0x0000000083500000, 0x0000000083400000| Untracked 
|  53|0x0000000083500000, 0x0000000083600000, 0x0000000083600000|100%| O|  |TAMS 0x0000000083600000, 0x0000000083500000| Untracked 
|  54|0x0000000083600000, 0x0000000083700000, 0x0000000083700000|100%| O|  |TAMS 0x0000000083700000, 0x0000000083600000| Untracked 
|  55|0x0000000083700000, 0x0000000083800000, 0x0000000083800000|100%| O|  |TAMS 0x0000000083800000, 0x0000000083700000| Untracked 
|  56|0x0000000083800000, 0x0000000083900000, 0x0000000083900000|100%| O|  |TAMS 0x0000000083900000, 0x0000000083800000| Untracked 
|  57|0x0000000083900000, 0x0000000083a00000, 0x0000000083a00000|100%| O|  |TAMS 0x0000000083a00000, 0x0000000083900000| Untracked 
|  58|0x0000000083a00000, 0x0000000083b00000, 0x0000000083b00000|100%| O|  |TAMS 0x0000000083b00000, 0x0000000083a00000| Untracked 
|  59|0x0000000083b00000, 0x0000000083c00000, 0x0000000083c00000|100%| O|  |TAMS 0x0000000083c00000, 0x0000000083b00000| Untracked 
|  60|0x0000000083c00000, 0x0000000083d00000, 0x0000000083d00000|100%| O|  |TAMS 0x0000000083d00000, 0x0000000083c00000| Untracked 
|  61|0x0000000083d00000, 0x0000000083e00000, 0x0000000083e00000|100%| O|  |TAMS 0x0000000083e00000, 0x0000000083d00000| Untracked 
|  62|0x0000000083e00000, 0x0000000083f00000, 0x0000000083f00000|100%| O|  |TAMS 0x0000000083f00000, 0x0000000083e00000| Untracked 
|  63|0x0000000083f00000, 0x0000000084000000, 0x0000000084000000|100%| O|  |TAMS 0x0000000084000000, 0x0000000083f00000| Untracked 
|  64|0x0000000084000000, 0x0000000084100000, 0x0000000084100000|100%| O|  |TAMS 0x0000000084100000, 0x0000000084000000| Untracked 
|  65|0x0000000084100000, 0x0000000084200000, 0x0000000084200000|100%| O|  |TAMS 0x0000000084200000, 0x0000000084100000| Untracked 
|  66|0x0000000084200000, 0x0000000084300000, 0x0000000084300000|100%| O|  |TAMS 0x0000000084300000, 0x0000000084200000| Untracked 
|  67|0x0000000084300000, 0x0000000084400000, 0x0000000084400000|100%| O|  |TAMS 0x0000000084400000, 0x0000000084300000| Untracked 
|  68|0x0000000084400000, 0x0000000084500000, 0x0000000084500000|100%| O|  |TAMS 0x0000000084400000, 0x0000000084400000| Untracked 
|  69|0x0000000084500000, 0x0000000084600000, 0x0000000084600000|100%| O|  |TAMS 0x0000000084600000, 0x0000000084500000| Untracked 
|  70|0x0000000084600000, 0x0000000084700000, 0x0000000084700000|100%| O|  |TAMS 0x0000000084700000, 0x0000000084600000| Untracked 
|  71|0x0000000084700000, 0x0000000084800000, 0x0000000084800000|100%| O|  |TAMS 0x0000000084800000, 0x0000000084700000| Untracked 
|  72|0x0000000084800000, 0x0000000084900000, 0x0000000084900000|100%| O|  |TAMS 0x0000000084900000, 0x0000000084800000| Untracked 
|  73|0x0000000084900000, 0x0000000084a00000, 0x0000000084a00000|100%| O|  |TAMS 0x0000000084a00000, 0x0000000084900000| Untracked 
|  74|0x0000000084a00000, 0x0000000084b00000, 0x0000000084b00000|100%| O|  |TAMS 0x0000000084b00000, 0x0000000084a00000| Untracked 
|  75|0x0000000084b00000, 0x0000000084c00000, 0x0000000084c00000|100%| O|  |TAMS 0x0000000084c00000, 0x0000000084b00000| Untracked 
|  76|0x0000000084c00000, 0x0000000084d00000, 0x0000000084d00000|100%| O|  |TAMS 0x0000000084d00000, 0x0000000084c00000| Untracked 
|  77|0x0000000084d00000, 0x0000000084e00000, 0x0000000084e00000|100%| O|  |TAMS 0x0000000084e00000, 0x0000000084d00000| Untracked 
|  78|0x0000000084e00000, 0x0000000084f00000, 0x0000000084f00000|100%| O|  |TAMS 0x0000000084f00000, 0x0000000084e00000| Untracked 
|  79|0x0000000084f00000, 0x0000000085000000, 0x0000000085000000|100%| O|  |TAMS 0x0000000084f00000, 0x0000000084f00000| Untracked 
|  80|0x0000000085000000, 0x0000000085100000, 0x0000000085100000|100%| O|  |TAMS 0x0000000085000000, 0x0000000085000000| Untracked 
|  81|0x0000000085100000, 0x0000000085200000, 0x0000000085200000|100%| O|  |TAMS 0x0000000085200000, 0x0000000085100000| Untracked 
|  82|0x0000000085200000, 0x0000000085300000, 0x0000000085300000|100%| O|  |TAMS 0x0000000085300000, 0x0000000085200000| Untracked 
|  83|0x0000000085300000, 0x0000000085400000, 0x0000000085400000|100%| O|  |TAMS 0x0000000085300000, 0x0000000085300000| Untracked 
|  84|0x0000000085400000, 0x0000000085500000, 0x0000000085500000|100%| O|  |TAMS 0x0000000085500000, 0x0000000085400000| Untracked 
|  85|0x0000000085500000, 0x0000000085600000, 0x0000000085600000|100%| O|  |TAMS 0x0000000085600000, 0x0000000085500000| Untracked 
|  86|0x0000000085600000, 0x0000000085700000, 0x0000000085700000|100%| O|  |TAMS 0x0000000085700000, 0x0000000085600000| Untracked 
|  87|0x0000000085700000, 0x0000000085800000, 0x0000000085800000|100%| O|  |TAMS 0x0000000085800000, 0x0000000085700000| Untracked 
|  88|0x0000000085800000, 0x0000000085900000, 0x0000000085900000|100%| O|  |TAMS 0x0000000085900000, 0x0000000085800000| Untracked 
|  89|0x0000000085900000, 0x0000000085a00000, 0x0000000085a00000|100%| O|  |TAMS 0x0000000085a00000, 0x0000000085900000| Untracked 
|  90|0x0000000085a00000, 0x0000000085b00000, 0x0000000085b00000|100%| O|  |TAMS 0x0000000085b00000, 0x0000000085a00000| Untracked 
|  91|0x0000000085b00000, 0x0000000085c00000, 0x0000000085c00000|100%| O|  |TAMS 0x0000000085c00000, 0x0000000085b00000| Untracked 
|  92|0x0000000085c00000, 0x0000000085d00000, 0x0000000085d00000|100%| O|  |TAMS 0x0000000085d00000, 0x0000000085c00000| Untracked 
|  93|0x0000000085d00000, 0x0000000085e00000, 0x0000000085e00000|100%| O|  |TAMS 0x0000000085e00000, 0x0000000085d00000| Untracked 
|  94|0x0000000085e00000, 0x0000000085f00000, 0x0000000085f00000|100%| O|  |TAMS 0x0000000085f00000, 0x0000000085e00000| Untracked 
|  95|0x0000000085f00000, 0x0000000086000000, 0x0000000086000000|100%| O|  |TAMS 0x0000000086000000, 0x0000000085f00000| Untracked 
|  96|0x0000000086000000, 0x0000000086100000, 0x0000000086100000|100%| O|  |TAMS 0x0000000086000000, 0x0000000086000000| Untracked 
|  97|0x0000000086100000, 0x0000000086200000, 0x0000000086200000|100%| O|  |TAMS 0x0000000086100000, 0x0000000086100000| Untracked 
|  98|0x0000000086200000, 0x0000000086300000, 0x0000000086300000|100%| O|  |TAMS 0x0000000086200000, 0x0000000086200000| Untracked 
|  99|0x0000000086300000, 0x000000008634e200, 0x0000000086400000| 30%| O|  |TAMS 0x0000000086300000, 0x0000000086300000| Untracked 
| 100|0x0000000086400000, 0x0000000086400000, 0x0000000086500000|  0%| F|  |TAMS 0x0000000086400000, 0x0000000086400000| Untracked 
| 101|0x0000000086500000, 0x0000000086500000, 0x0000000086600000|  0%| F|  |TAMS 0x0000000086500000, 0x0000000086500000| Untracked 
| 102|0x0000000086600000, 0x0000000086600000, 0x0000000086700000|  0%| F|  |TAMS 0x0000000086600000, 0x0000000086600000| Untracked 
| 103|0x0000000086700000, 0x0000000086700000, 0x0000000086800000|  0%| F|  |TAMS 0x0000000086700000, 0x0000000086700000| Untracked 
| 104|0x0000000086800000, 0x0000000086900000, 0x0000000086900000|100%| O|  |TAMS 0x0000000086800000, 0x0000000086800000| Untracked 
| 105|0x0000000086900000, 0x0000000086900000, 0x0000000086a00000|  0%| F|  |TAMS 0x0000000086900000, 0x0000000086900000| Untracked 
| 106|0x0000000086a00000, 0x0000000086a00000, 0x0000000086b00000|  0%| F|  |TAMS 0x0000000086a00000, 0x0000000086a00000| Untracked 
| 107|0x0000000086b00000, 0x0000000086b00000, 0x0000000086c00000|  0%| F|  |TAMS 0x0000000086b00000, 0x0000000086b00000| Untracked 
| 108|0x0000000086c00000, 0x0000000086c00000, 0x0000000086d00000|  0%| F|  |TAMS 0x0000000086c00000, 0x0000000086c00000| Untracked 
| 109|0x0000000086d00000, 0x0000000086d00000, 0x0000000086e00000|  0%| F|  |TAMS 0x0000000086d00000, 0x0000000086d00000| Untracked 
| 110|0x0000000086e00000, 0x0000000086e00000, 0x0000000086f00000|  0%| F|  |TAMS 0x0000000086e00000, 0x0000000086e00000| Untracked 
| 111|0x0000000086f00000, 0x0000000087000000, 0x0000000087000000|100%| O|  |TAMS 0x0000000086f00000, 0x0000000086f00000| Untracked 
| 112|0x0000000087000000, 0x0000000087000000, 0x0000000087100000|  0%| F|  |TAMS 0x0000000087000000, 0x0000000087000000| Untracked 
| 113|0x0000000087100000, 0x0000000087100000, 0x0000000087200000|  0%| F|  |TAMS 0x0000000087100000, 0x0000000087100000| Untracked 
| 114|0x0000000087200000, 0x0000000087200000, 0x0000000087300000|  0%| F|  |TAMS 0x0000000087200000, 0x0000000087200000| Untracked 
| 115|0x0000000087300000, 0x0000000087300000, 0x0000000087400000|  0%| F|  |TAMS 0x0000000087300000, 0x0000000087300000| Untracked 
| 116|0x0000000087400000, 0x0000000087500000, 0x0000000087500000|100%| O|  |TAMS 0x0000000087500000, 0x0000000087400000| Untracked 
| 117|0x0000000087500000, 0x0000000087500000, 0x0000000087600000|  0%| F|  |TAMS 0x0000000087500000, 0x0000000087500000| Untracked 
| 118|0x0000000087600000, 0x0000000087600000, 0x0000000087700000|  0%| F|  |TAMS 0x0000000087600000, 0x0000000087600000| Untracked 
| 119|0x0000000087700000, 0x0000000087700000, 0x0000000087800000|  0%| F|  |TAMS 0x0000000087700000, 0x0000000087700000| Untracked 
| 120|0x0000000087800000, 0x0000000087800000, 0x0000000087900000|  0%| F|  |TAMS 0x0000000087800000, 0x0000000087800000| Untracked 
| 121|0x0000000087900000, 0x0000000087900000, 0x0000000087a00000|  0%| F|  |TAMS 0x0000000087900000, 0x0000000087900000| Untracked 
| 122|0x0000000087a00000, 0x0000000087a00000, 0x0000000087b00000|  0%| F|  |TAMS 0x0000000087a00000, 0x0000000087a00000| Untracked 
| 123|0x0000000087b00000, 0x0000000087c00000, 0x0000000087c00000|100%| O|  |TAMS 0x0000000087b00000, 0x0000000087b00000| Untracked 
| 124|0x0000000087c00000, 0x0000000087d00000, 0x0000000087d00000|100%| O|  |TAMS 0x0000000087c00000, 0x0000000087c00000| Untracked 
| 125|0x0000000087d00000, 0x0000000087d00000, 0x0000000087e00000|  0%| F|  |TAMS 0x0000000087d00000, 0x0000000087d00000| Untracked 
| 126|0x0000000087e00000, 0x0000000087e00000, 0x0000000087f00000|  0%| F|  |TAMS 0x0000000087e00000, 0x0000000087e00000| Untracked 
| 127|0x0000000087f00000, 0x0000000088000000, 0x0000000088000000|100%| O|  |TAMS 0x0000000088000000, 0x0000000087f00000| Untracked 
| 128|0x0000000088000000, 0x0000000088100000, 0x0000000088100000|100%| O|  |TAMS 0x0000000088100000, 0x0000000088000000| Untracked 
| 129|0x0000000088100000, 0x0000000088200000, 0x0000000088200000|100%| O|  |TAMS 0x0000000088200000, 0x0000000088100000| Untracked 
| 130|0x0000000088200000, 0x0000000088300000, 0x0000000088300000|100%| O|  |TAMS 0x0000000088300000, 0x0000000088200000| Untracked 
| 131|0x0000000088300000, 0x0000000088400000, 0x0000000088400000|100%| O|  |TAMS 0x0000000088400000, 0x0000000088300000| Untracked 
| 132|0x0000000088400000, 0x0000000088500000, 0x0000000088500000|100%| O|  |TAMS 0x0000000088500000, 0x0000000088400000| Untracked 
| 133|0x0000000088500000, 0x0000000088500000, 0x0000000088600000|  0%| F|  |TAMS 0x0000000088500000, 0x0000000088500000| Untracked 
| 134|0x0000000088600000, 0x0000000088700000, 0x0000000088700000|100%| O|  |TAMS 0x0000000088690200, 0x0000000088600000| Untracked 
| 135|0x0000000088700000, 0x0000000088700000, 0x0000000088800000|  0%| F|  |TAMS 0x0000000088700000, 0x0000000088700000| Untracked 
| 136|0x0000000088800000, 0x0000000088800000, 0x0000000088900000|  0%| F|  |TAMS 0x0000000088800000, 0x0000000088800000| Untracked 
| 137|0x0000000088900000, 0x0000000088900000, 0x0000000088a00000|  0%| F|  |TAMS 0x0000000088900000, 0x0000000088900000| Untracked 
| 138|0x0000000088a00000, 0x0000000088a00000, 0x0000000088b00000|  0%| F|  |TAMS 0x0000000088a00000, 0x0000000088a00000| Untracked 
| 139|0x0000000088b00000, 0x0000000088b00000, 0x0000000088c00000|  0%| F|  |TAMS 0x0000000088b00000, 0x0000000088b00000| Untracked 
| 140|0x0000000088c00000, 0x0000000088c00000, 0x0000000088d00000|  0%| F|  |TAMS 0x0000000088c00000, 0x0000000088c00000| Untracked 
| 141|0x0000000088d00000, 0x0000000088d00000, 0x0000000088e00000|  0%| F|  |TAMS 0x0000000088d00000, 0x0000000088d00000| Untracked 
| 142|0x0000000088e00000, 0x0000000088e00000, 0x0000000088f00000|  0%| F|  |TAMS 0x0000000088e00000, 0x0000000088e00000| Untracked 
| 143|0x0000000088f00000, 0x0000000088f00000, 0x0000000089000000|  0%| F|  |TAMS 0x0000000088f00000, 0x0000000088f00000| Untracked 
| 144|0x0000000089000000, 0x0000000089000000, 0x0000000089100000|  0%| F|  |TAMS 0x0000000089000000, 0x0000000089000000| Untracked 
| 145|0x0000000089100000, 0x0000000089100000, 0x0000000089200000|  0%| F|  |TAMS 0x0000000089100000, 0x0000000089100000| Untracked 
| 146|0x0000000089200000, 0x0000000089200000, 0x0000000089300000|  0%| F|  |TAMS 0x0000000089200000, 0x0000000089200000| Untracked 
| 147|0x0000000089300000, 0x0000000089300000, 0x0000000089400000|  0%| F|  |TAMS 0x0000000089300000, 0x0000000089300000| Untracked 
| 148|0x0000000089400000, 0x0000000089400000, 0x0000000089500000|  0%| F|  |TAMS 0x0000000089400000, 0x0000000089400000| Untracked 
| 149|0x0000000089500000, 0x0000000089500000, 0x0000000089600000|  0%| F|  |TAMS 0x0000000089500000, 0x0000000089500000| Untracked 
| 150|0x0000000089600000, 0x0000000089647750, 0x0000000089700000| 27%| S|CS|TAMS 0x0000000089600000, 0x0000000089600000| Complete 
| 151|0x0000000089700000, 0x0000000089800000, 0x0000000089800000|100%| S|CS|TAMS 0x0000000089700000, 0x0000000089700000| Complete 
| 152|0x0000000089800000, 0x0000000089900000, 0x0000000089900000|100%| S|CS|TAMS 0x0000000089800000, 0x0000000089800000| Complete 
| 153|0x0000000089900000, 0x0000000089900000, 0x0000000089a00000|  0%| F|  |TAMS 0x0000000089900000, 0x0000000089900000| Untracked 
| 154|0x0000000089a00000, 0x0000000089a00000, 0x0000000089b00000|  0%| F|  |TAMS 0x0000000089a00000, 0x0000000089a00000| Untracked 
| 155|0x0000000089b00000, 0x0000000089b00000, 0x0000000089c00000|  0%| F|  |TAMS 0x0000000089b00000, 0x0000000089b00000| Untracked 
| 156|0x0000000089c00000, 0x0000000089c00000, 0x0000000089d00000|  0%| F|  |TAMS 0x0000000089c00000, 0x0000000089c00000| Untracked 
| 157|0x0000000089d00000, 0x0000000089d00000, 0x0000000089e00000|  0%| F|  |TAMS 0x0000000089d00000, 0x0000000089d00000| Untracked 
| 158|0x0000000089e00000, 0x0000000089e00000, 0x0000000089f00000|  0%| F|  |TAMS 0x0000000089e00000, 0x0000000089e00000| Untracked 
| 159|0x0000000089f00000, 0x0000000089f00000, 0x000000008a000000|  0%| F|  |TAMS 0x0000000089f00000, 0x0000000089f00000| Untracked 
| 160|0x000000008a000000, 0x000000008a0ed500, 0x000000008a100000| 92%| E|  |TAMS 0x000000008a000000, 0x000000008a000000| Complete 
| 161|0x000000008a100000, 0x000000008a200000, 0x000000008a200000|100%| E|CS|TAMS 0x000000008a100000, 0x000000008a100000| Complete 
| 162|0x000000008a200000, 0x000000008a300000, 0x000000008a300000|100%| E|CS|TAMS 0x000000008a200000, 0x000000008a200000| Complete 
| 163|0x000000008a300000, 0x000000008a400000, 0x000000008a400000|100%| E|CS|TAMS 0x000000008a300000, 0x000000008a300000| Complete 
| 164|0x000000008a400000, 0x000000008a500000, 0x000000008a500000|100%| E|CS|TAMS 0x000000008a400000, 0x000000008a400000| Complete 
| 165|0x000000008a500000, 0x000000008a600000, 0x000000008a600000|100%| E|CS|TAMS 0x000000008a500000, 0x000000008a500000| Complete 
| 166|0x000000008a600000, 0x000000008a700000, 0x000000008a700000|100%| E|CS|TAMS 0x000000008a600000, 0x000000008a600000| Complete 
| 167|0x000000008a700000, 0x000000008a800000, 0x000000008a800000|100%| E|CS|TAMS 0x000000008a700000, 0x000000008a700000| Complete 
| 168|0x000000008a800000, 0x000000008a900000, 0x000000008a900000|100%| E|CS|TAMS 0x000000008a800000, 0x000000008a800000| Complete 
| 169|0x000000008a900000, 0x000000008aa00000, 0x000000008aa00000|100%| E|CS|TAMS 0x000000008a900000, 0x000000008a900000| Complete 
| 170|0x000000008aa00000, 0x000000008ab00000, 0x000000008ab00000|100%| E|CS|TAMS 0x000000008aa00000, 0x000000008aa00000| Complete 
| 171|0x000000008ab00000, 0x000000008ac00000, 0x000000008ac00000|100%| E|CS|TAMS 0x000000008ab00000, 0x000000008ab00000| Complete 
| 172|0x000000008ac00000, 0x000000008ad00000, 0x000000008ad00000|100%| E|CS|TAMS 0x000000008ac00000, 0x000000008ac00000| Complete 
| 173|0x000000008ad00000, 0x000000008ae00000, 0x000000008ae00000|100%| E|CS|TAMS 0x000000008ad00000, 0x000000008ad00000| Complete 
| 174|0x000000008ae00000, 0x000000008af00000, 0x000000008af00000|100%| E|CS|TAMS 0x000000008ae00000, 0x000000008ae00000| Complete 
| 175|0x000000008af00000, 0x000000008b000000, 0x000000008b000000|100%| E|CS|TAMS 0x000000008af00000, 0x000000008af00000| Complete 
| 176|0x000000008b000000, 0x000000008b100000, 0x000000008b100000|100%| E|CS|TAMS 0x000000008b000000, 0x000000008b000000| Complete 
| 177|0x000000008b100000, 0x000000008b200000, 0x000000008b200000|100%| E|CS|TAMS 0x000000008b100000, 0x000000008b100000| Complete 
| 178|0x000000008b200000, 0x000000008b300000, 0x000000008b300000|100%| E|CS|TAMS 0x000000008b200000, 0x000000008b200000| Complete 
| 179|0x000000008b300000, 0x000000008b400000, 0x000000008b400000|100%| E|CS|TAMS 0x000000008b300000, 0x000000008b300000| Complete 
| 180|0x000000008b400000, 0x000000008b500000, 0x000000008b500000|100%| E|CS|TAMS 0x000000008b400000, 0x000000008b400000| Complete 
| 181|0x000000008b500000, 0x000000008b600000, 0x000000008b600000|100%| E|CS|TAMS 0x000000008b500000, 0x000000008b500000| Complete 
| 182|0x000000008b600000, 0x000000008b700000, 0x000000008b700000|100%| E|CS|TAMS 0x000000008b600000, 0x000000008b600000| Complete 
| 183|0x000000008b700000, 0x000000008b800000, 0x000000008b800000|100%| E|CS|TAMS 0x000000008b700000, 0x000000008b700000| Complete 
| 184|0x000000008b800000, 0x000000008b900000, 0x000000008b900000|100%| E|CS|TAMS 0x000000008b800000, 0x000000008b800000| Complete 

Card table byte_map: [0x000002ee6f330000,0x000002ee6f730000] _byte_map_base: 0x000002ee6ef30000

Marking Bits (Prev, Next): (CMBitMap*) 0x000002ee5c4659d8, (CMBitMap*) 0x000002ee5c465a10
 Prev Bits: [0x000002ee6fb30000, 0x000002ee71b30000)
 Next Bits: [0x000002ee71b30000, 0x000002ee73b30000)

Polling page: 0x000002ee5bc00000

Metaspace:

Usage:
  Non-class:    110.42 MB capacity,   108.29 MB ( 98%) used,     1.71 MB (  2%) free+waste,   424.19 KB ( <1%) overhead. 
      Class:     16.69 MB capacity,    15.40 MB ( 92%) used,     1.11 MB (  7%) free+waste,   186.44 KB (  1%) overhead. 
       Both:    127.11 MB capacity,   123.69 MB ( 97%) used,     2.82 MB (  2%) free+waste,   610.63 KB ( <1%) overhead. 

Virtual space:
  Non-class space:      112.00 MB reserved,     110.84 MB ( 99%) committed 
      Class space:        1.00 GB reserved,      16.95 MB (  2%) committed 
             Both:        1.11 GB reserved,     127.79 MB ( 11%) committed 

Chunk freelists:
   Non-Class:  243.00 KB
       Class:  253.00 KB
        Both:  496.00 KB

MaxMetaspaceSize: 17179869184.00 GB
CompressedClassSpaceSize: 1.00 GB
Initial GC threshold: 20.80 MB
Current GC threshold: 202.57 MB
CDS: off

CodeHeap 'non-profiled nmethods': size=120064Kb used=12153Kb max_used=12153Kb free=107910Kb
 bounds [0x000002ee679f0000, 0x000002ee685d0000, 0x000002ee6ef30000]
CodeHeap 'profiled nmethods': size=120000Kb used=42269Kb max_used=42269Kb free=77730Kb
 bounds [0x000002ee604c0000, 0x000002ee62e10000, 0x000002ee679f0000]
CodeHeap 'non-nmethods': size=5696Kb used=2455Kb max_used=2516Kb free=3240Kb
 bounds [0x000002ee5ff30000, 0x000002ee601c0000, 0x000002ee604c0000]
 total_blobs=20137 nmethods=19153 adapters=895
 compilation: enabled
              stopped_count=0, restarted_count=0
 full_count=0

Compilation events (20 events):
Event: 527.465 Thread 0x000002ee7604c800 20169       3       org.gradle.internal.snapshot.impl.ImplementationSnapshot::isLambdaClassName (7 bytes)
Event: 527.465 Thread 0x000002ee7604c800 nmethod 20169 0x000002ee62dff090 code [0x000002ee62dff260, 0x000002ee62dff4a8]
Event: 527.465 Thread 0x000002ee7604c800 20170       3       com.google.common.collect.ImmutableMultimap::asMap (5 bytes)
Event: 527.465 Thread 0x000002ee7604c800 nmethod 20170 0x000002ee62dff610 code [0x000002ee62dff7c0, 0x000002ee62dff958]
Event: 527.466 Thread 0x000002ee7604c800 20171       3       org.gradle.internal.execution.steps.ValidateStep::execute (238 bytes)
Event: 527.471 Thread 0x000002ee7604c800 nmethod 20171 0x000002ee62dffa10 code [0x000002ee62e000c0, 0x000002ee62e03a08]
Event: 527.471 Thread 0x000002ee7604c800 20172       3       org.gradle.internal.build.event.types.DefaultTaskSuccessResult::<init> (25 bytes)
Event: 527.472 Thread 0x000002ee7604c800 nmethod 20172 0x000002ee62e04e90 code [0x000002ee62e05060, 0x000002ee62e05378]
Event: 527.472 Thread 0x000002ee7604c800 20173       3       org.gradle.api.internal.tasks.properties.bean.RuntimeBeanNodeFactory::create (90 bytes)
Event: 527.475 Thread 0x000002ee7604c800 nmethod 20173 0x000002ee62e05510 code [0x000002ee62e05900, 0x000002ee62e07d38]
Event: 527.488 Thread 0x000002ee7604c800 20174       3       org.gradle.api.internal.tasks.TaskStateInternal::isFromCache (16 bytes)
Event: 527.489 Thread 0x000002ee7604c800 nmethod 20174 0x000002ee62e08690 code [0x000002ee62e08840, 0x000002ee62e089b8]
Event: 527.492 Thread 0x000002ee7604c800 20175       1       org.gradle.execution.plan.ExecutionNodeAccessHierarchy$DefaultNodeAccess::getNode (5 bytes)
Event: 527.492 Thread 0x000002ee7604c800 nmethod 20175 0x000002ee685bc990 code [0x000002ee685bcb40, 0x000002ee685bcbf8]
Event: 527.496 Thread 0x000002ee7604c800 20176       1       java.util.stream.Streams$RangeIntSpliterator::characteristics (4 bytes)
Event: 527.497 Thread 0x000002ee7604c800 nmethod 20176 0x000002ee685bcc90 code [0x000002ee685bce40, 0x000002ee685bcef8]
Event: 527.497 Thread 0x000002ee7604c800 20177       3       org.gradle.execution.plan.TaskNodeFactory$DefaultTypeOriginInspectorFactory$ProjectScopedTypeOriginInspector::findPluginDefining (21 bytes)
Event: 527.498 Thread 0x000002ee7604c800 nmethod 20177 0x000002ee62e08a90 code [0x000002ee62e08ca0, 0x000002ee62e093a8]
Event: 527.533 Thread 0x000002ee7604c800 20178       3       java.io.Bits::putBoolean (14 bytes)
Event: 527.533 Thread 0x000002ee7604c800 nmethod 20178 0x000002ee62e09610 code [0x000002ee62e097c0, 0x000002ee62e09918]

GC Heap History (20 events):
Event: 176.023 GC heap before
{Heap before GC invocations=68 (full 0):
 garbage-first heap   total 157696K, used 137496K [0x0000000080000000, 0x0000000100000000)
  region size 1024K, 7 young (7168K), 1 survivors (1024K)
 Metaspace       used 120134K, capacity 123764K, committed 123944K, reserved 1157120K
  class space    used 15355K, capacity 16736K, committed 16844K, reserved 1048576K
}
Event: 176.030 GC heap after
{Heap after GC invocations=69 (full 0):
 garbage-first heap   total 157696K, used 134101K [0x0000000080000000, 0x0000000100000000)
  region size 1024K, 1 young (1024K), 1 survivors (1024K)
 Metaspace       used 120134K, capacity 123764K, committed 123944K, reserved 1157120K
  class space    used 15355K, capacity 16736K, committed 16844K, reserved 1048576K
}
Event: 176.329 GC heap before
{Heap before GC invocations=69 (full 0):
 garbage-first heap   total 157696K, used 139221K [0x0000000080000000, 0x0000000100000000)
  region size 1024K, 7 young (7168K), 1 survivors (1024K)
 Metaspace       used 120499K, capacity 124073K, committed 124200K, reserved 1157120K
  class space    used 15407K, capacity 16772K, committed 16844K, reserved 1048576K
}
Event: 176.340 GC heap after
{Heap after GC invocations=70 (full 0):
 garbage-first heap   total 157696K, used 136954K [0x0000000080000000, 0x0000000100000000)
  region size 1024K, 1 young (1024K), 1 survivors (1024K)
 Metaspace       used 120499K, capacity 124073K, committed 124200K, reserved 1157120K
  class space    used 15407K, capacity 16772K, committed 16844K, reserved 1048576K
}
Event: 176.656 GC heap before
{Heap before GC invocations=70 (full 0):
 garbage-first heap   total 157696K, used 142074K [0x0000000080000000, 0x0000000100000000)
  region size 1024K, 7 young (7168K), 1 survivors (1024K)
 Metaspace       used 120603K, capacity 124163K, committed 124456K, reserved 1157120K
  class space    used 15407K, capacity 16772K, committed 16844K, reserved 1048576K
}
Event: 176.662 GC heap after
{Heap after GC invocations=71 (full 0):
 garbage-first heap   total 157696K, used 138816K [0x0000000080000000, 0x0000000100000000)
  region size 1024K, 1 young (1024K), 1 survivors (1024K)
 Metaspace       used 120603K, capacity 124163K, committed 124456K, reserved 1157120K
  class space    used 15407K, capacity 16772K, committed 16844K, reserved 1048576K
}
Event: 177.430 GC heap before
{Heap before GC invocations=72 (full 0):
 garbage-first heap   total 157696K, used 142912K [0x0000000080000000, 0x0000000100000000)
  region size 1024K, 7 young (7168K), 1 survivors (1024K)
 Metaspace       used 120087K, capacity 123404K, committed 124456K, reserved 1157120K
  class space    used 15207K, capacity 16425K, committed 16844K, reserved 1048576K
}
Event: 177.436 GC heap after
{Heap after GC invocations=73 (full 0):
 garbage-first heap   total 189440K, used 134258K [0x0000000080000000, 0x0000000100000000)
  region size 1024K, 1 young (1024K), 1 survivors (1024K)
 Metaspace       used 120087K, capacity 123404K, committed 124456K, reserved 1157120K
  class space    used 15207K, capacity 16425K, committed 16844K, reserved 1048576K
}
Event: 179.737 GC heap before
{Heap before GC invocations=73 (full 0):
 garbage-first heap   total 189440K, used 142450K [0x0000000080000000, 0x0000000100000000)
  region size 1024K, 9 young (9216K), 1 survivors (1024K)
 Metaspace       used 120930K, capacity 124205K, committed 125352K, reserved 1157120K
  class space    used 15305K, capacity 16544K, committed 16972K, reserved 1048576K
}
Event: 179.743 GC heap after
{Heap after GC invocations=74 (full 0):
 garbage-first heap   total 189440K, used 113872K [0x0000000080000000, 0x0000000100000000)
  region size 1024K, 1 young (1024K), 1 survivors (1024K)
 Metaspace       used 120930K, capacity 124205K, committed 125352K, reserved 1157120K
  class space    used 15305K, capacity 16544K, committed 16972K, reserved 1048576K
}
Event: 186.142 GC heap before
{Heap before GC invocations=74 (full 0):
 garbage-first heap   total 189440K, used 142544K [0x0000000080000000, 0x0000000100000000)
  region size 1024K, 9 young (9216K), 1 survivors (1024K)
 Metaspace       used 121665K, capacity 124976K, committed 125992K, reserved 1159168K
  class space    used 15424K, capacity 16675K, committed 17100K, reserved 1048576K
}
Event: 186.154 GC heap after
{Heap after GC invocations=75 (full 0):
 garbage-first heap   total 189440K, used 107197K [0x0000000080000000, 0x0000000100000000)
  region size 1024K, 1 young (1024K), 1 survivors (1024K)
 Metaspace       used 121665K, capacity 124976K, committed 125992K, reserved 1159168K
  class space    used 15424K, capacity 16675K, committed 17100K, reserved 1048576K
}
Event: 418.200 GC heap before
{Heap before GC invocations=75 (full 0):
 garbage-first heap   total 189440K, used 133821K [0x0000000080000000, 0x0000000100000000)
  region size 1024K, 28 young (28672K), 1 survivors (1024K)
 Metaspace       used 125437K, capacity 128740K, committed 129576K, reserved 1161216K
  class space    used 15733K, capacity 17032K, committed 17356K, reserved 1048576K
}
Event: 418.216 GC heap after
{Heap after GC invocations=76 (full 0):
 garbage-first heap   total 189440K, used 107367K [0x0000000080000000, 0x0000000100000000)
  region size 1024K, 2 young (2048K), 2 survivors (2048K)
 Metaspace       used 125437K, capacity 128740K, committed 129576K, reserved 1161216K
  class space    used 15733K, capacity 17032K, committed 17356K, reserved 1048576K
}
Event: 434.782 GC heap before
{Heap before GC invocations=76 (full 0):
 garbage-first heap   total 189440K, used 137063K [0x0000000080000000, 0x0000000100000000)
  region size 1024K, 32 young (32768K), 2 survivors (2048K)
 Metaspace       used 125859K, capacity 129270K, committed 130088K, reserved 1163264K
  class space    used 15738K, capacity 17041K, committed 17356K, reserved 1048576K
}
Event: 434.792 GC heap after
{Heap after GC invocations=77 (full 0):
 garbage-first heap   total 189440K, used 111201K [0x0000000080000000, 0x0000000100000000)
  region size 1024K, 4 young (4096K), 4 survivors (4096K)
 Metaspace       used 125859K, capacity 129270K, committed 130088K, reserved 1163264K
  class space    used 15738K, capacity 17041K, committed 17356K, reserved 1048576K
}
Event: 436.648 GC heap before
{Heap before GC invocations=77 (full 0):
 garbage-first heap   total 189440K, used 140897K [0x0000000080000000, 0x0000000100000000)
  region size 1024K, 34 young (34816K), 4 survivors (4096K)
 Metaspace       used 126226K, capacity 129662K, committed 130344K, reserved 1163264K
  class space    used 15744K, capacity 17053K, committed 17356K, reserved 1048576K
}
Event: 436.671 GC heap after
{Heap after GC invocations=78 (full 0):
 garbage-first heap   total 189440K, used 114027K [0x0000000080000000, 0x0000000100000000)
  region size 1024K, 3 young (3072K), 3 survivors (3072K)
 Metaspace       used 126226K, capacity 129662K, committed 130344K, reserved 1163264K
  class space    used 15744K, capacity 17053K, committed 17356K, reserved 1048576K
}
Event: 526.423 GC heap before
{Heap before GC invocations=78 (full 0):
 garbage-first heap   total 189440K, used 143723K [0x0000000080000000, 0x0000000100000000)
  region size 1024K, 33 young (33792K), 3 survivors (3072K)
 Metaspace       used 126431K, capacity 129770K, committed 130344K, reserved 1163264K
  class space    used 15759K, capacity 17077K, committed 17356K, reserved 1048576K
}
Event: 526.433 GC heap after
{Heap after GC invocations=79 (full 0):
 garbage-first heap   total 189440K, used 116310K [0x0000000080000000, 0x0000000100000000)
  region size 1024K, 3 young (3072K), 3 survivors (3072K)
 Metaspace       used 126431K, capacity 129770K, committed 130344K, reserved 1163264K
  class space    used 15759K, capacity 17077K, committed 17356K, reserved 1048576K
}

Deoptimization events (20 events):
Event: 526.053 Thread 0x000002ee78ed1000 DEOPT PACKING pc=0x000002ee68167c6c sp=0x000000f30f1fd540
Event: 526.053 Thread 0x000002ee78ed1000 DEOPT UNPACKING pc=0x000002ee5ff7a1af sp=0x000000f30f1fd4d0 mode 2
Event: 526.058 Thread 0x000002ee78ed1000 Uncommon trap: trap_request=0xffffffc6 fr.pc=0x000002ee67f32a94 relative=0x0000000000000374
Event: 526.058 Thread 0x000002ee78ed1000 Uncommon trap: reason=bimorphic_or_optimized_type_check action=maybe_recompile pc=0x000002ee67f32a94 method=java.util.stream.MatchOps$MatchOp.evaluateSequential(Ljava/util/stream/PipelineHelper;Ljava/util/Spliterator;)Ljava/lang/Boolean; @ 14 c2
Event: 526.058 Thread 0x000002ee78ed1000 DEOPT PACKING pc=0x000002ee67f32a94 sp=0x000000f30f1fb670
Event: 526.058 Thread 0x000002ee78ed1000 DEOPT UNPACKING pc=0x000002ee5ff7a1af sp=0x000000f30f1fb598 mode 2
Event: 526.420 Thread 0x000002ee78ed1000 Uncommon trap: trap_request=0xffffffbe fr.pc=0x000002ee67bd7d28 relative=0x0000000000000c68
Event: 526.420 Thread 0x000002ee78ed1000 Uncommon trap: reason=profile_predicate action=maybe_recompile pc=0x000002ee67bd7d28 method=com.google.common.base.Splitter$SplittingIterator.computeNext()Ljava/lang/String; @ 137 c2
Event: 526.420 Thread 0x000002ee78ed1000 DEOPT PACKING pc=0x000002ee67bd7d28 sp=0x000000f30f1f87b0
Event: 526.420 Thread 0x000002ee78ed1000 DEOPT UNPACKING pc=0x000002ee5ff7a1af sp=0x000000f30f1f8650 mode 2
Event: 526.420 Thread 0x000002ee78ed1000 Uncommon trap: trap_request=0xffffffbe fr.pc=0x000002ee67bd7d28 relative=0x0000000000000c68
Event: 526.420 Thread 0x000002ee78ed1000 Uncommon trap: reason=profile_predicate action=maybe_recompile pc=0x000002ee67bd7d28 method=com.google.common.base.Splitter$SplittingIterator.computeNext()Ljava/lang/String; @ 137 c2
Event: 526.420 Thread 0x000002ee78ed1000 DEOPT PACKING pc=0x000002ee67bd7d28 sp=0x000000f30f1f87b0
Event: 526.420 Thread 0x000002ee78ed1000 DEOPT UNPACKING pc=0x000002ee5ff7a1af sp=0x000000f30f1f8650 mode 2
Event: 526.487 Thread 0x000002ee78ed1000 DEOPT PACKING pc=0x000002ee60971411 sp=0x000000f30f1f6980
Event: 526.487 Thread 0x000002ee78ed1000 DEOPT UNPACKING pc=0x000002ee5ff7a95e sp=0x000000f30f1f5e58 mode 0
Event: 526.693 Thread 0x000002ee78ed1000 Uncommon trap: trap_request=0xffffffde fr.pc=0x000002ee67f38d78 relative=0x00000000000000b8
Event: 526.693 Thread 0x000002ee78ed1000 Uncommon trap: reason=class_check action=maybe_recompile pc=0x000002ee67f38d78 method=java.util.stream.ReferencePipeline$4$1.accept(Ljava/lang/Object;)V @ 12 c2
Event: 526.693 Thread 0x000002ee78ed1000 DEOPT PACKING pc=0x000002ee67f38d78 sp=0x000000f30f1fb2e0
Event: 526.693 Thread 0x000002ee78ed1000 DEOPT UNPACKING pc=0x000002ee5ff7a1af sp=0x000000f30f1fb260 mode 2

Classes redefined (0 events):
No events

Internal exceptions (20 events):
Event: 434.507 Thread 0x000002ee79070000 Exception <a 'sun/nio/fs/WindowsException'{0x000000008a105598}> (0x000000008a105598) thrown at [./src/hotspot/share/prims/jni.cpp, line 615]
Event: 434.611 Thread 0x000002ee79070000 Exception <a 'java/lang/NoClassDefFoundError'{0x0000000089e75400}: org/jetbrains/kotlin/gradle/plugin/KotlinBasePluginWrapper> (0x0000000089e75400) thrown at [./src/hotspot/share/oops/constantPool.cpp, line 775]
Event: 434.702 Thread 0x000002ee79070000 Exception <a 'sun/nio/fs/WindowsException'{0x00000000899426f0}> (0x00000000899426f0) thrown at [./src/hotspot/share/prims/jni.cpp, line 615]
Event: 434.748 Thread 0x000002ee79070000 Exception <a 'sun/nio/fs/WindowsException'{0x00000000899e5058}> (0x00000000899e5058) thrown at [./src/hotspot/share/prims/jni.cpp, line 615]
Event: 434.748 Thread 0x000002ee79070000 Exception <a 'sun/nio/fs/WindowsException'{0x00000000899e63e0}> (0x00000000899e63e0) thrown at [./src/hotspot/share/prims/jni.cpp, line 615]
Event: 434.749 Thread 0x000002ee79070000 Exception <a 'sun/nio/fs/WindowsException'{0x00000000899e7a48}> (0x00000000899e7a48) thrown at [./src/hotspot/share/prims/jni.cpp, line 615]
Event: 434.749 Thread 0x000002ee79070000 Exception <a 'sun/nio/fs/WindowsException'{0x00000000899e8e20}> (0x00000000899e8e20) thrown at [./src/hotspot/share/prims/jni.cpp, line 615]
Event: 434.909 Thread 0x000002ee79070000 Exception <a 'sun/nio/fs/WindowsException'{0x000000008b6abb80}> (0x000000008b6abb80) thrown at [./src/hotspot/share/prims/jni.cpp, line 615]
Event: 436.909 Thread 0x000002ee78ed2800 Exception <a 'sun/nio/fs/WindowsException'{0x000000008b4817a0}> (0x000000008b4817a0) thrown at [./src/hotspot/share/prims/jni.cpp, line 615]
Event: 436.912 Thread 0x000002ee79070000 Exception <a 'sun/nio/fs/WindowsException'{0x000000008b455038}> (0x000000008b455038) thrown at [./src/hotspot/share/prims/jni.cpp, line 615]
Event: 436.912 Thread 0x000002ee79070000 Exception <a 'sun/nio/fs/WindowsException'{0x000000008b4550b8}> (0x000000008b4550b8) thrown at [./src/hotspot/share/prims/jni.cpp, line 615]
Event: 436.912 Thread 0x000002ee79070000 Exception <a 'sun/nio/fs/WindowsException'{0x000000008b456978}> (0x000000008b456978) thrown at [./src/hotspot/share/prims/jni.cpp, line 615]
Event: 526.469 Thread 0x000002ee78ed1000 Exception <a 'sun/nio/fs/WindowsException'{0x000000008b7cc4d8}> (0x000000008b7cc4d8) thrown at [./src/hotspot/share/prims/jni.cpp, line 615]
Event: 526.573 Thread 0x000002ee78ed1000 Exception <a 'java/lang/NoClassDefFoundError'{0x000000008b32eaf8}: org/jetbrains/kotlin/gradle/plugin/KotlinBasePluginWrapper> (0x000000008b32eaf8) thrown at [./src/hotspot/share/oops/constantPool.cpp, line 775]
Event: 526.645 Thread 0x000002ee78ed1000 Exception <a 'sun/nio/fs/WindowsException'{0x000000008b1ff1c8}> (0x000000008b1ff1c8) thrown at [./src/hotspot/share/prims/jni.cpp, line 615]
Event: 526.658 Thread 0x000002ee78ed1000 Exception <a 'sun/nio/fs/WindowsException'{0x000000008b0a1438}> (0x000000008b0a1438) thrown at [./src/hotspot/share/prims/jni.cpp, line 615]
Event: 526.658 Thread 0x000002ee78ed1000 Exception <a 'sun/nio/fs/WindowsException'{0x000000008b0a27c0}> (0x000000008b0a27c0) thrown at [./src/hotspot/share/prims/jni.cpp, line 615]
Event: 526.658 Thread 0x000002ee78ed1000 Exception <a 'sun/nio/fs/WindowsException'{0x000000008b0a3b98}> (0x000000008b0a3b98) thrown at [./src/hotspot/share/prims/jni.cpp, line 615]
Event: 526.658 Thread 0x000002ee78ed1000 Exception <a 'sun/nio/fs/WindowsException'{0x000000008b0a4f70}> (0x000000008b0a4f70) thrown at [./src/hotspot/share/prims/jni.cpp, line 615]
Event: 526.710 Thread 0x000002ee78ed1000 Exception <a 'sun/nio/fs/WindowsException'{0x000000008ad63de8}> (0x000000008ad63de8) thrown at [./src/hotspot/share/prims/jni.cpp, line 615]

Events (20 events):
Event: 526.970 Executing VM operation: RevokeBias
Event: 526.970 Executing VM operation: RevokeBias done
Event: 526.971 Executing VM operation: RevokeBias
Event: 526.972 Executing VM operation: RevokeBias done
Event: 527.154 Executing VM operation: RevokeBias
Event: 527.154 Executing VM operation: RevokeBias done
Event: 527.399 Executing VM operation: RevokeBias
Event: 527.399 Executing VM operation: RevokeBias done
Event: 527.399 Executing VM operation: RevokeBias
Event: 527.400 Executing VM operation: RevokeBias done
Event: 527.476 Executing VM operation: RevokeBias
Event: 527.478 Executing VM operation: RevokeBias done
Event: 527.478 Executing VM operation: RevokeBias
Event: 527.479 Executing VM operation: RevokeBias done
Event: 527.479 Executing VM operation: RevokeBias
Event: 527.479 Executing VM operation: RevokeBias done
Event: 527.479 Executing VM operation: RevokeBias
Event: 527.479 Executing VM operation: RevokeBias done
Event: 527.479 Executing VM operation: RevokeBias
Event: 527.480 Executing VM operation: RevokeBias done


Dynamic libraries:
0x00007ff68c6f0000 - 0x00007ff68c6fa000 	D:\Android Studio\jre\bin\java.exe
0x00007ffae3450000 - 0x00007ffae3648000 	C:\WINDOWS\SYSTEM32\ntdll.dll
0x00007ffaa34f0000 - 0x00007ffaa3507000 	C:\Program Files\Avast Software\Avast\aswhook.dll
0x00007ffae14b0000 - 0x00007ffae156d000 	C:\WINDOWS\System32\KERNEL32.DLL
0x00007ffae0f60000 - 0x00007ffae1232000 	C:\WINDOWS\System32\KERNELBASE.dll
0x00007ffae0c00000 - 0x00007ffae0d00000 	C:\WINDOWS\System32\ucrtbase.dll
0x00007ffad1450000 - 0x00007ffad1467000 	D:\Android Studio\jre\bin\VCRUNTIME140.dll
0x00007ffacfc60000 - 0x00007ffacfc79000 	D:\Android Studio\jre\bin\jli.dll
0x00007ffae1910000 - 0x00007ffae1aad000 	C:\WINDOWS\System32\USER32.dll
0x00007ffae1240000 - 0x00007ffae1262000 	C:\WINDOWS\System32\win32u.dll
0x00007ffac6b20000 - 0x00007ffac6dba000 	C:\WINDOWS\WinSxS\amd64_microsoft.windows.common-controls_6595b64144ccf1df_6.0.19041.1110_none_60b5254171f9507e\COMCTL32.dll
0x00007ffae33e0000 - 0x00007ffae340b000 	C:\WINDOWS\System32\GDI32.dll
0x00007ffae20c0000 - 0x00007ffae215e000 	C:\WINDOWS\System32\msvcrt.dll
0x00007ffae1270000 - 0x00007ffae137f000 	C:\WINDOWS\System32\gdi32full.dll
0x00007ffae0b60000 - 0x00007ffae0bfd000 	C:\WINDOWS\System32\msvcp_win.dll
0x00007ffae1ec0000 - 0x00007ffae1ef0000 	C:\WINDOWS\System32\IMM32.DLL
0x00007ffa94900000 - 0x00007ffa9499d000 	D:\Android Studio\jre\bin\msvcp140.dll
0x00007ffa92e60000 - 0x00007ffa93945000 	D:\Android Studio\jre\bin\server\jvm.dll
0x00007ffae1ab0000 - 0x00007ffae1b5e000 	C:\WINDOWS\System32\ADVAPI32.dll
0x00007ffae2020000 - 0x00007ffae20bc000 	C:\WINDOWS\System32\sechost.dll
0x00007ffae17e0000 - 0x00007ffae1905000 	C:\WINDOWS\System32\RPCRT4.dll
0x00007ffae2010000 - 0x00007ffae2018000 	C:\WINDOWS\System32\PSAPI.DLL
0x00007ffacc450000 - 0x00007ffacc459000 	C:\WINDOWS\SYSTEM32\WSOCK32.dll
0x00007ffac6dc0000 - 0x00007ffac6de7000 	C:\WINDOWS\SYSTEM32\WINMM.dll
0x00007ffad2b90000 - 0x00007ffad2b9a000 	C:\WINDOWS\SYSTEM32\VERSION.dll
0x00007ffae2220000 - 0x00007ffae228b000 	C:\WINDOWS\System32\WS2_32.dll
0x00007ffadf6f0000 - 0x00007ffadf702000 	C:\WINDOWS\SYSTEM32\kernel.appcore.dll
0x00007fface7c0000 - 0x00007fface7d1000 	D:\Android Studio\jre\bin\verify.dll
0x00007ffad27c0000 - 0x00007ffad29a4000 	C:\WINDOWS\SYSTEM32\DBGHELP.DLL
0x00007ffad2790000 - 0x00007ffad27bc000 	C:\WINDOWS\SYSTEM32\dbgcore.DLL
0x00007ffae1380000 - 0x00007ffae1402000 	C:\WINDOWS\System32\bcryptPrimitives.dll
0x00007ffaa6d30000 - 0x00007ffaa6d59000 	D:\Android Studio\jre\bin\java.dll
0x00007ffacf2d0000 - 0x00007ffacf2db000 	D:\Android Studio\jre\bin\jimage.dll
0x00007fface780000 - 0x00007fface798000 	D:\Android Studio\jre\bin\zip.dll
0x00007ffae2290000 - 0x00007ffae29d3000 	C:\WINDOWS\System32\SHELL32.dll
0x00007ffadec00000 - 0x00007ffadf391000 	C:\WINDOWS\SYSTEM32\windows.storage.dll
0x00007ffae1b60000 - 0x00007ffae1eb4000 	C:\WINDOWS\System32\combase.dll
0x00007ffae0550000 - 0x00007ffae0580000 	C:\WINDOWS\SYSTEM32\Wldp.dll
0x00007ffae2160000 - 0x00007ffae220d000 	C:\WINDOWS\System32\SHCORE.dll
0x00007ffae1570000 - 0x00007ffae15c5000 	C:\WINDOWS\System32\shlwapi.dll
0x00007ffae0aa0000 - 0x00007ffae0abf000 	C:\WINDOWS\SYSTEM32\profapi.dll
0x00007ffac88c0000 - 0x00007ffac88da000 	D:\Android Studio\jre\bin\net.dll
0x00007ffad2680000 - 0x00007ffad278d000 	C:\WINDOWS\SYSTEM32\WINHTTP.dll
0x00007ffae0240000 - 0x00007ffae02aa000 	C:\WINDOWS\system32\mswsock.dll
0x00007ffac80f0000 - 0x00007ffac8104000 	D:\Android Studio\jre\bin\nio.dll
0x00007ffad0940000 - 0x00007ffad0967000 	C:\Users\LENOVO\Desktop\GRADLE\gradle-6.1.1\native\e1d6ef7f7dcc3fd88c89a11ec53ec762bb8ba0a96d01ffa2cd45eb1d1d8dd5c5\windows-amd64\native-platform.dll
0x00007ffa90410000 - 0x00007ffa90554000 	C:\Users\LENOVO\Desktop\GRADLE\gradle-6.1.1\native\5664cfc778a61ccfe75a443a1ab52a65af34e5dc3c78e0209fed803814484fcb\windows-amd64\native-platform-file-events.dll
0x00007ffacedb0000 - 0x00007ffacedba000 	D:\Android Studio\jre\bin\management.dll
0x00007fface620000 - 0x00007fface62d000 	D:\Android Studio\jre\bin\management_ext.dll
0x00007ffae0430000 - 0x00007ffae0448000 	C:\WINDOWS\SYSTEM32\CRYPTSP.dll
0x00007ffadfb60000 - 0x00007ffadfb94000 	C:\WINDOWS\system32\rsaenh.dll
0x00007ffae1480000 - 0x00007ffae14a7000 	C:\WINDOWS\System32\bcrypt.dll
0x00007ffae0a20000 - 0x00007ffae0a4e000 	C:\WINDOWS\SYSTEM32\USERENV.dll
0x00007ffae0450000 - 0x00007ffae045c000 	C:\WINDOWS\SYSTEM32\CRYPTBASE.dll
0x00007ffadff30000 - 0x00007ffadff6b000 	C:\WINDOWS\SYSTEM32\IPHLPAPI.DLL
0x00007ffae2210000 - 0x00007ffae2218000 	C:\WINDOWS\System32\NSI.dll
0x00007ffad7820000 - 0x00007ffad7837000 	C:\WINDOWS\SYSTEM32\dhcpcsvc6.DLL
0x00007ffad7800000 - 0x00007ffad781d000 	C:\WINDOWS\SYSTEM32\dhcpcsvc.DLL
0x00007ffadff70000 - 0x00007ffae003a000 	C:\WINDOWS\SYSTEM32\DNSAPI.dll
0x00007ffadfc80000 - 0x00007ffadfcb3000 	C:\WINDOWS\SYSTEM32\ntmarta.dll
0x00007ffaaf320000 - 0x00007ffaaf347000 	D:\Android Studio\jre\bin\sunec.dll

dbghelp: loaded successfully - version: 4.0.5 - missing functions: none
symbol engine: initialized successfully - sym options: 0x614 - pdb path: .;D:\Android Studio\jre\bin;C:\WINDOWS\SYSTEM32;C:\Program Files\Avast Software\Avast;C:\WINDOWS\WinSxS\amd64_microsoft.windows.common-controls_6595b64144ccf1df_6.0.19041.1110_none_60b5254171f9507e;D:\Android Studio\jre\bin\server;C:\Users\LENOVO\Desktop\GRADLE\gradle-6.1.1\native\e1d6ef7f7dcc3fd88c89a11ec53ec762bb8ba0a96d01ffa2cd45eb1d1d8dd5c5\windows-amd64;C:\Users\LENOVO\Desktop\GRADLE\gradle-6.1.1\native\5664cfc778a61ccfe75a443a1ab52a65af34e5dc3c78e0209fed803814484fcb\windows-amd64

VM Arguments:
jvm_args: --add-opens=java.base/java.util=ALL-UNNAMED --add-opens=java.base/java.lang=ALL-UNNAMED --add-opens=java.base/java.lang.invoke=ALL-UNNAMED --add-opens=java.base/java.util=ALL-UNNAMED --add-opens=java.prefs/java.util.prefs=ALL-UNNAMED --add-opens=java.prefs/java.util.prefs=ALL-UNNAMED --add-opens=java.base/java.nio.charset=ALL-UNNAMED --add-opens=java.base/java.net=ALL-UNNAMED --add-opens=java.base/java.util.concurrent.atomic=ALL-UNNAMED -Xmx2048m -Dfile.encoding=UTF-8 -Duser.country=FR -Duser.language=fr -Duser.variant 
java_command: org.gradle.launcher.daemon.bootstrap.GradleDaemon 7.3.3
java_class_path (initial): C:\Users\LENOVO\Desktop\GRADLE\gradle-6.1.1\wrapper\dists\gradle-7.3.3-bin\6a41zxkdtcxs8rphpq6y0069z\gradle-7.3.3\lib\gradle-launcher-7.3.3.jar
Launcher Type: SUN_STANDARD

[Global flags]
     intx CICompilerCount                          = 3                                         {product} {ergonomic}
     uint ConcGCThreads                            = 1                                         {product} {ergonomic}
     uint G1ConcRefinementThreads                  = 4                                         {product} {ergonomic}
   size_t G1HeapRegionSize                         = 1048576                                   {product} {ergonomic}
    uintx GCDrainStackTargetSize                   = 64                                        {product} {ergonomic}
   size_t InitialHeapSize                          = 134217728                                 {product} {ergonomic}
   size_t MarkStackSize                            = 4194304                                   {product} {ergonomic}
   size_t MaxHeapSize                              = 2147483648                                {product} {command line}
   size_t MaxNewSize                               = 1287651328                                {product} {ergonomic}
   size_t MinHeapDeltaBytes                        = 1048576                                   {product} {ergonomic}
    uintx NonNMethodCodeHeapSize                   = 5830732                                {pd product} {ergonomic}
    uintx NonProfiledCodeHeapSize                  = 122913754                              {pd product} {ergonomic}
    uintx ProfiledCodeHeapSize                     = 122913754                              {pd product} {ergonomic}
    uintx ReservedCodeCacheSize                    = 251658240                              {pd product} {ergonomic}
     bool SegmentedCodeCache                       = true                                      {product} {ergonomic}
     bool UseCompressedClassPointers               = true                                 {lp64_product} {ergonomic}
     bool UseCompressedOops                        = true                                 {lp64_product} {ergonomic}
     bool UseG1GC                                  = true                                      {product} {ergonomic}
     bool UseLargePagesIndividualAllocation        = false                                  {pd product} {ergonomic}

Logging:
Log output configuration:
 #0: stdout all=warning uptime,level,tags
 #1: stderr all=off uptime,level,tags

Environment Variables:
PATH=C:\Program Files\Eclipse Foundation\jdk-8.0.302.8-hotspot\bin;C:\Program Files\Microsoft\jdk-11.0.12.7-hotspot\bin;D:\flutter vs dart\dart-sdk\bin;C:\Program Files (x86)\Common Files\Intel\Shared Libraries\redist\intel64_win\compiler;C:\ProgramData\Oracle\Java\javapath;C:\WINDOWS\system32;C:\WINDOWS;C:\WINDOWS\System32\Wbem;C:\WINDOWS\System32\WindowsPowerShell\v1.0\;C:\WINDOWS\System32\OpenSSH\;C:\Users\LENOVO\.dnx\bin;C:\Program Files\Microsoft DNX\Dnvm\;C:\Program Files\Microsoft SQL Server\120\Tools\Binn\;C:\Users\LENOVO\Desktop\Programme Java\jdk-17.0.1\bin\;D:\Dart\dart-sdk\bin;C:\Program Files (x86)\Microsoft SQL Server\150\Tools\Binn\;C:\Program Files\Microsoft SQL Server\150\Tools\Binn\;C:\Program Files (x86)\Microsoft SQL Server\150\DTS\Binn\;C:\Program Files\Microsoft SQL Server\150\DTS\Binn\;C:\Program Files\Microsoft SQL Server\Client SDK\ODBC\170\Tools\Binn\;C:\Program Files\Azure Data Studio\bin;D:\flutter vs dart\flutter\bin;C:\Program Files\dotnet\;C:\ProgramData\chocolatey\bin;C:\sqlite;D:\php-8\php-8.1.9-src;C:\Program Files\Git\cmd;C:\Program Files\nodejs\;C:\Users\LENOVO\.dnx\bin;C:\Users\LENOVO\.dotnet\tools;C:\Users\LENOVO\.dotnet\tools;D:\visual studio code\Microsoft VS Code\bin;D:\;D:\flutter vs dart\flutter\bin;C:\Users\LENOVO\Downloads\android\platform-tools;D:\Intellij Idea\IntelliJ IDEA Community Edition 2022.2.2\bin;;D:\Android Studio\jre\bin;C:\Program Files\Java\jdk1.8.0_341\bin;C:\Program Files\Microsoft\jdk-11.0.12.7-hotspot\bin;C:\Program Files\Java\jre1.8.0_341;C:\Program Files\Microsoft\jdk-11.0.12.7-hotspot\bin\server;C:\Spring boot\spring-2.7.3\bin;;D:\Intellij Idea\IntelliJ IDEA 2022.2.2\bin;;D:\PhpStorm\PhpStorm 2022.2.1\bin;;C:\Users\LENOVO\AppData\Roaming\npm
USERNAME=LENOVO
OS=Windows_NT
PROCESSOR_IDENTIFIER=Intel64 Family 6 Model 142 Stepping 9, GenuineIntel



---------------  S Y S T E M  ---------------

OS: Windows 10 , 64 bit Build 19041 (10.0.19041.1889)
OS uptime: 1 days 13:59 hours

CPU:total 4 (initial active 4) (2 cores per cpu, 2 threads per core) family 6 model 142 stepping 9 microcode 0xb4, cmov, cx8, fxsr, mmx, sse, sse2, sse3, ssse3, sse4.1, sse4.2, popcnt, avx, avx2, aes, clmul, erms, 3dnowpref, lzcnt, ht, tsc, tscinvbit, bmi1, bmi2, adx, fma

Memory: 4k page, system-wide physical 8073M (527M free)
TotalPageFile size 13073M (AvailPageFile size 9M)
current process WorkingSet (physical memory assigned to process): 527M, peak: 533M
current process commit charge ("private bytes"): 559M, peak: 564M

vm_info: OpenJDK 64-Bit Server VM (11.0.12+7-b1504.28-7817840) for windows-amd64 JRE (11.0.12+7-b1504.28-7817840), built on Oct 13 2021 22:12:33 by "builder" with MS VC++ 14.0 (VS2015)

END.
