#
# There is insufficient memory for the Java Runtime Environment to continue.
# Native memory allocation (mmap) failed to map 62914560 bytes for Failed to commit area from 0x0000000092900000 to 0x0000000096500000 of length 62914560.
# Possible reasons:
#   The system is out of physical RAM or swap space
#   The process is running with CompressedOops enabled, and the Java Heap may be blocking the growth of the native heap
# Possible solutions:
#   Reduce memory load on the system
#   Increase physical memory or swap space
#   Check if swap backing store is full
#   Decrease Java heap size (-Xmx/-Xms)
#   Decrease number of Java threads
#   Decrease Java thread stack sizes (-Xss)
#   Set larger code cache with -XX:ReservedCodeCacheSize=
#   JVM is running with Unscaled Compressed Oops mode in which the Java heap is
#     placed in the first 4GB address space. The Java Heap base address is the
#     maximum limit for the native heap growth. Please use -XX:HeapBaseMinAddress
#     to set the Java Heap base and to place the Java Heap above 4GB virtual address.
# This output file may be truncated or incomplete.
#
#  Out of Memory Error (./src/hotspot/os/windows/os_windows.cpp:3521), pid=14816, tid=4176
#
# JRE version: OpenJDK Runtime Environment (11.0.12+7) (build 11.0.12+7-b1504.28-7817840)
# Java VM: OpenJDK 64-Bit Server VM (11.0.12+7-b1504.28-7817840, mixed mode, tiered, compressed oops, g1 gc, windows-amd64)
# No core dump will be written. Minidumps are not enabled by default on client versions of Windows
#

---------------  S U M M A R Y ------------

Command Line: --add-opens=java.base/java.util=ALL-UNNAMED --add-opens=java.base/java.lang=ALL-UNNAMED --add-opens=java.base/java.lang.invoke=ALL-UNNAMED --add-opens=java.base/java.util=ALL-UNNAMED --add-opens=java.prefs/java.util.prefs=ALL-UNNAMED --add-opens=java.prefs/java.util.prefs=ALL-UNNAMED --add-opens=java.base/java.nio.charset=ALL-UNNAMED --add-opens=java.base/java.net=ALL-UNNAMED --add-opens=java.base/java.util.concurrent.atomic=ALL-UNNAMED -Xmx2048m -Dfile.encoding=UTF-8 -Duser.country=FR -Duser.language=fr -Duser.variant org.gradle.launcher.daemon.bootstrap.GradleDaemon 7.3.3

Host: Intel(R) Core(TM) i3-7100U CPU @ 2.40GHz, 4 cores, 7G,  Windows 10 , 64 bit Build 19041 (10.0.19041.1889)
Time: Sat Oct  1 21:56:56 2022 Temps universel coordonné elapsed time: 4976.694186 seconds (0d 1h 22m 56s)

---------------  T H R E A D  ---------------

Current thread (0x00000284487a2000):  VMThread "VM Thread" [stack: 0x000000ba28500000,0x000000ba28600000] [id=4176]

Stack: [0x000000ba28500000,0x000000ba28600000]
[error occurred during error reporting (printing stack bounds), id 0xc0000005, EXCEPTION_ACCESS_VIOLATION (0xc0000005) at pc=0x00000284326c112d]

Native frames: (J=compiled Java code, j=interpreted, Vv=VM code, C=native code)
V  [jvm.dll+0x5fbcea]
V  [jvm.dll+0x731905]
V  [jvm.dll+0x732f1d]
V  [jvm.dll+0x733535]
V  [jvm.dll+0x7334eb]
V  [jvm.dll+0x5fb080]
V  [jvm.dll+0x5fb818]
C  [ntdll.dll+0xa235f]
C  [ntdll.dll+0x514a4]
C  [ntdll.dll+0xa0e8e]
C  0x00000284326c112d

VM_Operation (0x000000ba2dffcbb0): G1CollectForAllocation, mode: safepoint, requested by thread 0x0000028450583000


---------------  P R O C E S S  ---------------

Threads class SMR info:
_java_thread_list=0x00000284510cecd0, length=96, elements={
0x000002842ebbb800, 0x00000284487a7000, 0x00000284487a9000, 0x0000028449163000,
0x00000284487c5000, 0x00000284487c7000, 0x00000284487cc000, 0x00000284487cf000,
0x00000284487d7800, 0x00000284492ae000, 0x000002844ba69000, 0x0000028449997000,
0x000002844c9bc800, 0x000002844bd92000, 0x000002844bd8e800, 0x000002844bd92800,
0x000002844bd90000, 0x000002844bd93800, 0x000002844bd8d800, 0x000002844bd8f800,
0x000002844b365000, 0x000002844b363800, 0x000002844b367000, 0x000002844b368800,
0x000002844cca8800, 0x000002844cca6000, 0x000002844cca3000, 0x000002844cca5800,
0x000002844cca7000, 0x000002844cca8000, 0x000002844cca4800, 0x000002844cca9800,
0x000002844ccb0000, 0x000002844ccac800, 0x000002844ccad800, 0x000002844ccab000,
0x000002844ccac000, 0x000002844ccaf000, 0x000002844ccaa800, 0x000002844ccb1000,
0x000002844ccb1800, 0x000002844b364800, 0x000002844b366000, 0x000002844b362000,
0x000002844bd91000, 0x000002844bd8d000, 0x000002845327a000, 0x000002845327b000,
0x000002845327e800, 0x000002845327c000, 0x000002845327d800, 0x000002845327c800,
0x000002845327f000, 0x0000028453279800, 0x0000028453284000, 0x0000028453283000,
0x0000028453280800, 0x0000028453285000, 0x0000028453285800, 0x0000028453281800,
0x0000028453282800, 0x0000028453280000, 0x0000028453287800, 0x0000028453286800,
0x0000028453288000, 0x000002844b462000, 0x000002844b461000, 0x000002844b465000,
0x000002844b466000, 0x000002844b462800, 0x000002844b464800, 0x000002844b463800,
0x000002844b460000, 0x000002844b468800, 0x000002844b469000, 0x000002844b46a000,
0x000002844b46c800, 0x000002844b46b000, 0x000002844b46b800, 0x000002844b467800,
0x000002844b466800, 0x000002844b46d000, 0x000002844b46e000, 0x000002844b46f000,
0x0000028450581800, 0x0000028450582800, 0x0000028450584000, 0x0000028450583000,
0x000002845057e800, 0x0000028450585000, 0x000002845057f000, 0x0000028450585800,
0x0000028450580000, 0x0000028450587800, 0x000002845058a800, 0x000002845058c000
}

Java Threads: ( => current thread )
  0x000002842ebbb800 JavaThread "main" [_thread_blocked, id=15336, stack(0x000000ba27f00000,0x000000ba28000000)]
  0x00000284487a7000 JavaThread "Reference Handler" daemon [_thread_blocked, id=14860, stack(0x000000ba28600000,0x000000ba28700000)]
  0x00000284487a9000 JavaThread "Finalizer" daemon [_thread_blocked, id=3260, stack(0x000000ba28700000,0x000000ba28800000)]
  0x0000028449163000 JavaThread "Signal Dispatcher" daemon [_thread_blocked, id=13964, stack(0x000000ba28800000,0x000000ba28900000)]
  0x00000284487c5000 JavaThread "Attach Listener" daemon [_thread_blocked, id=14896, stack(0x000000ba28900000,0x000000ba28a00000)]
  0x00000284487c7000 JavaThread "Service Thread" daemon [_thread_blocked, id=13676, stack(0x000000ba28a00000,0x000000ba28b00000)]
  0x00000284487cc000 JavaThread "C2 CompilerThread0" daemon [_thread_blocked, id=9352, stack(0x000000ba28b00000,0x000000ba28c00000)]
  0x00000284487cf000 JavaThread "C1 CompilerThread0" daemon [_thread_blocked, id=10716, stack(0x000000ba28c00000,0x000000ba28d00000)]
  0x00000284487d7800 JavaThread "Sweeper thread" daemon [_thread_blocked, id=14836, stack(0x000000ba28d00000,0x000000ba28e00000)]
  0x00000284492ae000 JavaThread "Common-Cleaner" daemon [_thread_blocked, id=3632, stack(0x000000ba28e00000,0x000000ba28f00000)]
  0x000002844ba69000 JavaThread "Daemon health stats" [_thread_blocked, id=14132, stack(0x000000ba27d00000,0x000000ba27e00000)]
  0x0000028449997000 JavaThread "Incoming local TCP Connector on port 21771" [_thread_in_native, id=11708, stack(0x000000ba27c00000,0x000000ba27d00000)]
  0x000002844c9bc800 JavaThread "Daemon periodic checks" [_thread_blocked, id=9528, stack(0x000000ba29200000,0x000000ba29300000)]
  0x000002844bd92000 JavaThread "Cache worker for journal cache (C:\Users\LENOVO\Desktop\GRADLE\gradle-6.1.1\caches\journal-1)" [_thread_blocked, id=8140, stack(0x000000ba29b00000,0x000000ba29c00000)]
  0x000002844bd8e800 JavaThread "File lock request listener" [_thread_in_native, id=1804, stack(0x000000ba29c00000,0x000000ba29d00000)]
  0x000002844bd92800 JavaThread "Cache worker for file hash cache (C:\Users\LENOVO\Desktop\GRADLE\gradle-6.1.1\caches\7.3.3\fileHashes)" [_thread_blocked, id=15276, stack(0x000000ba29d00000,0x000000ba29e00000)]
  0x000002844bd90000 JavaThread "File watcher server" daemon [_thread_blocked, id=6208, stack(0x000000ba2a000000,0x000000ba2a100000)]
  0x000002844bd93800 JavaThread "File watcher consumer" daemon [_thread_blocked, id=14540, stack(0x000000ba2a100000,0x000000ba2a200000)]
  0x000002844bd8d800 JavaThread "jar transforms" [_thread_blocked, id=10868, stack(0x000000ba2a200000,0x000000ba2a300000)]
  0x000002844bd8f800 JavaThread "jar transforms Thread 2" [_thread_blocked, id=13952, stack(0x000000ba2a300000,0x000000ba2a400000)]
  0x000002844b365000 JavaThread "jar transforms Thread 3" [_thread_blocked, id=2680, stack(0x000000ba2a400000,0x000000ba2a500000)]
  0x000002844b363800 JavaThread "jar transforms Thread 4" [_thread_blocked, id=8660, stack(0x000000ba2a500000,0x000000ba2a600000)]
  0x000002844b367000 JavaThread "Cache worker for execution history cache (C:\Users\LENOVO\Desktop\GRADLE\gradle-6.1.1\caches\7.3.3\executionHistory)" [_thread_blocked, id=13540, stack(0x000000ba2a800000,0x000000ba2a900000)]
  0x000002844b368800 JavaThread "Cache worker for file content cache (C:\Users\LENOVO\Desktop\GRADLE\gradle-6.1.1\caches\7.3.3\fileContent)" [_thread_blocked, id=9676, stack(0x000000ba2aa00000,0x000000ba2ab00000)]
  0x000002844cca8800 JavaThread "Memory manager" [_thread_blocked, id=14688, stack(0x000000ba29800000,0x000000ba29900000)]
  0x000002844cca6000 JavaThread "pool-3-thread-1" [_thread_blocked, id=12552, stack(0x000000ba2d600000,0x000000ba2d700000)]
  0x000002844cca3000 JavaThread "Daemon Thread 2" [_thread_blocked, id=10912, stack(0x000000ba27e00000,0x000000ba27f00000)]
  0x000002844cca5800 JavaThread "Handler for socket connection from /127.0.0.1:21771 to /127.0.0.1:22115" [_thread_in_native, id=4216, stack(0x000000ba29300000,0x000000ba29400000)]
  0x000002844cca7000 JavaThread "Cancel handler" [_thread_blocked, id=13072, stack(0x000000ba29400000,0x000000ba29500000)]
  0x000002844cca8000 JavaThread "Daemon worker Thread 2" [_thread_blocked, id=4524, stack(0x000000ba29500000,0x000000ba29600000)]
  0x000002844cca4800 JavaThread "Asynchronous log dispatcher for DefaultDaemonConnection: socket connection from /127.0.0.1:21771 to /127.0.0.1:22115" [_thread_blocked, id=8656, stack(0x000000ba29600000,0x000000ba29700000)]
  0x000002844cca9800 JavaThread "Daemon client event forwarder" [_thread_blocked, id=5244, stack(0x000000ba29900000,0x000000ba29a00000)]
  0x000002844ccb0000 JavaThread "Cache worker for file hash cache (D:\Program Files\Grafco3\.gradle\7.3.3\fileHashes)" [_thread_blocked, id=12876, stack(0x000000ba29e00000,0x000000ba29f00000)]
  0x000002844ccac800 JavaThread "Cache worker for checksums cache (D:\Program Files\Grafco3\.gradle\7.3.3\checksums)" [_thread_blocked, id=5300, stack(0x000000ba29f00000,0x000000ba2a000000)]
  0x000002844ccad800 JavaThread "Cache worker for cache directory md-supplier (C:\Users\LENOVO\Desktop\GRADLE\gradle-6.1.1\caches\7.3.3\md-supplier)" [_thread_blocked, id=11364, stack(0x000000ba2a600000,0x000000ba2a700000)]
  0x000002844ccab000 JavaThread "Cache worker for cache directory md-rule (C:\Users\LENOVO\Desktop\GRADLE\gradle-6.1.1\caches\7.3.3\md-rule)" [_thread_blocked, id=12952, stack(0x000000ba2a700000,0x000000ba2a800000)]
  0x000002844ccac000 JavaThread "Cache worker for dependencies-accessors (D:\Program Files\Grafco3\.gradle\7.3.3\dependencies-accessors)" [_thread_blocked, id=15296, stack(0x000000ba2a900000,0x000000ba2aa00000)]
  0x000002844ccaf000 JavaThread "Cache worker for Build Output Cleanup Cache (D:\Program Files\Grafco3\.gradle\buildOutputCleanup)" [_thread_blocked, id=13652, stack(0x000000ba2ab00000,0x000000ba2ac00000)]
  0x000002844ccaa800 JavaThread "Unconstrained build operations" [_thread_blocked, id=10796, stack(0x000000ba2ad00000,0x000000ba2ae00000)]
  0x000002844ccb1000 JavaThread "Unconstrained build operations Thread 2" [_thread_blocked, id=4496, stack(0x000000ba2ae00000,0x000000ba2af00000)]
  0x000002844ccb1800 JavaThread "Unconstrained build operations Thread 3" [_thread_blocked, id=14232, stack(0x000000ba2af00000,0x000000ba2b000000)]
  0x000002844b364800 JavaThread "Unconstrained build operations Thread 4" [_thread_blocked, id=5864, stack(0x000000ba2b000000,0x000000ba2b100000)]
  0x000002844b366000 JavaThread "Unconstrained build operations Thread 5" [_thread_blocked, id=1772, stack(0x000000ba2b100000,0x000000ba2b200000)]
  0x000002844b362000 JavaThread "Unconstrained build operations Thread 6" [_thread_blocked, id=13856, stack(0x000000ba2b200000,0x000000ba2b300000)]
  0x000002844bd91000 JavaThread "Unconstrained build operations Thread 7" [_thread_blocked, id=4416, stack(0x000000ba2b300000,0x000000ba2b400000)]
  0x000002844bd8d000 JavaThread "Unconstrained build operations Thread 8" [_thread_blocked, id=10372, stack(0x000000ba2b400000,0x000000ba2b500000)]
  0x000002845327a000 JavaThread "Unconstrained build operations Thread 9" [_thread_blocked, id=9816, stack(0x000000ba2b500000,0x000000ba2b600000)]
  0x000002845327b000 JavaThread "Unconstrained build operations Thread 10" [_thread_blocked, id=15100, stack(0x000000ba2b600000,0x000000ba2b700000)]
  0x000002845327e800 JavaThread "Unconstrained build operations Thread 11" [_thread_blocked, id=12336, stack(0x000000ba2b700000,0x000000ba2b800000)]
  0x000002845327c000 JavaThread "Unconstrained build operations Thread 12" [_thread_blocked, id=3692, stack(0x000000ba2b800000,0x000000ba2b900000)]
  0x000002845327d800 JavaThread "Unconstrained build operations Thread 13" [_thread_blocked, id=5108, stack(0x000000ba2b900000,0x000000ba2ba00000)]
  0x000002845327c800 JavaThread "Unconstrained build operations Thread 14" [_thread_blocked, id=13020, stack(0x000000ba2ba00000,0x000000ba2bb00000)]
  0x000002845327f000 JavaThread "Unconstrained build operations Thread 15" [_thread_blocked, id=11488, stack(0x000000ba2bb00000,0x000000ba2bc00000)]
  0x0000028453279800 JavaThread "Unconstrained build operations Thread 16" [_thread_blocked, id=5504, stack(0x000000ba2bc00000,0x000000ba2bd00000)]
  0x0000028453284000 JavaThread "Unconstrained build operations Thread 17" [_thread_blocked, id=12264, stack(0x000000ba2bd00000,0x000000ba2be00000)]
  0x0000028453283000 JavaThread "Unconstrained build operations Thread 18" [_thread_blocked, id=13828, stack(0x000000ba2be00000,0x000000ba2bf00000)]
  0x0000028453280800 JavaThread "Unconstrained build operations Thread 19" [_thread_blocked, id=14228, stack(0x000000ba2bf00000,0x000000ba2c000000)]
  0x0000028453285000 JavaThread "Unconstrained build operations Thread 20" [_thread_blocked, id=13732, stack(0x000000ba2c000000,0x000000ba2c100000)]
  0x0000028453285800 JavaThread "Unconstrained build operations Thread 21" [_thread_blocked, id=14036, stack(0x000000ba2c100000,0x000000ba2c200000)]
  0x0000028453281800 JavaThread "Unconstrained build operations Thread 22" [_thread_blocked, id=6928, stack(0x000000ba2c200000,0x000000ba2c300000)]
  0x0000028453282800 JavaThread "Unconstrained build operations Thread 23" [_thread_blocked, id=11088, stack(0x000000ba2c300000,0x000000ba2c400000)]
  0x0000028453280000 JavaThread "Unconstrained build operations Thread 24" [_thread_blocked, id=14344, stack(0x000000ba2c400000,0x000000ba2c500000)]
  0x0000028453287800 JavaThread "Unconstrained build operations Thread 25" [_thread_blocked, id=2656, stack(0x000000ba2c500000,0x000000ba2c600000)]
  0x0000028453286800 JavaThread "Unconstrained build operations Thread 26" [_thread_blocked, id=10704, stack(0x000000ba2c600000,0x000000ba2c700000)]
  0x0000028453288000 JavaThread "Unconstrained build operations Thread 27" [_thread_blocked, id=14284, stack(0x000000ba2c700000,0x000000ba2c800000)]
  0x000002844b462000 JavaThread "Unconstrained build operations Thread 28" [_thread_blocked, id=14396, stack(0x000000ba2c800000,0x000000ba2c900000)]
  0x000002844b461000 JavaThread "Unconstrained build operations Thread 29" [_thread_blocked, id=14360, stack(0x000000ba2c900000,0x000000ba2ca00000)]
  0x000002844b465000 JavaThread "Unconstrained build operations Thread 30" [_thread_blocked, id=3728, stack(0x000000ba2ca00000,0x000000ba2cb00000)]
  0x000002844b466000 JavaThread "Unconstrained build operations Thread 31" [_thread_blocked, id=8764, stack(0x000000ba2cb00000,0x000000ba2cc00000)]
  0x000002844b462800 JavaThread "Unconstrained build operations Thread 32" [_thread_blocked, id=13824, stack(0x000000ba2cc00000,0x000000ba2cd00000)]
  0x000002844b464800 JavaThread "Unconstrained build operations Thread 33" [_thread_blocked, id=3000, stack(0x000000ba2cd00000,0x000000ba2ce00000)]
  0x000002844b463800 JavaThread "Unconstrained build operations Thread 34" [_thread_blocked, id=1756, stack(0x000000ba2ce00000,0x000000ba2cf00000)]
  0x000002844b460000 JavaThread "Unconstrained build operations Thread 35" [_thread_blocked, id=7968, stack(0x000000ba2cf00000,0x000000ba2d000000)]
  0x000002844b468800 JavaThread "Unconstrained build operations Thread 36" [_thread_blocked, id=15252, stack(0x000000ba2d000000,0x000000ba2d100000)]
  0x000002844b469000 JavaThread "Unconstrained build operations Thread 37" [_thread_blocked, id=14420, stack(0x000000ba2d100000,0x000000ba2d200000)]
  0x000002844b46a000 JavaThread "Unconstrained build operations Thread 38" [_thread_blocked, id=5412, stack(0x000000ba2d200000,0x000000ba2d300000)]
  0x000002844b46c800 JavaThread "Unconstrained build operations Thread 39" [_thread_blocked, id=4540, stack(0x000000ba2d300000,0x000000ba2d400000)]
  0x000002844b46b000 JavaThread "Unconstrained build operations Thread 40" [_thread_blocked, id=14236, stack(0x000000ba2d400000,0x000000ba2d500000)]
  0x000002844b46b800 JavaThread "build event listener" [_thread_blocked, id=10804, stack(0x000000ba2ac00000,0x000000ba2ad00000)]
  0x000002844b467800 JavaThread "pool-6-thread-1" [_thread_blocked, id=5748, stack(0x000000ba2d500000,0x000000ba2d600000)]
  0x000002844b466800 JavaThread "build event listener" [_thread_blocked, id=14700, stack(0x000000ba2d700000,0x000000ba2d800000)]
  0x000002844b46d000 JavaThread "Execution worker for ':'" [_thread_blocked, id=14976, stack(0x000000ba2d800000,0x000000ba2d900000)]
  0x000002844b46e000 JavaThread "Execution worker for ':' Thread 2" [_thread_blocked, id=12724, stack(0x000000ba2d900000,0x000000ba2da00000)]
  0x000002844b46f000 JavaThread "Execution worker for ':' Thread 3" [_thread_blocked, id=7704, stack(0x000000ba2da00000,0x000000ba2db00000)]
  0x0000028450581800 JavaThread "Cache worker for execution history cache (D:\Program Files\Grafco3\.gradle\7.3.3\executionHistory)" [_thread_blocked, id=10208, stack(0x000000ba2db00000,0x000000ba2dc00000)]
  0x0000028450582800 JavaThread "WorkerExecutor Queue" [_thread_in_native, id=1436, stack(0x000000ba2dc00000,0x000000ba2dd00000)]
  0x0000028450584000 JavaThread "WorkerExecutor Queue Thread 2" [_thread_blocked, id=12344, stack(0x000000ba2dd00000,0x000000ba2de00000)]
  0x0000028450583000 JavaThread "WorkerExecutor Queue Thread 3" [_thread_blocked, id=14464, stack(0x000000ba2df00000,0x000000ba2e000000)]
  0x000002845057e800 JavaThread "WorkerExecutor Queue Thread 4" [_thread_blocked, id=10124, stack(0x000000ba2e000000,0x000000ba2e100000)]
  0x0000028450585000 JavaThread "pool-7-thread-1" [_thread_blocked, id=2532, stack(0x000000ba2de00000,0x000000ba2df00000)]
  0x000002845057f000 JavaThread "stderr" [_thread_in_native, id=2824, stack(0x000000ba2e100000,0x000000ba2e200000)]
  0x0000028450585800 JavaThread "stdout" [_thread_in_native, id=8348, stack(0x000000ba2e200000,0x000000ba2e300000)]
  0x0000028450580000 JavaThread "ForkJoinPool-1-worker-3" daemon [_thread_blocked, id=14268, stack(0x000000ba29700000,0x000000ba29800000)]
  0x0000028450587800 JavaThread "ForkJoinPool-1-worker-5" daemon [_thread_blocked, id=1900, stack(0x000000ba2e400000,0x000000ba2e500000)]
  0x000002845058a800 JavaThread "ForkJoinPool-1-worker-7" daemon [_thread_blocked, id=13992, stack(0x000000ba2e500000,0x000000ba2e600000)]
  0x000002845058c000 JavaThread "ForkJoinPool-1-worker-1" daemon [_thread_blocked, id=2840, stack(0x000000ba2e600000,0x000000ba2e700000)]

Other Threads:
=>0x00000284487a2000 VMThread "VM Thread" [stack: 0x000000ba28500000,0x000000ba28600000] [id=4176]
  0x00000284492e0000 WatcherThread [stack: 0x000000ba28f00000,0x000000ba29000000] [id=14496]
  0x000002842ebce000 GCTaskThread "GC Thread#0" [stack: 0x000000ba28000000,0x000000ba28100000] [id=14156]
  0x0000028449969800 GCTaskThread "GC Thread#1" [stack: 0x000000ba29000000,0x000000ba29100000] [id=5112]
  0x000002844951d800 GCTaskThread "GC Thread#2" [stack: 0x000000ba29100000,0x000000ba29200000] [id=14288]
  0x000002844a58b800 GCTaskThread "GC Thread#3" [stack: 0x000000ba29a00000,0x000000ba29b00000] [id=9508]
  0x000002842ebff000 ConcurrentGCThread "G1 Main Marker" [stack: 0x000000ba28100000,0x000000ba28200000] [id=12188]
  0x000002842ec00000 ConcurrentGCThread "G1 Conc#0" [stack: 0x000000ba28200000,0x000000ba28300000] [id=12468]
  0x0000028448600800 ConcurrentGCThread "G1 Refine#0" [stack: 0x000000ba28300000,0x000000ba28400000] [id=3292]
  0x0000028448601000 ConcurrentGCThread "G1 Young RemSet Sampling" [stack: 0x000000ba28400000,0x000000ba28500000] [id=1348]

Threads with active compile tasks:
C2 CompilerThread04979560 16883       4       com.android.tools.r8.dex.j::i (798 bytes)

VM state:at safepoint (normal execution)

VM Mutex/Monitor currently owned by a thread:  ([mutex/lock_event])
[0x000002842ebb70f0] Threads_lock - owner thread: 0x00000284487a2000
[0x000002842ebb6f40] Heap_lock - owner thread: 0x0000028450583000

Heap address: 0x0000000080000000, size: 2048 MB, Compressed Oops mode: 32-bit
Narrow klass base: 0x0000000000000000, Narrow klass shift: 3
Compressed class space size: 1073741824 Address: 0x0000000100000000

Heap:
 garbage-first heap   total 365568K, used 245136K [0x0000000080000000, 0x0000000100000000)
  region size 1024K, 2 young (2048K), 2 survivors (2048K)
 Metaspace       used 127955K, capacity 131281K, committed 131584K, reserved 1163264K
  class space    used 16254K, capacity 17538K, committed 17664K, reserved 1048576K
Heap Regions: E=young(eden), S=young(survivor), O=old, HS=humongous(starts), HC=humongous(continues), CS=collection set, F=free, A=archive, TAMS=top-at-mark-start (previous, next)
|   0|0x0000000080000000, 0x0000000080100000, 0x0000000080100000|100%|HS|  |TAMS 0x0000000080100000, 0x0000000080000000| Complete 
|   1|0x0000000080100000, 0x0000000080200000, 0x0000000080200000|100%|HC|  |TAMS 0x0000000080200000, 0x0000000080100000| Complete 
|   2|0x0000000080200000, 0x0000000080300000, 0x0000000080300000|100%|HC|  |TAMS 0x0000000080300000, 0x0000000080200000| Complete 
|   3|0x0000000080300000, 0x0000000080400000, 0x0000000080400000|100%| O|  |TAMS 0x0000000080400000, 0x0000000080300000| Updating 
|   4|0x0000000080400000, 0x0000000080500000, 0x0000000080500000|100%| O|  |TAMS 0x0000000080500000, 0x0000000080400000| Updating 
|   5|0x0000000080500000, 0x0000000080600000, 0x0000000080600000|100%| O|  |TAMS 0x0000000080600000, 0x0000000080500000| Updating 
|   6|0x0000000080600000, 0x0000000080700000, 0x0000000080700000|100%| O|  |TAMS 0x0000000080700000, 0x0000000080600000| Updating 
|   7|0x0000000080700000, 0x0000000080800000, 0x0000000080800000|100%| O|  |TAMS 0x0000000080800000, 0x0000000080700000| Updating 
|   8|0x0000000080800000, 0x0000000080900000, 0x0000000080900000|100%| O|  |TAMS 0x0000000080900000, 0x0000000080800000| Updating 
|   9|0x0000000080900000, 0x0000000080a00000, 0x0000000080a00000|100%| O|  |TAMS 0x0000000080a00000, 0x0000000080900000| Updating 
|  10|0x0000000080a00000, 0x0000000080b00000, 0x0000000080b00000|100%| O|  |TAMS 0x0000000080b00000, 0x0000000080a00000| Updating 
|  11|0x0000000080b00000, 0x0000000080c00000, 0x0000000080c00000|100%| O|  |TAMS 0x0000000080c00000, 0x0000000080b00000| Updating 
|  12|0x0000000080c00000, 0x0000000080d00000, 0x0000000080d00000|100%| O|  |TAMS 0x0000000080d00000, 0x0000000080c00000| Updating 
|  13|0x0000000080d00000, 0x0000000080e00000, 0x0000000080e00000|100%| O|  |TAMS 0x0000000080e00000, 0x0000000080d00000| Updating 
|  14|0x0000000080e00000, 0x0000000080f00000, 0x0000000080f00000|100%| O|  |TAMS 0x0000000080f00000, 0x0000000080e00000| Updating 
|  15|0x0000000080f00000, 0x0000000081000000, 0x0000000081000000|100%| O|  |TAMS 0x0000000081000000, 0x0000000080f00000| Updating 
|  16|0x0000000081000000, 0x0000000081100000, 0x0000000081100000|100%| O|  |TAMS 0x0000000081100000, 0x0000000081000000| Updating 
|  17|0x0000000081100000, 0x0000000081200000, 0x0000000081200000|100%|HS|  |TAMS 0x0000000081200000, 0x0000000081100000| Complete 
|  18|0x0000000081200000, 0x0000000081300000, 0x0000000081300000|100%|HC|  |TAMS 0x0000000081300000, 0x0000000081200000| Complete 
|  19|0x0000000081300000, 0x0000000081400000, 0x0000000081400000|100%|HS|  |TAMS 0x0000000081400000, 0x0000000081300000| Complete 
|  20|0x0000000081400000, 0x0000000081500000, 0x0000000081500000|100%|HC|  |TAMS 0x0000000081500000, 0x0000000081400000| Complete 
|  21|0x0000000081500000, 0x0000000081600000, 0x0000000081600000|100%|HC|  |TAMS 0x0000000081600000, 0x0000000081500000| Complete 
|  22|0x0000000081600000, 0x0000000081700000, 0x0000000081700000|100%|HS|  |TAMS 0x0000000081700000, 0x0000000081600000| Complete 
|  23|0x0000000081700000, 0x0000000081800000, 0x0000000081800000|100%|HS|  |TAMS 0x0000000081800000, 0x0000000081700000| Complete 
|  24|0x0000000081800000, 0x0000000081900000, 0x0000000081900000|100%|HC|  |TAMS 0x0000000081900000, 0x0000000081800000| Complete 
|  25|0x0000000081900000, 0x0000000081a00000, 0x0000000081a00000|100%|HC|  |TAMS 0x0000000081a00000, 0x0000000081900000| Complete 
|  26|0x0000000081a00000, 0x0000000081b00000, 0x0000000081b00000|100%|HC|  |TAMS 0x0000000081b00000, 0x0000000081a00000| Complete 
|  27|0x0000000081b00000, 0x0000000081c00000, 0x0000000081c00000|100%| O|  |TAMS 0x0000000081c00000, 0x0000000081b00000| Updating 
|  28|0x0000000081c00000, 0x0000000081d00000, 0x0000000081d00000|100%| O|  |TAMS 0x0000000081d00000, 0x0000000081c00000| Updating 
|  29|0x0000000081d00000, 0x0000000081e00000, 0x0000000081e00000|100%| O|  |TAMS 0x0000000081e00000, 0x0000000081d00000| Updating 
|  30|0x0000000081e00000, 0x0000000081f00000, 0x0000000081f00000|100%| O|  |TAMS 0x0000000081f00000, 0x0000000081e00000| Updating 
|  31|0x0000000081f00000, 0x0000000082000000, 0x0000000082000000|100%| O|  |TAMS 0x0000000082000000, 0x0000000081f00000| Updating 
|  32|0x0000000082000000, 0x0000000082100000, 0x0000000082100000|100%| O|  |TAMS 0x0000000082100000, 0x0000000082000000| Updating 
|  33|0x0000000082100000, 0x0000000082200000, 0x0000000082200000|100%| O|  |TAMS 0x0000000082200000, 0x0000000082100000| Updating 
|  34|0x0000000082200000, 0x0000000082300000, 0x0000000082300000|100%|HS|  |TAMS 0x0000000082300000, 0x0000000082200000| Complete 
|  35|0x0000000082300000, 0x0000000082400000, 0x0000000082400000|100%|HS|  |TAMS 0x0000000082400000, 0x0000000082300000| Complete 
|  36|0x0000000082400000, 0x0000000082500000, 0x0000000082500000|100%|HC|  |TAMS 0x0000000082500000, 0x0000000082400000| Complete 
|  37|0x0000000082500000, 0x0000000082600000, 0x0000000082600000|100%|HC|  |TAMS 0x0000000082600000, 0x0000000082500000| Complete 
|  38|0x0000000082600000, 0x0000000082700000, 0x0000000082700000|100%| O|  |TAMS 0x0000000082700000, 0x0000000082600000| Updating 
|  39|0x0000000082700000, 0x0000000082800000, 0x0000000082800000|100%| O|  |TAMS 0x0000000082800000, 0x0000000082700000| Updating 
|  40|0x0000000082800000, 0x0000000082900000, 0x0000000082900000|100%| O|  |TAMS 0x0000000082900000, 0x0000000082800000| Updating 
|  41|0x0000000082900000, 0x0000000082a00000, 0x0000000082a00000|100%| O|  |TAMS 0x0000000082a00000, 0x0000000082900000| Updating 
|  42|0x0000000082a00000, 0x0000000082b00000, 0x0000000082b00000|100%| O|  |TAMS 0x0000000082b00000, 0x0000000082a00000| Updating 
|  43|0x0000000082b00000, 0x0000000082c00000, 0x0000000082c00000|100%| O|  |TAMS 0x0000000082c00000, 0x0000000082b00000| Updating 
|  44|0x0000000082c00000, 0x0000000082d00000, 0x0000000082d00000|100%| O|  |TAMS 0x0000000082d00000, 0x0000000082c00000| Updating 
|  45|0x0000000082d00000, 0x0000000082e00000, 0x0000000082e00000|100%|HS|  |TAMS 0x0000000082e00000, 0x0000000082d00000| Complete 
|  46|0x0000000082e00000, 0x0000000082f00000, 0x0000000082f00000|100%|HC|  |TAMS 0x0000000082f00000, 0x0000000082e00000| Complete 
|  47|0x0000000082f00000, 0x0000000083000000, 0x0000000083000000|100%|HC|  |TAMS 0x0000000083000000, 0x0000000082f00000| Complete 
|  48|0x0000000083000000, 0x0000000083100000, 0x0000000083100000|100%|HC|  |TAMS 0x0000000083100000, 0x0000000083000000| Complete 
|  49|0x0000000083100000, 0x0000000083200000, 0x0000000083200000|100%| O|  |TAMS 0x0000000083200000, 0x0000000083100000| Updating 
|  50|0x0000000083200000, 0x0000000083300000, 0x0000000083300000|100%| O|  |TAMS 0x0000000083300000, 0x0000000083200000| Updating 
|  51|0x0000000083300000, 0x0000000083400000, 0x0000000083400000|100%| O|  |TAMS 0x0000000083400000, 0x0000000083300000| Updating 
|  52|0x0000000083400000, 0x0000000083500000, 0x0000000083500000|100%| O|  |TAMS 0x0000000083500000, 0x0000000083400000| Updating 
|  53|0x0000000083500000, 0x0000000083600000, 0x0000000083600000|100%| O|  |TAMS 0x0000000083600000, 0x0000000083500000| Updating 
|  54|0x0000000083600000, 0x0000000083700000, 0x0000000083700000|100%| O|  |TAMS 0x0000000083700000, 0x0000000083600000| Updating 
|  55|0x0000000083700000, 0x0000000083800000, 0x0000000083800000|100%|HS|  |TAMS 0x0000000083800000, 0x0000000083700000| Complete 
|  56|0x0000000083800000, 0x0000000083900000, 0x0000000083900000|100%|HS|  |TAMS 0x0000000083900000, 0x0000000083800000| Complete 
|  57|0x0000000083900000, 0x0000000083a00000, 0x0000000083a00000|100%| O|  |TAMS 0x0000000083a00000, 0x0000000083900000| Updating 
|  58|0x0000000083a00000, 0x0000000083b00000, 0x0000000083b00000|100%| O|  |TAMS 0x0000000083b00000, 0x0000000083a00000| Updating 
|  59|0x0000000083b00000, 0x0000000083c00000, 0x0000000083c00000|100%|HS|  |TAMS 0x0000000083c00000, 0x0000000083b00000| Complete 
|  60|0x0000000083c00000, 0x0000000083d00000, 0x0000000083d00000|100%|HC|  |TAMS 0x0000000083d00000, 0x0000000083c00000| Complete 
|  61|0x0000000083d00000, 0x0000000083e00000, 0x0000000083e00000|100%| O|  |TAMS 0x0000000083e00000, 0x0000000083d00000| Updating 
|  62|0x0000000083e00000, 0x0000000083f00000, 0x0000000083f00000|100%| O|  |TAMS 0x0000000083f00000, 0x0000000083e00000| Updating 
|  63|0x0000000083f00000, 0x0000000084000000, 0x0000000084000000|100%| O|  |TAMS 0x0000000084000000, 0x0000000083f00000| Updating 
|  64|0x0000000084000000, 0x0000000084100000, 0x0000000084100000|100%| O|  |TAMS 0x0000000084100000, 0x0000000084000000| Updating 
|  65|0x0000000084100000, 0x0000000084200000, 0x0000000084200000|100%| O|  |TAMS 0x0000000084200000, 0x0000000084100000| Updating 
|  66|0x0000000084200000, 0x0000000084300000, 0x0000000084300000|100%| O|  |TAMS 0x0000000084300000, 0x0000000084200000| Updating 
|  67|0x0000000084300000, 0x0000000084400000, 0x0000000084400000|100%| O|  |TAMS 0x0000000084400000, 0x0000000084300000| Updating 
|  68|0x0000000084400000, 0x0000000084500000, 0x0000000084500000|100%| O|  |TAMS 0x0000000084500000, 0x0000000084400000| Updating 
|  69|0x0000000084500000, 0x0000000084600000, 0x0000000084600000|100%| O|  |TAMS 0x0000000084600000, 0x0000000084500000| Updating 
|  70|0x0000000084600000, 0x0000000084700000, 0x0000000084700000|100%| O|  |TAMS 0x0000000084700000, 0x0000000084600000| Updating 
|  71|0x0000000084700000, 0x0000000084800000, 0x0000000084800000|100%| O|  |TAMS 0x0000000084800000, 0x0000000084700000| Updating 
|  72|0x0000000084800000, 0x0000000084900000, 0x0000000084900000|100%| O|  |TAMS 0x0000000084900000, 0x0000000084800000| Updating 
|  73|0x0000000084900000, 0x0000000084a00000, 0x0000000084a00000|100%| O|  |TAMS 0x0000000084a00000, 0x0000000084900000| Updating 
|  74|0x0000000084a00000, 0x0000000084b00000, 0x0000000084b00000|100%| O|  |TAMS 0x0000000084b00000, 0x0000000084a00000| Updating 
|  75|0x0000000084b00000, 0x0000000084c00000, 0x0000000084c00000|100%| O|  |TAMS 0x0000000084c00000, 0x0000000084b00000| Updating 
|  76|0x0000000084c00000, 0x0000000084d00000, 0x0000000084d00000|100%| O|  |TAMS 0x0000000084d00000, 0x0000000084c00000| Updating 
|  77|0x0000000084d00000, 0x0000000084e00000, 0x0000000084e00000|100%| O|  |TAMS 0x0000000084e00000, 0x0000000084d00000| Updating 
|  78|0x0000000084e00000, 0x0000000084f00000, 0x0000000084f00000|100%| O|  |TAMS 0x0000000084f00000, 0x0000000084e00000| Updating 
|  79|0x0000000084f00000, 0x0000000085000000, 0x0000000085000000|100%| O|  |TAMS 0x0000000085000000, 0x0000000084f00000| Updating 
|  80|0x0000000085000000, 0x0000000085100000, 0x0000000085100000|100%| O|  |TAMS 0x0000000085100000, 0x0000000085000000| Updating 
|  81|0x0000000085100000, 0x0000000085200000, 0x0000000085200000|100%| O|  |TAMS 0x0000000085200000, 0x0000000085100000| Updating 
|  82|0x0000000085200000, 0x0000000085300000, 0x0000000085300000|100%| O|  |TAMS 0x0000000085300000, 0x0000000085200000| Updating 
|  83|0x0000000085300000, 0x0000000085400000, 0x0000000085400000|100%| O|  |TAMS 0x0000000085400000, 0x0000000085300000| Updating 
|  84|0x0000000085400000, 0x0000000085500000, 0x0000000085500000|100%|HS|  |TAMS 0x0000000085500000, 0x0000000085400000| Complete 
|  85|0x0000000085500000, 0x0000000085600000, 0x0000000085600000|100%|HC|  |TAMS 0x0000000085600000, 0x0000000085500000| Complete 
|  86|0x0000000085600000, 0x0000000085700000, 0x0000000085700000|100%|HS|  |TAMS 0x0000000085700000, 0x0000000085600000| Complete 
|  87|0x0000000085700000, 0x0000000085800000, 0x0000000085800000|100%|HC|  |TAMS 0x0000000085800000, 0x0000000085700000| Complete 
|  88|0x0000000085800000, 0x0000000085900000, 0x0000000085900000|100%|HC|  |TAMS 0x0000000085900000, 0x0000000085800000| Complete 
|  89|0x0000000085900000, 0x0000000085a00000, 0x0000000085a00000|100%| O|  |TAMS 0x0000000085a00000, 0x0000000085900000| Updating 
|  90|0x0000000085a00000, 0x0000000085b00000, 0x0000000085b00000|100%| O|  |TAMS 0x0000000085b00000, 0x0000000085a00000| Updating 
|  91|0x0000000085b00000, 0x0000000085c00000, 0x0000000085c00000|100%| O|  |TAMS 0x0000000085c00000, 0x0000000085b00000| Updating 
|  92|0x0000000085c00000, 0x0000000085d00000, 0x0000000085d00000|100%| O|  |TAMS 0x0000000085d00000, 0x0000000085c00000| Updating 
|  93|0x0000000085d00000, 0x0000000085e00000, 0x0000000085e00000|100%|HS|  |TAMS 0x0000000085e00000, 0x0000000085d00000| Complete 
|  94|0x0000000085e00000, 0x0000000085f00000, 0x0000000085f00000|100%|HS|  |TAMS 0x0000000085f00000, 0x0000000085e00000| Complete 
|  95|0x0000000085f00000, 0x0000000086000000, 0x0000000086000000|100%|HC|  |TAMS 0x0000000086000000, 0x0000000085f00000| Complete 
|  96|0x0000000086000000, 0x0000000086100000, 0x0000000086100000|100%|HC|  |TAMS 0x0000000086100000, 0x0000000086000000| Complete 
|  97|0x0000000086100000, 0x0000000086200000, 0x0000000086200000|100%|HC|  |TAMS 0x0000000086200000, 0x0000000086100000| Complete 
|  98|0x0000000086200000, 0x0000000086300000, 0x0000000086300000|100%| O|  |TAMS 0x0000000086300000, 0x0000000086200000| Updating 
|  99|0x0000000086300000, 0x0000000086400000, 0x0000000086400000|100%| O|  |TAMS 0x0000000086400000, 0x0000000086300000| Updating 
| 100|0x0000000086400000, 0x0000000086500000, 0x0000000086500000|100%| O|  |TAMS 0x0000000086500000, 0x0000000086400000| Updating 
| 101|0x0000000086500000, 0x0000000086600000, 0x0000000086600000|100%| O|  |TAMS 0x0000000086600000, 0x0000000086500000| Updating 
| 102|0x0000000086600000, 0x0000000086700000, 0x0000000086700000|100%| O|  |TAMS 0x0000000086700000, 0x0000000086600000| Updating 
| 103|0x0000000086700000, 0x0000000086800000, 0x0000000086800000|100%| O|  |TAMS 0x0000000086800000, 0x0000000086700000| Updating 
| 104|0x0000000086800000, 0x0000000086900000, 0x0000000086900000|100%| O|  |TAMS 0x0000000086900000, 0x0000000086800000| Updating 
| 105|0x0000000086900000, 0x0000000086a00000, 0x0000000086a00000|100%| O|  |TAMS 0x0000000086a00000, 0x0000000086900000| Updating 
| 106|0x0000000086a00000, 0x0000000086b00000, 0x0000000086b00000|100%| O|  |TAMS 0x0000000086b00000, 0x0000000086a00000| Updating 
| 107|0x0000000086b00000, 0x0000000086c00000, 0x0000000086c00000|100%| O|  |TAMS 0x0000000086c00000, 0x0000000086b00000| Updating 
| 108|0x0000000086c00000, 0x0000000086d00000, 0x0000000086d00000|100%| O|  |TAMS 0x0000000086d00000, 0x0000000086c00000| Updating 
| 109|0x0000000086d00000, 0x0000000086e00000, 0x0000000086e00000|100%| O|  |TAMS 0x0000000086e00000, 0x0000000086d00000| Updating 
| 110|0x0000000086e00000, 0x0000000086f00000, 0x0000000086f00000|100%| O|  |TAMS 0x0000000086f00000, 0x0000000086e00000| Updating 
| 111|0x0000000086f00000, 0x0000000087000000, 0x0000000087000000|100%| O|  |TAMS 0x0000000087000000, 0x0000000086f00000| Updating 
| 112|0x0000000087000000, 0x0000000087100000, 0x0000000087100000|100%| O|  |TAMS 0x0000000087100000, 0x0000000087000000| Updating 
| 113|0x0000000087100000, 0x0000000087200000, 0x0000000087200000|100%| O|  |TAMS 0x0000000087200000, 0x0000000087100000| Updating 
| 114|0x0000000087200000, 0x0000000087300000, 0x0000000087300000|100%|HS|  |TAMS 0x0000000087300000, 0x0000000087200000| Complete 
| 115|0x0000000087300000, 0x0000000087400000, 0x0000000087400000|100%|HC|  |TAMS 0x0000000087400000, 0x0000000087300000| Complete 
| 116|0x0000000087400000, 0x0000000087500000, 0x0000000087500000|100%|HS|  |TAMS 0x0000000087500000, 0x0000000087400000| Complete 
| 117|0x0000000087500000, 0x0000000087600000, 0x0000000087600000|100%|HS|  |TAMS 0x0000000087600000, 0x0000000087500000| Complete 
| 118|0x0000000087600000, 0x0000000087700000, 0x0000000087700000|100%| O|  |TAMS 0x0000000087700000, 0x0000000087600000| Updating 
| 119|0x0000000087700000, 0x0000000087800000, 0x0000000087800000|100%| O|  |TAMS 0x0000000087800000, 0x0000000087700000| Updating 
| 120|0x0000000087800000, 0x0000000087900000, 0x0000000087900000|100%| O|  |TAMS 0x0000000087900000, 0x0000000087800000| Updating 
| 121|0x0000000087900000, 0x0000000087a00000, 0x0000000087a00000|100%| O|  |TAMS 0x0000000087a00000, 0x0000000087900000| Updating 
| 122|0x0000000087a00000, 0x0000000087b00000, 0x0000000087b00000|100%| O|  |TAMS 0x0000000087b00000, 0x0000000087a00000| Updating 
| 123|0x0000000087b00000, 0x0000000087c00000, 0x0000000087c00000|100%| O|  |TAMS 0x0000000087c00000, 0x0000000087b00000| Updating 
| 124|0x0000000087c00000, 0x0000000087d00000, 0x0000000087d00000|100%| O|  |TAMS 0x0000000087d00000, 0x0000000087c00000| Updating 
| 125|0x0000000087d00000, 0x0000000087e00000, 0x0000000087e00000|100%| O|  |TAMS 0x0000000087e00000, 0x0000000087d00000| Updating 
| 126|0x0000000087e00000, 0x0000000087f00000, 0x0000000087f00000|100%| O|  |TAMS 0x0000000087f00000, 0x0000000087e00000| Updating 
| 127|0x0000000087f00000, 0x0000000088000000, 0x0000000088000000|100%| O|  |TAMS 0x0000000088000000, 0x0000000087f00000| Updating 
| 128|0x0000000088000000, 0x0000000088100000, 0x0000000088100000|100%| O|  |TAMS 0x0000000088100000, 0x0000000088000000| Updating 
| 129|0x0000000088100000, 0x0000000088200000, 0x0000000088200000|100%| O|  |TAMS 0x0000000088200000, 0x0000000088100000| Updating 
| 130|0x0000000088200000, 0x0000000088300000, 0x0000000088300000|100%| O|  |TAMS 0x0000000088300000, 0x0000000088200000| Updating 
| 131|0x0000000088300000, 0x0000000088400000, 0x0000000088400000|100%| O|  |TAMS 0x0000000088400000, 0x0000000088300000| Updating 
| 132|0x0000000088400000, 0x0000000088500000, 0x0000000088500000|100%| O|  |TAMS 0x0000000088500000, 0x0000000088400000| Updating 
| 133|0x0000000088500000, 0x0000000088600000, 0x0000000088600000|100%| O|  |TAMS 0x0000000088600000, 0x0000000088500000| Updating 
| 134|0x0000000088600000, 0x0000000088700000, 0x0000000088700000|100%| O|  |TAMS 0x0000000088700000, 0x0000000088600000| Updating 
| 135|0x0000000088700000, 0x0000000088800000, 0x0000000088800000|100%|HS|  |TAMS 0x0000000088800000, 0x0000000088700000| Complete 
| 136|0x0000000088800000, 0x0000000088900000, 0x0000000088900000|100%|HC|  |TAMS 0x0000000088900000, 0x0000000088800000| Complete 
| 137|0x0000000088900000, 0x0000000088a00000, 0x0000000088a00000|100%|HS|  |TAMS 0x0000000088a00000, 0x0000000088900000| Complete 
| 138|0x0000000088a00000, 0x0000000088b00000, 0x0000000088b00000|100%|HC|  |TAMS 0x0000000088b00000, 0x0000000088a00000| Complete 
| 139|0x0000000088b00000, 0x0000000088c00000, 0x0000000088c00000|100%|HS|  |TAMS 0x0000000088c00000, 0x0000000088b00000| Complete 
| 140|0x0000000088c00000, 0x0000000088d00000, 0x0000000088d00000|100%|HC|  |TAMS 0x0000000088d00000, 0x0000000088c00000| Complete 
| 141|0x0000000088d00000, 0x0000000088e00000, 0x0000000088e00000|100%|HC|  |TAMS 0x0000000088e00000, 0x0000000088d00000| Complete 
| 142|0x0000000088e00000, 0x0000000088f00000, 0x0000000088f00000|100%| O|  |TAMS 0x0000000088f00000, 0x0000000088e00000| Updating 
| 143|0x0000000088f00000, 0x0000000089000000, 0x0000000089000000|100%| O|  |TAMS 0x0000000089000000, 0x0000000088f00000| Updating 
| 144|0x0000000089000000, 0x0000000089000000, 0x0000000089100000|  0%| F|  |TAMS 0x0000000089000000, 0x0000000089000000| Untracked 
| 145|0x0000000089100000, 0x0000000089100000, 0x0000000089200000|  0%| F|  |TAMS 0x0000000089100000, 0x0000000089100000| Untracked 
| 146|0x0000000089200000, 0x0000000089300000, 0x0000000089300000|100%| O|  |TAMS 0x0000000089300000, 0x0000000089200000| Updating 
| 147|0x0000000089300000, 0x0000000089300000, 0x0000000089400000|  0%| F|  |TAMS 0x0000000089300000, 0x0000000089300000| Untracked 
| 148|0x0000000089400000, 0x0000000089500000, 0x0000000089500000|100%| O|  |TAMS 0x0000000089500000, 0x0000000089400000| Updating 
| 149|0x0000000089500000, 0x0000000089500000, 0x0000000089600000|  0%| F|  |TAMS 0x0000000089500000, 0x0000000089500000| Untracked 
| 150|0x0000000089600000, 0x0000000089700000, 0x0000000089700000|100%|HS|  |TAMS 0x0000000089700000, 0x0000000089600000| Complete 
| 151|0x0000000089700000, 0x0000000089800000, 0x0000000089800000|100%| O|  |TAMS 0x0000000089800000, 0x0000000089700000| Updating 
| 152|0x0000000089800000, 0x0000000089900000, 0x0000000089900000|100%| O|  |TAMS 0x0000000089900000, 0x0000000089800000| Updating 
| 153|0x0000000089900000, 0x0000000089a00000, 0x0000000089a00000|100%| O|  |TAMS 0x0000000089a00000, 0x0000000089900000| Updating 
| 154|0x0000000089a00000, 0x0000000089b00000, 0x0000000089b00000|100%| O|  |TAMS 0x0000000089b00000, 0x0000000089a00000| Updating 
| 155|0x0000000089b00000, 0x0000000089b00000, 0x0000000089c00000|  0%| F|  |TAMS 0x0000000089b00000, 0x0000000089b00000| Untracked 
| 156|0x0000000089c00000, 0x0000000089c00000, 0x0000000089d00000|  0%| F|  |TAMS 0x0000000089c00000, 0x0000000089c00000| Untracked 
| 157|0x0000000089d00000, 0x0000000089e00000, 0x0000000089e00000|100%| O|  |TAMS 0x0000000089e00000, 0x0000000089d00000| Updating 
| 158|0x0000000089e00000, 0x0000000089f00000, 0x0000000089f00000|100%| O|  |TAMS 0x0000000089f00000, 0x0000000089e00000| Updating 
| 159|0x0000000089f00000, 0x000000008a000000, 0x000000008a000000|100%| O|  |TAMS 0x000000008a000000, 0x0000000089f00000| Updating 
| 160|0x000000008a000000, 0x000000008a100000, 0x000000008a100000|100%| O|  |TAMS 0x000000008a100000, 0x000000008a000000| Updating 
| 161|0x000000008a100000, 0x000000008a200000, 0x000000008a200000|100%| O|  |TAMS 0x000000008a200000, 0x000000008a100000| Updating 
| 162|0x000000008a200000, 0x000000008a200000, 0x000000008a300000|  0%| F|  |TAMS 0x000000008a200000, 0x000000008a200000| Untracked 
| 163|0x000000008a300000, 0x000000008a300000, 0x000000008a400000|  0%| F|  |TAMS 0x000000008a300000, 0x000000008a300000| Untracked 
| 164|0x000000008a400000, 0x000000008a500000, 0x000000008a500000|100%| O|  |TAMS 0x000000008a500000, 0x000000008a400000| Updating 
| 165|0x000000008a500000, 0x000000008a600000, 0x000000008a600000|100%|HS|  |TAMS 0x000000008a600000, 0x000000008a500000| Complete 
| 166|0x000000008a600000, 0x000000008a700000, 0x000000008a700000|100%| O|  |TAMS 0x000000008a700000, 0x000000008a600000| Updating 
| 167|0x000000008a700000, 0x000000008a800000, 0x000000008a800000|100%| O|  |TAMS 0x000000008a800000, 0x000000008a700000| Updating 
| 168|0x000000008a800000, 0x000000008a900000, 0x000000008a900000|100%| O|  |TAMS 0x000000008a900000, 0x000000008a800000| Updating 
| 169|0x000000008a900000, 0x000000008aa00000, 0x000000008aa00000|100%| O|  |TAMS 0x000000008aa00000, 0x000000008a900000| Updating 
| 170|0x000000008aa00000, 0x000000008ab00000, 0x000000008ab00000|100%| O|  |TAMS 0x000000008ab00000, 0x000000008aa00000| Updating 
| 171|0x000000008ab00000, 0x000000008ac00000, 0x000000008ac00000|100%| O|  |TAMS 0x000000008ac00000, 0x000000008ab00000| Updating 
| 172|0x000000008ac00000, 0x000000008ad00000, 0x000000008ad00000|100%| O|  |TAMS 0x000000008ad00000, 0x000000008ac00000| Updating 
| 173|0x000000008ad00000, 0x000000008ae00000, 0x000000008ae00000|100%| O|  |TAMS 0x000000008ae00000, 0x000000008ad00000| Updating 
| 174|0x000000008ae00000, 0x000000008af00000, 0x000000008af00000|100%| O|  |TAMS 0x000000008af00000, 0x000000008ae00000| Updating 
| 175|0x000000008af00000, 0x000000008b000000, 0x000000008b000000|100%| O|  |TAMS 0x000000008b000000, 0x000000008af00000| Updating 
| 176|0x000000008b000000, 0x000000008b100000, 0x000000008b100000|100%| O|  |TAMS 0x000000008b100000, 0x000000008b000000| Updating 
| 177|0x000000008b100000, 0x000000008b200000, 0x000000008b200000|100%| O|  |TAMS 0x000000008b200000, 0x000000008b100000| Updating 
| 178|0x000000008b200000, 0x000000008b300000, 0x000000008b300000|100%| O|  |TAMS 0x000000008b300000, 0x000000008b200000| Updating 
| 179|0x000000008b300000, 0x000000008b400000, 0x000000008b400000|100%| O|  |TAMS 0x000000008b400000, 0x000000008b300000| Updating 
| 180|0x000000008b400000, 0x000000008b500000, 0x000000008b500000|100%| O|  |TAMS 0x000000008b500000, 0x000000008b400000| Updating 
| 181|0x000000008b500000, 0x000000008b600000, 0x000000008b600000|100%| O|  |TAMS 0x000000008b600000, 0x000000008b500000| Updating 
| 182|0x000000008b600000, 0x000000008b700000, 0x000000008b700000|100%| O|  |TAMS 0x000000008b700000, 0x000000008b600000| Updating 
| 183|0x000000008b700000, 0x000000008b800000, 0x000000008b800000|100%| O|  |TAMS 0x000000008b800000, 0x000000008b700000| Updating 
| 184|0x000000008b800000, 0x000000008b900000, 0x000000008b900000|100%| O|  |TAMS 0x000000008b900000, 0x000000008b800000| Updating 
| 185|0x000000008b900000, 0x000000008ba00000, 0x000000008ba00000|100%| O|  |TAMS 0x000000008ba00000, 0x000000008b900000| Updating 
| 186|0x000000008ba00000, 0x000000008bb00000, 0x000000008bb00000|100%| O|  |TAMS 0x000000008bb00000, 0x000000008ba00000| Updating 
| 187|0x000000008bb00000, 0x000000008bc00000, 0x000000008bc00000|100%| O|  |TAMS 0x000000008bc00000, 0x000000008bb00000| Updating 
| 188|0x000000008bc00000, 0x000000008bd00000, 0x000000008bd00000|100%| O|  |TAMS 0x000000008bd00000, 0x000000008bc00000| Updating 
| 189|0x000000008bd00000, 0x000000008be00000, 0x000000008be00000|100%| O|  |TAMS 0x000000008be00000, 0x000000008bd00000| Updating 
| 190|0x000000008be00000, 0x000000008bf00000, 0x000000008bf00000|100%| O|  |TAMS 0x000000008bf00000, 0x000000008be00000| Updating 
| 191|0x000000008bf00000, 0x000000008c000000, 0x000000008c000000|100%| O|  |TAMS 0x000000008c000000, 0x000000008bf00000| Updating 
| 192|0x000000008c000000, 0x000000008c100000, 0x000000008c100000|100%| O|  |TAMS 0x000000008c100000, 0x000000008c000000| Updating 
| 193|0x000000008c100000, 0x000000008c100000, 0x000000008c200000|  0%| F|  |TAMS 0x000000008c100000, 0x000000008c100000| Untracked 
| 194|0x000000008c200000, 0x000000008c200000, 0x000000008c300000|  0%| F|  |TAMS 0x000000008c200000, 0x000000008c200000| Untracked 
| 195|0x000000008c300000, 0x000000008c300000, 0x000000008c400000|  0%| F|  |TAMS 0x000000008c300000, 0x000000008c300000| Untracked 
| 196|0x000000008c400000, 0x000000008c500000, 0x000000008c500000|100%| O|  |TAMS 0x000000008c500000, 0x000000008c400000| Updating 
| 197|0x000000008c500000, 0x000000008c600000, 0x000000008c600000|100%| O|  |TAMS 0x000000008c600000, 0x000000008c500000| Updating 
| 198|0x000000008c600000, 0x000000008c700000, 0x000000008c700000|100%| O|  |TAMS 0x000000008c700000, 0x000000008c600000| Updating 
| 199|0x000000008c700000, 0x000000008c800000, 0x000000008c800000|100%| O|  |TAMS 0x000000008c800000, 0x000000008c700000| Updating 
| 200|0x000000008c800000, 0x000000008c900000, 0x000000008c900000|100%| O|  |TAMS 0x000000008c900000, 0x000000008c800000| Updating 
| 201|0x000000008c900000, 0x000000008ca00000, 0x000000008ca00000|100%| O|  |TAMS 0x000000008ca00000, 0x000000008c900000| Updating 
| 202|0x000000008ca00000, 0x000000008cb00000, 0x000000008cb00000|100%| O|  |TAMS 0x000000008cb00000, 0x000000008ca00000| Updating 
| 203|0x000000008cb00000, 0x000000008cb00000, 0x000000008cc00000|  0%| F|  |TAMS 0x000000008cb00000, 0x000000008cb00000| Untracked 
| 204|0x000000008cc00000, 0x000000008cc00000, 0x000000008cd00000|  0%| F|  |TAMS 0x000000008cc00000, 0x000000008cc00000| Untracked 
| 205|0x000000008cd00000, 0x000000008ce00000, 0x000000008ce00000|100%| O|  |TAMS 0x000000008ce00000, 0x000000008cd00000| Updating 
| 206|0x000000008ce00000, 0x000000008cf00000, 0x000000008cf00000|100%| O|  |TAMS 0x000000008cf00000, 0x000000008ce00000| Updating 
| 207|0x000000008cf00000, 0x000000008d000000, 0x000000008d000000|100%| O|  |TAMS 0x000000008d000000, 0x000000008cf00000| Updating 
| 208|0x000000008d000000, 0x000000008d100000, 0x000000008d100000|100%| O|  |TAMS 0x000000008d100000, 0x000000008d000000| Updating 
| 209|0x000000008d100000, 0x000000008d200000, 0x000000008d200000|100%| O|  |TAMS 0x000000008d200000, 0x000000008d100000| Updating 
| 210|0x000000008d200000, 0x000000008d300000, 0x000000008d300000|100%| O|  |TAMS 0x000000008d300000, 0x000000008d200000| Updating 
| 211|0x000000008d300000, 0x000000008d400000, 0x000000008d400000|100%| O|  |TAMS 0x000000008d400000, 0x000000008d300000| Updating 
| 212|0x000000008d400000, 0x000000008d500000, 0x000000008d500000|100%| O|  |TAMS 0x000000008d500000, 0x000000008d400000| Updating 
| 213|0x000000008d500000, 0x000000008d600000, 0x000000008d600000|100%| O|  |TAMS 0x000000008d600000, 0x000000008d500000| Updating 
| 214|0x000000008d600000, 0x000000008d700000, 0x000000008d700000|100%| O|  |TAMS 0x000000008d700000, 0x000000008d600000| Updating 
| 215|0x000000008d700000, 0x000000008d800000, 0x000000008d800000|100%| O|  |TAMS 0x000000008d800000, 0x000000008d700000| Updating 
| 216|0x000000008d800000, 0x000000008d900000, 0x000000008d900000|100%| O|  |TAMS 0x000000008d900000, 0x000000008d800000| Updating 
| 217|0x000000008d900000, 0x000000008da00000, 0x000000008da00000|100%| O|  |TAMS 0x000000008da00000, 0x000000008d900000| Updating 
| 218|0x000000008da00000, 0x000000008db00000, 0x000000008db00000|100%| O|  |TAMS 0x000000008db00000, 0x000000008da00000| Updating 
| 219|0x000000008db00000, 0x000000008dc00000, 0x000000008dc00000|100%| O|  |TAMS 0x000000008dc00000, 0x000000008db00000| Updating 
| 220|0x000000008dc00000, 0x000000008dd00000, 0x000000008dd00000|100%| O|  |TAMS 0x000000008dd00000, 0x000000008dc00000| Updating 
| 221|0x000000008dd00000, 0x000000008de00000, 0x000000008de00000|100%| O|  |TAMS 0x000000008de00000, 0x000000008dd00000| Updating 
| 222|0x000000008de00000, 0x000000008df00000, 0x000000008df00000|100%| O|  |TAMS 0x000000008df00000, 0x000000008de00000| Updating 
| 223|0x000000008df00000, 0x000000008e000000, 0x000000008e000000|100%| O|  |TAMS 0x000000008e000000, 0x000000008df00000| Updating 
| 224|0x000000008e000000, 0x000000008e100000, 0x000000008e100000|100%| O|  |TAMS 0x000000008e100000, 0x000000008e000000| Updating 
| 225|0x000000008e100000, 0x000000008e200000, 0x000000008e200000|100%| O|  |TAMS 0x000000008e200000, 0x000000008e100000| Updating 
| 226|0x000000008e200000, 0x000000008e300000, 0x000000008e300000|100%| O|  |TAMS 0x000000008e300000, 0x000000008e200000| Updating 
| 227|0x000000008e300000, 0x000000008e400000, 0x000000008e400000|100%| O|  |TAMS 0x000000008e400000, 0x000000008e300000| Updating 
| 228|0x000000008e400000, 0x000000008e500000, 0x000000008e500000|100%| O|  |TAMS 0x000000008e500000, 0x000000008e400000| Updating 
| 229|0x000000008e500000, 0x000000008e600000, 0x000000008e600000|100%| O|  |TAMS 0x000000008e600000, 0x000000008e500000| Updating 
| 230|0x000000008e600000, 0x000000008e700000, 0x000000008e700000|100%| O|  |TAMS 0x000000008e700000, 0x000000008e600000| Updating 
| 231|0x000000008e700000, 0x000000008e800000, 0x000000008e800000|100%| O|  |TAMS 0x000000008e800000, 0x000000008e700000| Updating 
| 232|0x000000008e800000, 0x000000008e900000, 0x000000008e900000|100%| O|  |TAMS 0x000000008e900000, 0x000000008e800000| Updating 
| 233|0x000000008e900000, 0x000000008ea00000, 0x000000008ea00000|100%| O|  |TAMS 0x000000008ea00000, 0x000000008e900000| Updating 
| 234|0x000000008ea00000, 0x000000008eb00000, 0x000000008eb00000|100%| O|  |TAMS 0x000000008eb00000, 0x000000008ea00000| Updating 
| 235|0x000000008eb00000, 0x000000008ec00000, 0x000000008ec00000|100%| O|  |TAMS 0x000000008ec00000, 0x000000008eb00000| Updating 
| 236|0x000000008ec00000, 0x000000008ed00000, 0x000000008ed00000|100%| O|  |TAMS 0x000000008ed00000, 0x000000008ec00000| Updating 
| 237|0x000000008ed00000, 0x000000008ee00000, 0x000000008ee00000|100%| O|  |TAMS 0x000000008ee00000, 0x000000008ed00000| Updating 
| 238|0x000000008ee00000, 0x000000008ef00000, 0x000000008ef00000|100%| O|  |TAMS 0x000000008ef00000, 0x000000008ee00000| Updating 
| 239|0x000000008ef00000, 0x000000008f000000, 0x000000008f000000|100%| O|  |TAMS 0x000000008f000000, 0x000000008ef00000| Updating 
| 240|0x000000008f000000, 0x000000008f100000, 0x000000008f100000|100%| O|  |TAMS 0x000000008f100000, 0x000000008f000000| Updating 
| 241|0x000000008f100000, 0x000000008f200000, 0x000000008f200000|100%| O|  |TAMS 0x000000008f196200, 0x000000008f100000| Updating 
| 242|0x000000008f200000, 0x000000008f300000, 0x000000008f300000|100%| O|  |TAMS 0x000000008f200000, 0x000000008f200000| Untracked 
| 243|0x000000008f300000, 0x000000008f400000, 0x000000008f400000|100%| O|  |TAMS 0x000000008f300000, 0x000000008f300000| Untracked 
| 244|0x000000008f400000, 0x000000008f500000, 0x000000008f500000|100%|HS|  |TAMS 0x000000008f400000, 0x000000008f400000| Complete 
| 245|0x000000008f500000, 0x000000008f600000, 0x000000008f600000|100%|HS|  |TAMS 0x000000008f500000, 0x000000008f500000| Complete 
| 246|0x000000008f600000, 0x000000008f6a9400, 0x000000008f700000| 66%| O|  |TAMS 0x000000008f600000, 0x000000008f600000| Updating 
| 247|0x000000008f700000, 0x000000008f800000, 0x000000008f800000|100%|HS|  |TAMS 0x000000008f700000, 0x000000008f700000| Complete 
| 248|0x000000008f800000, 0x000000008f900000, 0x000000008f900000|100%|HC|  |TAMS 0x000000008f800000, 0x000000008f800000| Complete 
| 249|0x000000008f900000, 0x000000008fa00000, 0x000000008fa00000|100%|HS|  |TAMS 0x000000008f900000, 0x000000008f900000| Complete 
| 250|0x000000008fa00000, 0x000000008fb00000, 0x000000008fb00000|100%|HC|  |TAMS 0x000000008fa00000, 0x000000008fa00000| Complete 
| 251|0x000000008fb00000, 0x000000008fb00000, 0x000000008fc00000|  0%| F|  |TAMS 0x000000008fb00000, 0x000000008fb00000| Untracked 
| 252|0x000000008fc00000, 0x000000008fc00000, 0x000000008fd00000|  0%| F|  |TAMS 0x000000008fc00000, 0x000000008fc00000| Untracked 
| 253|0x000000008fd00000, 0x000000008fd00000, 0x000000008fe00000|  0%| F|  |TAMS 0x000000008fd00000, 0x000000008fd00000| Untracked 
| 254|0x000000008fe00000, 0x000000008fe00000, 0x000000008ff00000|  0%| F|  |TAMS 0x000000008fe00000, 0x000000008fe00000| Untracked 
| 255|0x000000008ff00000, 0x000000008ff00000, 0x0000000090000000|  0%| F|  |TAMS 0x000000008ff00000, 0x000000008ff00000| Untracked 
| 256|0x0000000090000000, 0x0000000090000000, 0x0000000090100000|  0%| F|  |TAMS 0x0000000090000000, 0x0000000090000000| Untracked 
| 257|0x0000000090100000, 0x0000000090100000, 0x0000000090200000|  0%| F|  |TAMS 0x0000000090100000, 0x0000000090100000| Untracked 
| 258|0x0000000090200000, 0x0000000090200000, 0x0000000090300000|  0%| F|  |TAMS 0x0000000090200000, 0x0000000090200000| Untracked 
| 259|0x0000000090300000, 0x0000000090300000, 0x0000000090400000|  0%| F|  |TAMS 0x0000000090300000, 0x0000000090300000| Untracked 
| 260|0x0000000090400000, 0x0000000090400000, 0x0000000090500000|  0%| F|  |TAMS 0x0000000090400000, 0x0000000090400000| Untracked 
| 261|0x0000000090500000, 0x0000000090500000, 0x0000000090600000|  0%| F|  |TAMS 0x0000000090500000, 0x0000000090500000| Untracked 
| 262|0x0000000090600000, 0x0000000090600000, 0x0000000090700000|  0%| F|  |TAMS 0x0000000090600000, 0x0000000090600000| Untracked 
| 263|0x0000000090700000, 0x0000000090700000, 0x0000000090800000|  0%| F|  |TAMS 0x0000000090700000, 0x0000000090700000| Untracked 
| 264|0x0000000090800000, 0x0000000090800000, 0x0000000090900000|  0%| F|  |TAMS 0x0000000090800000, 0x0000000090800000| Untracked 
| 265|0x0000000090900000, 0x0000000090900000, 0x0000000090a00000|  0%| F|  |TAMS 0x0000000090900000, 0x0000000090900000| Untracked 
| 266|0x0000000090a00000, 0x0000000090a00000, 0x0000000090b00000|  0%| F|  |TAMS 0x0000000090a00000, 0x0000000090a00000| Untracked 
| 267|0x0000000090b00000, 0x0000000090b00000, 0x0000000090c00000|  0%| F|  |TAMS 0x0000000090b00000, 0x0000000090b00000| Untracked 
| 268|0x0000000090c00000, 0x0000000090c00000, 0x0000000090d00000|  0%| F|  |TAMS 0x0000000090c00000, 0x0000000090c00000| Untracked 
| 269|0x0000000090d00000, 0x0000000090d00000, 0x0000000090e00000|  0%| F|  |TAMS 0x0000000090d00000, 0x0000000090d00000| Untracked 
| 270|0x0000000090e00000, 0x0000000090e00000, 0x0000000090f00000|  0%| F|  |TAMS 0x0000000090e00000, 0x0000000090e00000| Untracked 
| 271|0x0000000090f00000, 0x0000000090f00000, 0x0000000091000000|  0%| F|  |TAMS 0x0000000090f00000, 0x0000000090f00000| Untracked 
| 272|0x0000000091000000, 0x0000000091000000, 0x0000000091100000|  0%| F|  |TAMS 0x0000000091000000, 0x0000000091000000| Untracked 
| 273|0x0000000091100000, 0x0000000091100000, 0x0000000091200000|  0%| F|  |TAMS 0x0000000091100000, 0x0000000091100000| Untracked 
| 274|0x0000000091200000, 0x0000000091200000, 0x0000000091300000|  0%| F|  |TAMS 0x0000000091200000, 0x0000000091200000| Untracked 
| 275|0x0000000091300000, 0x0000000091300000, 0x0000000091400000|  0%| F|  |TAMS 0x0000000091300000, 0x0000000091300000| Untracked 
| 276|0x0000000091400000, 0x0000000091400000, 0x0000000091500000|  0%| F|  |TAMS 0x0000000091400000, 0x0000000091400000| Untracked 
| 277|0x0000000091500000, 0x0000000091500000, 0x0000000091600000|  0%| F|  |TAMS 0x0000000091500000, 0x0000000091500000| Untracked 
| 278|0x0000000091600000, 0x0000000091600000, 0x0000000091700000|  0%| F|  |TAMS 0x0000000091600000, 0x0000000091600000| Untracked 
| 279|0x0000000091700000, 0x0000000091700000, 0x0000000091800000|  0%| F|  |TAMS 0x0000000091700000, 0x0000000091700000| Untracked 
| 280|0x0000000091800000, 0x0000000091800000, 0x0000000091900000|  0%| F|  |TAMS 0x0000000091800000, 0x0000000091800000| Untracked 
| 281|0x0000000091900000, 0x0000000091900000, 0x0000000091a00000|  0%| F|  |TAMS 0x0000000091900000, 0x0000000091900000| Untracked 
| 282|0x0000000091a00000, 0x0000000091abaef8, 0x0000000091b00000| 73%| S|CS|TAMS 0x0000000091a00000, 0x0000000091a00000| Complete 
| 283|0x0000000091b00000, 0x0000000091c00000, 0x0000000091c00000|100%| S|CS|TAMS 0x0000000091b00000, 0x0000000091b00000| Complete 
| 284|0x0000000091c00000, 0x0000000091c00000, 0x0000000091d00000|  0%| F|  |TAMS 0x0000000091c00000, 0x0000000091c00000| Untracked 
| 285|0x0000000091d00000, 0x0000000091d00000, 0x0000000091e00000|  0%| F|  |TAMS 0x0000000091d00000, 0x0000000091d00000| Untracked 
| 286|0x0000000091e00000, 0x0000000091e00000, 0x0000000091f00000|  0%| F|  |TAMS 0x0000000091e00000, 0x0000000091e00000| Untracked 
| 287|0x0000000091f00000, 0x0000000091f00000, 0x0000000092000000|  0%| F|  |TAMS 0x0000000091f00000, 0x0000000091f00000| Untracked 
| 288|0x0000000092000000, 0x0000000092000000, 0x0000000092100000|  0%| F|  |TAMS 0x0000000092000000, 0x0000000092000000| Untracked 
| 289|0x0000000092100000, 0x0000000092100000, 0x0000000092200000|  0%| F|  |TAMS 0x0000000092100000, 0x0000000092100000| Untracked 
| 290|0x0000000092200000, 0x0000000092200000, 0x0000000092300000|  0%| F|  |TAMS 0x0000000092200000, 0x0000000092200000| Untracked 
| 291|0x0000000092300000, 0x0000000092300000, 0x0000000092400000|  0%| F|  |TAMS 0x0000000092300000, 0x0000000092300000| Untracked 
| 292|0x0000000092400000, 0x0000000092400000, 0x0000000092500000|  0%| F|  |TAMS 0x0000000092400000, 0x0000000092400000| Untracked 
| 293|0x0000000092500000, 0x0000000092500000, 0x0000000092600000|  0%| F|  |TAMS 0x0000000092500000, 0x0000000092500000| Untracked 
| 294|0x0000000092600000, 0x0000000092600000, 0x0000000092700000|  0%| F|  |TAMS 0x0000000092600000, 0x0000000092600000| Untracked 
| 295|0x0000000092700000, 0x0000000092700000, 0x0000000092800000|  0%| F|  |TAMS 0x0000000092700000, 0x0000000092700000| Untracked 
| 296|0x0000000092800000, 0x0000000092800000, 0x0000000092900000|  0%| F|  |TAMS 0x0000000092800000, 0x0000000092800000| Untracked 

Card table byte_map: [0x0000028441ac0000,0x0000028441ec0000] _byte_map_base: 0x00000284416c0000

Marking Bits (Prev, Next): (CMBitMap*) 0x000002842ebf5fe8, (CMBitMap*) 0x000002842ebf6020
 Prev Bits: [0x00000284422c0000, 0x00000284442c0000)
 Next Bits: [0x00000284442c0000, 0x00000284462c0000)

Polling page: 0x000002842e390000

Metaspace:

Usage:
  Non-class:    111.08 MB capacity,   109.08 MB ( 98%) used,     1.60 MB (  1%) free+waste,   398.88 KB ( <1%) overhead. 
      Class:     17.13 MB capacity,    15.87 MB ( 93%) used,     1.08 MB (  6%) free+waste,   176.25 KB (  1%) overhead. 
       Both:    128.20 MB capacity,   124.96 MB ( 97%) used,     2.69 MB (  2%) free+waste,   575.13 KB ( <1%) overhead. 

Virtual space:
  Non-class space:      112.00 MB reserved,     111.25 MB (>99%) committed 
      Class space:        1.00 GB reserved,      17.25 MB (  2%) committed 
             Both:        1.11 GB reserved,     128.50 MB ( 11%) committed 

Chunk freelists:
   Non-Class:  49.00 KB
       Class:  12.00 KB
        Both:  61.00 KB

MaxMetaspaceSize: 17179869184.00 GB
CompressedClassSpaceSize: 1.00 GB
Initial GC threshold: 20.80 MB
Current GC threshold: 214.17 MB
CDS: off

CodeHeap 'non-profiled nmethods': size=120064Kb used=11149Kb max_used=11699Kb free=108915Kb
 bounds [0x000002843a180000, 0x000002843ad00000, 0x00000284416c0000]
CodeHeap 'profiled nmethods': size=120000Kb used=36631Kb max_used=37334Kb free=83368Kb
 bounds [0x0000028432c50000, 0x0000028435130000, 0x000002843a180000]
CodeHeap 'non-nmethods': size=5696Kb used=2465Kb max_used=2522Kb free=3230Kb
 bounds [0x00000284326c0000, 0x0000028432950000, 0x0000028432c50000]
 total_blobs=17827 nmethods=16832 adapters=907
 compilation: enabled
              stopped_count=0, restarted_count=0
 full_count=0

Compilation events (20 events):
Event: 4975.597 Thread 0x00000284487cf000 17818       3       com.android.tools.r8.graph.k0::a (77 bytes)
Event: 4975.598 Thread 0x00000284487cf000 nmethod 17818 0x00000284332bac10 code [0x00000284332bae40, 0x00000284332bb528]
Event: 4975.643 Thread 0x00000284487cf000 17819       2       com.android.tools.r8.code.D1::a (1 bytes)
Event: 4975.644 Thread 0x00000284487cf000 nmethod 17819 0x00000284332ba690 code [0x00000284332ba840, 0x00000284332ba938]
Event: 4975.644 Thread 0x00000284487cf000 17820       2       com.android.tools.r8.code.r::a (1 bytes)
Event: 4975.644 Thread 0x00000284487cf000 nmethod 17820 0x0000028432c89210 code [0x0000028432c893c0, 0x0000028432c894b8]
Event: 4975.644 Thread 0x00000284487cf000 17821       2       com.android.tools.r8.code.N0::a (1 bytes)
Event: 4975.645 Thread 0x00000284487cf000 nmethod 17821 0x0000028432c88e90 code [0x0000028432c89040, 0x0000028432c89138]
Event: 4975.645 Thread 0x00000284487cf000 17822       2       com.android.tools.r8.code.c0::a (1 bytes)
Event: 4975.645 Thread 0x00000284487cf000 nmethod 17822 0x0000028432c88b10 code [0x0000028432c88cc0, 0x0000028432c88db8]
Event: 4975.667 Thread 0x00000284487cf000 17825 %     3       com.android.tools.r8.graph.C::a @ 10 (32 bytes)
Event: 4975.667 Thread 0x00000284487cf000 nmethod 17825% 0x0000028432c88510 code [0x0000028432c886e0, 0x0000028432c88988]
Event: 4975.762 Thread 0x00000284487cf000 17828       2       com.android.tools.r8.code.a::a (1 bytes)
Event: 4975.762 Thread 0x00000284487cf000 nmethod 17828 0x0000028432c88190 code [0x0000028432c88340, 0x0000028432c88438]
Event: 4975.764 Thread 0x00000284487cf000 17830       2       com.android.tools.r8.code.L::a (1 bytes)
Event: 4975.764 Thread 0x00000284487cf000 nmethod 17830 0x0000028432c87e10 code [0x0000028432c87fc0, 0x0000028432c880b8]
Event: 4975.765 Thread 0x00000284487cf000 17831       2       com.android.tools.r8.code.d0::a (1 bytes)
Event: 4975.765 Thread 0x00000284487cf000 nmethod 17831 0x0000028432c87a90 code [0x0000028432c87c40, 0x0000028432c87d38]
Event: 4975.765 Thread 0x00000284487cf000 17832       2       com.android.tools.r8.code.s2::a (1 bytes)
Event: 4975.766 Thread 0x00000284487cf000 nmethod 17832 0x0000028432c87710 code [0x0000028432c878c0, 0x0000028432c879b8]

GC Heap History (20 events):
Event: 4973.080 GC heap after
{Heap after GC invocations=105 (full 0):
 garbage-first heap   total 304128K, used 203776K [0x0000000080000000, 0x0000000100000000)
  region size 1024K, 5 young (5120K), 5 survivors (5120K)
 Metaspace       used 127097K, capacity 130257K, committed 130304K, reserved 1163264K
  class space    used 16172K, capacity 17393K, committed 17408K, reserved 1048576K
}
Event: 4973.265 GC heap before
{Heap before GC invocations=105 (full 0):
 garbage-first heap   total 304128K, used 238592K [0x0000000080000000, 0x0000000100000000)
  region size 1024K, 39 young (39936K), 5 survivors (5120K)
 Metaspace       used 127120K, capacity 130261K, committed 130304K, reserved 1163264K
  class space    used 16172K, capacity 17393K, committed 17408K, reserved 1048576K
}
Event: 4973.316 GC heap after
{Heap after GC invocations=106 (full 0):
 garbage-first heap   total 304128K, used 222208K [0x0000000080000000, 0x0000000100000000)
  region size 1024K, 5 young (5120K), 5 survivors (5120K)
 Metaspace       used 127120K, capacity 130261K, committed 130304K, reserved 1163264K
  class space    used 16172K, capacity 17393K, committed 17408K, reserved 1048576K
}
Event: 4973.672 GC heap before
{Heap before GC invocations=106 (full 0):
 garbage-first heap   total 304128K, used 246784K [0x0000000080000000, 0x0000000100000000)
  region size 1024K, 30 young (30720K), 5 survivors (5120K)
 Metaspace       used 127154K, capacity 130261K, committed 130304K, reserved 1163264K
  class space    used 16172K, capacity 17393K, committed 17408K, reserved 1048576K
}
Event: 4973.712 GC heap after
{Heap after GC invocations=107 (full 0):
 garbage-first heap   total 304128K, used 236032K [0x0000000080000000, 0x0000000100000000)
  region size 1024K, 4 young (4096K), 4 survivors (4096K)
 Metaspace       used 127154K, capacity 130261K, committed 130304K, reserved 1163264K
  class space    used 16172K, capacity 17393K, committed 17408K, reserved 1048576K
}
Event: 4974.282 GC heap before
{Heap before GC invocations=107 (full 0):
 garbage-first heap   total 304128K, used 253440K [0x0000000080000000, 0x0000000100000000)
  region size 1024K, 21 young (21504K), 4 survivors (4096K)
 Metaspace       used 127374K, capacity 130505K, committed 130560K, reserved 1163264K
  class space    used 16187K, capacity 17404K, committed 17408K, reserved 1048576K
}
Event: 4974.317 GC heap after
{Heap after GC invocations=108 (full 0):
 garbage-first heap   total 304128K, used 242688K [0x0000000080000000, 0x0000000100000000)
  region size 1024K, 3 young (3072K), 3 survivors (3072K)
 Metaspace       used 127374K, capacity 130505K, committed 130560K, reserved 1163264K
  class space    used 16187K, capacity 17404K, committed 17408K, reserved 1048576K
}
Event: 4974.477 GC heap before
{Heap before GC invocations=108 (full 0):
 garbage-first heap   total 304128K, used 257024K [0x0000000080000000, 0x0000000100000000)
  region size 1024K, 17 young (17408K), 3 survivors (3072K)
 Metaspace       used 127535K, capacity 130775K, committed 130944K, reserved 1163264K
  class space    used 16213K, capacity 17469K, committed 17536K, reserved 1048576K
}
Event: 4974.504 GC heap after
{Heap after GC invocations=109 (full 0):
 garbage-first heap   total 304128K, used 245750K [0x0000000080000000, 0x0000000100000000)
  region size 1024K, 2 young (2048K), 2 survivors (2048K)
 Metaspace       used 127535K, capacity 130775K, committed 130944K, reserved 1163264K
  class space    used 16213K, capacity 17469K, committed 17536K, reserved 1048576K
}
Event: 4974.723 GC heap before
{Heap before GC invocations=110 (full 0):
 garbage-first heap   total 304128K, used 260086K [0x0000000080000000, 0x0000000100000000)
  region size 1024K, 16 young (16384K), 2 survivors (2048K)
 Metaspace       used 127739K, capacity 131038K, committed 131200K, reserved 1163264K
  class space    used 16249K, capacity 17532K, committed 17536K, reserved 1048576K
}
Event: 4974.739 GC heap after
{Heap after GC invocations=111 (full 0):
 garbage-first heap   total 304128K, used 247808K [0x0000000080000000, 0x0000000100000000)
  region size 1024K, 2 young (2048K), 2 survivors (2048K)
 Metaspace       used 127739K, capacity 131038K, committed 131200K, reserved 1163264K
  class space    used 16249K, capacity 17532K, committed 17536K, reserved 1048576K
}
Event: 4974.923 GC heap before
{Heap before GC invocations=111 (full 0):
 garbage-first heap   total 304128K, used 260096K [0x0000000080000000, 0x0000000100000000)
  region size 1024K, 15 young (15360K), 2 survivors (2048K)
 Metaspace       used 127819K, capacity 131148K, committed 131328K, reserved 1163264K
  class space    used 16257K, capacity 17545K, committed 17664K, reserved 1048576K
}
Event: 4974.931 GC heap after
{Heap after GC invocations=112 (full 0):
 garbage-first heap   total 304128K, used 249432K [0x0000000080000000, 0x0000000100000000)
  region size 1024K, 2 young (2048K), 2 survivors (2048K)
 Metaspace       used 127819K, capacity 131148K, committed 131328K, reserved 1163264K
  class space    used 16257K, capacity 17545K, committed 17664K, reserved 1048576K
}
Event: 4975.053 GC heap before
{Heap before GC invocations=112 (full 0):
 garbage-first heap   total 304128K, used 262744K [0x0000000080000000, 0x0000000100000000)
  region size 1024K, 15 young (15360K), 2 survivors (2048K)
 Metaspace       used 127939K, capacity 131246K, committed 131584K, reserved 1163264K
  class space    used 16261K, capacity 17550K, committed 17664K, reserved 1048576K
}
Event: 4975.062 GC heap after
{Heap after GC invocations=113 (full 0):
 garbage-first heap   total 304128K, used 250568K [0x0000000080000000, 0x0000000100000000)
  region size 1024K, 2 young (2048K), 2 survivors (2048K)
 Metaspace       used 127939K, capacity 131246K, committed 131584K, reserved 1163264K
  class space    used 16261K, capacity 17550K, committed 17664K, reserved 1048576K
}
Event: 4975.268 GC heap before
{Heap before GC invocations=113 (full 0):
 garbage-first heap   total 304128K, used 262856K [0x0000000080000000, 0x0000000100000000)
  region size 1024K, 15 young (15360K), 2 survivors (2048K)
 Metaspace       used 127960K, capacity 131248K, committed 131584K, reserved 1163264K
  class space    used 16261K, capacity 17550K, committed 17664K, reserved 1048576K
}
Event: 4975.277 GC heap after
{Heap after GC invocations=114 (full 0):
 garbage-first heap   total 304128K, used 251478K [0x0000000080000000, 0x0000000100000000)
  region size 1024K, 2 young (2048K), 2 survivors (2048K)
 Metaspace       used 127960K, capacity 131248K, committed 131584K, reserved 1163264K
  class space    used 16261K, capacity 17550K, committed 17664K, reserved 1048576K
}
Event: 4975.495 GC heap before
{Heap before GC invocations=114 (full 0):
 garbage-first heap   total 304128K, used 265814K [0x0000000080000000, 0x0000000100000000)
  region size 1024K, 15 young (15360K), 2 survivors (2048K)
 Metaspace       used 127971K, capacity 131249K, committed 131584K, reserved 1163264K
  class space    used 16261K, capacity 17550K, committed 17664K, reserved 1048576K
}
Event: 4975.508 GC heap after
{Heap after GC invocations=115 (full 0):
 garbage-first heap   total 304128K, used 253605K [0x0000000080000000, 0x0000000100000000)
  region size 1024K, 1 young (1024K), 1 survivors (1024K)
 Metaspace       used 127971K, capacity 131249K, committed 131584K, reserved 1163264K
  class space    used 16261K, capacity 17550K, committed 17664K, reserved 1048576K
}
Event: 4975.771 GC heap before
{Heap before GC invocations=115 (full 0):
 garbage-first heap   total 304128K, used 256677K [0x0000000080000000, 0x0000000100000000)
  region size 1024K, 14 young (14336K), 1 survivors (1024K)
 Metaspace       used 127955K, capacity 131281K, committed 131584K, reserved 1163264K
  class space    used 16254K, capacity 17538K, committed 17664K, reserved 1048576K
}

Deoptimization events (20 events):
Event: 4974.513 Thread 0x0000028450583000 Uncommon trap: trap_request=0xffffffc6 fr.pc=0x000002843acd7040 relative=0x00000000000002e0
Event: 4974.513 Thread 0x0000028450583000 Uncommon trap: reason=bimorphic_or_optimized_type_check action=maybe_recompile pc=0x000002843acd7040 method=com.android.tools.r8.internal.ac.a(Ljava/util/function/Predicate;Ljava/util/function/Function;Lcom/android/tools/r8/internal/jV;Lcom/android/tools/
Event: 4974.513 Thread 0x0000028450583000 DEOPT PACKING pc=0x000002843acd7040 sp=0x000000ba2dffd3f0
Event: 4974.513 Thread 0x0000028450583000 DEOPT UNPACKING pc=0x000002843270a1af sp=0x000000ba2dffd3a8 mode 2
Event: 4974.513 Thread 0x0000028450583000 Uncommon trap: trap_request=0xffffffc6 fr.pc=0x000002843acd7040 relative=0x00000000000002e0
Event: 4974.513 Thread 0x0000028450583000 Uncommon trap: reason=bimorphic_or_optimized_type_check action=maybe_recompile pc=0x000002843acd7040 method=com.android.tools.r8.internal.ac.a(Ljava/util/function/Predicate;Ljava/util/function/Function;Lcom/android/tools/r8/internal/jV;Lcom/android/tools/
Event: 4974.513 Thread 0x0000028450583000 DEOPT PACKING pc=0x000002843acd7040 sp=0x000000ba2dffd3f0
Event: 4974.513 Thread 0x0000028450583000 DEOPT UNPACKING pc=0x000002843270a1af sp=0x000000ba2dffd3a8 mode 2
Event: 4974.765 Thread 0x0000028450583000 DEOPT PACKING pc=0x0000028433274c23 sp=0x000000ba2dffd7b0
Event: 4974.765 Thread 0x0000028450583000 DEOPT UNPACKING pc=0x000002843270a95e sp=0x000000ba2dffcc60 mode 0
Event: 4974.837 Thread 0x000002845058a800 DEOPT PACKING pc=0x00000284332a8d79 sp=0x000000ba2e5fe920
Event: 4974.837 Thread 0x000002845058a800 DEOPT UNPACKING pc=0x000002843270a95e sp=0x000000ba2e5fddd8 mode 0
Event: 4975.034 Thread 0x0000028450583000 Uncommon trap: trap_request=0xffffffe4 fr.pc=0x000002843a1dd9d0 relative=0x0000000000000210
Event: 4975.034 Thread 0x0000028450583000 Uncommon trap: reason=range_check action=make_not_entrant pc=0x000002843a1dd9d0 method=com.android.tools.r8.graph.d1.a(Lcom/android/tools/r8/graph/d1;)I @ 9 c2
Event: 4975.034 Thread 0x0000028450583000 DEOPT PACKING pc=0x000002843a1dd9d0 sp=0x000000ba2dffd550
Event: 4975.034 Thread 0x0000028450583000 DEOPT UNPACKING pc=0x000002843270a1af sp=0x000000ba2dffd4c8 mode 2
Event: 4975.068 Thread 0x0000028450583000 DEOPT PACKING pc=0x0000028432c8493c sp=0x000000ba2dffd5f0
Event: 4975.068 Thread 0x0000028450583000 DEOPT UNPACKING pc=0x000002843270a95e sp=0x000000ba2dffcb00 mode 0
Event: 4975.550 Thread 0x0000028450583000 DEOPT PACKING pc=0x0000028432cea080 sp=0x000000ba2dffd580
Event: 4975.550 Thread 0x0000028450583000 DEOPT UNPACKING pc=0x000002843270a95e sp=0x000000ba2dffca40 mode 0

Classes redefined (0 events):
No events

Internal exceptions (20 events):
Event: 4955.748 Thread 0x000002845057e800 Exception <a 'java/lang/NoSuchMethodError'{0x000000008b368000}: 'java.lang.Object java.lang.invoke.Invokers$Holder.linkToTargetMethod(java.lang.Object, long, java.lang.Object)'> (0x000000008b368000) thrown at [./src/hotspot/share/interpreter/linkResolver.cpp, line 773]
Event: 4958.569 Thread 0x0000028453285000 Exception <a 'sun/nio/fs/WindowsException'{0x000000008b02d480}> (0x000000008b02d480) thrown at [./src/hotspot/share/prims/jni.cpp, line 615]
Event: 4961.542 Thread 0x0000028453285000 Exception <a 'java/lang/NoSuchMethodError'{0x000000008a75cdc0}: 'java.lang.Object java.lang.invoke.DirectMethodHandle$Holder.invokeStaticInit(java.lang.Object, java.lang.Object, java.lang.Object, java.lang.Object, java.lang.Object, java.lang.Object, java.lang.Object, java.lang.Object, java.lang.Object, java.lang.Object, java.lang.Object, java.lang.Object, java.lang.Object, java.lang.Object, java.lang.Object, java.lang.Object, java.lang.Object, java.lang.Object, int, java.lang.Object, java.lang.Object)'> (0
Event: 4961.773 Thread 0x0000028453285000 Exception <a 'java/lang/IncompatibleClassChangeError'{0x000000008a686278}: Found class java.lang.Object, but interface was expected> (0x000000008a686278) thrown at [./src/hotspot/share/interpreter/linkResolver.cpp, line 839]
Event: 4962.938 Thread 0x0000028453285000 Exception <a 'java/lang/IncompatibleClassChangeError'{0x0000000089f652f0}: Found class java.lang.Object, but interface was expected> (0x0000000089f652f0) thrown at [./src/hotspot/share/interpreter/linkResolver.cpp, line 839]
Event: 4963.458 Thread 0x0000028453285000 Exception <a 'java/lang/NoSuchMethodError'{0x000000008b94a820}: 'java.lang.Object java.lang.invoke.DirectMethodHandle$Holder.invokeStatic(java.lang.Object, int, java.lang.Object, java.lang.Object)'> (0x000000008b94a820) thrown at [./src/hotspot/share/interpreter/linkResolver.cpp, line 773]
Event: 4963.782 Thread 0x0000028453285000 Exception <a 'java/lang/IncompatibleClassChangeError'{0x000000008b3ccf00}: Found class java.lang.Object, but interface was expected> (0x000000008b3ccf00) thrown at [./src/hotspot/share/interpreter/linkResolver.cpp, line 839]
Event: 4963.782 Thread 0x0000028453285000 Exception <a 'java/lang/IncompatibleClassChangeError'{0x000000008b3d5e28}: Found class java.lang.Object, but interface was expected> (0x000000008b3d5e28) thrown at [./src/hotspot/share/interpreter/linkResolver.cpp, line 839]
Event: 4963.928 Thread 0x0000028453285000 Exception <a 'java/lang/NoSuchMethodError'{0x000000008b1d4760}: 'void java.lang.invoke.DirectMethodHandle$Holder.invokeSpecial(java.lang.Object, java.lang.Object, int, java.lang.Object)'> (0x000000008b1d4760) thrown at [./src/hotspot/share/interpreter/linkResolver.cpp, line 773]
Event: 4964.261 Thread 0x0000028453285000 Exception <a 'java/lang/NoSuchMethodError'{0x000000008aecdb20}: 'java.lang.Object java.lang.invoke.DirectMethodHandle$Holder.newInvokeSpecial(java.lang.Object, int)'> (0x000000008aecdb20) thrown at [./src/hotspot/share/interpreter/linkResolver.cpp, line 773]
Event: 4965.409 Thread 0x0000028453285000 Exception <a 'java/lang/NoSuchMethodError'{0x000000008a2812c0}: 'java.lang.Object java.lang.invoke.Invokers$Holder.linkToTargetMethod(java.lang.Object, int, java.lang.Object, java.lang.Object, java.lang.Object, java.lang.Object)'> (0x000000008a2812c0) thrown at [./src/hotspot/share/interpreter/linkResolver.cpp, line 773]
Event: 4965.410 Thread 0x0000028453285000 Exception <a 'java/lang/NoSuchMethodError'{0x000000008a28e2c8}: 'java.lang.Object java.lang.invoke.DirectMethodHandle$Holder.invokeStatic(java.lang.Object, java.lang.Object, java.lang.Object, java.lang.Object, int, java.lang.Object, java.lang.Object)'> (0x000000008a28e2c8) thrown at [./src/hotspot/share/interpreter/linkResolver.cpp, line 773]
Event: 4965.411 Thread 0x0000028453285000 Exception <a 'java/lang/NoSuchMethodError'{0x000000008a296218}: 'java.lang.Object java.lang.invoke.Invokers$Holder.linkToTargetMethod(java.lang.Object, java.lang.Object, java.lang.Object, int, java.lang.Object, java.lang.Object, java.lang.Object)'> (0x000000008a296218) thrown at [./src/hotspot/share/interpreter/linkResolver.cpp, line 773]
Event: 4965.442 Thread 0x0000028453285000 Exception <a 'java/lang/NoSuchMethodError'{0x000000008a2af190}: 'void java.lang.invoke.DirectMethodHandle$Holder.invokeStatic(java.lang.Object, java.lang.Object, java.lang.Object, java.lang.Object, java.lang.Object, java.lang.Object, java.lang.Object, java.lang.Object)'> (0x000000008a2af190) thrown at [./src/hotspot/share/interpreter/linkResolver.cpp, line 773]
Event: 4965.605 Thread 0x0000028453285000 Exception <a 'java/lang/IncompatibleClassChangeError'{0x000000008a0cc970}: Found class java.lang.Object, but interface was expected> (0x000000008a0cc970) thrown at [./src/hotspot/share/interpreter/linkResolver.cpp, line 839]
Event: 4965.671 Thread 0x0000028453285000 Exception <a 'java/lang/NoSuchMethodError'{0x0000000089fe9990}: 'void java.lang.invoke.DirectMethodHandle$Holder.invokeSpecial(java.lang.Object, java.lang.Object, int)'> (0x0000000089fe9990) thrown at [./src/hotspot/share/interpreter/linkResolver.cpp, line 773]
Event: 4966.611 Thread 0x0000028453285000 Exception <a 'sun/nio/fs/WindowsException'{0x000000008bb71508}> (0x000000008bb71508) thrown at [./src/hotspot/share/prims/jni.cpp, line 615]
Event: 4966.946 Thread 0x000002844b46d000 Exception <a 'java/lang/NoSuchMethodError'{0x000000008b816e38}: <clinit>> (0x000000008b816e38) thrown at [./src/hotspot/share/prims/jni.cpp, line 1365]
Event: 4971.086 Thread 0x0000028450583000 Exception <a 'sun/nio/fs/WindowsException'{0x000000008b2ca980}> (0x000000008b2ca980) thrown at [./src/hotspot/share/prims/jni.cpp, line 615]
Event: 4974.454 Thread 0x0000028450583000 Exception <a 'java/lang/IncompatibleClassChangeError'{0x0000000091bae4e0}: Found class java.lang.Object, but interface was expected> (0x0000000091bae4e0) thrown at [./src/hotspot/share/interpreter/linkResolver.cpp, line 839]

Events (20 events):
Event: 4974.985 loading class com/android/tools/r8/graph/d2 done
Event: 4974.985 loading class com/android/tools/r8/graph/j2
Event: 4974.985 loading class com/android/tools/r8/graph/j2 done
Event: 4974.986 loading class com/android/tools/r8/graph/e1
Event: 4974.986 loading class com/android/tools/r8/graph/e1 done
Event: 4974.986 loading class com/android/tools/r8/graph/e1
Event: 4974.986 loading class com/android/tools/r8/graph/e1 done
Event: 4974.986 loading class com/android/tools/r8/graph/W2
Event: 4974.986 loading class com/android/tools/r8/graph/W2 done
Event: 4974.986 loading class com/android/tools/r8/graph/W2
Event: 4974.986 loading class com/android/tools/r8/graph/W2 done
Event: 4975.053 Executing VM operation: G1CollectForAllocation
Event: 4975.062 Executing VM operation: G1CollectForAllocation done
Event: 4975.267 Executing VM operation: G1CollectForAllocation
Event: 4975.277 Executing VM operation: G1CollectForAllocation done
Event: 4975.495 Executing VM operation: G1CollectForAllocation
Event: 4975.508 Executing VM operation: G1CollectForAllocation done
Event: 4975.696 Executing VM operation: CGC_Operation
Event: 4975.741 Executing VM operation: CGC_Operation done
Event: 4975.770 Executing VM operation: G1CollectForAllocation


Dynamic libraries:
0x00007ff76fca0000 - 0x00007ff76fcaa000 	D:\Android Studio\jre\bin\java.exe
0x00007ff94fc30000 - 0x00007ff94fe28000 	C:\WINDOWS\SYSTEM32\ntdll.dll
0x00007ff93f440000 - 0x00007ff93f457000 	C:\Program Files\Avast Software\Avast\aswhook.dll
0x00007ff94f0c0000 - 0x00007ff94f17d000 	C:\WINDOWS\System32\KERNEL32.DLL
0x00007ff94d7b0000 - 0x00007ff94da7e000 	C:\WINDOWS\System32\KERNELBASE.dll
0x00007ff94db90000 - 0x00007ff94dc90000 	C:\WINDOWS\System32\ucrtbase.dll
0x00007ff947100000 - 0x00007ff947117000 	D:\Android Studio\jre\bin\VCRUNTIME140.dll
0x00007ff9470e0000 - 0x00007ff9470f9000 	D:\Android Studio\jre\bin\jli.dll
0x00007ff94e020000 - 0x00007ff94e1c0000 	C:\WINDOWS\System32\USER32.dll
0x00007ff94d4f0000 - 0x00007ff94d512000 	C:\WINDOWS\System32\win32u.dll
0x00007ff929930000 - 0x00007ff929bca000 	C:\WINDOWS\WinSxS\amd64_microsoft.windows.common-controls_6595b64144ccf1df_6.0.19041.1110_none_60b5254171f9507e\COMCTL32.dll
0x00007ff94f3b0000 - 0x00007ff94f3da000 	C:\WINDOWS\System32\GDI32.dll
0x00007ff94e7e0000 - 0x00007ff94e87e000 	C:\WINDOWS\System32\msvcrt.dll
0x00007ff94da80000 - 0x00007ff94db8b000 	C:\WINDOWS\System32\gdi32full.dll
0x00007ff94d3c0000 - 0x00007ff94d45d000 	C:\WINDOWS\System32\msvcp_win.dll
0x00007ff94de10000 - 0x00007ff94de40000 	C:\WINDOWS\System32\IMM32.DLL
0x00007ff8ee4d0000 - 0x00007ff8ee56d000 	D:\Android Studio\jre\bin\msvcp140.dll
0x00007ff8fa910000 - 0x00007ff8fb3f5000 	D:\Android Studio\jre\bin\server\jvm.dll
0x00007ff94f300000 - 0x00007ff94f3ae000 	C:\WINDOWS\System32\ADVAPI32.dll
0x00007ff94f180000 - 0x00007ff94f21c000 	C:\WINDOWS\System32\sechost.dll
0x00007ff94ea60000 - 0x00007ff94eb85000 	C:\WINDOWS\System32\RPCRT4.dll
0x00007ff94fbe0000 - 0x00007ff94fbe8000 	C:\WINDOWS\System32\PSAPI.DLL
0x00007ff932150000 - 0x00007ff932177000 	C:\WINDOWS\SYSTEM32\WINMM.dll
0x00007ff9443a0000 - 0x00007ff9443aa000 	C:\WINDOWS\SYSTEM32\VERSION.dll
0x00007ff93ac50000 - 0x00007ff93ac59000 	C:\WINDOWS\SYSTEM32\WSOCK32.dll
0x00007ff94e710000 - 0x00007ff94e77b000 	C:\WINDOWS\System32\WS2_32.dll
0x00007ff94bbd0000 - 0x00007ff94bbe2000 	C:\WINDOWS\SYSTEM32\kernel.appcore.dll
0x00007ff9474a0000 - 0x00007ff9474b1000 	D:\Android Studio\jre\bin\verify.dll
0x00007ff943fd0000 - 0x00007ff9441b4000 	C:\WINDOWS\SYSTEM32\DBGHELP.DLL
0x00007ff943fa0000 - 0x00007ff943fcc000 	C:\WINDOWS\SYSTEM32\dbgcore.DLL
0x00007ff94d460000 - 0x00007ff94d4e2000 	C:\WINDOWS\System32\bcryptPrimitives.dll
0x00007ff947310000 - 0x00007ff947339000 	D:\Android Studio\jre\bin\java.dll
0x00007ff947490000 - 0x00007ff94749b000 	D:\Android Studio\jre\bin\jimage.dll
0x00007ff93f230000 - 0x00007ff93f248000 	D:\Android Studio\jre\bin\zip.dll
0x00007ff94f3e0000 - 0x00007ff94fb23000 	C:\WINDOWS\System32\SHELL32.dll
0x00007ff94b420000 - 0x00007ff94bbb5000 	C:\WINDOWS\SYSTEM32\windows.storage.dll
0x00007ff94ed50000 - 0x00007ff94f0a4000 	C:\WINDOWS\System32\combase.dll
0x00007ff94cce0000 - 0x00007ff94cd10000 	C:\WINDOWS\SYSTEM32\Wldp.dll
0x00007ff94de40000 - 0x00007ff94deed000 	C:\WINDOWS\System32\SHCORE.dll
0x00007ff94e9a0000 - 0x00007ff94e9f5000 	C:\WINDOWS\System32\shlwapi.dll
0x00007ff94d290000 - 0x00007ff94d2af000 	C:\WINDOWS\SYSTEM32\profapi.dll
0x00007ff93f210000 - 0x00007ff93f22a000 	D:\Android Studio\jre\bin\net.dll
0x00007ff93fd50000 - 0x00007ff93fe5a000 	C:\WINDOWS\SYSTEM32\WINHTTP.dll
0x00007ff94ca40000 - 0x00007ff94caaa000 	C:\WINDOWS\system32\mswsock.dll
0x00007ff93ee10000 - 0x00007ff93ee24000 	D:\Android Studio\jre\bin\nio.dll
0x00007ff947940000 - 0x00007ff947967000 	C:\Users\LENOVO\Desktop\GRADLE\gradle-6.1.1\native\e1d6ef7f7dcc3fd88c89a11ec53ec762bb8ba0a96d01ffa2cd45eb1d1d8dd5c5\windows-amd64\native-platform.dll
0x00007ff8ee380000 - 0x00007ff8ee4c4000 	C:\Users\LENOVO\Desktop\GRADLE\gradle-6.1.1\native\5664cfc778a61ccfe75a443a1ab52a65af34e5dc3c78e0209fed803814484fcb\windows-amd64\native-platform-file-events.dll
0x00007ff947480000 - 0x00007ff94748a000 	D:\Android Studio\jre\bin\management.dll
0x00007ff93f200000 - 0x00007ff93f20d000 	D:\Android Studio\jre\bin\management_ext.dll
0x00007ff94cc40000 - 0x00007ff94cc58000 	C:\WINDOWS\SYSTEM32\CRYPTSP.dll
0x00007ff94c3c0000 - 0x00007ff94c3f4000 	C:\WINDOWS\system32\rsaenh.dll
0x00007ff94d680000 - 0x00007ff94d6a7000 	C:\WINDOWS\System32\bcrypt.dll
0x00007ff94d250000 - 0x00007ff94d27e000 	C:\WINDOWS\SYSTEM32\USERENV.dll
0x00007ff94cc30000 - 0x00007ff94cc3c000 	C:\WINDOWS\SYSTEM32\CRYPTBASE.dll
0x00007ff94c730000 - 0x00007ff94c76b000 	C:\WINDOWS\SYSTEM32\IPHLPAPI.DLL
0x00007ff94f0b0000 - 0x00007ff94f0b8000 	C:\WINDOWS\System32\NSI.dll
0x00007ff9441e0000 - 0x00007ff9441f7000 	C:\WINDOWS\SYSTEM32\dhcpcsvc6.DLL
0x00007ff9441c0000 - 0x00007ff9441dd000 	C:\WINDOWS\SYSTEM32\dhcpcsvc.DLL
0x00007ff94c770000 - 0x00007ff94c83a000 	C:\WINDOWS\SYSTEM32\DNSAPI.dll

dbghelp: loaded successfully - version: 4.0.5 - missing functions: none
symbol engine: initialized successfully - sym options: 0x614 - pdb path: .;D:\Android Studio\jre\bin;C:\WINDOWS\SYSTEM32;C:\Program Files\Avast Software\Avast;C:\WINDOWS\WinSxS\amd64_microsoft.windows.common-controls_6595b64144ccf1df_6.0.19041.1110_none_60b5254171f9507e;D:\Android Studio\jre\bin\server;C:\Users\LENOVO\Desktop\GRADLE\gradle-6.1.1\native\e1d6ef7f7dcc3fd88c89a11ec53ec762bb8ba0a96d01ffa2cd45eb1d1d8dd5c5\windows-amd64;C:\Users\LENOVO\Desktop\GRADLE\gradle-6.1.1\native\5664cfc778a61ccfe75a443a1ab52a65af34e5dc3c78e0209fed803814484fcb\windows-amd64

VM Arguments:
jvm_args: --add-opens=java.base/java.util=ALL-UNNAMED --add-opens=java.base/java.lang=ALL-UNNAMED --add-opens=java.base/java.lang.invoke=ALL-UNNAMED --add-opens=java.base/java.util=ALL-UNNAMED --add-opens=java.prefs/java.util.prefs=ALL-UNNAMED --add-opens=java.prefs/java.util.prefs=ALL-UNNAMED --add-opens=java.base/java.nio.charset=ALL-UNNAMED --add-opens=java.base/java.net=ALL-UNNAMED --add-opens=java.base/java.util.concurrent.atomic=ALL-UNNAMED -Xmx2048m -Dfile.encoding=UTF-8 -Duser.country=FR -Duser.language=fr -Duser.variant 
java_command: org.gradle.launcher.daemon.bootstrap.GradleDaemon 7.3.3
java_class_path (initial): C:\Users\LENOVO\Desktop\GRADLE\gradle-6.1.1\wrapper\dists\gradle-7.3.3-bin\6a41zxkdtcxs8rphpq6y0069z\gradle-7.3.3\lib\gradle-launcher-7.3.3.jar
Launcher Type: SUN_STANDARD

[Global flags]
     intx CICompilerCount                          = 3                                         {product} {ergonomic}
     uint ConcGCThreads                            = 1                                         {product} {ergonomic}
     uint G1ConcRefinementThreads                  = 4                                         {product} {ergonomic}
   size_t G1HeapRegionSize                         = 1048576                                   {product} {ergonomic}
    uintx GCDrainStackTargetSize                   = 64                                        {product} {ergonomic}
   size_t InitialHeapSize                          = 134217728                                 {product} {ergonomic}
   size_t MarkStackSize                            = 4194304                                   {product} {ergonomic}
   size_t MaxHeapSize                              = 2147483648                                {product} {command line}
   size_t MaxNewSize                               = 1287651328                                {product} {ergonomic}
   size_t MinHeapDeltaBytes                        = 1048576                                   {product} {ergonomic}
    uintx NonNMethodCodeHeapSize                   = 5830732                                {pd product} {ergonomic}
    uintx NonProfiledCodeHeapSize                  = 122913754                              {pd product} {ergonomic}
    uintx ProfiledCodeHeapSize                     = 122913754                              {pd product} {ergonomic}
    uintx ReservedCodeCacheSize                    = 251658240                              {pd product} {ergonomic}
     bool SegmentedCodeCache                       = true                                      {product} {ergonomic}
     bool UseCompressedClassPointers               = true                                 {lp64_product} {ergonomic}
     bool UseCompressedOops                        = true                                 {lp64_product} {ergonomic}
     bool UseG1GC                                  = true                                      {product} {ergonomic}
     bool UseLargePagesIndividualAllocation        = false                                  {pd product} {ergonomic}

Logging:
Log output configuration:
 #0: stdout all=warning uptime,level,tags
 #1: stderr all=off uptime,level,tags

Environment Variables:
PATH=C:\Program Files\Eclipse Foundation\jdk-8.0.302.8-hotspot\bin;C:\Program Files\Microsoft\jdk-11.0.12.7-hotspot\bin;D:\flutter vs dart\dart-sdk\bin;C:\Program Files (x86)\Common Files\Intel\Shared Libraries\redist\intel64_win\compiler;C:\ProgramData\Oracle\Java\javapath;C:\WINDOWS\system32;C:\WINDOWS;C:\WINDOWS\System32\Wbem;C:\WINDOWS\System32\WindowsPowerShell\v1.0\;C:\WINDOWS\System32\OpenSSH\;C:\Users\LENOVO\.dnx\bin;C:\Program Files\Microsoft DNX\Dnvm\;C:\Program Files\Microsoft SQL Server\120\Tools\Binn\;C:\Users\LENOVO\Desktop\Programme Java\jdk-17.0.1\bin\;D:\Dart\dart-sdk\bin;C:\Program Files (x86)\Microsoft SQL Server\150\Tools\Binn\;C:\Program Files\Microsoft SQL Server\150\Tools\Binn\;C:\Program Files (x86)\Microsoft SQL Server\150\DTS\Binn\;C:\Program Files\Microsoft SQL Server\150\DTS\Binn\;C:\Program Files\Microsoft SQL Server\Client SDK\ODBC\170\Tools\Binn\;C:\Program Files\Azure Data Studio\bin;D:\flutter vs dart\flutter\bin;C:\Program Files\dotnet\;C:\ProgramData\chocolatey\bin;C:\sqlite;D:\php-8\php-8.1.9-src;C:\Program Files\Git\cmd;C:\Users\LENOVO\.dnx\bin;C:\Users\LENOVO\.dotnet\tools;C:\Users\LENOVO\.dotnet\tools;D:\visual studio code\Microsoft VS Code\bin;D:\;D:\flutter vs dart\flutter\bin;C:\Users\LENOVO\Downloads\android\platform-tools;D:\Intellij Idea\IntelliJ IDEA Community Edition 2022.2.2\bin;;D:\Android Studio\jre\bin;C:\Program Files\Java\jdk1.8.0_341\bin;C:\Program Files\Microsoft\jdk-11.0.12.7-hotspot\bin;C:\Program Files\Java\jre1.8.0_341;C:\Program Files\Microsoft\jdk-11.0.12.7-hotspot\bin\server;C:\Spring boot\spring-2.7.3\bin;;D:\Intellij Idea\IntelliJ IDEA 2022.2.2\bin;;D:\PhpStorm\PhpStorm 2022.2.1\bin;
USERNAME=LENOVO
OS=Windows_NT
PROCESSOR_IDENTIFIER=Intel64 Family 6 Model 142 Stepping 9, GenuineIntel



---------------  S Y S T E M  ---------------

OS: Windows 10 , 64 bit Build 19041 (10.0.19041.1889)
OS uptime: 0 days 5:27 hours

CPU:total 4 (initial active 4) (2 cores per cpu, 2 threads per core) family 6 model 142 stepping 9 microcode 0xb4, cmov, cx8, fxsr, mmx, sse, sse2, sse3, ssse3, sse4.1, sse4.2, popcnt, avx, avx2, aes, clmul, erms, 3dnowpref, lzcnt, ht, tsc, tscinvbit, bmi1, bmi2, adx, fma

Memory: 4k page, system-wide physical 8073M (327M free)
TotalPageFile size 13073M (AvailPageFile size 41M)
current process WorkingSet (physical memory assigned to process): 532M, peak: 532M
current process commit charge ("private bytes"): 661M, peak: 721M

vm_info: OpenJDK 64-Bit Server VM (11.0.12+7-b1504.28-7817840) for windows-amd64 JRE (11.0.12+7-b1504.28-7817840), built on Oct 13 2021 22:12:33 by "builder" with MS VC++ 14.0 (VS2015)

END.
