#
# There is insufficient memory for the Java Runtime Environment to continue.
# Native memory allocation (malloc) failed to allocate 1505776 bytes for Chunk::new
# Possible reasons:
#   The system is out of physical RAM or swap space
#   The process is running with CompressedOops enabled, and the Java Heap may be blocking the growth of the native heap
# Possible solutions:
#   Reduce memory load on the system
#   Increase physical memory or swap space
#   Check if swap backing store is full
#   Decrease Java heap size (-Xmx/-Xms)
#   Decrease number of Java threads
#   Decrease Java thread stack sizes (-Xss)
#   Set larger code cache with -XX:ReservedCodeCacheSize=
#   JVM is running with Unscaled Compressed Oops mode in which the Java heap is
#     placed in the first 4GB address space. The Java Heap base address is the
#     maximum limit for the native heap growth. Please use -XX:HeapBaseMinAddress
#     to set the Java Heap base and to place the Java Heap above 4GB virtual address.
# This output file may be truncated or incomplete.
#
#  Out of Memory Error (./src/hotspot/share/memory/arena.cpp:197), pid=19816, tid=4824
#
# JRE version: OpenJDK Runtime Environment (11.0.12+7) (build 11.0.12+7-b1504.28-7817840)
# Java VM: OpenJDK 64-Bit Server VM (11.0.12+7-b1504.28-7817840, mixed mode, tiered, compressed oops, g1 gc, windows-amd64)
# No core dump will be written. Minidumps are not enabled by default on client versions of Windows
#

---------------  S U M M A R Y ------------

Command Line: --add-opens=java.base/java.util=ALL-UNNAMED --add-opens=java.base/java.lang=ALL-UNNAMED --add-opens=java.base/java.lang.invoke=ALL-UNNAMED --add-opens=java.base/java.util=ALL-UNNAMED --add-opens=java.prefs/java.util.prefs=ALL-UNNAMED --add-opens=java.prefs/java.util.prefs=ALL-UNNAMED --add-opens=java.base/java.nio.charset=ALL-UNNAMED --add-opens=java.base/java.net=ALL-UNNAMED --add-opens=java.base/java.util.concurrent.atomic=ALL-UNNAMED -Xmx2048m -Dfile.encoding=UTF-8 -Duser.country=FR -Duser.language=fr -Duser.variant org.gradle.launcher.daemon.bootstrap.GradleDaemon 7.3.3

Host: Intel(R) Core(TM) i3-7100U CPU @ 2.40GHz, 4 cores, 7G,  Windows 10 , 64 bit Build 19041 (10.0.19041.2251)
Time: Thu Nov 17 14:38:38 2022 Temps universel coordonné elapsed time: 348.183362 seconds (0d 0h 5m 48s)

---------------  T H R E A D  ---------------

Current thread (0x0000027a352be000):  JavaThread "C2 CompilerThread0" daemon [_thread_in_native, id=4824, stack(0x000000b324b00000,0x000000b324c00000)]


Current CompileTask:
C2: 348183 15836       4       org.gradle.api.internal.artifacts.ivyservice.resolveengine.result.ResolvedVariantResultSerializer::read (132 bytes)

Stack: [0x000000b324b00000,0x000000b324c00000]
Native frames: (J=compiled Java code, j=interpreted, Vv=VM code, C=native code)
V  [jvm.dll+0x5fbcea]
V  [jvm.dll+0x731905]
V  [jvm.dll+0x732f1d]
V  [jvm.dll+0x7335d3]
V  [jvm.dll+0x247bf8]
V  [jvm.dll+0xc018c]
V  [jvm.dll+0xc06cc]
V  [jvm.dll+0x35b2db]
V  [jvm.dll+0x328803]
V  [jvm.dll+0x327cfa]
V  [jvm.dll+0x200602]
V  [jvm.dll+0x1ff794]
V  [jvm.dll+0x18868c]
V  [jvm.dll+0x20e0d7]
V  [jvm.dll+0x20c901]
V  [jvm.dll+0x6f9b7f]
V  [jvm.dll+0x6f26a5]
V  [jvm.dll+0x5fabf6]
C  [ucrtbase.dll+0x21bb2]
C  [KERNEL32.DLL+0x174b4]
C  [ntdll.dll+0x526a1]


---------------  P R O C E S S  ---------------

Threads class SMR info:
_java_thread_list=0x0000027a3db995d0, length=91, elements={
0x0000027a19706800, 0x0000027a3528c800, 0x0000027a3529a000, 0x0000027a352a8800,
0x0000027a352ab800, 0x0000027a352b0000, 0x0000027a352be000, 0x0000027a352c7800,
0x0000027a352b1800, 0x0000027a352b2800, 0x0000027a352b1000, 0x0000027a352b3000,
0x0000027a352ad800, 0x0000027a367b7800, 0x0000027a367b6000, 0x0000027a367be000,
0x0000027a367bd800, 0x0000027a367bf000, 0x0000027a367c0800, 0x0000027a367c2800,
0x0000027a367c3000, 0x0000027a3924f000, 0x0000027a39254000, 0x0000027a3c193000,
0x0000027a3c199000, 0x0000027a3c199800, 0x0000027a367b7000, 0x0000027a367c0000,
0x0000027a40183800, 0x0000027a3c19a800, 0x0000027a39253000, 0x0000027a39255000,
0x0000027a39252800, 0x0000027a39255800, 0x0000027a39251000, 0x0000027a39250000,
0x0000027a39256800, 0x0000027a39257800, 0x0000027a39251800, 0x0000027a39258000,
0x0000027a3925d000, 0x0000027a3925c000, 0x0000027a39259000, 0x0000027a3925a000,
0x0000027a3925a800, 0x0000027a3925b800, 0x0000027a3c191800, 0x0000027a3c18b800,
0x0000027a3c190000, 0x0000027a3c18c800, 0x0000027a3c18d800, 0x0000027a3c194000,
0x0000027a3c18f000, 0x0000027a3c192800, 0x0000027a3c18e000, 0x0000027a3c196800,
0x0000027a3c190800, 0x0000027a3c194800, 0x0000027a3c195800, 0x0000027a3c197000,
0x0000027a3c198000, 0x0000027a4017f000, 0x0000027a40184000, 0x0000027a40185800,
0x0000027a40185000, 0x0000027a40181800, 0x0000027a40180000, 0x0000027a40182800,
0x0000027a40181000, 0x0000027a38187000, 0x0000027a38184800, 0x0000027a38183800,
0x0000027a38185000, 0x0000027a38189800, 0x0000027a38187800, 0x0000027a38188800,
0x0000027a367b8800, 0x0000027a367b9800, 0x0000027a367ba000, 0x0000027a367b5000,
0x0000027a367bc000, 0x0000027a367bc800, 0x0000027a352b4000, 0x0000027a352ae800,
0x0000027a352af000, 0x0000027a3ff85000, 0x0000027a3ff7f800, 0x0000027a3ff84000,
0x0000027a3ff81000, 0x0000027a3ff86000, 0x0000027a3ff80000
}

Java Threads: ( => current thread )
  0x0000027a19706800 JavaThread "main" [_thread_blocked, id=19944, stack(0x000000b323f00000,0x000000b324000000)]
  0x0000027a3528c800 JavaThread "Reference Handler" daemon [_thread_blocked, id=2788, stack(0x000000b324600000,0x000000b324700000)]
  0x0000027a3529a000 JavaThread "Finalizer" daemon [_thread_blocked, id=10000, stack(0x000000b324700000,0x000000b324800000)]
  0x0000027a352a8800 JavaThread "Signal Dispatcher" daemon [_thread_blocked, id=9488, stack(0x000000b324800000,0x000000b324900000)]
  0x0000027a352ab800 JavaThread "Attach Listener" daemon [_thread_blocked, id=21056, stack(0x000000b324900000,0x000000b324a00000)]
  0x0000027a352b0000 JavaThread "Service Thread" daemon [_thread_blocked, id=1328, stack(0x000000b324a00000,0x000000b324b00000)]
=>0x0000027a352be000 JavaThread "C2 CompilerThread0" daemon [_thread_in_native, id=4824, stack(0x000000b324b00000,0x000000b324c00000)]
  0x0000027a352c7800 JavaThread "C1 CompilerThread0" daemon [_thread_blocked, id=15248, stack(0x000000b324c00000,0x000000b324d00000)]
  0x0000027a352b1800 JavaThread "Sweeper thread" daemon [_thread_blocked, id=6648, stack(0x000000b324d00000,0x000000b324e00000)]
  0x0000027a352b2800 JavaThread "Common-Cleaner" daemon [_thread_blocked, id=6720, stack(0x000000b324e00000,0x000000b324f00000)]
  0x0000027a352b1000 JavaThread "Daemon health stats" [_thread_blocked, id=8872, stack(0x000000b325000000,0x000000b325100000)]
  0x0000027a352b3000 JavaThread "Incoming local TCP Connector on port 1206" [_thread_in_native, id=4128, stack(0x000000b325300000,0x000000b325400000)]
  0x0000027a352ad800 JavaThread "Daemon periodic checks" [_thread_blocked, id=9576, stack(0x000000b325400000,0x000000b325500000)]
  0x0000027a367b7800 JavaThread "Cache worker for journal cache (C:\Users\LENOVO\Desktop\GRADLE\gradle-6.1.1\caches\journal-1)" [_thread_blocked, id=9460, stack(0x000000b325d00000,0x000000b325e00000)]
  0x0000027a367b6000 JavaThread "File lock request listener" [_thread_in_native, id=19700, stack(0x000000b325e00000,0x000000b325f00000)]
  0x0000027a367be000 JavaThread "Cache worker for file hash cache (C:\Users\LENOVO\Desktop\GRADLE\gradle-6.1.1\caches\7.3.3\fileHashes)" [_thread_blocked, id=13372, stack(0x000000b325f00000,0x000000b326000000)]
  0x0000027a367bd800 JavaThread "File watcher server" daemon [_thread_in_native, id=380, stack(0x000000b326200000,0x000000b326300000)]
  0x0000027a367bf000 JavaThread "File watcher consumer" daemon [_thread_blocked, id=21156, stack(0x000000b326300000,0x000000b326400000)]
  0x0000027a367c0800 JavaThread "Cache worker for execution history cache (C:\Users\LENOVO\Desktop\GRADLE\gradle-6.1.1\caches\7.3.3\executionHistory)" [_thread_blocked, id=15836, stack(0x000000b326700000,0x000000b326800000)]
  0x0000027a367c2800 JavaThread "jar transforms" [_thread_blocked, id=19536, stack(0x000000b326800000,0x000000b326900000)]
  0x0000027a367c3000 JavaThread "Cache worker for file content cache (C:\Users\LENOVO\Desktop\GRADLE\gradle-6.1.1\caches\7.3.3\fileContent)" [_thread_blocked, id=10864, stack(0x000000b326900000,0x000000b326a00000)]
  0x0000027a3924f000 JavaThread "jar transforms Thread 2" [_thread_blocked, id=13340, stack(0x000000b326a00000,0x000000b326b00000)]
  0x0000027a39254000 JavaThread "jar transforms Thread 3" [_thread_blocked, id=6052, stack(0x000000b326c00000,0x000000b326d00000)]
  0x0000027a3c193000 JavaThread "jar transforms Thread 4" [_thread_blocked, id=15048, stack(0x000000b329600000,0x000000b329700000)]
  0x0000027a3c199000 JavaThread "Memory manager" [_thread_blocked, id=8852, stack(0x000000b329700000,0x000000b329800000)]
  0x0000027a3c199800 JavaThread "pool-3-thread-1" [_thread_blocked, id=19656, stack(0x000000b329900000,0x000000b329a00000)]
  0x0000027a367b7000 JavaThread "pool-8-thread-1" [_thread_blocked, id=4692, stack(0x000000b329500000,0x000000b329600000)]
  0x0000027a367c0000 JavaThread "pool-11-thread-1" [_thread_blocked, id=7216, stack(0x000000b329400000,0x000000b329500000)]
  0x0000027a40183800 JavaThread "ForkJoinPool.commonPool-worker-1" daemon [_thread_blocked, id=19448, stack(0x000000b32a600000,0x000000b32a700000)]
  0x0000027a3c19a800 JavaThread "pool-16-thread-1" [_thread_blocked, id=19532, stack(0x000000b329800000,0x000000b329900000)]
  0x0000027a39253000 JavaThread "Daemon Thread 3" [_thread_blocked, id=11596, stack(0x000000b323e00000,0x000000b323f00000)]
  0x0000027a39255000 JavaThread "Handler for socket connection from /127.0.0.1:1206 to /127.0.0.1:1299" [_thread_in_native, id=11576, stack(0x000000b325500000,0x000000b325600000)]
  0x0000027a39252800 JavaThread "Cancel handler" [_thread_blocked, id=3868, stack(0x000000b325600000,0x000000b325700000)]
  0x0000027a39255800 JavaThread "Daemon worker Thread 3" [_thread_blocked, id=11444, stack(0x000000b325700000,0x000000b325800000)]
  0x0000027a39251000 JavaThread "Asynchronous log dispatcher for DefaultDaemonConnection: socket connection from /127.0.0.1:1206 to /127.0.0.1:1299" [_thread_blocked, id=17860, stack(0x000000b325800000,0x000000b325900000)]
  0x0000027a39250000 JavaThread "Stdin handler" [_thread_blocked, id=18204, stack(0x000000b325900000,0x000000b325a00000)]
  0x0000027a39256800 JavaThread "Daemon client event forwarder" [_thread_blocked, id=15764, stack(0x000000b325a00000,0x000000b325b00000)]
  0x0000027a39257800 JavaThread "Cache worker for file hash cache (D:\Program Files\Grafco3\.gradle\7.3.3\fileHashes)" [_thread_blocked, id=16772, stack(0x000000b325b00000,0x000000b325c00000)]
  0x0000027a39251800 JavaThread "Cache worker for checksums cache (D:\Program Files\Grafco3\.gradle\7.3.3\checksums)" [_thread_blocked, id=2228, stack(0x000000b326000000,0x000000b326100000)]
  0x0000027a39258000 JavaThread "Cache worker for cache directory md-supplier (C:\Users\LENOVO\Desktop\GRADLE\gradle-6.1.1\caches\7.3.3\md-supplier)" [_thread_blocked, id=11704, stack(0x000000b326100000,0x000000b326200000)]
  0x0000027a3925d000 JavaThread "Cache worker for cache directory md-rule (C:\Users\LENOVO\Desktop\GRADLE\gradle-6.1.1\caches\7.3.3\md-rule)" [_thread_blocked, id=5752, stack(0x000000b326400000,0x000000b326500000)]
  0x0000027a3925c000 JavaThread "Cache worker for dependencies-accessors (D:\Program Files\Grafco3\.gradle\7.3.3\dependencies-accessors)" [_thread_blocked, id=5544, stack(0x000000b326500000,0x000000b326600000)]
  0x0000027a39259000 JavaThread "C2 CompilerThread1" daemon [_thread_in_native, id=1908, stack(0x000000b326600000,0x000000b326700000)]
  0x0000027a3925a000 JavaThread "Cache worker for Build Output Cleanup Cache (D:\Program Files\Grafco3\.gradle\buildOutputCleanup)" [_thread_blocked, id=18364, stack(0x000000b326b00000,0x000000b326c00000)]
  0x0000027a3925a800 JavaThread "Unconstrained build operations" [_thread_blocked, id=15428, stack(0x000000b326d00000,0x000000b326e00000)]
  0x0000027a3925b800 JavaThread "Unconstrained build operations Thread 2" [_thread_blocked, id=17112, stack(0x000000b326e00000,0x000000b326f00000)]
  0x0000027a3c191800 JavaThread "Unconstrained build operations Thread 3" [_thread_blocked, id=16920, stack(0x000000b326f00000,0x000000b327000000)]
  0x0000027a3c18b800 JavaThread "Unconstrained build operations Thread 4" [_thread_blocked, id=13348, stack(0x000000b327000000,0x000000b327100000)]
  0x0000027a3c190000 JavaThread "Unconstrained build operations Thread 5" [_thread_blocked, id=15740, stack(0x000000b327100000,0x000000b327200000)]
  0x0000027a3c18c800 JavaThread "Unconstrained build operations Thread 6" [_thread_blocked, id=15412, stack(0x000000b327200000,0x000000b327300000)]
  0x0000027a3c18d800 JavaThread "Unconstrained build operations Thread 7" [_thread_blocked, id=18564, stack(0x000000b327300000,0x000000b327400000)]
  0x0000027a3c194000 JavaThread "Unconstrained build operations Thread 8" [_thread_blocked, id=20104, stack(0x000000b327400000,0x000000b327500000)]
  0x0000027a3c18f000 JavaThread "Unconstrained build operations Thread 9" [_thread_blocked, id=17772, stack(0x000000b327500000,0x000000b327600000)]
  0x0000027a3c192800 JavaThread "Unconstrained build operations Thread 10" [_thread_blocked, id=10828, stack(0x000000b327600000,0x000000b327700000)]
  0x0000027a3c18e000 JavaThread "Unconstrained build operations Thread 11" [_thread_blocked, id=15260, stack(0x000000b327700000,0x000000b327800000)]
  0x0000027a3c196800 JavaThread "Unconstrained build operations Thread 12" [_thread_blocked, id=12976, stack(0x000000b327800000,0x000000b327900000)]
  0x0000027a3c190800 JavaThread "Unconstrained build operations Thread 13" [_thread_blocked, id=20564, stack(0x000000b327900000,0x000000b327a00000)]
  0x0000027a3c194800 JavaThread "Unconstrained build operations Thread 14" [_thread_blocked, id=2912, stack(0x000000b327a00000,0x000000b327b00000)]
  0x0000027a3c195800 JavaThread "Unconstrained build operations Thread 15" [_thread_blocked, id=19332, stack(0x000000b327b00000,0x000000b327c00000)]
  0x0000027a3c197000 JavaThread "Unconstrained build operations Thread 16" [_thread_blocked, id=14252, stack(0x000000b327c00000,0x000000b327d00000)]
  0x0000027a3c198000 JavaThread "Unconstrained build operations Thread 17" [_thread_blocked, id=19216, stack(0x000000b327d00000,0x000000b327e00000)]
  0x0000027a4017f000 JavaThread "Unconstrained build operations Thread 18" [_thread_blocked, id=11064, stack(0x000000b327e00000,0x000000b327f00000)]
  0x0000027a40184000 JavaThread "Unconstrained build operations Thread 19" [_thread_blocked, id=12300, stack(0x000000b327f00000,0x000000b328000000)]
  0x0000027a40185800 JavaThread "Unconstrained build operations Thread 20" [_thread_blocked, id=15420, stack(0x000000b328000000,0x000000b328100000)]
  0x0000027a40185000 JavaThread "Unconstrained build operations Thread 21" [_thread_blocked, id=13592, stack(0x000000b328100000,0x000000b328200000)]
  0x0000027a40181800 JavaThread "Unconstrained build operations Thread 22" [_thread_blocked, id=19520, stack(0x000000b328200000,0x000000b328300000)]
  0x0000027a40180000 JavaThread "Unconstrained build operations Thread 23" [_thread_blocked, id=11956, stack(0x000000b328300000,0x000000b328400000)]
  0x0000027a40182800 JavaThread "Unconstrained build operations Thread 24" [_thread_blocked, id=17220, stack(0x000000b328400000,0x000000b328500000)]
  0x0000027a40181000 JavaThread "Unconstrained build operations Thread 25" [_thread_blocked, id=12236, stack(0x000000b328500000,0x000000b328600000)]
  0x0000027a38187000 JavaThread "Unconstrained build operations Thread 26" [_thread_blocked, id=18280, stack(0x000000b328600000,0x000000b328700000)]
  0x0000027a38184800 JavaThread "Unconstrained build operations Thread 27" [_thread_blocked, id=3576, stack(0x000000b328700000,0x000000b328800000)]
  0x0000027a38183800 JavaThread "Unconstrained build operations Thread 28" [_thread_blocked, id=8052, stack(0x000000b328800000,0x000000b328900000)]
  0x0000027a38185000 JavaThread "Unconstrained build operations Thread 29" [_thread_blocked, id=17148, stack(0x000000b328900000,0x000000b328a00000)]
  0x0000027a38189800 JavaThread "Unconstrained build operations Thread 30" [_thread_blocked, id=16088, stack(0x000000b328a00000,0x000000b328b00000)]
  0x0000027a38187800 JavaThread "Unconstrained build operations Thread 31" [_thread_blocked, id=19696, stack(0x000000b328b00000,0x000000b328c00000)]
  0x0000027a38188800 JavaThread "Unconstrained build operations Thread 32" [_thread_blocked, id=12252, stack(0x000000b328c00000,0x000000b328d00000)]
  0x0000027a367b8800 JavaThread "Unconstrained build operations Thread 33" [_thread_blocked, id=12312, stack(0x000000b328d00000,0x000000b328e00000)]
  0x0000027a367b9800 JavaThread "Unconstrained build operations Thread 34" [_thread_blocked, id=12884, stack(0x000000b328e00000,0x000000b328f00000)]
  0x0000027a367ba000 JavaThread "Unconstrained build operations Thread 35" [_thread_blocked, id=20076, stack(0x000000b328f00000,0x000000b329000000)]
  0x0000027a367b5000 JavaThread "Unconstrained build operations Thread 36" [_thread_blocked, id=1984, stack(0x000000b329000000,0x000000b329100000)]
  0x0000027a367bc000 JavaThread "Unconstrained build operations Thread 37" [_thread_blocked, id=9172, stack(0x000000b329100000,0x000000b329200000)]
  0x0000027a367bc800 JavaThread "Unconstrained build operations Thread 38" [_thread_blocked, id=17404, stack(0x000000b329200000,0x000000b329300000)]
  0x0000027a352b4000 JavaThread "Unconstrained build operations Thread 39" [_thread_blocked, id=18528, stack(0x000000b329300000,0x000000b329400000)]
  0x0000027a352ae800 JavaThread "Unconstrained build operations Thread 40" [_thread_blocked, id=4508, stack(0x000000b329a00000,0x000000b329b00000)]
  0x0000027a352af000 JavaThread "build event listener" [_thread_blocked, id=15712, stack(0x000000b329b00000,0x000000b329c00000)]
  0x0000027a3ff85000 JavaThread "pool-19-thread-1" [_thread_blocked, id=10244, stack(0x000000b329c00000,0x000000b329d00000)]
  0x0000027a3ff7f800 JavaThread "build event listener" [_thread_blocked, id=9100, stack(0x000000b329d00000,0x000000b329e00000)]
  0x0000027a3ff84000 JavaThread "Execution worker for ':'" [_thread_in_native, id=19880, stack(0x000000b329e00000,0x000000b329f00000)]
  0x0000027a3ff81000 JavaThread "Execution worker for ':' Thread 2" [_thread_blocked, id=20496, stack(0x000000b329f00000,0x000000b32a000000)]
  0x0000027a3ff86000 JavaThread "Execution worker for ':' Thread 3" [_thread_blocked, id=19864, stack(0x000000b32a000000,0x000000b32a100000)]
  0x0000027a3ff80000 JavaThread "Cache worker for execution history cache (D:\Program Files\Grafco3\.gradle\7.3.3\executionHistory)" [_thread_blocked, id=7468, stack(0x000000b32a100000,0x000000b32a200000)]

Other Threads:
  0x0000027a3528a800 VMThread "VM Thread" [stack: 0x000000b324500000,0x000000b324600000] [id=12716]
  0x0000027a35d95800 WatcherThread [stack: 0x000000b324f00000,0x000000b325000000] [id=20668]
  0x0000027a1971e800 GCTaskThread "GC Thread#0" [stack: 0x000000b324000000,0x000000b324100000] [id=3588]
  0x0000027a365b5000 GCTaskThread "GC Thread#1" [stack: 0x000000b325100000,0x000000b325200000] [id=18624]
  0x0000027a35fcd000 GCTaskThread "GC Thread#2" [stack: 0x000000b325200000,0x000000b325300000] [id=6352]
  0x0000027a37e60000 GCTaskThread "GC Thread#3" [stack: 0x000000b325c00000,0x000000b325d00000] [id=20592]
  0x0000027a1974e000 ConcurrentGCThread "G1 Main Marker" [stack: 0x000000b324100000,0x000000b324200000] [id=10588]
  0x0000027a1974f000 ConcurrentGCThread "G1 Conc#0" [stack: 0x000000b324200000,0x000000b324300000] [id=20436]
  0x0000027a197d4800 ConcurrentGCThread "G1 Refine#0" [stack: 0x000000b324300000,0x000000b324400000] [id=18932]
  0x0000027a350e0800 ConcurrentGCThread "G1 Young RemSet Sampling" [stack: 0x000000b324400000,0x000000b324500000] [id=9304]

Threads with active compile tasks:
C2 CompilerThread0 350241 15836       4       org.gradle.api.internal.artifacts.ivyservice.resolveengine.result.ResolvedVariantResultSerializer::read (132 bytes)
C2 CompilerThread1 350241 15837       4       org.gradle.api.internal.artifacts.result.DefaultResolutionResult::eachElement (92 bytes)

VM state:not at safepoint (normal execution)

VM Mutex/Monitor currently owned by a thread: None

Heap address: 0x0000000080000000, size: 2048 MB, Compressed Oops mode: 32-bit
Narrow klass base: 0x0000000000000000, Narrow klass shift: 3
Compressed class space size: 1073741824 Address: 0x0000000100000000

Heap:
 garbage-first heap   total 189440K, used 154476K [0x0000000080000000, 0x0000000100000000)
  region size 1024K, 57 young (58368K), 5 survivors (5120K)
 Metaspace       used 102958K, capacity 105580K, committed 105716K, reserved 1140736K
  class space    used 12740K, capacity 13693K, committed 13796K, reserved 1048576K
Heap Regions: E=young(eden), S=young(survivor), O=old, HS=humongous(starts), HC=humongous(continues), CS=collection set, F=free, A=archive, TAMS=top-at-mark-start (previous, next)
|   0|0x0000000080000000, 0x0000000080100000, 0x0000000080100000|100%|HS|  |TAMS 0x0000000080100000, 0x0000000080000000| Complete 
|   1|0x0000000080100000, 0x0000000080200000, 0x0000000080200000|100%|HC|  |TAMS 0x0000000080200000, 0x0000000080100000| Complete 
|   2|0x0000000080200000, 0x0000000080300000, 0x0000000080300000|100%|HC|  |TAMS 0x0000000080300000, 0x0000000080200000| Complete 
|   3|0x0000000080300000, 0x0000000080400000, 0x0000000080400000|100%| O|  |TAMS 0x0000000080400000, 0x0000000080300000| Untracked 
|   4|0x0000000080400000, 0x0000000080500000, 0x0000000080500000|100%| O|  |TAMS 0x0000000080500000, 0x0000000080400000| Untracked 
|   5|0x0000000080500000, 0x0000000080600000, 0x0000000080600000|100%| O|  |TAMS 0x0000000080600000, 0x0000000080500000| Untracked 
|   6|0x0000000080600000, 0x0000000080700000, 0x0000000080700000|100%| O|  |TAMS 0x0000000080700000, 0x0000000080600000| Untracked 
|   7|0x0000000080700000, 0x0000000080800000, 0x0000000080800000|100%| O|  |TAMS 0x0000000080800000, 0x0000000080700000| Untracked 
|   8|0x0000000080800000, 0x0000000080900000, 0x0000000080900000|100%| O|  |TAMS 0x0000000080900000, 0x0000000080800000| Untracked 
|   9|0x0000000080900000, 0x0000000080a00000, 0x0000000080a00000|100%| O|  |TAMS 0x0000000080a00000, 0x0000000080900000| Untracked 
|  10|0x0000000080a00000, 0x0000000080b00000, 0x0000000080b00000|100%| O|  |TAMS 0x0000000080b00000, 0x0000000080a00000| Untracked 
|  11|0x0000000080b00000, 0x0000000080c00000, 0x0000000080c00000|100%| O|  |TAMS 0x0000000080c00000, 0x0000000080b00000| Untracked 
|  12|0x0000000080c00000, 0x0000000080d00000, 0x0000000080d00000|100%| O|  |TAMS 0x0000000080d00000, 0x0000000080c00000| Untracked 
|  13|0x0000000080d00000, 0x0000000080e00000, 0x0000000080e00000|100%| O|  |TAMS 0x0000000080e00000, 0x0000000080d00000| Untracked 
|  14|0x0000000080e00000, 0x0000000080f00000, 0x0000000080f00000|100%| O|  |TAMS 0x0000000080f00000, 0x0000000080e00000| Untracked 
|  15|0x0000000080f00000, 0x0000000081000000, 0x0000000081000000|100%| O|  |TAMS 0x0000000081000000, 0x0000000080f00000| Complete 
|  16|0x0000000081000000, 0x0000000081100000, 0x0000000081100000|100%|HS|  |TAMS 0x0000000081100000, 0x0000000081000000| Complete 
|  17|0x0000000081100000, 0x0000000081200000, 0x0000000081200000|100%| O|  |TAMS 0x0000000081200000, 0x0000000081100000| Untracked 
|  18|0x0000000081200000, 0x0000000081300000, 0x0000000081300000|100%| O|  |TAMS 0x0000000081300000, 0x0000000081200000| Untracked 
|  19|0x0000000081300000, 0x0000000081400000, 0x0000000081400000|100%| O|  |TAMS 0x0000000081400000, 0x0000000081300000| Untracked 
|  20|0x0000000081400000, 0x0000000081500000, 0x0000000081500000|100%| O|  |TAMS 0x0000000081500000, 0x0000000081400000| Complete 
|  21|0x0000000081500000, 0x0000000081600000, 0x0000000081600000|100%| O|  |TAMS 0x0000000081600000, 0x0000000081500000| Complete 
|  22|0x0000000081600000, 0x0000000081700000, 0x0000000081700000|100%| O|  |TAMS 0x0000000081700000, 0x0000000081600000| Untracked 
|  23|0x0000000081700000, 0x0000000081800000, 0x0000000081800000|100%| O|  |TAMS 0x0000000081800000, 0x0000000081700000| Untracked 
|  24|0x0000000081800000, 0x0000000081900000, 0x0000000081900000|100%| O|  |TAMS 0x0000000081900000, 0x0000000081800000| Untracked 
|  25|0x0000000081900000, 0x0000000081a00000, 0x0000000081a00000|100%| O|  |TAMS 0x0000000081a00000, 0x0000000081900000| Untracked 
|  26|0x0000000081a00000, 0x0000000081b00000, 0x0000000081b00000|100%| O|  |TAMS 0x0000000081b00000, 0x0000000081a00000| Untracked 
|  27|0x0000000081b00000, 0x0000000081c00000, 0x0000000081c00000|100%| O|  |TAMS 0x0000000081c00000, 0x0000000081b00000| Complete 
|  28|0x0000000081c00000, 0x0000000081d00000, 0x0000000081d00000|100%|HS|  |TAMS 0x0000000081d00000, 0x0000000081c00000| Complete 
|  29|0x0000000081d00000, 0x0000000081e00000, 0x0000000081e00000|100%|HS|  |TAMS 0x0000000081e00000, 0x0000000081d00000| Complete 
|  30|0x0000000081e00000, 0x0000000081f00000, 0x0000000081f00000|100%|HC|  |TAMS 0x0000000081f00000, 0x0000000081e00000| Complete 
|  31|0x0000000081f00000, 0x0000000082000000, 0x0000000082000000|100%| O|  |TAMS 0x0000000082000000, 0x0000000081f00000| Complete 
|  32|0x0000000082000000, 0x0000000082100000, 0x0000000082100000|100%| O|  |TAMS 0x0000000082100000, 0x0000000082000000| Complete 
|  33|0x0000000082100000, 0x0000000082200000, 0x0000000082200000|100%| O|  |TAMS 0x0000000082200000, 0x0000000082100000| Untracked 
|  34|0x0000000082200000, 0x0000000082300000, 0x0000000082300000|100%| O|  |TAMS 0x0000000082300000, 0x0000000082200000| Untracked 
|  35|0x0000000082300000, 0x0000000082400000, 0x0000000082400000|100%| O|  |TAMS 0x0000000082400000, 0x0000000082300000| Untracked 
|  36|0x0000000082400000, 0x0000000082500000, 0x0000000082500000|100%| O|  |TAMS 0x0000000082500000, 0x0000000082400000| Untracked 
|  37|0x0000000082500000, 0x0000000082600000, 0x0000000082600000|100%| O|  |TAMS 0x0000000082600000, 0x0000000082500000| Complete 
|  38|0x0000000082600000, 0x0000000082700000, 0x0000000082700000|100%| O|  |TAMS 0x0000000082700000, 0x0000000082600000| Untracked 
|  39|0x0000000082700000, 0x0000000082800000, 0x0000000082800000|100%| O|  |TAMS 0x0000000082800000, 0x0000000082700000| Untracked 
|  40|0x0000000082800000, 0x0000000082900000, 0x0000000082900000|100%| O|  |TAMS 0x0000000082900000, 0x0000000082800000| Untracked 
|  41|0x0000000082900000, 0x0000000082a00000, 0x0000000082a00000|100%| O|  |TAMS 0x0000000082a00000, 0x0000000082900000| Complete 
|  42|0x0000000082a00000, 0x0000000082b00000, 0x0000000082b00000|100%| O|  |TAMS 0x0000000082b00000, 0x0000000082a00000| Complete 
|  43|0x0000000082b00000, 0x0000000082c00000, 0x0000000082c00000|100%| O|  |TAMS 0x0000000082c00000, 0x0000000082b00000| Untracked 
|  44|0x0000000082c00000, 0x0000000082d00000, 0x0000000082d00000|100%| O|  |TAMS 0x0000000082d00000, 0x0000000082c00000| Complete 
|  45|0x0000000082d00000, 0x0000000082e00000, 0x0000000082e00000|100%| O|  |TAMS 0x0000000082e00000, 0x0000000082d00000| Untracked 
|  46|0x0000000082e00000, 0x0000000082f00000, 0x0000000082f00000|100%| O|  |TAMS 0x0000000082f00000, 0x0000000082e00000| Untracked 
|  47|0x0000000082f00000, 0x0000000083000000, 0x0000000083000000|100%| O|  |TAMS 0x0000000083000000, 0x0000000082f00000| Untracked 
|  48|0x0000000083000000, 0x0000000083100000, 0x0000000083100000|100%| O|  |TAMS 0x0000000083100000, 0x0000000083000000| Untracked 
|  49|0x0000000083100000, 0x0000000083200000, 0x0000000083200000|100%| O|  |TAMS 0x0000000083200000, 0x0000000083100000| Untracked 
|  50|0x0000000083200000, 0x0000000083300000, 0x0000000083300000|100%| O|  |TAMS 0x0000000083300000, 0x0000000083200000| Untracked 
|  51|0x0000000083300000, 0x0000000083400000, 0x0000000083400000|100%| O|  |TAMS 0x0000000083400000, 0x0000000083300000| Untracked 
|  52|0x0000000083400000, 0x0000000083500000, 0x0000000083500000|100%| O|  |TAMS 0x0000000083500000, 0x0000000083400000| Complete 
|  53|0x0000000083500000, 0x0000000083600000, 0x0000000083600000|100%| O|  |TAMS 0x0000000083600000, 0x0000000083500000| Complete 
|  54|0x0000000083600000, 0x0000000083700000, 0x0000000083700000|100%| O|  |TAMS 0x0000000083700000, 0x0000000083600000| Complete 
|  55|0x0000000083700000, 0x0000000083700000, 0x0000000083800000|  0%| F|  |TAMS 0x0000000083700000, 0x0000000083700000| Untracked 
|  56|0x0000000083800000, 0x0000000083900000, 0x0000000083900000|100%| O|  |TAMS 0x0000000083900000, 0x0000000083800000| Complete 
|  57|0x0000000083900000, 0x0000000083a00000, 0x0000000083a00000|100%| O|  |TAMS 0x0000000083a00000, 0x0000000083900000| Untracked 
|  58|0x0000000083a00000, 0x0000000083b00000, 0x0000000083b00000|100%| O|  |TAMS 0x0000000083b00000, 0x0000000083a00000| Untracked 
|  59|0x0000000083b00000, 0x0000000083c00000, 0x0000000083c00000|100%| O|  |TAMS 0x0000000083c00000, 0x0000000083b00000| Complete 
|  60|0x0000000083c00000, 0x0000000083d00000, 0x0000000083d00000|100%| O|  |TAMS 0x0000000083d00000, 0x0000000083c00000| Complete 
|  61|0x0000000083d00000, 0x0000000083e00000, 0x0000000083e00000|100%| O|  |TAMS 0x0000000083e00000, 0x0000000083d00000| Complete 
|  62|0x0000000083e00000, 0x0000000083f00000, 0x0000000083f00000|100%| O|  |TAMS 0x0000000083f00000, 0x0000000083e00000| Untracked 
|  63|0x0000000083f00000, 0x0000000084000000, 0x0000000084000000|100%| O|  |TAMS 0x0000000084000000, 0x0000000083f00000| Untracked 
|  64|0x0000000084000000, 0x0000000084100000, 0x0000000084100000|100%| O|  |TAMS 0x0000000084100000, 0x0000000084000000| Complete 
|  65|0x0000000084100000, 0x0000000084200000, 0x0000000084200000|100%| O|  |TAMS 0x0000000084200000, 0x0000000084100000| Complete 
|  66|0x0000000084200000, 0x0000000084300000, 0x0000000084300000|100%| O|  |TAMS 0x0000000084300000, 0x0000000084200000| Complete 
|  67|0x0000000084300000, 0x0000000084400000, 0x0000000084400000|100%| O|  |TAMS 0x0000000084400000, 0x0000000084300000| Complete 
|  68|0x0000000084400000, 0x0000000084500000, 0x0000000084500000|100%| O|  |TAMS 0x0000000084500000, 0x0000000084400000| Complete 
|  69|0x0000000084500000, 0x0000000084600000, 0x0000000084600000|100%| O|  |TAMS 0x0000000084600000, 0x0000000084500000| Complete 
|  70|0x0000000084600000, 0x0000000084700000, 0x0000000084700000|100%| O|  |TAMS 0x0000000084700000, 0x0000000084600000| Untracked 
|  71|0x0000000084700000, 0x0000000084800000, 0x0000000084800000|100%| O|  |TAMS 0x0000000084800000, 0x0000000084700000| Complete 
|  72|0x0000000084800000, 0x0000000084900000, 0x0000000084900000|100%| O|  |TAMS 0x0000000084900000, 0x0000000084800000| Complete 
|  73|0x0000000084900000, 0x0000000084a00000, 0x0000000084a00000|100%| O|  |TAMS 0x0000000084a00000, 0x0000000084900000| Complete 
|  74|0x0000000084a00000, 0x0000000084b00000, 0x0000000084b00000|100%| O|  |TAMS 0x0000000084b00000, 0x0000000084a00000| Untracked 
|  75|0x0000000084b00000, 0x0000000084c00000, 0x0000000084c00000|100%| O|  |TAMS 0x0000000084c00000, 0x0000000084b00000| Complete 
|  76|0x0000000084c00000, 0x0000000084d00000, 0x0000000084d00000|100%| O|  |TAMS 0x0000000084d00000, 0x0000000084c00000| Complete 
|  77|0x0000000084d00000, 0x0000000084e00000, 0x0000000084e00000|100%| O|  |TAMS 0x0000000084e00000, 0x0000000084d00000| Complete 
|  78|0x0000000084e00000, 0x0000000084f00000, 0x0000000084f00000|100%| O|  |TAMS 0x0000000084f00000, 0x0000000084e00000| Untracked 
|  79|0x0000000084f00000, 0x0000000085000000, 0x0000000085000000|100%| O|  |TAMS 0x0000000085000000, 0x0000000084f00000| Untracked 
|  80|0x0000000085000000, 0x0000000085100000, 0x0000000085100000|100%| O|  |TAMS 0x0000000085100000, 0x0000000085000000| Untracked 
|  81|0x0000000085100000, 0x0000000085200000, 0x0000000085200000|100%| O|  |TAMS 0x0000000085200000, 0x0000000085100000| Complete 
|  82|0x0000000085200000, 0x0000000085300000, 0x0000000085300000|100%| O|  |TAMS 0x0000000085300000, 0x0000000085200000| Complete 
|  83|0x0000000085300000, 0x0000000085400000, 0x0000000085400000|100%| O|  |TAMS 0x0000000085400000, 0x0000000085300000| Complete 
|  84|0x0000000085400000, 0x0000000085500000, 0x0000000085500000|100%| O|  |TAMS 0x0000000085500000, 0x0000000085400000| Complete 
|  85|0x0000000085500000, 0x0000000085600000, 0x0000000085600000|100%| O|  |TAMS 0x0000000085600000, 0x0000000085500000| Complete 
|  86|0x0000000085600000, 0x0000000085700000, 0x0000000085700000|100%| O|  |TAMS 0x0000000085700000, 0x0000000085600000| Complete 
|  87|0x0000000085700000, 0x0000000085800000, 0x0000000085800000|100%| O|  |TAMS 0x0000000085800000, 0x0000000085700000| Untracked 
|  88|0x0000000085800000, 0x0000000085900000, 0x0000000085900000|100%| O|  |TAMS 0x0000000085900000, 0x0000000085800000| Untracked 
|  89|0x0000000085900000, 0x0000000085a00000, 0x0000000085a00000|100%| O|  |TAMS 0x0000000085a00000, 0x0000000085900000| Untracked 
|  90|0x0000000085a00000, 0x0000000085a99800, 0x0000000085b00000| 59%| O|  |TAMS 0x0000000085a99800, 0x0000000085a00000| Untracked 
|  91|0x0000000085b00000, 0x0000000085c00000, 0x0000000085c00000|100%|HS|  |TAMS 0x0000000085b00000, 0x0000000085b00000| Complete 
|  92|0x0000000085c00000, 0x0000000085d00000, 0x0000000085d00000|100%|HC|  |TAMS 0x0000000085c00000, 0x0000000085c00000| Complete 
|  93|0x0000000085d00000, 0x0000000085d00000, 0x0000000085e00000|  0%| F|  |TAMS 0x0000000085d00000, 0x0000000085d00000| Untracked 
|  94|0x0000000085e00000, 0x0000000085e00000, 0x0000000085f00000|  0%| F|  |TAMS 0x0000000085e00000, 0x0000000085e00000| Untracked 
|  95|0x0000000085f00000, 0x0000000085f00000, 0x0000000086000000|  0%| F|  |TAMS 0x0000000085f00000, 0x0000000085f00000| Untracked 
|  96|0x0000000086000000, 0x0000000086000000, 0x0000000086100000|  0%| F|  |TAMS 0x0000000086000000, 0x0000000086000000| Untracked 
|  97|0x0000000086100000, 0x0000000086100000, 0x0000000086200000|  0%| F|  |TAMS 0x0000000086100000, 0x0000000086100000| Untracked 
|  98|0x0000000086200000, 0x0000000086200000, 0x0000000086300000|  0%| F|  |TAMS 0x0000000086200000, 0x0000000086200000| Untracked 
|  99|0x0000000086300000, 0x0000000086300000, 0x0000000086400000|  0%| F|  |TAMS 0x0000000086300000, 0x0000000086300000| Untracked 
| 100|0x0000000086400000, 0x0000000086400000, 0x0000000086500000|  0%| F|  |TAMS 0x0000000086400000, 0x0000000086400000| Untracked 
| 101|0x0000000086500000, 0x0000000086500000, 0x0000000086600000|  0%| F|  |TAMS 0x0000000086500000, 0x0000000086500000| Untracked 
| 102|0x0000000086600000, 0x0000000086600000, 0x0000000086700000|  0%| F|  |TAMS 0x0000000086600000, 0x0000000086600000| Untracked 
| 103|0x0000000086700000, 0x0000000086800000, 0x0000000086800000|100%| O|  |TAMS 0x0000000086800000, 0x0000000086700000| Complete 
| 104|0x0000000086800000, 0x0000000086900000, 0x0000000086900000|100%| O|  |TAMS 0x0000000086900000, 0x0000000086800000| Complete 
| 105|0x0000000086900000, 0x0000000086a00000, 0x0000000086a00000|100%| O|  |TAMS 0x0000000086a00000, 0x0000000086900000| Complete 
| 106|0x0000000086a00000, 0x0000000086a00000, 0x0000000086b00000|  0%| F|  |TAMS 0x0000000086a00000, 0x0000000086a00000| Untracked 
| 107|0x0000000086b00000, 0x0000000086b00000, 0x0000000086c00000|  0%| F|  |TAMS 0x0000000086b00000, 0x0000000086b00000| Untracked 
| 108|0x0000000086c00000, 0x0000000086d00000, 0x0000000086d00000|100%| O|  |TAMS 0x0000000086d00000, 0x0000000086c00000| Complete 
| 109|0x0000000086d00000, 0x0000000086e00000, 0x0000000086e00000|100%| O|  |TAMS 0x0000000086e00000, 0x0000000086d00000| Complete 
| 110|0x0000000086e00000, 0x0000000086e00000, 0x0000000086f00000|  0%| F|  |TAMS 0x0000000086e00000, 0x0000000086e00000| Untracked 
| 111|0x0000000086f00000, 0x0000000086f00000, 0x0000000087000000|  0%| F|  |TAMS 0x0000000086f00000, 0x0000000086f00000| Untracked 
| 112|0x0000000087000000, 0x0000000087000000, 0x0000000087100000|  0%| F|  |TAMS 0x0000000087000000, 0x0000000087000000| Untracked 
| 113|0x0000000087100000, 0x0000000087100000, 0x0000000087200000|  0%| F|  |TAMS 0x0000000087100000, 0x0000000087100000| Untracked 
| 114|0x0000000087200000, 0x0000000087200000, 0x0000000087300000|  0%| F|  |TAMS 0x0000000087200000, 0x0000000087200000| Untracked 
| 115|0x0000000087300000, 0x0000000087300000, 0x0000000087400000|  0%| F|  |TAMS 0x0000000087300000, 0x0000000087300000| Untracked 
| 116|0x0000000087400000, 0x0000000087400000, 0x0000000087500000|  0%| F|  |TAMS 0x0000000087400000, 0x0000000087400000| Untracked 
| 117|0x0000000087500000, 0x0000000087500000, 0x0000000087600000|  0%| F|  |TAMS 0x0000000087500000, 0x0000000087500000| Untracked 
| 118|0x0000000087600000, 0x0000000087600000, 0x0000000087700000|  0%| F|  |TAMS 0x0000000087600000, 0x0000000087600000| Untracked 
| 119|0x0000000087700000, 0x0000000087700000, 0x0000000087800000|  0%| F|  |TAMS 0x0000000087700000, 0x0000000087700000| Untracked 
| 120|0x0000000087800000, 0x0000000087800000, 0x0000000087900000|  0%| F|  |TAMS 0x0000000087800000, 0x0000000087800000| Untracked 
| 121|0x0000000087900000, 0x0000000087900000, 0x0000000087a00000|  0%| F|  |TAMS 0x0000000087900000, 0x0000000087900000| Untracked 
| 122|0x0000000087a00000, 0x0000000087a00000, 0x0000000087b00000|  0%| F|  |TAMS 0x0000000087a00000, 0x0000000087a00000| Untracked 
| 123|0x0000000087b00000, 0x0000000087b00000, 0x0000000087c00000|  0%| F|  |TAMS 0x0000000087b00000, 0x0000000087b00000| Untracked 
| 124|0x0000000087c00000, 0x0000000087c00000, 0x0000000087d00000|  0%| F|  |TAMS 0x0000000087c00000, 0x0000000087c00000| Untracked 
| 125|0x0000000087d00000, 0x0000000087d41838, 0x0000000087e00000| 25%| E|CS|TAMS 0x0000000087d00000, 0x0000000087d00000| Complete 
| 126|0x0000000087e00000, 0x0000000087f00000, 0x0000000087f00000|100%| E|CS|TAMS 0x0000000087e00000, 0x0000000087e00000| Complete 
| 127|0x0000000087f00000, 0x0000000088000000, 0x0000000088000000|100%| E|CS|TAMS 0x0000000087f00000, 0x0000000087f00000| Complete 
| 128|0x0000000088000000, 0x0000000088100000, 0x0000000088100000|100%| E|CS|TAMS 0x0000000088000000, 0x0000000088000000| Complete 
| 129|0x0000000088100000, 0x0000000088200000, 0x0000000088200000|100%| E|CS|TAMS 0x0000000088100000, 0x0000000088100000| Complete 
| 130|0x0000000088200000, 0x0000000088300000, 0x0000000088300000|100%| S|  |TAMS 0x0000000088200000, 0x0000000088200000| Complete 
| 131|0x0000000088300000, 0x0000000088400000, 0x0000000088400000|100%| S|  |TAMS 0x0000000088300000, 0x0000000088300000| Complete 
| 132|0x0000000088400000, 0x0000000088500000, 0x0000000088500000|100%| S|  |TAMS 0x0000000088400000, 0x0000000088400000| Complete 
| 133|0x0000000088500000, 0x0000000088600000, 0x0000000088600000|100%| E|CS|TAMS 0x0000000088500000, 0x0000000088500000| Complete 
| 134|0x0000000088600000, 0x0000000088700000, 0x0000000088700000|100%| E|CS|TAMS 0x0000000088600000, 0x0000000088600000| Complete 
| 135|0x0000000088700000, 0x0000000088800000, 0x0000000088800000|100%| E|CS|TAMS 0x0000000088700000, 0x0000000088700000| Complete 
| 136|0x0000000088800000, 0x0000000088900000, 0x0000000088900000|100%| E|CS|TAMS 0x0000000088800000, 0x0000000088800000| Complete 
| 137|0x0000000088900000, 0x0000000088a00000, 0x0000000088a00000|100%| E|CS|TAMS 0x0000000088900000, 0x0000000088900000| Complete 
| 138|0x0000000088a00000, 0x0000000088b00000, 0x0000000088b00000|100%| E|CS|TAMS 0x0000000088a00000, 0x0000000088a00000| Complete 
| 139|0x0000000088b00000, 0x0000000088c00000, 0x0000000088c00000|100%| E|CS|TAMS 0x0000000088b00000, 0x0000000088b00000| Complete 
| 140|0x0000000088c00000, 0x0000000088d00000, 0x0000000088d00000|100%| E|CS|TAMS 0x0000000088c00000, 0x0000000088c00000| Complete 
| 141|0x0000000088d00000, 0x0000000088e00000, 0x0000000088e00000|100%| E|CS|TAMS 0x0000000088d00000, 0x0000000088d00000| Complete 
| 142|0x0000000088e00000, 0x0000000088f00000, 0x0000000088f00000|100%| E|CS|TAMS 0x0000000088e00000, 0x0000000088e00000| Complete 
| 143|0x0000000088f00000, 0x0000000089000000, 0x0000000089000000|100%| E|CS|TAMS 0x0000000088f00000, 0x0000000088f00000| Complete 
| 144|0x0000000089000000, 0x0000000089100000, 0x0000000089100000|100%| E|CS|TAMS 0x0000000089000000, 0x0000000089000000| Complete 
| 145|0x0000000089100000, 0x0000000089200000, 0x0000000089200000|100%| E|CS|TAMS 0x0000000089100000, 0x0000000089100000| Complete 
| 146|0x0000000089200000, 0x0000000089300000, 0x0000000089300000|100%| E|CS|TAMS 0x0000000089200000, 0x0000000089200000| Complete 
| 147|0x0000000089300000, 0x0000000089400000, 0x0000000089400000|100%| E|CS|TAMS 0x0000000089300000, 0x0000000089300000| Complete 
| 148|0x0000000089400000, 0x0000000089500000, 0x0000000089500000|100%| E|CS|TAMS 0x0000000089400000, 0x0000000089400000| Complete 
| 149|0x0000000089500000, 0x0000000089600000, 0x0000000089600000|100%| E|CS|TAMS 0x0000000089500000, 0x0000000089500000| Complete 
| 150|0x0000000089600000, 0x0000000089700000, 0x0000000089700000|100%| E|CS|TAMS 0x0000000089600000, 0x0000000089600000| Complete 
| 151|0x0000000089700000, 0x0000000089800000, 0x0000000089800000|100%| E|CS|TAMS 0x0000000089700000, 0x0000000089700000| Complete 
| 152|0x0000000089800000, 0x0000000089900000, 0x0000000089900000|100%| E|CS|TAMS 0x0000000089800000, 0x0000000089800000| Complete 
| 153|0x0000000089900000, 0x0000000089a00000, 0x0000000089a00000|100%| E|CS|TAMS 0x0000000089900000, 0x0000000089900000| Complete 
| 154|0x0000000089a00000, 0x0000000089b00000, 0x0000000089b00000|100%| E|CS|TAMS 0x0000000089a00000, 0x0000000089a00000| Complete 
| 155|0x0000000089b00000, 0x0000000089c00000, 0x0000000089c00000|100%| E|CS|TAMS 0x0000000089b00000, 0x0000000089b00000| Complete 
| 156|0x0000000089c00000, 0x0000000089d00000, 0x0000000089d00000|100%| E|CS|TAMS 0x0000000089c00000, 0x0000000089c00000| Complete 
| 157|0x0000000089d00000, 0x0000000089e00000, 0x0000000089e00000|100%| E|CS|TAMS 0x0000000089d00000, 0x0000000089d00000| Complete 
| 158|0x0000000089e00000, 0x0000000089f00000, 0x0000000089f00000|100%| E|CS|TAMS 0x0000000089e00000, 0x0000000089e00000| Complete 
| 159|0x0000000089f00000, 0x000000008a000000, 0x000000008a000000|100%| E|CS|TAMS 0x0000000089f00000, 0x0000000089f00000| Complete 
| 160|0x000000008a000000, 0x000000008a100000, 0x000000008a100000|100%| E|CS|TAMS 0x000000008a000000, 0x000000008a000000| Complete 
| 161|0x000000008a100000, 0x000000008a200000, 0x000000008a200000|100%| E|CS|TAMS 0x000000008a100000, 0x000000008a100000| Complete 
| 162|0x000000008a200000, 0x000000008a300000, 0x000000008a300000|100%| E|CS|TAMS 0x000000008a200000, 0x000000008a200000| Complete 
| 163|0x000000008a300000, 0x000000008a400000, 0x000000008a400000|100%| E|CS|TAMS 0x000000008a300000, 0x000000008a300000| Complete 
| 164|0x000000008a400000, 0x000000008a500000, 0x000000008a500000|100%| E|CS|TAMS 0x000000008a400000, 0x000000008a400000| Complete 
| 165|0x000000008a500000, 0x000000008a600000, 0x000000008a600000|100%| E|CS|TAMS 0x000000008a500000, 0x000000008a500000| Complete 
| 166|0x000000008a600000, 0x000000008a700000, 0x000000008a700000|100%| E|CS|TAMS 0x000000008a600000, 0x000000008a600000| Complete 
| 167|0x000000008a700000, 0x000000008a800000, 0x000000008a800000|100%| E|CS|TAMS 0x000000008a700000, 0x000000008a700000| Complete 
| 168|0x000000008a800000, 0x000000008a900000, 0x000000008a900000|100%| E|CS|TAMS 0x000000008a800000, 0x000000008a800000| Complete 
| 169|0x000000008a900000, 0x000000008aa00000, 0x000000008aa00000|100%| E|CS|TAMS 0x000000008a900000, 0x000000008a900000| Complete 
| 170|0x000000008aa00000, 0x000000008ab00000, 0x000000008ab00000|100%| E|CS|TAMS 0x000000008aa00000, 0x000000008aa00000| Complete 
| 171|0x000000008ab00000, 0x000000008ac00000, 0x000000008ac00000|100%| E|CS|TAMS 0x000000008ab00000, 0x000000008ab00000| Complete 
| 172|0x000000008ac00000, 0x000000008ad00000, 0x000000008ad00000|100%| E|CS|TAMS 0x000000008ac00000, 0x000000008ac00000| Complete 
| 173|0x000000008ad00000, 0x000000008ae00000, 0x000000008ae00000|100%| E|CS|TAMS 0x000000008ad00000, 0x000000008ad00000| Complete 
| 174|0x000000008ae00000, 0x000000008af00000, 0x000000008af00000|100%| E|CS|TAMS 0x000000008ae00000, 0x000000008ae00000| Complete 
| 175|0x000000008af00000, 0x000000008b000000, 0x000000008b000000|100%| E|CS|TAMS 0x000000008af00000, 0x000000008af00000| Complete 
| 176|0x000000008b000000, 0x000000008b100000, 0x000000008b100000|100%| E|CS|TAMS 0x000000008b000000, 0x000000008b000000| Complete 
| 177|0x000000008b100000, 0x000000008b200000, 0x000000008b200000|100%| E|CS|TAMS 0x000000008b100000, 0x000000008b100000| Complete 
| 178|0x000000008b200000, 0x000000008b300000, 0x000000008b300000|100%| E|CS|TAMS 0x000000008b200000, 0x000000008b200000| Complete 
| 179|0x000000008b300000, 0x000000008b400000, 0x000000008b400000|100%| E|CS|TAMS 0x000000008b300000, 0x000000008b300000| Complete 
| 180|0x000000008b400000, 0x000000008b500000, 0x000000008b500000|100%| E|CS|TAMS 0x000000008b400000, 0x000000008b400000| Complete 
| 181|0x000000008b500000, 0x000000008b600000, 0x000000008b600000|100%| E|CS|TAMS 0x000000008b500000, 0x000000008b500000| Complete 
| 182|0x000000008b600000, 0x000000008b700000, 0x000000008b700000|100%| E|CS|TAMS 0x000000008b600000, 0x000000008b600000| Complete 
| 183|0x000000008b700000, 0x000000008b800000, 0x000000008b800000|100%| E|CS|TAMS 0x000000008b700000, 0x000000008b700000| Complete 
| 184|0x000000008b800000, 0x000000008b900000, 0x000000008b900000|100%| E|CS|TAMS 0x000000008b800000, 0x000000008b800000| Complete 

Card table byte_map: [0x0000027a2e440000,0x0000027a2e840000] _byte_map_base: 0x0000027a2e040000

Marking Bits (Prev, Next): (CMBitMap*) 0x0000027a19744f98, (CMBitMap*) 0x0000027a19744fd0
 Prev Bits: [0x0000027a2ec40000, 0x0000027a30c40000)
 Next Bits: [0x0000027a30c40000, 0x0000027a32c40000)

Polling page: 0x0000027a197e0000

Metaspace:

Usage:
  Non-class:     89.73 MB capacity,    88.10 MB ( 98%) used,     1.33 MB (  1%) free+waste,   305.81 KB ( <1%) overhead. 
      Class:     13.37 MB capacity,    12.44 MB ( 93%) used,   819.63 KB (  6%) free+waste,   133.19 KB ( <1%) overhead. 
       Both:    103.11 MB capacity,   100.55 MB ( 98%) used,     2.13 MB (  2%) free+waste,   439.00 KB ( <1%) overhead. 

Virtual space:
  Non-class space:       90.00 MB reserved,      89.77 MB (>99%) committed 
      Class space:        1.00 GB reserved,      13.47 MB (  1%) committed 
             Both:        1.09 GB reserved,     103.24 MB (  9%) committed 

Chunk freelists:
   Non-Class:  33.00 KB
       Class:  0 bytes
        Both:  33.00 KB

MaxMetaspaceSize: 17179869184.00 GB
CompressedClassSpaceSize: 1.00 GB
Initial GC threshold: 20.80 MB
Current GC threshold: 172.07 MB
CDS: off

CodeHeap 'non-profiled nmethods': size=120064Kb used=10623Kb max_used=10623Kb free=109440Kb
 bounds [0x0000027a264e0000, 0x0000027a26f40000, 0x0000027a2da20000]
CodeHeap 'profiled nmethods': size=120000Kb used=34398Kb max_used=34398Kb free=85602Kb
 bounds [0x0000027a1efb0000, 0x0000027a21150000, 0x0000027a264e0000]
CodeHeap 'non-nmethods': size=5696Kb used=2410Kb max_used=2462Kb free=3285Kb
 bounds [0x0000027a1ea20000, 0x0000027a1eca0000, 0x0000027a1efb0000]
 total_blobs=16655 nmethods=15726 adapters=839
 compilation: enabled
              stopped_count=0, restarted_count=0
 full_count=0

Compilation events (20 events):
Event: 348.023 Thread 0x0000027a352c7800 15869       3       org.gradle.api.internal.artifacts.ivyservice.resolutionstrategy.DefaultResolutionStrategy::setMutationValidator (32 bytes)
Event: 348.023 Thread 0x0000027a352c7800 nmethod 15869 0x0000027a210d2790 code [0x0000027a210d2960, 0x0000027a210d2cf8]
Event: 348.023 Thread 0x0000027a352c7800 15870       3       org.gradle.api.internal.artifacts.ivyservice.dependencysubstitution.DefaultDependencySubstitutions::forResolutionStrategy (73 bytes)
Event: 348.024 Thread 0x0000027a352c7800 nmethod 15870 0x0000027a210d2e10 code [0x0000027a210d3100, 0x0000027a210d4748]
Event: 348.025 Thread 0x0000027a352c7800 15871       3       org.gradle.api.internal.artifacts.ivyservice.resolutionstrategy.DefaultResolutionStrategy::<init> (114 bytes)
Event: 348.027 Thread 0x0000027a352c7800 nmethod 15871 0x0000027a210d4d10 code [0x0000027a210d50c0, 0x0000027a210d68a8]
Event: 348.070 Thread 0x0000027a352c7800 15873       3       com.sun.org.apache.xerces.internal.parsers.XIncludeAwareParserConfiguration::setFeature (27 bytes)
Event: 348.071 Thread 0x0000027a352c7800 nmethod 15873 0x0000027a210d7190 code [0x0000027a210d7360, 0x0000027a210d7558]
Event: 348.072 Thread 0x0000027a352c7800 15874       3       java.io.FileInputStream::read (5 bytes)
Event: 348.072 Thread 0x0000027a352c7800 nmethod 15874 0x0000027a210d7690 code [0x0000027a210d7840, 0x0000027a210d7968]
Event: 348.073 Thread 0x0000027a352c7800 15877       3       com.sun.org.apache.xerces.internal.impl.XMLDocumentFragmentScannerImpl::getCharacterData (17 bytes)
Event: 348.074 Thread 0x0000027a352c7800 nmethod 15877 0x0000027a210d7a10 code [0x0000027a210d7bc0, 0x0000027a210d7d18]
Event: 348.074 Thread 0x0000027a352c7800 15878   !   3       com.sun.org.apache.xerces.internal.parsers.AbstractSAXParser::characters (78 bytes)
Event: 348.075 Thread 0x0000027a352c7800 nmethod 15878 0x0000027a210d7d90 code [0x0000027a210d7f80, 0x0000027a210d8308]
Event: 348.075 Thread 0x0000027a352c7800 15880       3       com.sun.org.apache.xerces.internal.impl.XMLEntityScanner::skipString (122 bytes)
Event: 348.076 Thread 0x0000027a352c7800 nmethod 15880 0x0000027a210d8490 code [0x0000027a210d8700, 0x0000027a210d90f8]
Event: 348.078 Thread 0x0000027a352c7800 15881       3       java.lang.StringBuilder::setLength (6 bytes)
Event: 348.078 Thread 0x0000027a352c7800 nmethod 15881 0x0000027a210d9590 code [0x0000027a210d9740, 0x0000027a210d9868]
Event: 348.079 Thread 0x0000027a352c7800 15882       3       com.sun.org.apache.xerces.internal.util.XMLAttributesImpl::addAttributeNS (169 bytes)
Event: 348.080 Thread 0x0000027a352c7800 nmethod 15882 0x0000027a210d9910 code [0x0000027a210d9be0, 0x0000027a210daf98]

GC Heap History (20 events):
Event: 39.526 GC heap before
{Heap before GC invocations=29 (full 0):
 garbage-first heap   total 189440K, used 114812K [0x0000000080000000, 0x0000000100000000)
  region size 1024K, 31 young (31744K), 4 survivors (4096K)
 Metaspace       used 93228K, capacity 95568K, committed 95860K, reserved 1132544K
  class space    used 11975K, capacity 12818K, committed 12900K, reserved 1048576K
}
Event: 39.543 GC heap after
{Heap after GC invocations=30 (full 0):
 garbage-first heap   total 189440K, used 90588K [0x0000000080000000, 0x0000000100000000)
  region size 1024K, 5 young (5120K), 5 survivors (5120K)
 Metaspace       used 93228K, capacity 95568K, committed 95860K, reserved 1132544K
  class space    used 11975K, capacity 12818K, committed 12900K, reserved 1048576K
}
Event: 69.983 GC heap before
{Heap before GC invocations=31 (full 0):
 garbage-first heap   total 189440K, used 166364K [0x0000000080000000, 0x0000000100000000)
  region size 1024K, 63 young (64512K), 5 survivors (5120K)
 Metaspace       used 97744K, capacity 100111K, committed 100340K, reserved 1136640K
  class space    used 12332K, capacity 13199K, committed 13284K, reserved 1048576K
}
Event: 69.998 GC heap after
{Heap after GC invocations=32 (full 0):
 garbage-first heap   total 189440K, used 90567K [0x0000000080000000, 0x0000000100000000)
  region size 1024K, 7 young (7168K), 7 survivors (7168K)
 Metaspace       used 97744K, capacity 100111K, committed 100340K, reserved 1136640K
  class space    used 12332K, capacity 13199K, committed 13284K, reserved 1048576K
}
Event: 167.209 GC heap before
{Heap before GC invocations=32 (full 0):
 garbage-first heap   total 189440K, used 149959K [0x0000000080000000, 0x0000000100000000)
  region size 1024K, 66 young (67584K), 7 survivors (7168K)
 Metaspace       used 98359K, capacity 100860K, committed 101108K, reserved 1136640K
  class space    used 12358K, capacity 13272K, committed 13284K, reserved 1048576K
}
Event: 167.220 GC heap after
{Heap after GC invocations=33 (full 0):
 garbage-first heap   total 189440K, used 89943K [0x0000000080000000, 0x0000000100000000)
  region size 1024K, 4 young (4096K), 4 survivors (4096K)
 Metaspace       used 98359K, capacity 100860K, committed 101108K, reserved 1136640K
  class space    used 12358K, capacity 13272K, committed 13284K, reserved 1048576K
}
Event: 168.061 GC heap before
{Heap before GC invocations=33 (full 0):
 garbage-first heap   total 189440K, used 108375K [0x0000000080000000, 0x0000000100000000)
  region size 1024K, 24 young (24576K), 4 survivors (4096K)
 Metaspace       used 98641K, capacity 101154K, committed 101364K, reserved 1138688K
  class space    used 12370K, capacity 13280K, committed 13284K, reserved 1048576K
}
Event: 168.075 GC heap after
{Heap after GC invocations=34 (full 0):
 garbage-first heap   total 189440K, used 92328K [0x0000000080000000, 0x0000000100000000)
  region size 1024K, 7 young (7168K), 7 survivors (7168K)
 Metaspace       used 98641K, capacity 101154K, committed 101364K, reserved 1138688K
  class space    used 12370K, capacity 13280K, committed 13284K, reserved 1048576K
}
Event: 171.573 GC heap before
{Heap before GC invocations=35 (full 0):
 garbage-first heap   total 189440K, used 170152K [0x0000000080000000, 0x0000000100000000)
  region size 1024K, 65 young (66560K), 7 survivors (7168K)
 Metaspace       used 101638K, capacity 104081K, committed 104308K, reserved 1140736K
  class space    used 12657K, capacity 13546K, committed 13668K, reserved 1048576K
}
Event: 171.593 GC heap after
{Heap after GC invocations=36 (full 0):
 garbage-first heap   total 189440K, used 92563K [0x0000000080000000, 0x0000000100000000)
  region size 1024K, 4 young (4096K), 4 survivors (4096K)
 Metaspace       used 101638K, capacity 104081K, committed 104308K, reserved 1140736K
  class space    used 12657K, capacity 13546K, committed 13668K, reserved 1048576K
}
Event: 171.671 GC heap before
{Heap before GC invocations=36 (full 0):
 garbage-first heap   total 189440K, used 97683K [0x0000000080000000, 0x0000000100000000)
  region size 1024K, 9 young (9216K), 4 survivors (4096K)
 Metaspace       used 101825K, capacity 104275K, committed 104564K, reserved 1140736K
  class space    used 12682K, capacity 13588K, committed 13668K, reserved 1048576K
}
Event: 171.681 GC heap after
{Heap after GC invocations=37 (full 0):
 garbage-first heap   total 189440K, used 92331K [0x0000000080000000, 0x0000000100000000)
  region size 1024K, 2 young (2048K), 2 survivors (2048K)
 Metaspace       used 101825K, capacity 104275K, committed 104564K, reserved 1140736K
  class space    used 12682K, capacity 13588K, committed 13668K, reserved 1048576K
}
Event: 175.096 GC heap before
{Heap before GC invocations=37 (full 0):
 garbage-first heap   total 189440K, used 152747K [0x0000000080000000, 0x0000000100000000)
  region size 1024K, 62 young (63488K), 2 survivors (2048K)
 Metaspace       used 102151K, capacity 104699K, committed 104820K, reserved 1140736K
  class space    used 12711K, capacity 13641K, committed 13668K, reserved 1048576K
}
Event: 175.128 GC heap after
{Heap after GC invocations=38 (full 0):
 garbage-first heap   total 189440K, used 98757K [0x0000000080000000, 0x0000000100000000)
  region size 1024K, 8 young (8192K), 8 survivors (8192K)
 Metaspace       used 102151K, capacity 104699K, committed 104820K, reserved 1140736K
  class space    used 12711K, capacity 13641K, committed 13668K, reserved 1048576K
}
Event: 233.277 GC heap before
{Heap before GC invocations=39 (full 0):
 garbage-first heap   total 189440K, used 172485K [0x0000000080000000, 0x0000000100000000)
  region size 1024K, 62 young (63488K), 8 survivors (8192K)
 Metaspace       used 102591K, capacity 105208K, committed 105332K, reserved 1140736K
  class space    used 12722K, capacity 13661K, committed 13668K, reserved 1048576K
}
Event: 233.293 GC heap after
{Heap after GC invocations=40 (full 0):
 garbage-first heap   total 189440K, used 97720K [0x0000000080000000, 0x0000000100000000)
  region size 1024K, 5 young (5120K), 5 survivors (5120K)
 Metaspace       used 102591K, capacity 105208K, committed 105332K, reserved 1140736K
  class space    used 12722K, capacity 13661K, committed 13668K, reserved 1048576K
}
Event: 233.430 GC heap before
{Heap before GC invocations=40 (full 0):
 garbage-first heap   total 189440K, used 101816K [0x0000000080000000, 0x0000000100000000)
  region size 1024K, 9 young (9216K), 5 survivors (5120K)
 Metaspace       used 102595K, capacity 105208K, committed 105332K, reserved 1140736K
  class space    used 12722K, capacity 13661K, committed 13668K, reserved 1048576K
}
Event: 233.443 GC heap after
{Heap after GC invocations=41 (full 0):
 garbage-first heap   total 189440K, used 98144K [0x0000000080000000, 0x0000000100000000)
  region size 1024K, 2 young (2048K), 2 survivors (2048K)
 Metaspace       used 102595K, capacity 105208K, committed 105332K, reserved 1140736K
  class space    used 12722K, capacity 13661K, committed 13668K, reserved 1048576K
}
Event: 347.393 GC heap before
{Heap before GC invocations=41 (full 0):
 garbage-first heap   total 189440K, used 151392K [0x0000000080000000, 0x0000000100000000)
  region size 1024K, 55 young (56320K), 2 survivors (2048K)
 Metaspace       used 102778K, capacity 105372K, committed 105716K, reserved 1140736K
  class space    used 12738K, capacity 13691K, committed 13796K, reserved 1048576K
}
Event: 347.411 GC heap after
{Heap after GC invocations=42 (full 0):
 garbage-first heap   total 189440K, used 101228K [0x0000000080000000, 0x0000000100000000)
  region size 1024K, 5 young (5120K), 5 survivors (5120K)
 Metaspace       used 102778K, capacity 105372K, committed 105716K, reserved 1140736K
  class space    used 12738K, capacity 13691K, committed 13796K, reserved 1048576K
}

Deoptimization events (20 events):
Event: 346.190 Thread 0x0000027a39255800 DEOPT PACKING pc=0x0000027a1f8d4a2b sp=0x000000b3257f9e20
Event: 346.190 Thread 0x0000027a39255800 DEOPT UNPACKING pc=0x0000027a1ea6a95e sp=0x000000b3257f92c8 mode 0
Event: 346.229 Thread 0x0000027a39255800 Uncommon trap: trap_request=0xffffffde fr.pc=0x0000027a26aa3348 relative=0x00000000000009e8
Event: 346.229 Thread 0x0000027a39255800 Uncommon trap: reason=class_check action=maybe_recompile pc=0x0000027a26aa3348 method=org.gradle.cache.internal.LockOnDemandCrossProcessCacheAccess.incrementLockCount()V @ 97 c2
Event: 346.229 Thread 0x0000027a39255800 DEOPT PACKING pc=0x0000027a26aa3348 sp=0x000000b3257f7260
Event: 346.229 Thread 0x0000027a39255800 DEOPT UNPACKING pc=0x0000027a1ea6a1af sp=0x000000b3257f7240 mode 2
Event: 347.742 Thread 0x0000027a352b2800 Uncommon trap: trap_request=0xffffffde fr.pc=0x0000027a2661dfec relative=0x000000000000052c
Event: 347.742 Thread 0x0000027a352b2800 Uncommon trap: reason=class_check action=maybe_recompile pc=0x0000027a2661dfec method=jdk.internal.ref.PhantomCleanable.clean()V @ 12 c2
Event: 347.742 Thread 0x0000027a352b2800 DEOPT PACKING pc=0x0000027a2661dfec sp=0x000000b324efee70
Event: 347.742 Thread 0x0000027a352b2800 DEOPT UNPACKING pc=0x0000027a1ea6a1af sp=0x000000b324efee50 mode 2
Event: 347.747 Thread 0x0000027a39255800 DEOPT PACKING pc=0x0000027a1f476279 sp=0x000000b3257f8c10
Event: 347.747 Thread 0x0000027a39255800 DEOPT UNPACKING pc=0x0000027a1ea6a95e sp=0x000000b3257f80d8 mode 0
Event: 348.072 Thread 0x0000027a39255800 DEOPT PACKING pc=0x0000027a20978c30 sp=0x000000b3257f8f00
Event: 348.072 Thread 0x0000027a39255800 DEOPT UNPACKING pc=0x0000027a1ea6a95e sp=0x000000b3257f8420 mode 0
Event: 348.073 Thread 0x0000027a39255800 DEOPT PACKING pc=0x0000027a2097ba19 sp=0x000000b3257f8ed0
Event: 348.073 Thread 0x0000027a39255800 DEOPT UNPACKING pc=0x0000027a1ea6a95e sp=0x000000b3257f8388 mode 0
Event: 348.074 Thread 0x0000027a39255800 DEOPT PACKING pc=0x0000027a20978c30 sp=0x000000b3257f8dc0
Event: 348.074 Thread 0x0000027a39255800 DEOPT UNPACKING pc=0x0000027a1ea6a95e sp=0x000000b3257f8300 mode 0
Event: 348.074 Thread 0x0000027a39255800 DEOPT PACKING pc=0x0000027a2097ba19 sp=0x000000b3257f8ed0
Event: 348.074 Thread 0x0000027a39255800 DEOPT UNPACKING pc=0x0000027a1ea6a95e sp=0x000000b3257f8388 mode 0

Classes redefined (0 events):
No events

Internal exceptions (20 events):
Event: 175.044 Thread 0x0000027a38188800 Exception <a 'sun/nio/fs/WindowsException'{0x000000008848d8d8}> (0x000000008848d8d8) thrown at [./src/hotspot/share/prims/jni.cpp, line 615]
Event: 175.847 Thread 0x0000027a40184000 Exception <a 'sun/nio/fs/WindowsException'{0x000000008a63c6f8}> (0x000000008a63c6f8) thrown at [./src/hotspot/share/prims/jni.cpp, line 615]
Event: 175.848 Thread 0x0000027a370f2000 Exception <a 'sun/nio/fs/WindowsException'{0x000000008a648288}> (0x000000008a648288) thrown at [./src/hotspot/share/prims/jni.cpp, line 615]
Event: 175.848 Thread 0x0000027a370f2000 Exception <a 'sun/nio/fs/WindowsException'{0x000000008a648308}> (0x000000008a648308) thrown at [./src/hotspot/share/prims/jni.cpp, line 615]
Event: 175.849 Thread 0x0000027a370f2000 Exception <a 'sun/nio/fs/WindowsException'{0x000000008a649bc8}> (0x000000008a649bc8) thrown at [./src/hotspot/share/prims/jni.cpp, line 615]
Event: 232.954 Thread 0x0000027a370f2000 Exception <a 'sun/nio/fs/WindowsException'{0x0000000088d83d70}> (0x0000000088d83d70) thrown at [./src/hotspot/share/prims/jni.cpp, line 615]
Event: 233.092 Thread 0x0000027a370f2000 Exception <a 'java/lang/NoClassDefFoundError'{0x0000000088af2330}: org/jetbrains/kotlin/gradle/plugin/KotlinBasePluginWrapper> (0x0000000088af2330) thrown at [./src/hotspot/share/oops/constantPool.cpp, line 775]
Event: 233.174 Thread 0x0000027a370f2000 Exception <a 'sun/nio/fs/WindowsException'{0x00000000887da878}> (0x00000000887da878) thrown at [./src/hotspot/share/prims/jni.cpp, line 615]
Event: 233.186 Thread 0x0000027a370f2000 Exception <a 'sun/nio/fs/WindowsException'{0x0000000088677648}> (0x0000000088677648) thrown at [./src/hotspot/share/prims/jni.cpp, line 615]
Event: 233.186 Thread 0x0000027a370f2000 Exception <a 'sun/nio/fs/WindowsException'{0x00000000886789d0}> (0x00000000886789d0) thrown at [./src/hotspot/share/prims/jni.cpp, line 615]
Event: 233.186 Thread 0x0000027a370f2000 Exception <a 'sun/nio/fs/WindowsException'{0x0000000088679da8}> (0x0000000088679da8) thrown at [./src/hotspot/share/prims/jni.cpp, line 615]
Event: 233.186 Thread 0x0000027a370f2000 Exception <a 'sun/nio/fs/WindowsException'{0x000000008867b180}> (0x000000008867b180) thrown at [./src/hotspot/share/prims/jni.cpp, line 615]
Event: 233.241 Thread 0x0000027a370f2000 Exception <a 'sun/nio/fs/WindowsException'{0x0000000088345d60}> (0x0000000088345d60) thrown at [./src/hotspot/share/prims/jni.cpp, line 615]
Event: 234.301 Thread 0x0000027a38184800 Exception <a 'sun/nio/fs/WindowsException'{0x0000000089a02088}> (0x0000000089a02088) thrown at [./src/hotspot/share/prims/jni.cpp, line 615]
Event: 234.303 Thread 0x0000027a370f2000 Exception <a 'sun/nio/fs/WindowsException'{0x0000000089dec740}> (0x0000000089dec740) thrown at [./src/hotspot/share/prims/jni.cpp, line 615]
Event: 234.303 Thread 0x0000027a370f2000 Exception <a 'sun/nio/fs/WindowsException'{0x0000000089dec888}> (0x0000000089dec888) thrown at [./src/hotspot/share/prims/jni.cpp, line 615]
Event: 234.303 Thread 0x0000027a370f2000 Exception <a 'sun/nio/fs/WindowsException'{0x0000000089dee148}> (0x0000000089dee148) thrown at [./src/hotspot/share/prims/jni.cpp, line 615]
Event: 347.492 Thread 0x0000027a39255800 Exception <a 'sun/nio/fs/WindowsException'{0x000000008b60a440}> (0x000000008b60a440) thrown at [./src/hotspot/share/prims/jni.cpp, line 615]
Event: 347.640 Thread 0x0000027a39255800 Exception <a 'java/lang/NoClassDefFoundError'{0x000000008b364160}: org/jetbrains/kotlin/gradle/plugin/KotlinBasePluginWrapper> (0x000000008b364160) thrown at [./src/hotspot/share/oops/constantPool.cpp, line 775]
Event: 348.032 Thread 0x0000027a39255800 Exception <a 'sun/nio/fs/WindowsException'{0x000000008b028958}> (0x000000008b028958) thrown at [./src/hotspot/share/prims/jni.cpp, line 615]

Events (20 events):
Event: 346.475 Thread 0x0000027a367ba000 Thread added: 0x0000027a367ba000
Event: 346.475 Thread 0x0000027a367b5000 Thread added: 0x0000027a367b5000
Event: 346.475 Thread 0x0000027a367bc000 Thread added: 0x0000027a367bc000
Event: 346.475 Thread 0x0000027a367bc800 Thread added: 0x0000027a367bc800
Event: 346.476 Thread 0x0000027a352b4000 Thread added: 0x0000027a352b4000
Event: 346.476 Thread 0x0000027a352ae800 Thread added: 0x0000027a352ae800
Event: 346.483 Executing VM operation: RevokeBias
Event: 346.491 Executing VM operation: RevokeBias done
Event: 347.392 Executing VM operation: G1CollectForAllocation
Event: 347.411 Executing VM operation: G1CollectForAllocation done
Event: 347.414 Executing VM operation: BulkRevokeBias
Event: 347.416 Executing VM operation: BulkRevokeBias done
Event: 347.496 Executing VM operation: RevokeBias
Event: 347.497 Executing VM operation: RevokeBias done
Event: 347.518 Executing VM operation: RevokeBias
Event: 347.518 Executing VM operation: RevokeBias done
Event: 347.703 Executing VM operation: CGC_Operation
Event: 347.742 Executing VM operation: CGC_Operation done
Event: 347.898 Executing VM operation: CGC_Operation
Event: 347.899 Executing VM operation: CGC_Operation done


Dynamic libraries:
0x00007ff617560000 - 0x00007ff61756a000 	D:\Android Studio\jre\bin\java.exe
0x00007ffb7b570000 - 0x00007ffb7b768000 	C:\WINDOWS\SYSTEM32\ntdll.dll
0x00007ffb70de0000 - 0x00007ffb70df7000 	C:\Program Files\Avast Software\Avast\aswhook.dll
0x00007ffb7ab80000 - 0x00007ffb7ac3f000 	C:\WINDOWS\System32\KERNEL32.DLL
0x00007ffb78fb0000 - 0x00007ffb79282000 	C:\WINDOWS\System32\KERNELBASE.dll
0x00007ffb78ca0000 - 0x00007ffb78da0000 	C:\WINDOWS\System32\ucrtbase.dll
0x00007ffb65e50000 - 0x00007ffb65e69000 	D:\Android Studio\jre\bin\jli.dll
0x00007ffb65ce0000 - 0x00007ffb65cf7000 	D:\Android Studio\jre\bin\VCRUNTIME140.dll
0x00007ffb7afe0000 - 0x00007ffb7b17d000 	C:\WINDOWS\System32\USER32.dll
0x00007ffb78c70000 - 0x00007ffb78c92000 	C:\WINDOWS\System32\win32u.dll
0x00007ffb7b180000 - 0x00007ffb7b1ab000 	C:\WINDOWS\System32\GDI32.dll
0x00007ffb56330000 - 0x00007ffb565ca000 	C:\WINDOWS\WinSxS\amd64_microsoft.windows.common-controls_6595b64144ccf1df_6.0.19041.1110_none_60b5254171f9507e\COMCTL32.dll
0x00007ffb78ea0000 - 0x00007ffb78faf000 	C:\WINDOWS\System32\gdi32full.dll
0x00007ffb7ad00000 - 0x00007ffb7ad9e000 	C:\WINDOWS\System32\msvcrt.dll
0x00007ffb793f0000 - 0x00007ffb7948d000 	C:\WINDOWS\System32\msvcp_win.dll
0x00007ffb7b4f0000 - 0x00007ffb7b522000 	C:\WINDOWS\System32\IMM32.DLL
0x00007ffb383b0000 - 0x00007ffb3844d000 	D:\Android Studio\jre\bin\msvcp140.dll
0x00007ffb0a440000 - 0x00007ffb0af25000 	D:\Android Studio\jre\bin\server\jvm.dll
0x00007ffb7ac40000 - 0x00007ffb7acee000 	C:\WINDOWS\System32\ADVAPI32.dll
0x00007ffb7a8d0000 - 0x00007ffb7a96c000 	C:\WINDOWS\System32\sechost.dll
0x00007ffb7b210000 - 0x00007ffb7b335000 	C:\WINDOWS\System32\RPCRT4.dll
0x00007ffb7b460000 - 0x00007ffb7b468000 	C:\WINDOWS\System32\PSAPI.DLL
0x00007ffb6ac50000 - 0x00007ffb6ac5a000 	C:\WINDOWS\SYSTEM32\VERSION.dll
0x00007ffb60500000 - 0x00007ffb60527000 	C:\WINDOWS\SYSTEM32\WINMM.dll
0x00007ffb65460000 - 0x00007ffb65469000 	C:\WINDOWS\SYSTEM32\WSOCK32.dll
0x00007ffb7b3f0000 - 0x00007ffb7b45b000 	C:\WINDOWS\System32\WS2_32.dll
0x00007ffb77800000 - 0x00007ffb77812000 	C:\WINDOWS\SYSTEM32\kernel.appcore.dll
0x00007ffb70050000 - 0x00007ffb70061000 	D:\Android Studio\jre\bin\verify.dll
0x00007ffb6a870000 - 0x00007ffb6aa54000 	C:\WINDOWS\SYSTEM32\DBGHELP.DLL
0x00007ffb6a840000 - 0x00007ffb6a86c000 	C:\WINDOWS\SYSTEM32\dbgcore.DLL
0x00007ffb78da0000 - 0x00007ffb78e22000 	C:\WINDOWS\System32\bcryptPrimitives.dll
0x00007ffb46a40000 - 0x00007ffb46a69000 	D:\Android Studio\jre\bin\java.dll
0x00007ffb70040000 - 0x00007ffb7004b000 	D:\Android Studio\jre\bin\jimage.dll
0x00007ffb57da0000 - 0x00007ffb57db8000 	D:\Android Studio\jre\bin\zip.dll
0x00007ffb795c0000 - 0x00007ffb79d03000 	C:\WINDOWS\System32\SHELL32.dll
0x00007ffb76b00000 - 0x00007ffb77292000 	C:\WINDOWS\SYSTEM32\windows.storage.dll
0x00007ffb7a1e0000 - 0x00007ffb7a534000 	C:\WINDOWS\System32\combase.dll
0x00007ffb78660000 - 0x00007ffb78690000 	C:\WINDOWS\SYSTEM32\Wldp.dll
0x00007ffb7aaa0000 - 0x00007ffb7ab4d000 	C:\WINDOWS\System32\SHCORE.dll
0x00007ffb7a540000 - 0x00007ffb7a595000 	C:\WINDOWS\System32\shlwapi.dll
0x00007ffb78bb0000 - 0x00007ffb78bcf000 	C:\WINDOWS\SYSTEM32\profapi.dll
0x00007ffb53650000 - 0x00007ffb5366a000 	D:\Android Studio\jre\bin\net.dll
0x00007ffb70110000 - 0x00007ffb7021c000 	C:\WINDOWS\SYSTEM32\WINHTTP.dll
0x00007ffb78340000 - 0x00007ffb783aa000 	C:\WINDOWS\system32\mswsock.dll
0x00007ffb531b0000 - 0x00007ffb531c4000 	D:\Android Studio\jre\bin\nio.dll
0x00007ffb45fb0000 - 0x00007ffb45fd7000 	C:\Users\LENOVO\Desktop\GRADLE\gradle-6.1.1\native\e1d6ef7f7dcc3fd88c89a11ec53ec762bb8ba0a96d01ffa2cd45eb1d1d8dd5c5\windows-amd64\native-platform.dll
0x00007ffb37bd0000 - 0x00007ffb37d14000 	C:\Users\LENOVO\Desktop\GRADLE\gradle-6.1.1\native\5664cfc778a61ccfe75a443a1ab52a65af34e5dc3c78e0209fed803814484fcb\windows-amd64\native-platform-file-events.dll
0x00007ffb74700000 - 0x00007ffb7470a000 	D:\Android Studio\jre\bin\management.dll
0x00007ffb74580000 - 0x00007ffb7458d000 	D:\Android Studio\jre\bin\management_ext.dll
0x00007ffb785a0000 - 0x00007ffb785b8000 	C:\WINDOWS\SYSTEM32\CRYPTSP.dll
0x00007ffb77c70000 - 0x00007ffb77ca4000 	C:\WINDOWS\system32\rsaenh.dll
0x00007ffb79490000 - 0x00007ffb794b7000 	C:\WINDOWS\System32\bcrypt.dll
0x00007ffb78b70000 - 0x00007ffb78b9e000 	C:\WINDOWS\SYSTEM32\USERENV.dll
0x00007ffb785c0000 - 0x00007ffb785cc000 	C:\WINDOWS\SYSTEM32\CRYPTBASE.dll
0x00007ffb78040000 - 0x00007ffb7807b000 	C:\WINDOWS\SYSTEM32\IPHLPAPI.DLL
0x00007ffb7ab70000 - 0x00007ffb7ab78000 	C:\WINDOWS\System32\NSI.dll
0x00007ffb70500000 - 0x00007ffb70517000 	C:\WINDOWS\SYSTEM32\dhcpcsvc6.DLL
0x00007ffb704e0000 - 0x00007ffb704fd000 	C:\WINDOWS\SYSTEM32\dhcpcsvc.DLL
0x00007ffb78080000 - 0x00007ffb7814a000 	C:\WINDOWS\SYSTEM32\DNSAPI.dll
0x00007ffb67720000 - 0x00007ffb67747000 	D:\Android Studio\jre\bin\sunec.dll
0x00007ffb77d90000 - 0x00007ffb77dc3000 	C:\WINDOWS\SYSTEM32\ntmarta.dll

dbghelp: loaded successfully - version: 4.0.5 - missing functions: none
symbol engine: initialized successfully - sym options: 0x614 - pdb path: .;D:\Android Studio\jre\bin;C:\WINDOWS\SYSTEM32;C:\Program Files\Avast Software\Avast;C:\WINDOWS\WinSxS\amd64_microsoft.windows.common-controls_6595b64144ccf1df_6.0.19041.1110_none_60b5254171f9507e;D:\Android Studio\jre\bin\server;C:\Users\LENOVO\Desktop\GRADLE\gradle-6.1.1\native\e1d6ef7f7dcc3fd88c89a11ec53ec762bb8ba0a96d01ffa2cd45eb1d1d8dd5c5\windows-amd64;C:\Users\LENOVO\Desktop\GRADLE\gradle-6.1.1\native\5664cfc778a61ccfe75a443a1ab52a65af34e5dc3c78e0209fed803814484fcb\windows-amd64

VM Arguments:
jvm_args: --add-opens=java.base/java.util=ALL-UNNAMED --add-opens=java.base/java.lang=ALL-UNNAMED --add-opens=java.base/java.lang.invoke=ALL-UNNAMED --add-opens=java.base/java.util=ALL-UNNAMED --add-opens=java.prefs/java.util.prefs=ALL-UNNAMED --add-opens=java.prefs/java.util.prefs=ALL-UNNAMED --add-opens=java.base/java.nio.charset=ALL-UNNAMED --add-opens=java.base/java.net=ALL-UNNAMED --add-opens=java.base/java.util.concurrent.atomic=ALL-UNNAMED -Xmx2048m -Dfile.encoding=UTF-8 -Duser.country=FR -Duser.language=fr -Duser.variant 
java_command: org.gradle.launcher.daemon.bootstrap.GradleDaemon 7.3.3
java_class_path (initial): C:\Users\LENOVO\Desktop\GRADLE\gradle-6.1.1\wrapper\dists\gradle-7.3.3-bin\6a41zxkdtcxs8rphpq6y0069z\gradle-7.3.3\lib\gradle-launcher-7.3.3.jar
Launcher Type: SUN_STANDARD

[Global flags]
     intx CICompilerCount                          = 3                                         {product} {ergonomic}
     uint ConcGCThreads                            = 1                                         {product} {ergonomic}
     uint G1ConcRefinementThreads                  = 4                                         {product} {ergonomic}
   size_t G1HeapRegionSize                         = 1048576                                   {product} {ergonomic}
    uintx GCDrainStackTargetSize                   = 64                                        {product} {ergonomic}
   size_t InitialHeapSize                          = 134217728                                 {product} {ergonomic}
   size_t MarkStackSize                            = 4194304                                   {product} {ergonomic}
   size_t MaxHeapSize                              = 2147483648                                {product} {command line}
   size_t MaxNewSize                               = 1287651328                                {product} {ergonomic}
   size_t MinHeapDeltaBytes                        = 1048576                                   {product} {ergonomic}
    uintx NonNMethodCodeHeapSize                   = 5830732                                {pd product} {ergonomic}
    uintx NonProfiledCodeHeapSize                  = 122913754                              {pd product} {ergonomic}
    uintx ProfiledCodeHeapSize                     = 122913754                              {pd product} {ergonomic}
    uintx ReservedCodeCacheSize                    = 251658240                              {pd product} {ergonomic}
     bool SegmentedCodeCache                       = true                                      {product} {ergonomic}
     bool UseCompressedClassPointers               = true                                 {lp64_product} {ergonomic}
     bool UseCompressedOops                        = true                                 {lp64_product} {ergonomic}
     bool UseG1GC                                  = true                                      {product} {ergonomic}
     bool UseLargePagesIndividualAllocation        = false                                  {pd product} {ergonomic}

Logging:
Log output configuration:
 #0: stdout all=warning uptime,level,tags
 #1: stderr all=off uptime,level,tags

Environment Variables:
PATH=C:\Program Files\Eclipse Foundation\jdk-8.0.302.8-hotspot\bin;C:\Program Files\Microsoft\jdk-11.0.12.7-hotspot\bin;D:\flutter vs dart\dart-sdk\bin;C:\Program Files (x86)\Common Files\Intel\Shared Libraries\redist\intel64_win\compiler;C:\ProgramData\Oracle\Java\javapath;C:\WINDOWS\system32;C:\WINDOWS;C:\WINDOWS\System32\Wbem;C:\WINDOWS\System32\WindowsPowerShell\v1.0\;C:\WINDOWS\System32\OpenSSH\;C:\Users\LENOVO\.dnx\bin;C:\Program Files\Microsoft DNX\Dnvm\;C:\Program Files\Microsoft SQL Server\120\Tools\Binn\;C:\Users\LENOVO\Desktop\Programme Java\jdk-17.0.1\bin\;D:\Dart\dart-sdk\bin;C:\Program Files (x86)\Microsoft SQL Server\150\Tools\Binn\;C:\Program Files\Microsoft SQL Server\150\Tools\Binn\;C:\Program Files (x86)\Microsoft SQL Server\150\DTS\Binn\;C:\Program Files\Microsoft SQL Server\150\DTS\Binn\;C:\Program Files\Microsoft SQL Server\Client SDK\ODBC\170\Tools\Binn\;C:\Program Files\Azure Data Studio\bin;D:\flutter vs dart\flutter\bin;C:\Program Files\dotnet\;C:\ProgramData\chocolatey\bin;C:\sqlite;D:\php-8\php-8.1.9-src;C:\Program Files\Git\cmd;C:\Program Files\nodejs\;C:\Users\LENOVO\.dotnet\tools;C:\Users\LENOVO\.dotnet\tools;D:\visual studio code\Microsoft VS Code\bin;D:\;C:\Users\LENOVO\Downloads\android\platform-tools;D:\Intellij Idea\IntelliJ IDEA Community Edition 2022.2.2\bin;D:\Android Studio\jre\bin;C:\Program Files\Java\jdk1.8.0_341\bin;C:\Program Files\Java\jre1.8.0_341;C:\Program Files\Microsoft\jdk-11.0.12.7-hotspot\bin\server;C:\Spring boot\spring-2.7.3\bin;D:\Intellij Idea\IntelliJ IDEA 2022.2.2\bin;D:\PhpStorm\PhpStorm 2022.2.1\bin;C:\Users\LENOVO\AppData\Roaming\npm
USERNAME=LENOVO
OS=Windows_NT
PROCESSOR_IDENTIFIER=Intel64 Family 6 Model 142 Stepping 9, GenuineIntel



---------------  S Y S T E M  ---------------

OS: Windows 10 , 64 bit Build 19041 (10.0.19041.2251)
OS uptime: 2 days 5:46 hours

CPU:total 4 (initial active 4) (2 cores per cpu, 2 threads per core) family 6 model 142 stepping 9 microcode 0xb4, cmov, cx8, fxsr, mmx, sse, sse2, sse3, ssse3, sse4.1, sse4.2, popcnt, avx, avx2, aes, clmul, erms, 3dnowpref, lzcnt, ht, tsc, tscinvbit, bmi1, bmi2, adx, fma

Memory: 4k page, system-wide physical 8073M (564M free)
TotalPageFile size 13073M (AvailPageFile size 33M)
current process WorkingSet (physical memory assigned to process): 483M, peak: 488M
current process commit charge ("private bytes"): 513M, peak: 518M

vm_info: OpenJDK 64-Bit Server VM (11.0.12+7-b1504.28-7817840) for windows-amd64 JRE (11.0.12+7-b1504.28-7817840), built on Oct 13 2021 22:12:33 by "builder" with MS VC++ 14.0 (VS2015)

END.
